execute /home/pei/benchmarks/tpch-postgre/dbgen/out/skinner_explained/1.sql_explained.sql
SET
                                                                       QUERY PLAN                                                                       
--------------------------------------------------------------------------------------------------------------------------------------------------------
 Finalize GroupAggregate  (cost=727749.01..727751.08 rows=6 width=236) (actual time=7945.524..7945.570 rows=4 loops=1)
   Group Key: l_returnflag, l_linestatus
   ->  Gather Merge  (cost=727749.01..727750.41 rows=12 width=236) (actual time=7945.475..7947.437 rows=12 loops=1)
         Workers Planned: 2
         Workers Launched: 2
         ->  Sort  (cost=726748.99..726749.00 rows=6 width=236) (actual time=7942.992..7942.992 rows=4 loops=3)
               Sort Key: l_returnflag, l_linestatus
               Sort Method: quicksort  Memory: 27kB
               Worker 0:  Sort Method: quicksort  Memory: 27kB
               Worker 1:  Sort Method: quicksort  Memory: 27kB
               ->  Partial HashAggregate  (cost=726748.74..726748.91 rows=6 width=236) (actual time=7942.953..7942.963 rows=4 loops=3)
                     Group Key: l_returnflag, l_linestatus
                     ->  Parallel Seq Scan on lineitem  (cost=0.00..431107.58 rows=7391029 width=25) (actual time=0.038..1199.256 rows=5914512 loops=3)
                           Filter: (l_shipdate <= '1998-09-02 00:00:00'::timestamp without time zone)
                           Rows Removed by Filter: 84357
 Planning Time: 0.459 ms
 Execution Time: 7947.660 ms
(17 rows)

execute /home/pei/benchmarks/tpch-postgre/dbgen/out/skinner_explained/10.sql_explained.sql
SET
                                                                                      QUERY PLAN                                                                                      
--------------------------------------------------------------------------------------------------------------------------------------------------------------------------------------
 Sort  (cost=640136.45..640565.89 rows=171775 width=280) (actual time=2218.729..2320.101 rows=114218 loops=1)
   Sort Key: (sum((lineitem.l_extendedprice * ('1'::numeric - lineitem.l_discount)))) DESC
   Sort Method: external merge  Disk: 21328kB
   ->  Finalize GroupAggregate  (cost=578134.48..602887.97 rows=171775 width=280) (actual time=1846.479..2105.777 rows=114218 loops=1)
         Group Key: customer.c_custkey, customer.c_name, customer.c_acctbal, customer.c_phone, nation.n_name, customer.c_address, customer.c_comment
         ->  Gather Merge  (cost=578134.48..597520.00 rows=143146 width=280) (actual time=1846.469..2013.757 rows=114218 loops=1)
               Workers Planned: 2
               Workers Launched: 2
               ->  Partial GroupAggregate  (cost=577134.46..579997.38 rows=71573 width=280) (actual time=1838.514..1961.465 rows=38073 loops=3)
                     Group Key: customer.c_custkey, customer.c_name, customer.c_acctbal, customer.c_phone, nation.n_name, customer.c_address, customer.c_comment
                     ->  Sort  (cost=577134.46..577313.39 rows=71573 width=260) (actual time=1838.495..1855.415 rows=114843 loops=3)
                           Sort Key: customer.c_custkey, customer.c_name, customer.c_acctbal, customer.c_phone, nation.n_name, customer.c_address, customer.c_comment
                           Sort Method: external merge  Disk: 21488kB
                           Worker 0:  Sort Method: external merge  Disk: 21400kB
                           Worker 1:  Sort Method: external merge  Disk: 22944kB
                           ->  Hash Join  (cost=546536.90..562553.62 rows=71573 width=260) (actual time=1610.978..1687.597 rows=114843 loops=3)
                                 Hash Cond: (customer.c_nationkey = nation.n_nationkey)
                                 ->  Parallel Hash Join  (cost=546523.07..561555.67 rows=71573 width=160) (actual time=1610.924..1667.166 rows=114843 loops=3)
                                       Hash Cond: (customer.c_custkey = orders.o_custkey)
                                       ->  Parallel Seq Scan on customer  (cost=0.00..12625.00 rows=187500 width=148) (actual time=0.011..23.322 rows=150000 loops=3)
                                       ->  Parallel Hash  (cost=545628.41..545628.41 rows=71573 width=16) (actual time=1550.101..1550.101 rows=114843 loops=3)
                                             Buckets: 65536 (originally 262144)  Batches: 8 (originally 1)  Memory Usage: 2816kB
                                             ->  Parallel Hash Join  (cost=107312.86..545628.41 rows=71573 width=16) (actual time=226.175..1504.629 rows=114843 loops=3)
                                                   Hash Cond: (lineitem.l_orderkey = orders.o_orderkey)
                                                   ->  Parallel Seq Scan on lineitem  (cost=0.00..431107.58 rows=1842599 width=16) (actual time=0.010..1050.320 rows=1481158 loops=3)
                                                         Filter: (l_returnflag = 'R'::bpchar)
                                                         Rows Removed by Filter: 4517712
                                                   ->  Parallel Hash  (cost=106402.49..106402.49 rows=72830 width=8) (actual time=225.561..225.562 rows=57338 loops=3)
                                                         Buckets: 262144  Batches: 1  Memory Usage: 8832kB
                                                         ->  Parallel Seq Scan on orders  (cost=0.00..106402.49 rows=72830 width=8) (actual time=0.021..208.155 rows=57338 loops=3)
                                                               Filter: ((o_orderdate >= '1993-10-01'::date) AND (o_orderdate < '1994-01-01 00:00:00'::timestamp without time zone))
                                                               Rows Removed by Filter: 1442662
                                 ->  Hash  (cost=11.70..11.70 rows=170 width=108) (actual time=0.021..0.021 rows=25 loops=3)
                                       Buckets: 1024  Batches: 1  Memory Usage: 10kB
                                       ->  Seq Scan on nation  (cost=0.00..11.70 rows=170 width=108) (actual time=0.009..0.011 rows=25 loops=3)
 Planning Time: 0.760 ms
 Execution Time: 2353.726 ms
(37 rows)

execute /home/pei/benchmarks/tpch-postgre/dbgen/out/skinner_explained/11.sql_explained.sql
SET
                                                                               QUERY PLAN                                                                               
------------------------------------------------------------------------------------------------------------------------------------------------------------------------
 Sort  (cost=139028.37..139040.00 rows=4650 width=36) (actual time=507.688..507.842 rows=2800 loops=1)
   Sort Key: (sum((partsupp.ps_supplycost * (partsupp.ps_availqty)::numeric))) DESC
   Sort Method: quicksort  Memory: 228kB
   InitPlan 1 (returns $1)
     ->  Finalize Aggregate  (cost=68274.54..68274.55 rows=1 width=32) (actual time=198.126..198.126 rows=1 loops=1)
           ->  Gather  (cost=68274.32..68274.53 rows=2 width=32) (actual time=198.016..198.186 rows=3 loops=1)
                 Workers Planned: 2
                 Workers Launched: 2
                 ->  Partial Aggregate  (cost=67274.32..67274.33 rows=1 width=32) (actual time=195.718..195.718 rows=1 loops=3)
                       ->  Hash Join  (cost=1093.60..67230.73 rows=5812 width=10) (actual time=7.041..186.434 rows=31893 loops=3)
                             Hash Cond: (partsupp_1.ps_suppkey = supplier_1.s_suppkey)
                             ->  Parallel Seq Scan on partsupp partsupp_1  (cost=0.00..62328.30 rows=1000230 width=14) (actual time=0.011..103.381 rows=800000 loops=3)
                             ->  Hash  (cost=1091.40..1091.40 rows=176 width=4) (actual time=6.929..6.929 rows=1196 loops=3)
                                   Buckets: 2048 (originally 1024)  Batches: 1 (originally 1)  Memory Usage: 59kB
                                   ->  Hash Join  (cost=12.14..1091.40 rows=176 width=4) (actual time=0.049..6.741 rows=1196 loops=3)
                                         Hash Cond: (supplier_1.s_nationkey = nation_1.n_nationkey)
                                         ->  Seq Scan on supplier supplier_1  (cost=0.00..965.00 rows=30000 width=8) (actual time=0.009..4.012 rows=30000 loops=3)
                                         ->  Hash  (cost=12.12..12.12 rows=1 width=4) (actual time=0.020..0.021 rows=1 loops=3)
                                               Buckets: 1024  Batches: 1  Memory Usage: 9kB
                                               ->  Seq Scan on nation nation_1  (cost=0.00..12.12 rows=1 width=4) (actual time=0.014..0.016 rows=1 loops=3)
                                                     Filter: (n_name = 'GERMANY'::bpchar)
                                                     Rows Removed by Filter: 24
   ->  Finalize GroupAggregate  (cost=68594.14..70470.56 rows=4650 width=36) (actual time=395.440..506.377 rows=2800 loops=1)
         Group Key: partsupp.ps_partkey
         Filter: (sum((partsupp.ps_supplycost * (partsupp.ps_availqty)::numeric)) > $1)
         Rows Removed by Filter: 87241
         ->  Gather Merge  (cost=68594.14..70081.14 rows=11624 width=36) (actual time=197.230..240.721 rows=90231 loops=1)
               Workers Planned: 2
               Workers Launched: 2
               ->  Partial GroupAggregate  (cost=67594.12..67739.42 rows=5812 width=36) (actual time=194.844..223.223 rows=30077 loops=3)
                     Group Key: partsupp.ps_partkey
                     ->  Sort  (cost=67594.12..67608.65 rows=5812 width=14) (actual time=194.829..196.300 rows=31893 loops=3)
                           Sort Key: partsupp.ps_partkey
                           Sort Method: quicksort  Memory: 2281kB
                           Worker 0:  Sort Method: quicksort  Memory: 2218kB
                           Worker 1:  Sort Method: quicksort  Memory: 2291kB
                           ->  Hash Join  (cost=1093.60..67230.73 rows=5812 width=14) (actual time=7.606..186.544 rows=31893 loops=3)
                                 Hash Cond: (partsupp.ps_suppkey = supplier.s_suppkey)
                                 ->  Parallel Seq Scan on partsupp  (cost=0.00..62328.30 rows=1000230 width=18) (actual time=0.017..102.724 rows=800000 loops=3)
                                 ->  Hash  (cost=1091.40..1091.40 rows=176 width=4) (actual time=7.558..7.558 rows=1196 loops=3)
                                       Buckets: 2048 (originally 1024)  Batches: 1 (originally 1)  Memory Usage: 59kB
                                       ->  Hash Join  (cost=12.14..1091.40 rows=176 width=4) (actual time=0.052..7.371 rows=1196 loops=3)
                                             Hash Cond: (supplier.s_nationkey = nation.n_nationkey)
                                             ->  Seq Scan on supplier  (cost=0.00..965.00 rows=30000 width=8) (actual time=0.011..4.573 rows=30000 loops=3)
                                             ->  Hash  (cost=12.12..12.12 rows=1 width=4) (actual time=0.021..0.021 rows=1 loops=3)
                                                   Buckets: 1024  Batches: 1  Memory Usage: 9kB
                                                   ->  Seq Scan on nation  (cost=0.00..12.12 rows=1 width=4) (actual time=0.014..0.016 rows=1 loops=3)
                                                         Filter: (n_name = 'GERMANY'::bpchar)
                                                         Rows Removed by Filter: 24
 Planning Time: 0.572 ms
 Execution Time: 508.439 ms
(51 rows)

execute /home/pei/benchmarks/tpch-postgre/dbgen/out/skinner_explained/12.sql_explained.sql
SET
                                                                                                                                  QUERY PLAN                                                                                                                                  
------------------------------------------------------------------------------------------------------------------------------------------------------------------------------------------------------------------------------------------------------------------------------
 Finalize GroupAggregate  (cost=652946.17..653669.71 rows=7 width=27) (actual time=2235.941..2235.944 rows=2 loops=1)
   Group Key: lineitem.l_shipmode
   ->  Gather Merge  (cost=652946.17..653669.53 rows=14 width=27) (actual time=2231.425..2288.464 rows=6 loops=1)
         Workers Planned: 2
         Workers Launched: 2
         ->  Partial GroupAggregate  (cost=651946.14..652667.89 rows=7 width=27) (actual time=2229.150..2233.581 rows=2 loops=3)
               Group Key: lineitem.l_shipmode
               ->  Sort  (cost=651946.14..652036.35 rows=36084 width=27) (actual time=2224.767..2226.125 rows=31048 loops=3)
                     Sort Key: lineitem.l_shipmode
                     Sort Method: quicksort  Memory: 3208kB
                     Worker 0:  Sort Method: quicksort  Memory: 3202kB
                     Worker 1:  Sort Method: quicksort  Memory: 3172kB
                     ->  Parallel Hash Join  (cost=131451.73..649214.75 rows=36084 width=27) (actual time=2095.839..2217.405 rows=31048 loops=3)
                           Hash Cond: (lineitem.l_orderkey = orders.o_orderkey)
                           ->  Parallel Seq Scan on lineitem  (cost=0.00..506091.25 rows=36084 width=15) (actual time=0.031..1576.283 rows=31048 loops=3)
                                 Filter: ((l_shipmode = ANY ('{MAIL,SHIP}'::bpchar[])) AND (l_commitdate < l_receiptdate) AND (l_shipdate < l_commitdate) AND (l_receiptdate >= '1994-01-01'::date) AND (l_receiptdate < '1995-01-01 00:00:00'::timestamp without time zone))
                                 Rows Removed by Filter: 5967822
                           ->  Parallel Hash  (cost=97027.66..97027.66 rows=1874966 width=20) (actual time=499.253..499.253 rows=1500000 loops=3)
                                 Buckets: 65536  Batches: 128  Memory Usage: 2528kB
                                 ->  Parallel Seq Scan on orders  (cost=0.00..97027.66 rows=1874966 width=20) (actual time=0.017..231.180 rows=1500000 loops=3)
 Planning Time: 0.411 ms
 Execution Time: 2288.842 ms
(22 rows)

execute /home/pei/benchmarks/tpch-postgre/dbgen/out/skinner_explained/14.sql_explained.sql
SET
                                                                     QUERY PLAN                                                                      
-----------------------------------------------------------------------------------------------------------------------------------------------------
 Finalize Aggregate  (cost=475439.00..475439.01 rows=1 width=32) (actual time=1162.991..1162.992 rows=1 loops=1)
   ->  Gather  (cost=475438.76..475438.97 rows=2 width=64) (actual time=1161.755..1173.679 rows=3 loops=1)
         Workers Planned: 2
         Workers Launched: 2
         ->  Partial Aggregate  (cost=474438.76..474438.77 rows=1 width=64) (actual time=1159.695..1159.695 rows=1 loops=3)
               ->  Parallel Hash Join  (cost=19623.00..472821.23 rows=92430 width=33) (actual time=1081.901..1127.438 rows=74879 loops=3)
                     Hash Cond: (lineitem.l_partkey = part.p_partkey)
                     ->  Parallel Seq Scan on lineitem  (cost=0.00..449853.50 rows=92430 width=16) (actual time=0.063..976.217 rows=74879 loops=3)
                           Filter: ((l_shipdate >= '1995-09-01'::date) AND (l_shipdate < '1995-10-01 00:00:00'::timestamp without time zone))
                           Rows Removed by Filter: 5923991
                     ->  Parallel Hash  (cost=14789.00..14789.00 rows=250000 width=25) (actual time=80.640..80.640 rows=200000 loops=3)
                           Buckets: 65536  Batches: 16  Memory Usage: 2816kB
                           ->  Parallel Seq Scan on part  (cost=0.00..14789.00 rows=250000 width=25) (actual time=0.023..37.120 rows=200000 loops=3)
 Planning Time: 0.424 ms
 Execution Time: 1174.572 ms
(15 rows)

execute /home/pei/benchmarks/tpch-postgre/dbgen/out/skinner_explained/16.sql_explained.sql
SET
                                                                                         QUERY PLAN                                                                                          
---------------------------------------------------------------------------------------------------------------------------------------------------------------------------------------------
 Sort  (cost=132502.10..132621.76 rows=47864 width=44) (actual time=1202.752..1204.198 rows=26798 loops=1)
   Sort Key: (count(DISTINCT partsupp.ps_suppkey)) DESC, part.p_brand, part.p_type, part.p_size
   Sort Method: quicksort  Memory: 2885kB
   ->  GroupAggregate  (cost=126086.82..128781.48 rows=47864 width=44) (actual time=910.569..1160.447 rows=26798 loops=1)
         Group Key: part.p_brand, part.p_type, part.p_size
         ->  Sort  (cost=126086.82..126530.03 rows=177281 width=40) (actual time=910.535..1056.017 rows=355733 loops=1)
               Sort Key: part.p_brand, part.p_type, part.p_size
               Sort Method: external merge  Disk: 18168kB
               ->  Gather  (cost=21040.57..105780.75 rows=177281 width=40) (actual time=83.293..388.922 rows=355733 loops=1)
                     Workers Planned: 2
                     Workers Launched: 2
                     ->  Parallel Hash Join  (cost=20040.57..87052.65 rows=73867 width=40) (actual time=81.167..355.635 rows=118578 loops=3)
                           Hash Cond: (partsupp.ps_partkey = part.p_partkey)
                           ->  Parallel Seq Scan on partsupp  (cost=1040.01..65868.88 rows=500115 width=8) (actual time=9.649..185.470 rows=799600 loops=3)
                                 Filter: (NOT (hashed SubPlan 1))
                                 Rows Removed by Filter: 400
                                 SubPlan 1
                                   ->  Seq Scan on supplier  (cost=0.00..1040.00 rows=3 width=4) (actual time=0.116..9.617 rows=15 loops=3)
                                         Filter: ((s_comment)::text ~~ '%Customer%Complaints%'::text)
                                         Rows Removed by Filter: 29985
                           ->  Parallel Hash  (cost=18539.00..18539.00 rows=36925 width=40) (actual time=71.004..71.005 rows=29658 loops=3)
                                 Buckets: 131072  Batches: 1  Memory Usage: 7712kB
                                 ->  Parallel Seq Scan on part  (cost=0.00..18539.00 rows=36925 width=40) (actual time=0.031..57.792 rows=29658 loops=3)
                                       Filter: ((p_brand <> 'Brand#45'::bpchar) AND ((p_type)::text !~~ 'MEDIUM POLISHED%'::text) AND (p_size = ANY ('{49,14,23,45,19,3,36,9}'::integer[])))
                                       Rows Removed by Filter: 170342
 Planning Time: 0.652 ms
 Execution Time: 1209.412 ms
(27 rows)

execute /home/pei/benchmarks/tpch-postgre/dbgen/out/skinner_explained/17.sql_explained.sql
SET
psql:/home/pei/benchmarks/tpch-postgre/dbgen/out/skinner_explained/17.sql_explained.sql:25: ERROR:  canceling statement due to statement timeout
execute /home/pei/benchmarks/tpch-postgre/dbgen/out/skinner_explained/18.sql_explained.sql
SET
                                                                                                QUERY PLAN                                                                                                 
-----------------------------------------------------------------------------------------------------------------------------------------------------------------------------------------------------------
 GroupAggregate  (cost=2755537.93..2771989.78 rows=548395 width=71) (actual time=17481.877..17482.480 rows=179 loops=1)
   Group Key: orders.o_totalprice, orders.o_orderdate, customer.c_name, customer.c_custkey, orders.o_orderkey
   ->  Sort  (cost=2755537.93..2756908.92 rows=548395 width=44) (actual time=17481.857..17481.910 rows=1253 loops=1)
         Sort Key: orders.o_totalprice DESC, orders.o_orderdate, customer.c_name, customer.c_custkey, orders.o_orderkey
         Sort Method: quicksort  Memory: 146kB
         ->  Hash Join  (cost=1919134.52..2686392.57 rows=548395 width=44) (actual time=11605.563..17480.575 rows=1253 loops=1)
               Hash Cond: (lineitem.l_orderkey = orders.o_orderkey)
               ->  Seq Scan on lineitem  (cost=0.00..517338.80 rows=17996080 width=9) (actual time=0.020..2321.034 rows=17996609 loops=1)
               ->  Hash  (cost=1916214.45..1916214.45 rows=137126 width=43) (actual time=11572.230..11572.230 rows=179 loops=1)
                     Buckets: 65536  Batches: 4  Memory Usage: 516kB
                     ->  Hash Join  (cost=1721724.49..1916214.45 rows=137126 width=43) (actual time=9952.160..11572.100 rows=179 loops=1)
                           Hash Cond: (orders.o_custkey = customer.c_custkey)
                           ->  Hash Join  (cost=1698212.49..1886571.97 rows=137126 width=24) (actual time=9745.279..11388.070 rows=179 loops=1)
                                 Hash Cond: (orders.o_orderkey = lineitem_1.l_orderkey)
                                 ->  Seq Scan on orders  (cost=0.00..123277.18 rows=4499918 width=20) (actual time=0.007..608.245 rows=4500000 loops=1)
                                 ->  Hash  (cost=1695962.42..1695962.42 rows=137126 width=4) (actual time=9742.684..9742.684 rows=179 loops=1)
                                       Buckets: 131072  Batches: 2  Memory Usage: 1027kB
                                       ->  Finalize GroupAggregate  (cost=1525903.65..1694591.16 rows=137126 width=4) (actual time=3435.068..9742.558 rows=179 loops=1)
                                             Group Key: lineitem_1.l_orderkey
                                             Filter: (sum(lineitem_1.l_quantity) > '300'::numeric)
                                             Rows Removed by Filter: 4499821
                                             ->  Gather Merge  (cost=1525903.65..1682249.85 rows=822754 width=36) (actual time=3432.291..6649.281 rows=4714712 loops=1)
                                                   Workers Planned: 2
                                                   Workers Launched: 2
                                                   ->  Partial GroupAggregate  (cost=1524903.63..1586283.60 rows=411377 width=36) (actual time=3405.869..5650.197 rows=1571571 loops=3)
                                                         Group Key: lineitem_1.l_orderkey
                                                         ->  Sort  (cost=1524903.63..1543649.55 rows=7498367 width=9) (actual time=3405.848..3963.057 rows=5998870 loops=3)
                                                               Sort Key: lineitem_1.l_orderkey
                                                               Sort Method: external merge  Disk: 112736kB
                                                               Worker 0:  Sort Method: external merge  Disk: 109456kB
                                                               Worker 1:  Sort Method: external merge  Disk: 112656kB
                                                               ->  Parallel Seq Scan on lineitem lineitem_1  (cost=0.00..412361.67 rows=7498367 width=9) (actual time=0.024..860.000 rows=5998870 loops=3)
                           ->  Hash  (cost=15250.00..15250.00 rows=450000 width=23) (actual time=159.325..159.325 rows=450000 loops=1)
                                 Buckets: 65536  Batches: 8  Memory Usage: 3597kB
                                 ->  Seq Scan on customer  (cost=0.00..15250.00 rows=450000 width=23) (actual time=0.015..66.285 rows=450000 loops=1)
 Planning Time: 0.702 ms
 Execution Time: 17501.520 ms
(37 rows)

execute /home/pei/benchmarks/tpch-postgre/dbgen/out/skinner_explained/19.sql_explained.sql
SET
                                                                                                                                                                                                                                                                                                                                                                           QUERY PLAN                                                                                                                                                                                                                                                                                                                                                                           
----------------------------------------------------------------------------------------------------------------------------------------------------------------------------------------------------------------------------------------------------------------------------------------------------------------------------------------------------------------------------------------------------------------------------------------------------------------------------------------------------------------------------------------------------------------------------------------------------------------------------------------------------------------------------------------------------------------------------------------------------------------
 Finalize Aggregate  (cost=586793.64..586793.65 rows=1 width=32) (actual time=1671.039..1671.039 rows=1 loops=1)
   ->  Gather  (cost=586793.42..586793.63 rows=2 width=32) (actual time=1670.896..1674.752 rows=3 loops=1)
         Workers Planned: 2
         Workers Launched: 2
         ->  Partial Aggregate  (cost=585793.42..585793.43 rows=1 width=32) (actual time=1668.472..1668.472 rows=1 loops=3)
               ->  Parallel Hash Join  (cost=22921.53..585792.34 rows=143 width=12) (actual time=59.773..1668.358 rows=121 loops=3)
                     Hash Cond: (lineitem.l_partkey = part.p_partkey)
                     Join Filter: (((part.p_brand = 'Brand#12'::bpchar) AND (part.p_container = ANY ('{"SM CASE","SM BOX","SM PACK","SM PKG"}'::bpchar[])) AND (lineitem.l_quantity >= '1'::numeric) AND (lineitem.l_quantity <= '11'::numeric) AND (part.p_size <= 5)) OR ((part.p_brand = 'Brand#23'::bpchar) AND (part.p_container = ANY ('{"MED BAG","MED BOX","MED PKG","MED PACK"}'::bpchar[])) AND (lineitem.l_quantity >= '10'::numeric) AND (lineitem.l_quantity <= '20'::numeric) AND (part.p_size <= 10)) OR ((part.p_brand = 'Brand#34'::bpchar) AND (part.p_container = ANY ('{"LG CASE","LG BOX","LG PACK","LG PKG"}'::bpchar[])) AND (lineitem.l_quantity >= '20'::numeric) AND (lineitem.l_quantity <= '30'::numeric) AND (part.p_size <= 15)))
                     Rows Removed by Join Filter: 188
                     ->  Parallel Seq Scan on lineitem  (cost=0.00..562329.00 rows=142388 width=21) (actual time=0.035..1593.769 rows=128767 loops=3)
                           Filter: ((l_shipmode = ANY ('{AIR,"AIR REG"}'::bpchar[])) AND (l_shipinstruct = 'DELIVER IN PERSON'::bpchar) AND (((l_quantity >= '1'::numeric) AND (l_quantity <= '11'::numeric)) OR ((l_quantity >= '10'::numeric) AND (l_quantity <= '20'::numeric)) OR ((l_quantity >= '20'::numeric) AND (l_quantity <= '30'::numeric))))
                           Rows Removed by Filter: 5870103
                     ->  Parallel Hash  (cost=22914.00..22914.00 rows=602 width=30) (actual time=55.880..55.880 rows=489 loops=3)
                           Buckets: 2048  Batches: 1  Memory Usage: 144kB
                           ->  Parallel Seq Scan on part  (cost=0.00..22914.00 rows=602 width=30) (actual time=0.274..55.607 rows=489 loops=3)
                                 Filter: ((p_size >= 1) AND (((p_brand = 'Brand#12'::bpchar) AND (p_container = ANY ('{"SM CASE","SM BOX","SM PACK","SM PKG"}'::bpchar[])) AND (p_size <= 5)) OR ((p_brand = 'Brand#23'::bpchar) AND (p_container = ANY ('{"MED BAG","MED BOX","MED PKG","MED PACK"}'::bpchar[])) AND (p_size <= 10)) OR ((p_brand = 'Brand#34'::bpchar) AND (p_container = ANY ('{"LG CASE","LG BOX","LG PACK","LG PKG"}'::bpchar[])) AND (p_size <= 15))))
                                 Rows Removed by Filter: 199511
 Planning Time: 0.696 ms
 Execution Time: 1674.878 ms
(19 rows)

execute /home/pei/benchmarks/tpch-postgre/dbgen/out/skinner_explained/2.sql_explained.sql
SET
psql:/home/pei/benchmarks/tpch-postgre/dbgen/out/skinner_explained/2.sql_explained.sql:51: ERROR:  canceling statement due to statement timeout
execute /home/pei/benchmarks/tpch-postgre/dbgen/out/skinner_explained/20.sql_explained.sql
SET
psql:/home/pei/benchmarks/tpch-postgre/dbgen/out/skinner_explained/20.sql_explained.sql:45: ERROR:  canceling statement due to statement timeout
execute /home/pei/benchmarks/tpch-postgre/dbgen/out/skinner_explained/21.sql_explained.sql
SET
psql:/home/pei/benchmarks/tpch-postgre/dbgen/out/skinner_explained/21.sql_explained.sql:47: ERROR:  canceling statement due to statement timeout
execute /home/pei/benchmarks/tpch-postgre/dbgen/out/skinner_explained/3.sql_explained.sql
SET
                                                                                  QUERY PLAN                                                                                  
------------------------------------------------------------------------------------------------------------------------------------------------------------------------------
 Sort  (cost=946756.28..949214.68 rows=983362 width=44) (actual time=2569.983..2573.053 rows=34207 loops=1)
   Sort Key: (sum((lineitem.l_extendedprice * ('1'::numeric - lineitem.l_discount)))) DESC, orders.o_orderdate
   Sort Method: quicksort  Memory: 3618kB
   ->  Finalize GroupAggregate  (cost=658960.22..788374.56 rows=983362 width=44) (actual time=2496.251..2551.719 rows=34207 loops=1)
         Group Key: lineitem.l_orderkey, orders.o_orderdate, orders.o_shippriority
         ->  Gather Merge  (cost=658960.22..765839.18 rows=819468 width=44) (actual time=2496.235..2598.388 rows=34419 loops=1)
               Workers Planned: 2
               Workers Launched: 2
               ->  Partial GroupAggregate  (cost=657960.20..670252.22 rows=409734 width=44) (actual time=2493.706..2516.212 rows=11473 loops=3)
                     Group Key: lineitem.l_orderkey, orders.o_orderdate, orders.o_shippriority
                     ->  Sort  (cost=657960.20..658984.53 rows=409734 width=24) (actual time=2493.685..2495.051 rows=30009 loops=3)
                           Sort Key: lineitem.l_orderkey, orders.o_orderdate, orders.o_shippriority
                           Sort Method: quicksort  Memory: 3111kB
                           Worker 0:  Sort Method: quicksort  Memory: 3070kB
                           Worker 1:  Sort Method: quicksort  Memory: 3158kB
                           ->  Parallel Hash Join  (cost=122810.80..611360.62 rows=409734 width=24) (actual time=2182.025..2481.354 rows=30009 loops=3)
                                 Hash Cond: (lineitem.l_orderkey = orders.o_orderkey)
                                 ->  Parallel Seq Scan on lineitem  (cost=0.00..431107.58 rows=4055202 width=16) (actual time=0.019..1086.294 rows=3233939 loops=3)
                                       Filter: (l_shipdate > '1995-03-15'::date)
                                       Rows Removed by Filter: 2764930
                                 ->  Parallel Hash  (cost=119516.74..119516.74 rows=189445 width=12) (actual time=421.459..421.459 rows=146891 loops=3)
                                       Buckets: 131072  Batches: 8  Memory Usage: 3712kB
                                       ->  Parallel Hash Join  (cost=13578.67..119516.74 rows=189445 width=12) (actual time=40.247..392.408 rows=146891 loops=3)
                                             Hash Cond: (orders.o_custkey = customer.c_custkey)
                                             ->  Parallel Seq Scan on orders  (cost=0.00..101715.07 rows=915635 width=16) (actual time=0.007..216.194 rows=728721 loops=3)
                                                   Filter: (o_orderdate < '1995-03-15'::date)
                                                   Rows Removed by Filter: 771279
                                             ->  Parallel Hash  (cost=13093.75..13093.75 rows=38794 width=4) (actual time=39.967..39.967 rows=30119 loops=3)
                                                   Buckets: 131072  Batches: 1  Memory Usage: 4608kB
                                                   ->  Parallel Seq Scan on customer  (cost=0.00..13093.75 rows=38794 width=4) (actual time=0.033..31.899 rows=30119 loops=3)
                                                         Filter: (c_mktsegment = 'BUILDING'::bpchar)
                                                         Rows Removed by Filter: 119881
 Planning Time: 0.543 ms
 Execution Time: 2648.250 ms
(34 rows)

execute /home/pei/benchmarks/tpch-postgre/dbgen/out/skinner_explained/4.sql_explained.sql
SET
                                                                            QUERY PLAN                                                                             
-------------------------------------------------------------------------------------------------------------------------------------------------------------------
 Finalize GroupAggregate  (cost=590820.64..590871.54 rows=5 width=24) (actual time=2183.643..2189.618 rows=5 loops=1)
   Group Key: orders.o_orderpriority
   ->  Gather Merge  (cost=590820.64..590871.44 rows=10 width=24) (actual time=2182.091..2266.667 rows=15 loops=1)
         Workers Planned: 2
         Workers Launched: 2
         ->  Partial GroupAggregate  (cost=589820.61..589870.26 rows=5 width=24) (actual time=2179.525..2185.510 rows=5 loops=3)
               Group Key: orders.o_orderpriority
               ->  Sort  (cost=589820.61..589837.14 rows=6613 width=16) (actual time=2178.030..2180.437 rows=52805 loops=3)
                     Sort Key: orders.o_orderpriority
                     Sort Method: quicksort  Memory: 3849kB
                     Worker 0:  Sort Method: quicksort  Memory: 3845kB
                     Worker 1:  Sort Method: quicksort  Memory: 3829kB
                     ->  Parallel Hash Semi Join  (cost=472114.77..589400.98 rows=6613 width=16) (actual time=1905.141..2165.664 rows=52805 loops=3)
                           Hash Cond: (orders.o_orderkey = lineitem.l_orderkey)
                           ->  Parallel Seq Scan on orders  (cost=0.00..106402.49 rows=72338 width=20) (actual time=0.019..209.151 rows=57571 loops=3)
                                 Filter: ((o_orderdate >= '1993-07-01'::date) AND (o_orderdate < '1993-10-01 00:00:00'::timestamp without time zone))
                                 Rows Removed by Filter: 1442429
                           ->  Parallel Hash  (cost=431107.58..431107.58 rows=2499455 width=4) (actual time=1668.828..1668.828 rows=3792542 loops=3)
                                 Buckets: 131072  Batches: 128  Memory Usage: 4608kB
                                 ->  Parallel Seq Scan on lineitem  (cost=0.00..431107.58 rows=2499455 width=4) (actual time=0.028..1171.969 rows=3792542 loops=3)
                                       Filter: (l_commitdate < l_receiptdate)
                                       Rows Removed by Filter: 2206328
 Planning Time: 0.399 ms
 Execution Time: 2267.047 ms
(24 rows)

execute /home/pei/benchmarks/tpch-postgre/dbgen/out/skinner_explained/5.sql_explained.sql
SET
                                                                                         QUERY PLAN                                                                                         
--------------------------------------------------------------------------------------------------------------------------------------------------------------------------------------------
 Sort  (cost=563930.40..563930.83 rows=170 width=136) (actual time=1789.501..1789.501 rows=5 loops=1)
   Sort Key: (sum((lineitem.l_extendedprice * ('1'::numeric - lineitem.l_discount)))) DESC
   Sort Method: quicksort  Memory: 25kB
   ->  Finalize GroupAggregate  (cost=563874.71..563924.11 rows=170 width=136) (actual time=1787.487..1789.483 rows=5 loops=1)
         Group Key: nation.n_name
         ->  Gather Merge  (cost=563874.71..563919.43 rows=340 width=136) (actual time=1786.745..1794.875 rows=15 loops=1)
               Workers Planned: 2
               Workers Launched: 2
               ->  Partial GroupAggregate  (cost=562874.69..562880.16 rows=170 width=136) (actual time=1783.857..1786.543 rows=5 loops=3)
                     Group Key: nation.n_name
                     ->  Sort  (cost=562874.69..562875.36 rows=268 width=116) (actual time=1783.162..1783.492 rows=7343 loops=3)
                           Sort Key: nation.n_name
                           Sort Method: quicksort  Memory: 782kB
                           Worker 0:  Sort Method: quicksort  Memory: 746kB
                           Worker 1:  Sort Method: quicksort  Memory: 771kB
                           ->  Hash Join  (cost=122301.72..562863.88 rows=268 width=116) (actual time=365.229..1778.887 rows=7343 loops=3)
                                 Hash Cond: ((lineitem.l_suppkey = supplier.s_suppkey) AND (customer.c_nationkey = supplier.s_nationkey))
                                 ->  Parallel Hash Join  (cost=120886.72..561395.45 rows=6766 width=128) (actual time=355.007..1726.055 rows=183378 loops=3)
                                       Hash Cond: (lineitem.l_orderkey = orders.o_orderkey)
                                       ->  Parallel Seq Scan on lineitem  (cost=0.00..412361.67 rows=7498367 width=20) (actual time=0.015..719.805 rows=5998870 loops=3)
                                       ->  Parallel Hash  (cost=120865.57..120865.57 rows=1692 width=116) (actual time=354.870..354.870 rows=45716 loops=3)
                                             Buckets: 262144 (originally 4096)  Batches: 1 (originally 1)  Memory Usage: 13760kB
                                             ->  Parallel Hash Join  (cost=13377.44..120865.57 rows=1692 width=116) (actual time=55.276..324.666 rows=45716 loops=3)
                                                   Hash Cond: (orders.o_custkey = customer.c_custkey)
                                                   ->  Parallel Seq Scan on orders  (cost=0.00..106402.49 rows=287625 width=8) (actual time=0.010..215.002 rows=227810 loops=3)
                                                         Filter: ((o_orderdate >= '1994-01-01'::date) AND (o_orderdate < '1995-01-01 00:00:00'::timestamp without time zone))
                                                         Rows Removed by Filter: 1272190
                                                   ->  Parallel Hash  (cost=13363.65..13363.65 rows=1103 width=116) (actual time=55.231..55.231 rows=30145 loops=3)
                                                         Buckets: 131072 (originally 4096)  Batches: 1 (originally 1)  Memory Usage: 8416kB
                                                         ->  Hash Join  (cost=24.50..13363.65 rows=1103 width=116) (actual time=0.094..40.185 rows=30145 loops=3)
                                                               Hash Cond: (customer.c_nationkey = nation.n_nationkey)
                                                               ->  Parallel Seq Scan on customer  (cost=0.00..12625.00 rows=187500 width=8) (actual time=0.027..23.109 rows=150000 loops=3)
                                                               ->  Hash  (cost=24.48..24.48 rows=1 width=108) (actual time=0.052..0.052 rows=5 loops=3)
                                                                     Buckets: 1024  Batches: 1  Memory Usage: 9kB
                                                                     ->  Hash Join  (cost=12.14..24.48 rows=1 width=108) (actual time=0.043..0.047 rows=5 loops=3)
                                                                           Hash Cond: (nation.n_regionkey = region.r_regionkey)
                                                                           ->  Seq Scan on nation  (cost=0.00..11.70 rows=170 width=112) (actual time=0.008..0.010 rows=25 loops=3)
                                                                           ->  Hash  (cost=12.12..12.12 rows=1 width=4) (actual time=0.018..0.019 rows=1 loops=3)
                                                                                 Buckets: 1024  Batches: 1  Memory Usage: 9kB
                                                                                 ->  Seq Scan on region  (cost=0.00..12.12 rows=1 width=4) (actual time=0.015..0.016 rows=1 loops=3)
                                                                                       Filter: (r_name = 'ASIA'::bpchar)
                                                                                       Rows Removed by Filter: 4
                                 ->  Hash  (cost=965.00..965.00 rows=30000 width=8) (actual time=9.737..9.737 rows=30000 loops=3)
                                       Buckets: 32768  Batches: 1  Memory Usage: 1428kB
                                       ->  Seq Scan on supplier  (cost=0.00..965.00 rows=30000 width=8) (actual time=0.014..5.642 rows=30000 loops=3)
 Planning Time: 1.374 ms
 Execution Time: 1795.153 ms
(47 rows)

execute /home/pei/benchmarks/tpch-postgre/dbgen/out/skinner_explained/6.sql_explained.sql
SET
                                                                                                        QUERY PLAN                                                                                                         
---------------------------------------------------------------------------------------------------------------------------------------------------------------------------------------------------------------------------
 Finalize Aggregate  (cost=507814.90..507814.91 rows=1 width=32) (actual time=1145.156..1145.157 rows=1 loops=1)
   ->  Gather  (cost=507814.68..507814.89 rows=2 width=32) (actual time=1145.058..1147.508 rows=3 loops=1)
         Workers Planned: 2
         Workers Launched: 2
         ->  Partial Aggregate  (cost=506814.68..506814.69 rows=1 width=32) (actual time=1143.000..1143.000 rows=1 loops=3)
               ->  Parallel Seq Scan on lineitem  (cost=0.00..506091.25 rows=144685 width=12) (actual time=0.057..1107.579 rows=114155 loops=3)
                     Filter: ((l_shipdate >= '1994-01-01'::date) AND (l_shipdate < '1995-01-01 00:00:00'::timestamp without time zone) AND (l_discount >= 0.05) AND (l_discount <= 0.07) AND (l_quantity < '24'::numeric))
                     Rows Removed by Filter: 5884715
 Planning Time: 0.299 ms
 Execution Time: 1147.592 ms
(10 rows)

execute /home/pei/benchmarks/tpch-postgre/dbgen/out/skinner_explained/7.sql_explained.sql
SET
                                                                                      QUERY PLAN                                                                                       
---------------------------------------------------------------------------------------------------------------------------------------------------------------------------------------
 Finalize GroupAggregate  (cost=578493.76..578545.70 rows=375 width=248) (actual time=2273.902..2276.213 rows=4 loops=1)
   Group Key: n1.n_name, n2.n_name, (date_part('year'::text, (lineitem.l_shipdate)::timestamp without time zone))
   ->  Gather Merge  (cost=578493.76..578535.24 rows=312 width=248) (actual time=2273.146..2429.195 rows=12 loops=1)
         Workers Planned: 2
         Workers Launched: 2
         ->  Partial GroupAggregate  (cost=577493.74..577499.20 rows=156 width=248) (actual time=2270.353..2272.654 rows=4 loops=3)
               Group Key: n1.n_name, n2.n_name, (date_part('year'::text, (lineitem.l_shipdate)::timestamp without time zone))
               ->  Sort  (cost=577493.74..577494.13 rows=156 width=228) (actual time=2269.611..2269.873 rows=5777 loops=3)
                     Sort Key: n1.n_name, n2.n_name, (date_part('year'::text, (lineitem.l_shipdate)::timestamp without time zone))
                     Sort Method: quicksort  Memory: 1010kB
                     Worker 0:  Sort Method: quicksort  Memory: 991kB
                     Worker 1:  Sort Method: quicksort  Memory: 1014kB
                     ->  Hash Join  (cost=118914.77..577488.06 rows=156 width=228) (actual time=1857.708..2265.576 rows=5777 loops=3)
                           Hash Cond: (lineitem.l_suppkey = supplier.s_suppkey)
                           Join Filter: (((n1.n_name = 'FRANCE'::bpchar) AND (n2.n_name = 'GERMANY'::bpchar)) OR ((n1.n_name = 'GERMANY'::bpchar) AND (n2.n_name = 'FRANCE'::bpchar)))
                           Rows Removed by Join Filter: 5832
                           ->  Parallel Hash Join  (cost=117816.75..576283.02 rows=26672 width=124) (actual time=1849.533..2237.483 rows=147332 loops=3)
                                 Hash Cond: (lineitem.l_orderkey = orders.o_orderkey)
                                 ->  Parallel Seq Scan on lineitem  (cost=0.00..449853.50 rows=2267104 width=24) (actual time=0.012..1040.955 rows=1821396 loops=3)
                                       Filter: ((l_shipdate >= '1995-01-01'::date) AND (l_shipdate <= '1996-12-31'::date))
                                       Rows Removed by Filter: 4177474
                                 ->  Parallel Hash  (cost=117541.03..117541.03 rows=22058 width=108) (actual time=478.958..478.958 rows=121711 loops=3)
                                       Buckets: 65536 (originally 65536)  Batches: 8 (originally 1)  Memory Usage: 3456kB
                                       ->  Parallel Hash Join  (cost=13390.34..117541.03 rows=22058 width=108) (actual time=45.311..431.281 rows=121711 loops=3)
                                             Hash Cond: (orders.o_custkey = customer.c_custkey)
                                             ->  Parallel Seq Scan on orders  (cost=0.00..97027.66 rows=1874966 width=8) (actual time=0.006..177.015 rows=1500000 loops=3)
                                             ->  Parallel Hash  (cost=13362.76..13362.76 rows=2206 width=108) (actual time=45.265..45.265 rows=12073 loops=3)
                                                   Buckets: 65536 (originally 8192)  Batches: 1 (originally 1)  Memory Usage: 3296kB
                                                   ->  Hash Join  (cost=12.58..13362.76 rows=2206 width=108) (actual time=0.053..37.166 rows=12073 loops=3)
                                                         Hash Cond: (customer.c_nationkey = n2.n_nationkey)
                                                         ->  Parallel Seq Scan on customer  (cost=0.00..12625.00 rows=187500 width=8) (actual time=0.026..22.870 rows=150000 loops=3)
                                                         ->  Hash  (cost=12.55..12.55 rows=2 width=108) (actual time=0.011..0.012 rows=2 loops=3)
                                                               Buckets: 1024  Batches: 1  Memory Usage: 9kB
                                                               ->  Seq Scan on nation n2  (cost=0.00..12.55 rows=2 width=108) (actual time=0.005..0.008 rows=2 loops=3)
                                                                     Filter: ((n_name = 'GERMANY'::bpchar) OR (n_name = 'FRANCE'::bpchar))
                                                                     Rows Removed by Filter: 23
                           ->  Hash  (cost=1093.61..1093.61 rows=353 width=108) (actual time=8.024..8.024 rows=2361 loops=3)
                                 Buckets: 4096 (originally 1024)  Batches: 1 (originally 1)  Memory Usage: 175kB
                                 ->  Hash Join  (cost=12.58..1093.61 rows=353 width=108) (actual time=0.056..7.491 rows=2361 loops=3)
                                       Hash Cond: (supplier.s_nationkey = n1.n_nationkey)
                                       ->  Seq Scan on supplier  (cost=0.00..965.00 rows=30000 width=8) (actual time=0.011..4.504 rows=30000 loops=3)
                                       ->  Hash  (cost=12.55..12.55 rows=2 width=108) (actual time=0.022..0.022 rows=2 loops=3)
                                             Buckets: 1024  Batches: 1  Memory Usage: 9kB
                                             ->  Seq Scan on nation n1  (cost=0.00..12.55 rows=2 width=108) (actual time=0.013..0.016 rows=2 loops=3)
                                                   Filter: ((n_name = 'FRANCE'::bpchar) OR (n_name = 'GERMANY'::bpchar))
                                                   Rows Removed by Filter: 23
 Planning Time: 1.101 ms
 Execution Time: 2429.649 ms
(48 rows)

execute /home/pei/benchmarks/tpch-postgre/dbgen/out/skinner_explained/8.sql_explained.sql
SET
                                                                                            QUERY PLAN                                                                                            
--------------------------------------------------------------------------------------------------------------------------------------------------------------------------------------------------
 Finalize GroupAggregate  (cost=580334.29..580365.27 rows=210 width=40) (actual time=3494.736..3494.742 rows=2 loops=1)
   Group Key: (date_part('year'::text, (orders.o_orderdate)::timestamp without time zone))
   ->  Gather Merge  (cost=580334.29..580358.34 rows=176 width=72) (actual time=3494.034..3995.082 rows=6 loops=1)
         Workers Planned: 2
         Workers Launched: 2
         ->  Partial GroupAggregate  (cost=579334.27..579338.01 rows=88 width=72) (actual time=3491.329..3491.992 rows=2 loops=3)
               Group Key: (date_part('year'::text, (orders.o_orderdate)::timestamp without time zone))
               ->  Sort  (cost=579334.27..579334.49 rows=88 width=124) (actual time=3490.663..3490.771 rows=2548 loops=3)
                     Sort Key: (date_part('year'::text, (orders.o_orderdate)::timestamp without time zone))
                     Sort Method: quicksort  Memory: 297kB
                     Worker 0:  Sort Method: quicksort  Memory: 297kB
                     Worker 1:  Sort Method: quicksort  Memory: 293kB
                     ->  Hash Join  (cost=138742.45..579331.42 rows=88 width=124) (actual time=2280.412..3489.669 rows=2548 loops=3)
                           Hash Cond: (supplier.s_nationkey = n2.n_nationkey)
                           ->  Hash Join  (cost=138728.63..579315.95 rows=88 width=20) (actual time=2280.350..3488.584 rows=2548 loops=3)
                                 Hash Cond: (lineitem.l_suppkey = supplier.s_suppkey)
                                 ->  Parallel Hash Join  (cost=137388.63..577974.75 rows=88 width=20) (actual time=2270.682..3477.323 rows=2548 loops=3)
                                       Hash Cond: (lineitem.l_partkey = part.p_partkey)
                                       ->  Parallel Hash Join  (cost=121953.84..562489.75 rows=13290 width=24) (actual time=2236.031..3395.947 rows=361590 loops=3)
                                             Hash Cond: (lineitem.l_orderkey = orders.o_orderkey)
                                             ->  Parallel Seq Scan on lineitem  (cost=0.00..412361.67 rows=7498367 width=24) (actual time=0.032..741.053 rows=5998870 loops=3)
                                             ->  Parallel Hash  (cost=121912.30..121912.30 rows=3323 width=8) (actual time=406.418..406.418 rows=90399 loops=3)
                                                   Buckets: 65536 (originally 8192)  Batches: 8 (originally 1)  Memory Usage: 1920kB
                                                   ->  Parallel Hash Join  (cost=13377.44..121912.30 rows=3323 width=8) (actual time=51.093..360.778 rows=90399 loops=3)
                                                         Hash Cond: (orders.o_custkey = customer.c_custkey)
                                                         ->  Parallel Seq Scan on orders  (cost=0.00..106402.49 rows=564940 width=12) (actual time=0.005..220.694 rows=455395 loops=3)
                                                               Filter: ((o_orderdate >= '1995-01-01'::date) AND (o_orderdate <= '1996-12-31'::date))
                                                               Rows Removed by Filter: 1044605
                                                         ->  Parallel Hash  (cost=13363.65..13363.65 rows=1103 width=4) (actual time=51.049..51.049 rows=29900 loops=3)
                                                               Buckets: 131072 (originally 4096)  Batches: 1 (originally 1)  Memory Usage: 5600kB
                                                               ->  Hash Join  (cost=24.50..13363.65 rows=1103 width=4) (actual time=0.129..37.836 rows=29900 loops=3)
                                                                     Hash Cond: (customer.c_nationkey = n1.n_nationkey)
                                                                     ->  Parallel Seq Scan on customer  (cost=0.00..12625.00 rows=187500 width=8) (actual time=0.005..21.334 rows=150000 loops=3)
                                                                     ->  Hash  (cost=24.48..24.48 rows=1 width=4) (actual time=0.107..0.107 rows=5 loops=3)
                                                                           Buckets: 1024  Batches: 1  Memory Usage: 9kB
                                                                           ->  Hash Join  (cost=12.14..24.48 rows=1 width=4) (actual time=0.097..0.103 rows=5 loops=3)
                                                                                 Hash Cond: (n1.n_regionkey = region.r_regionkey)
                                                                                 ->  Seq Scan on nation n1  (cost=0.00..11.70 rows=170 width=8) (actual time=0.005..0.007 rows=25 loops=3)
                                                                                 ->  Hash  (cost=12.12..12.12 rows=1 width=4) (actual time=0.010..0.011 rows=1 loops=3)
                                                                                       Buckets: 1024  Batches: 1  Memory Usage: 9kB
                                                                                       ->  Seq Scan on region  (cost=0.00..12.12 rows=1 width=4) (actual time=0.007..0.008 rows=1 loops=3)
                                                                                             Filter: (r_name = 'AMERICA'::bpchar)
                                                                                             Rows Removed by Filter: 4
                                       ->  Parallel Hash  (cost=15414.00..15414.00 rows=1663 width=4) (actual time=33.403..33.404 rows=1396 loops=3)
                                             Buckets: 4096  Batches: 1  Memory Usage: 224kB
                                             ->  Parallel Seq Scan on part  (cost=0.00..15414.00 rows=1663 width=4) (actual time=0.066..32.953 rows=1396 loops=3)
                                                   Filter: ((p_type)::text = 'ECONOMY ANODIZED STEEL'::text)
                                                   Rows Removed by Filter: 198604
                                 ->  Hash  (cost=965.00..965.00 rows=30000 width=8) (actual time=9.504..9.504 rows=30000 loops=3)
                                       Buckets: 32768  Batches: 1  Memory Usage: 1428kB
                                       ->  Seq Scan on supplier  (cost=0.00..965.00 rows=30000 width=8) (actual time=0.010..5.599 rows=30000 loops=3)
                           ->  Hash  (cost=11.70..11.70 rows=170 width=108) (actual time=0.023..0.023 rows=25 loops=3)
                                 Buckets: 1024  Batches: 1  Memory Usage: 10kB
                                 ->  Seq Scan on nation n2  (cost=0.00..11.70 rows=170 width=108) (actual time=0.011..0.013 rows=25 loops=3)
 Planning Time: 1.361 ms
 Execution Time: 3995.407 ms
(56 rows)

execute /home/pei/benchmarks/tpch-postgre/dbgen/out/skinner_explained/9.sql_explained.sql
SET
                                                                                           QUERY PLAN                                                                                            
-------------------------------------------------------------------------------------------------------------------------------------------------------------------------------------------------
 Finalize GroupAggregate  (cost=649909.42..649919.35 rows=73 width=144) (actual time=3694.915..3991.714 rows=175 loops=1)
   Group Key: nation.n_name, (date_part('year'::text, (orders.o_orderdate)::timestamp without time zone))
   ->  Gather Merge  (cost=649909.42..649917.47 rows=60 width=144) (actual time=3693.062..4175.053 rows=525 loops=1)
         Workers Planned: 2
         Workers Launched: 2
         ->  Partial GroupAggregate  (cost=648909.39..648910.52 rows=30 width=144) (actual time=3689.697..3985.944 rows=175 loops=3)
               Group Key: nation.n_name, (date_part('year'::text, (orders.o_orderdate)::timestamp without time zone))
               ->  Sort  (cost=648909.39..648909.47 rows=30 width=135) (actual time=3688.611..3759.599 rows=326640 loops=3)
                     Sort Key: nation.n_name, (date_part('year'::text, (orders.o_orderdate)::timestamp without time zone)) DESC
                     Sort Method: external merge  Disk: 24216kB
                     Worker 0:  Sort Method: external merge  Disk: 24080kB
                     Worker 1:  Sort Method: external merge  Disk: 24128kB
                     ->  Hash Join  (cost=544849.18..648908.66 rows=30 width=135) (actual time=2934.520..3387.927 rows=326640 loops=3)
                           Hash Cond: (supplier.s_nationkey = nation.n_nationkey)
                           ->  Parallel Hash Join  (cost=544835.36..648894.27 rows=30 width=31) (actual time=2934.460..3298.335 rows=326640 loops=3)
                                 Hash Cond: (orders.o_orderkey = lineitem.l_orderkey)
                                 ->  Parallel Seq Scan on orders  (cost=0.00..97027.66 rows=1874966 width=8) (actual time=0.013..185.102 rows=1500000 loops=3)
                                 ->  Parallel Hash  (cost=544834.98..544834.98 rows=30 width=31) (actual time=2454.833..2454.833 rows=326640 loops=3)
                                       Buckets: 65536 (originally 1024)  Batches: 32 (originally 1)  Memory Usage: 2720kB
                                       ->  Hash Join  (cost=463460.41..544834.98 rows=30 width=31) (actual time=2060.259..2305.837 rows=326640 loops=3)
                                             Hash Cond: (lineitem.l_suppkey = supplier.s_suppkey)
                                             ->  Parallel Hash Join  (cost=462120.41..543494.56 rows=31 width=35) (actual time=2050.490..2229.532 rows=326640 loops=3)
                                                   Hash Cond: ((partsupp.ps_suppkey = lineitem.l_suppkey) AND (partsupp.ps_partkey = lineitem.l_partkey))
                                                   ->  Parallel Seq Scan on partsupp  (cost=0.00..62328.30 rows=1000230 width=14) (actual time=0.010..125.690 rows=800000 loops=3)
                                                   ->  Parallel Hash  (cost=456936.03..456936.03 rows=227225 width=33) (actual time=1791.459..1791.459 rows=326640 loops=3)
                                                         Buckets: 65536 (originally 65536)  Batches: 32 (originally 16)  Memory Usage: 2816kB
                                                         ->  Parallel Hash Join  (cost=15508.70..456936.03 rows=227225 width=33) (actual time=52.453..1652.132 rows=326640 loops=3)
                                                               Hash Cond: (lineitem.l_partkey = part.p_partkey)
                                                               ->  Parallel Seq Scan on lineitem  (cost=0.00..412361.67 rows=7498367 width=29) (actual time=0.005..722.703 rows=5998870 loops=3)
                                                               ->  Parallel Hash  (cost=15414.00..15414.00 rows=7576 width=4) (actual time=52.358..52.358 rows=10887 loops=3)
                                                                     Buckets: 32768  Batches: 1  Memory Usage: 1568kB
                                                                     ->  Parallel Seq Scan on part  (cost=0.00..15414.00 rows=7576 width=4) (actual time=0.026..49.235 rows=10887 loops=3)
                                                                           Filter: ((p_name)::text ~~ '%green%'::text)
                                                                           Rows Removed by Filter: 189113
                                             ->  Hash  (cost=965.00..965.00 rows=30000 width=8) (actual time=9.604..9.604 rows=30000 loops=3)
                                                   Buckets: 32768  Batches: 1  Memory Usage: 1428kB
                                                   ->  Seq Scan on supplier  (cost=0.00..965.00 rows=30000 width=8) (actual time=0.010..5.627 rows=30000 loops=3)
                           ->  Hash  (cost=11.70..11.70 rows=170 width=108) (actual time=0.023..0.023 rows=25 loops=3)
                                 Buckets: 1024  Batches: 1  Memory Usage: 10kB
                                 ->  Seq Scan on nation  (cost=0.00..11.70 rows=170 width=108) (actual time=0.011..0.014 rows=25 loops=3)
 Planning Time: 1.450 ms
 Execution Time: 4180.041 ms
(42 rows)

execute /home/pei/benchmarks/tpch-postgre/dbgen/out/skinner_explained/1.sql_explained.sql
SET
                                                                       QUERY PLAN                                                                       
--------------------------------------------------------------------------------------------------------------------------------------------------------
 Finalize GroupAggregate  (cost=727749.01..727751.08 rows=6 width=236) (actual time=7944.751..7944.806 rows=4 loops=1)
   Group Key: l_returnflag, l_linestatus
   ->  Gather Merge  (cost=727749.01..727750.41 rows=12 width=236) (actual time=7944.705..7947.178 rows=12 loops=1)
         Workers Planned: 2
         Workers Launched: 2
         ->  Sort  (cost=726748.99..726749.00 rows=6 width=236) (actual time=7941.785..7941.786 rows=4 loops=3)
               Sort Key: l_returnflag, l_linestatus
               Sort Method: quicksort  Memory: 27kB
               Worker 0:  Sort Method: quicksort  Memory: 27kB
               Worker 1:  Sort Method: quicksort  Memory: 27kB
               ->  Partial HashAggregate  (cost=726748.74..726748.91 rows=6 width=236) (actual time=7941.746..7941.756 rows=4 loops=3)
                     Group Key: l_returnflag, l_linestatus
                     ->  Parallel Seq Scan on lineitem  (cost=0.00..431107.58 rows=7391029 width=25) (actual time=0.036..1202.057 rows=5914512 loops=3)
                           Filter: (l_shipdate <= '1998-09-02 00:00:00'::timestamp without time zone)
                           Rows Removed by Filter: 84357
 Planning Time: 0.450 ms
 Execution Time: 7947.404 ms
(17 rows)

execute /home/pei/benchmarks/tpch-postgre/dbgen/out/skinner_explained/10.sql_explained.sql
SET
                                                                                      QUERY PLAN                                                                                      
--------------------------------------------------------------------------------------------------------------------------------------------------------------------------------------
 Sort  (cost=640136.45..640565.89 rows=171775 width=280) (actual time=2239.495..2340.769 rows=114218 loops=1)
   Sort Key: (sum((lineitem.l_extendedprice * ('1'::numeric - lineitem.l_discount)))) DESC
   Sort Method: external merge  Disk: 21328kB
   ->  Finalize GroupAggregate  (cost=578134.48..602887.97 rows=171775 width=280) (actual time=1859.923..2126.279 rows=114218 loops=1)
         Group Key: customer.c_custkey, customer.c_name, customer.c_acctbal, customer.c_phone, nation.n_name, customer.c_address, customer.c_comment
         ->  Gather Merge  (cost=578134.48..597520.00 rows=143146 width=280) (actual time=1859.913..2034.242 rows=114218 loops=1)
               Workers Planned: 2
               Workers Launched: 2
               ->  Partial GroupAggregate  (cost=577134.46..579997.38 rows=71573 width=280) (actual time=1854.229..1976.814 rows=38073 loops=3)
                     Group Key: customer.c_custkey, customer.c_name, customer.c_acctbal, customer.c_phone, nation.n_name, customer.c_address, customer.c_comment
                     ->  Sort  (cost=577134.46..577313.39 rows=71573 width=260) (actual time=1854.208..1871.251 rows=114843 loops=3)
                           Sort Key: customer.c_custkey, customer.c_name, customer.c_acctbal, customer.c_phone, nation.n_name, customer.c_address, customer.c_comment
                           Sort Method: external merge  Disk: 22776kB
                           Worker 0:  Sort Method: external merge  Disk: 22040kB
                           Worker 1:  Sort Method: external merge  Disk: 21008kB
                           ->  Hash Join  (cost=546536.90..562553.62 rows=71573 width=260) (actual time=1623.741..1700.764 rows=114843 loops=3)
                                 Hash Cond: (customer.c_nationkey = nation.n_nationkey)
                                 ->  Parallel Hash Join  (cost=546523.07..561555.67 rows=71573 width=160) (actual time=1623.687..1680.387 rows=114843 loops=3)
                                       Hash Cond: (customer.c_custkey = orders.o_custkey)
                                       ->  Parallel Seq Scan on customer  (cost=0.00..12625.00 rows=187500 width=148) (actual time=0.013..22.585 rows=150000 loops=3)
                                       ->  Parallel Hash  (cost=545628.41..545628.41 rows=71573 width=16) (actual time=1563.568..1563.568 rows=114843 loops=3)
                                             Buckets: 65536 (originally 262144)  Batches: 8 (originally 1)  Memory Usage: 2848kB
                                             ->  Parallel Hash Join  (cost=107312.86..545628.41 rows=71573 width=16) (actual time=227.420..1517.940 rows=114843 loops=3)
                                                   Hash Cond: (lineitem.l_orderkey = orders.o_orderkey)
                                                   ->  Parallel Seq Scan on lineitem  (cost=0.00..431107.58 rows=1842599 width=16) (actual time=0.017..1058.326 rows=1481158 loops=3)
                                                         Filter: (l_returnflag = 'R'::bpchar)
                                                         Rows Removed by Filter: 4517712
                                                   ->  Parallel Hash  (cost=106402.49..106402.49 rows=72830 width=8) (actual time=226.858..226.858 rows=57338 loops=3)
                                                         Buckets: 262144  Batches: 1  Memory Usage: 8832kB
                                                         ->  Parallel Seq Scan on orders  (cost=0.00..106402.49 rows=72830 width=8) (actual time=0.020..209.182 rows=57338 loops=3)
                                                               Filter: ((o_orderdate >= '1993-10-01'::date) AND (o_orderdate < '1994-01-01 00:00:00'::timestamp without time zone))
                                                               Rows Removed by Filter: 1442662
                                 ->  Hash  (cost=11.70..11.70 rows=170 width=108) (actual time=0.021..0.021 rows=25 loops=3)
                                       Buckets: 1024  Batches: 1  Memory Usage: 10kB
                                       ->  Seq Scan on nation  (cost=0.00..11.70 rows=170 width=108) (actual time=0.009..0.011 rows=25 loops=3)
 Planning Time: 0.762 ms
 Execution Time: 2374.862 ms
(37 rows)

execute /home/pei/benchmarks/tpch-postgre/dbgen/out/skinner_explained/11.sql_explained.sql
SET
                                                                               QUERY PLAN                                                                               
------------------------------------------------------------------------------------------------------------------------------------------------------------------------
 Sort  (cost=139028.37..139040.00 rows=4650 width=36) (actual time=506.721..506.880 rows=2800 loops=1)
   Sort Key: (sum((partsupp.ps_supplycost * (partsupp.ps_availqty)::numeric))) DESC
   Sort Method: quicksort  Memory: 228kB
   InitPlan 1 (returns $1)
     ->  Finalize Aggregate  (cost=68274.54..68274.55 rows=1 width=32) (actual time=197.665..197.666 rows=1 loops=1)
           ->  Gather  (cost=68274.32..68274.53 rows=2 width=32) (actual time=197.546..197.727 rows=3 loops=1)
                 Workers Planned: 2
                 Workers Launched: 2
                 ->  Partial Aggregate  (cost=67274.32..67274.33 rows=1 width=32) (actual time=195.252..195.252 rows=1 loops=3)
                       ->  Hash Join  (cost=1093.60..67230.73 rows=5812 width=10) (actual time=7.058..186.179 rows=31893 loops=3)
                             Hash Cond: (partsupp_1.ps_suppkey = supplier_1.s_suppkey)
                             ->  Parallel Seq Scan on partsupp partsupp_1  (cost=0.00..62328.30 rows=1000230 width=14) (actual time=0.011..103.388 rows=800000 loops=3)
                             ->  Hash  (cost=1091.40..1091.40 rows=176 width=4) (actual time=6.944..6.944 rows=1196 loops=3)
                                   Buckets: 2048 (originally 1024)  Batches: 1 (originally 1)  Memory Usage: 59kB
                                   ->  Hash Join  (cost=12.14..1091.40 rows=176 width=4) (actual time=0.049..6.758 rows=1196 loops=3)
                                         Hash Cond: (supplier_1.s_nationkey = nation_1.n_nationkey)
                                         ->  Seq Scan on supplier supplier_1  (cost=0.00..965.00 rows=30000 width=8) (actual time=0.009..4.032 rows=30000 loops=3)
                                         ->  Hash  (cost=12.12..12.12 rows=1 width=4) (actual time=0.021..0.022 rows=1 loops=3)
                                               Buckets: 1024  Batches: 1  Memory Usage: 9kB
                                               ->  Seq Scan on nation nation_1  (cost=0.00..12.12 rows=1 width=4) (actual time=0.014..0.016 rows=1 loops=3)
                                                     Filter: (n_name = 'GERMANY'::bpchar)
                                                     Rows Removed by Filter: 24
   ->  Finalize GroupAggregate  (cost=68594.14..70470.56 rows=4650 width=36) (actual time=394.605..505.401 rows=2800 loops=1)
         Group Key: partsupp.ps_partkey
         Filter: (sum((partsupp.ps_supplycost * (partsupp.ps_availqty)::numeric)) > $1)
         Rows Removed by Filter: 87241
         ->  Gather Merge  (cost=68594.14..70081.14 rows=11624 width=36) (actual time=196.862..240.308 rows=90229 loops=1)
               Workers Planned: 2
               Workers Launched: 2
               ->  Partial GroupAggregate  (cost=67594.12..67739.42 rows=5812 width=36) (actual time=194.457..222.791 rows=30076 loops=3)
                     Group Key: partsupp.ps_partkey
                     ->  Sort  (cost=67594.12..67608.65 rows=5812 width=14) (actual time=194.440..195.913 rows=31893 loops=3)
                           Sort Key: partsupp.ps_partkey
                           Sort Method: quicksort  Memory: 2280kB
                           Worker 0:  Sort Method: quicksort  Memory: 2218kB
                           Worker 1:  Sort Method: quicksort  Memory: 2293kB
                           ->  Hash Join  (cost=1093.60..67230.73 rows=5812 width=14) (actual time=7.645..186.518 rows=31893 loops=3)
                                 Hash Cond: (partsupp.ps_suppkey = supplier.s_suppkey)
                                 ->  Parallel Seq Scan on partsupp  (cost=0.00..62328.30 rows=1000230 width=18) (actual time=0.015..102.811 rows=800000 loops=3)
                                 ->  Hash  (cost=1091.40..1091.40 rows=176 width=4) (actual time=7.598..7.598 rows=1196 loops=3)
                                       Buckets: 2048 (originally 1024)  Batches: 1 (originally 1)  Memory Usage: 59kB
                                       ->  Hash Join  (cost=12.14..1091.40 rows=176 width=4) (actual time=0.052..7.411 rows=1196 loops=3)
                                             Hash Cond: (supplier.s_nationkey = nation.n_nationkey)
                                             ->  Seq Scan on supplier  (cost=0.00..965.00 rows=30000 width=8) (actual time=0.011..4.598 rows=30000 loops=3)
                                             ->  Hash  (cost=12.12..12.12 rows=1 width=4) (actual time=0.021..0.021 rows=1 loops=3)
                                                   Buckets: 1024  Batches: 1  Memory Usage: 9kB
                                                   ->  Seq Scan on nation  (cost=0.00..12.12 rows=1 width=4) (actual time=0.014..0.017 rows=1 loops=3)
                                                         Filter: (n_name = 'GERMANY'::bpchar)
                                                         Rows Removed by Filter: 24
 Planning Time: 0.573 ms
 Execution Time: 507.470 ms
(51 rows)

execute /home/pei/benchmarks/tpch-postgre/dbgen/out/skinner_explained/12.sql_explained.sql
SET
                                                                                                                                  QUERY PLAN                                                                                                                                  
------------------------------------------------------------------------------------------------------------------------------------------------------------------------------------------------------------------------------------------------------------------------------
 Finalize GroupAggregate  (cost=652946.17..653669.71 rows=7 width=27) (actual time=2331.073..2331.076 rows=2 loops=1)
   Group Key: lineitem.l_shipmode
   ->  Gather Merge  (cost=652946.17..653669.53 rows=14 width=27) (actual time=2326.629..2383.274 rows=6 loops=1)
         Workers Planned: 2
         Workers Launched: 2
         ->  Partial GroupAggregate  (cost=651946.14..652667.89 rows=7 width=27) (actual time=2324.339..2328.751 rows=2 loops=3)
               Group Key: lineitem.l_shipmode
               ->  Sort  (cost=651946.14..652036.35 rows=36084 width=27) (actual time=2319.963..2321.318 rows=31048 loops=3)
                     Sort Key: lineitem.l_shipmode
                     Sort Method: quicksort  Memory: 3172kB
                     Worker 0:  Sort Method: quicksort  Memory: 3220kB
                     Worker 1:  Sort Method: quicksort  Memory: 3191kB
                     ->  Parallel Hash Join  (cost=131451.73..649214.75 rows=36084 width=27) (actual time=2100.253..2312.520 rows=31048 loops=3)
                           Hash Cond: (lineitem.l_orderkey = orders.o_orderkey)
                           ->  Parallel Seq Scan on lineitem  (cost=0.00..506091.25 rows=36084 width=15) (actual time=0.080..1579.809 rows=31048 loops=3)
                                 Filter: ((l_shipmode = ANY ('{MAIL,SHIP}'::bpchar[])) AND (l_commitdate < l_receiptdate) AND (l_shipdate < l_commitdate) AND (l_receiptdate >= '1994-01-01'::date) AND (l_receiptdate < '1995-01-01 00:00:00'::timestamp without time zone))
                                 Rows Removed by Filter: 5967822
                           ->  Parallel Hash  (cost=97027.66..97027.66 rows=1874966 width=20) (actual time=499.150..499.150 rows=1500000 loops=3)
                                 Buckets: 65536  Batches: 128  Memory Usage: 2496kB
                                 ->  Parallel Seq Scan on orders  (cost=0.00..97027.66 rows=1874966 width=20) (actual time=0.017..231.145 rows=1500000 loops=3)
 Planning Time: 0.402 ms
 Execution Time: 2383.516 ms
(22 rows)

execute /home/pei/benchmarks/tpch-postgre/dbgen/out/skinner_explained/14.sql_explained.sql
SET
                                                                     QUERY PLAN                                                                      
-----------------------------------------------------------------------------------------------------------------------------------------------------
 Finalize Aggregate  (cost=475439.00..475439.01 rows=1 width=32) (actual time=1170.027..1170.027 rows=1 loops=1)
   ->  Gather  (cost=475438.76..475438.97 rows=2 width=64) (actual time=1168.333..1181.130 rows=3 loops=1)
         Workers Planned: 2
         Workers Launched: 2
         ->  Partial Aggregate  (cost=474438.76..474438.77 rows=1 width=64) (actual time=1165.941..1165.941 rows=1 loops=3)
               ->  Parallel Hash Join  (cost=19623.00..472821.23 rows=92430 width=33) (actual time=1088.400..1133.434 rows=74879 loops=3)
                     Hash Cond: (lineitem.l_partkey = part.p_partkey)
                     ->  Parallel Seq Scan on lineitem  (cost=0.00..449853.50 rows=92430 width=16) (actual time=0.812..983.137 rows=74879 loops=3)
                           Filter: ((l_shipdate >= '1995-09-01'::date) AND (l_shipdate < '1995-10-01 00:00:00'::timestamp without time zone))
                           Rows Removed by Filter: 5923991
                     ->  Parallel Hash  (cost=14789.00..14789.00 rows=250000 width=25) (actual time=80.206..80.206 rows=200000 loops=3)
                           Buckets: 65536  Batches: 16  Memory Usage: 2816kB
                           ->  Parallel Seq Scan on part  (cost=0.00..14789.00 rows=250000 width=25) (actual time=0.024..36.672 rows=200000 loops=3)
 Planning Time: 0.428 ms
 Execution Time: 1181.280 ms
(15 rows)

execute /home/pei/benchmarks/tpch-postgre/dbgen/out/skinner_explained/16.sql_explained.sql
SET
                                                                                         QUERY PLAN                                                                                          
---------------------------------------------------------------------------------------------------------------------------------------------------------------------------------------------
 Sort  (cost=132502.10..132621.76 rows=47864 width=44) (actual time=1209.862..1211.326 rows=26798 loops=1)
   Sort Key: (count(DISTINCT partsupp.ps_suppkey)) DESC, part.p_brand, part.p_type, part.p_size
   Sort Method: quicksort  Memory: 2885kB
   ->  GroupAggregate  (cost=126086.82..128781.48 rows=47864 width=44) (actual time=917.965..1167.678 rows=26798 loops=1)
         Group Key: part.p_brand, part.p_type, part.p_size
         ->  Sort  (cost=126086.82..126530.03 rows=177281 width=40) (actual time=917.931..1063.528 rows=355733 loops=1)
               Sort Key: part.p_brand, part.p_type, part.p_size
               Sort Method: external merge  Disk: 18168kB
               ->  Gather  (cost=21040.57..105780.75 rows=177281 width=40) (actual time=84.013..393.414 rows=355733 loops=1)
                     Workers Planned: 2
                     Workers Launched: 2
                     ->  Parallel Hash Join  (cost=20040.57..87052.65 rows=73867 width=40) (actual time=81.742..359.308 rows=118578 loops=3)
                           Hash Cond: (partsupp.ps_partkey = part.p_partkey)
                           ->  Parallel Seq Scan on partsupp  (cost=1040.01..65868.88 rows=500115 width=8) (actual time=10.055..187.816 rows=799600 loops=3)
                                 Filter: (NOT (hashed SubPlan 1))
                                 Rows Removed by Filter: 400
                                 SubPlan 1
                                   ->  Seq Scan on supplier  (cost=0.00..1040.00 rows=3 width=4) (actual time=0.112..10.020 rows=15 loops=3)
                                         Filter: ((s_comment)::text ~~ '%Customer%Complaints%'::text)
                                         Rows Removed by Filter: 29985
                           ->  Parallel Hash  (cost=18539.00..18539.00 rows=36925 width=40) (actual time=71.236..71.236 rows=29658 loops=3)
                                 Buckets: 131072  Batches: 1  Memory Usage: 7680kB
                                 ->  Parallel Seq Scan on part  (cost=0.00..18539.00 rows=36925 width=40) (actual time=0.036..57.842 rows=29658 loops=3)
                                       Filter: ((p_brand <> 'Brand#45'::bpchar) AND ((p_type)::text !~~ 'MEDIUM POLISHED%'::text) AND (p_size = ANY ('{49,14,23,45,19,3,36,9}'::integer[])))
                                       Rows Removed by Filter: 170342
 Planning Time: 0.656 ms
 Execution Time: 1216.832 ms
(27 rows)

execute /home/pei/benchmarks/tpch-postgre/dbgen/out/skinner_explained/17.sql_explained.sql
SET
psql:/home/pei/benchmarks/tpch-postgre/dbgen/out/skinner_explained/17.sql_explained.sql:25: ERROR:  canceling statement due to statement timeout
execute /home/pei/benchmarks/tpch-postgre/dbgen/out/skinner_explained/18.sql_explained.sql
SET
                                                                                                QUERY PLAN                                                                                                 
-----------------------------------------------------------------------------------------------------------------------------------------------------------------------------------------------------------
 GroupAggregate  (cost=2755537.93..2771989.78 rows=548395 width=71) (actual time=17664.171..17664.765 rows=179 loops=1)
   Group Key: orders.o_totalprice, orders.o_orderdate, customer.c_name, customer.c_custkey, orders.o_orderkey
   ->  Sort  (cost=2755537.93..2756908.92 rows=548395 width=44) (actual time=17664.152..17664.205 rows=1253 loops=1)
         Sort Key: orders.o_totalprice DESC, orders.o_orderdate, customer.c_name, customer.c_custkey, orders.o_orderkey
         Sort Method: quicksort  Memory: 146kB
         ->  Hash Join  (cost=1919134.52..2686392.57 rows=548395 width=44) (actual time=11950.194..17662.853 rows=1253 loops=1)
               Hash Cond: (lineitem.l_orderkey = orders.o_orderkey)
               ->  Seq Scan on lineitem  (cost=0.00..517338.80 rows=17996080 width=9) (actual time=0.020..2315.982 rows=17996609 loops=1)
               ->  Hash  (cost=1916214.45..1916214.45 rows=137126 width=43) (actual time=11751.794..11751.794 rows=179 loops=1)
                     Buckets: 65536  Batches: 4  Memory Usage: 516kB
                     ->  Hash Join  (cost=1721724.49..1916214.45 rows=137126 width=43) (actual time=10133.125..11751.669 rows=179 loops=1)
                           Hash Cond: (orders.o_custkey = customer.c_custkey)
                           ->  Hash Join  (cost=1698212.49..1886571.97 rows=137126 width=24) (actual time=9927.427..11568.432 rows=179 loops=1)
                                 Hash Cond: (orders.o_orderkey = lineitem_1.l_orderkey)
                                 ->  Seq Scan on orders  (cost=0.00..123277.18 rows=4499918 width=20) (actual time=0.013..607.189 rows=4500000 loops=1)
                                 ->  Hash  (cost=1695962.42..1695962.42 rows=137126 width=4) (actual time=9924.865..9924.865 rows=179 loops=1)
                                       Buckets: 131072  Batches: 2  Memory Usage: 1027kB
                                       ->  Finalize GroupAggregate  (cost=1525903.65..1694591.16 rows=137126 width=4) (actual time=3449.133..9924.727 rows=179 loops=1)
                                             Group Key: lineitem_1.l_orderkey
                                             Filter: (sum(lineitem_1.l_quantity) > '300'::numeric)
                                             Rows Removed by Filter: 4499821
                                             ->  Gather Merge  (cost=1525903.65..1682249.85 rows=822754 width=36) (actual time=3447.749..6788.530 rows=4709547 loops=1)
                                                   Workers Planned: 2
                                                   Workers Launched: 2
                                                   ->  Partial GroupAggregate  (cost=1524903.63..1586283.60 rows=411377 width=36) (actual time=3409.305..5662.838 rows=1569849 loops=3)
                                                         Group Key: lineitem_1.l_orderkey
                                                         ->  Sort  (cost=1524903.63..1543649.55 rows=7498367 width=9) (actual time=3409.283..3974.276 rows=5998870 loops=3)
                                                               Sort Key: lineitem_1.l_orderkey
                                                               Sort Method: external merge  Disk: 113688kB
                                                               Worker 0:  Sort Method: external merge  Disk: 108104kB
                                                               Worker 1:  Sort Method: external merge  Disk: 113048kB
                                                               ->  Parallel Seq Scan on lineitem lineitem_1  (cost=0.00..412361.67 rows=7498367 width=9) (actual time=0.026..862.276 rows=5998870 loops=3)
                           ->  Hash  (cost=15250.00..15250.00 rows=450000 width=23) (actual time=158.308..158.308 rows=450000 loops=1)
                                 Buckets: 65536  Batches: 8  Memory Usage: 3597kB
                                 ->  Seq Scan on customer  (cost=0.00..15250.00 rows=450000 width=23) (actual time=0.016..65.312 rows=450000 loops=1)
 Planning Time: 0.698 ms
 Execution Time: 17683.857 ms
(37 rows)

execute /home/pei/benchmarks/tpch-postgre/dbgen/out/skinner_explained/19.sql_explained.sql
SET
                                                                                                                                                                                                                                                                                                                                                                           QUERY PLAN                                                                                                                                                                                                                                                                                                                                                                           
----------------------------------------------------------------------------------------------------------------------------------------------------------------------------------------------------------------------------------------------------------------------------------------------------------------------------------------------------------------------------------------------------------------------------------------------------------------------------------------------------------------------------------------------------------------------------------------------------------------------------------------------------------------------------------------------------------------------------------------------------------------
 Finalize Aggregate  (cost=586793.64..586793.65 rows=1 width=32) (actual time=1685.606..1685.606 rows=1 loops=1)
   ->  Gather  (cost=586793.42..586793.63 rows=2 width=32) (actual time=1685.468..1689.479 rows=3 loops=1)
         Workers Planned: 2
         Workers Launched: 2
         ->  Partial Aggregate  (cost=585793.42..585793.43 rows=1 width=32) (actual time=1683.078..1683.078 rows=1 loops=3)
               ->  Parallel Hash Join  (cost=22921.53..585792.34 rows=143 width=12) (actual time=99.375..1682.960 rows=121 loops=3)
                     Hash Cond: (lineitem.l_partkey = part.p_partkey)
                     Join Filter: (((part.p_brand = 'Brand#12'::bpchar) AND (part.p_container = ANY ('{"SM CASE","SM BOX","SM PACK","SM PKG"}'::bpchar[])) AND (lineitem.l_quantity >= '1'::numeric) AND (lineitem.l_quantity <= '11'::numeric) AND (part.p_size <= 5)) OR ((part.p_brand = 'Brand#23'::bpchar) AND (part.p_container = ANY ('{"MED BAG","MED BOX","MED PKG","MED PACK"}'::bpchar[])) AND (lineitem.l_quantity >= '10'::numeric) AND (lineitem.l_quantity <= '20'::numeric) AND (part.p_size <= 10)) OR ((part.p_brand = 'Brand#34'::bpchar) AND (part.p_container = ANY ('{"LG CASE","LG BOX","LG PACK","LG PKG"}'::bpchar[])) AND (lineitem.l_quantity >= '20'::numeric) AND (lineitem.l_quantity <= '30'::numeric) AND (part.p_size <= 15)))
                     Rows Removed by Join Filter: 188
                     ->  Parallel Seq Scan on lineitem  (cost=0.00..562329.00 rows=142388 width=21) (actual time=0.027..1608.794 rows=128767 loops=3)
                           Filter: ((l_shipmode = ANY ('{AIR,"AIR REG"}'::bpchar[])) AND (l_shipinstruct = 'DELIVER IN PERSON'::bpchar) AND (((l_quantity >= '1'::numeric) AND (l_quantity <= '11'::numeric)) OR ((l_quantity >= '10'::numeric) AND (l_quantity <= '20'::numeric)) OR ((l_quantity >= '20'::numeric) AND (l_quantity <= '30'::numeric))))
                           Rows Removed by Filter: 5870103
                     ->  Parallel Hash  (cost=22914.00..22914.00 rows=602 width=30) (actual time=55.397..55.398 rows=489 loops=3)
                           Buckets: 2048  Batches: 1  Memory Usage: 112kB
                           ->  Parallel Seq Scan on part  (cost=0.00..22914.00 rows=602 width=30) (actual time=0.076..55.123 rows=489 loops=3)
                                 Filter: ((p_size >= 1) AND (((p_brand = 'Brand#12'::bpchar) AND (p_container = ANY ('{"SM CASE","SM BOX","SM PACK","SM PKG"}'::bpchar[])) AND (p_size <= 5)) OR ((p_brand = 'Brand#23'::bpchar) AND (p_container = ANY ('{"MED BAG","MED BOX","MED PKG","MED PACK"}'::bpchar[])) AND (p_size <= 10)) OR ((p_brand = 'Brand#34'::bpchar) AND (p_container = ANY ('{"LG CASE","LG BOX","LG PACK","LG PKG"}'::bpchar[])) AND (p_size <= 15))))
                                 Rows Removed by Filter: 199511
 Planning Time: 0.672 ms
 Execution Time: 1689.603 ms
(19 rows)

execute /home/pei/benchmarks/tpch-postgre/dbgen/out/skinner_explained/2.sql_explained.sql
SET
psql:/home/pei/benchmarks/tpch-postgre/dbgen/out/skinner_explained/2.sql_explained.sql:51: ERROR:  canceling statement due to statement timeout
execute /home/pei/benchmarks/tpch-postgre/dbgen/out/skinner_explained/20.sql_explained.sql
SET
psql:/home/pei/benchmarks/tpch-postgre/dbgen/out/skinner_explained/20.sql_explained.sql:45: ERROR:  canceling statement due to statement timeout
execute /home/pei/benchmarks/tpch-postgre/dbgen/out/skinner_explained/21.sql_explained.sql
SET
psql:/home/pei/benchmarks/tpch-postgre/dbgen/out/skinner_explained/21.sql_explained.sql:47: ERROR:  canceling statement due to statement timeout
execute /home/pei/benchmarks/tpch-postgre/dbgen/out/skinner_explained/3.sql_explained.sql
SET
                                                                                  QUERY PLAN                                                                                  
------------------------------------------------------------------------------------------------------------------------------------------------------------------------------
 Sort  (cost=946756.28..949214.68 rows=983362 width=44) (actual time=2579.596..2582.808 rows=34207 loops=1)
   Sort Key: (sum((lineitem.l_extendedprice * ('1'::numeric - lineitem.l_discount)))) DESC, orders.o_orderdate
   Sort Method: quicksort  Memory: 3618kB
   ->  Finalize GroupAggregate  (cost=658960.22..788374.56 rows=983362 width=44) (actual time=2505.611..2561.381 rows=34207 loops=1)
         Group Key: lineitem.l_orderkey, orders.o_orderdate, orders.o_shippriority
         ->  Gather Merge  (cost=658960.22..765839.18 rows=819468 width=44) (actual time=2505.602..2606.657 rows=34393 loops=1)
               Workers Planned: 2
               Workers Launched: 2
               ->  Partial GroupAggregate  (cost=657960.20..670252.22 rows=409734 width=44) (actual time=2503.096..2525.579 rows=11464 loops=3)
                     Group Key: lineitem.l_orderkey, orders.o_orderdate, orders.o_shippriority
                     ->  Sort  (cost=657960.20..658984.53 rows=409734 width=24) (actual time=2503.075..2504.426 rows=30009 loops=3)
                           Sort Key: lineitem.l_orderkey, orders.o_orderdate, orders.o_shippriority
                           Sort Method: quicksort  Memory: 3149kB
                           Worker 0:  Sort Method: quicksort  Memory: 3085kB
                           Worker 1:  Sort Method: quicksort  Memory: 3105kB
                           ->  Parallel Hash Join  (cost=122810.80..611360.62 rows=409734 width=24) (actual time=2189.423..2490.568 rows=30009 loops=3)
                                 Hash Cond: (lineitem.l_orderkey = orders.o_orderkey)
                                 ->  Parallel Seq Scan on lineitem  (cost=0.00..431107.58 rows=4055202 width=16) (actual time=0.018..1093.891 rows=3233939 loops=3)
                                       Filter: (l_shipdate > '1995-03-15'::date)
                                       Rows Removed by Filter: 2764930
                                 ->  Parallel Hash  (cost=119516.74..119516.74 rows=189445 width=12) (actual time=421.640..421.640 rows=146891 loops=3)
                                       Buckets: 131072  Batches: 8  Memory Usage: 3680kB
                                       ->  Parallel Hash Join  (cost=13578.67..119516.74 rows=189445 width=12) (actual time=38.843..392.644 rows=146891 loops=3)
                                             Hash Cond: (orders.o_custkey = customer.c_custkey)
                                             ->  Parallel Seq Scan on orders  (cost=0.00..101715.07 rows=915635 width=16) (actual time=0.123..216.798 rows=728721 loops=3)
                                                   Filter: (o_orderdate < '1995-03-15'::date)
                                                   Rows Removed by Filter: 771279
                                             ->  Parallel Hash  (cost=13093.75..13093.75 rows=38794 width=4) (actual time=38.452..38.453 rows=30119 loops=3)
                                                   Buckets: 131072  Batches: 1  Memory Usage: 4608kB
                                                   ->  Parallel Seq Scan on customer  (cost=0.00..13093.75 rows=38794 width=4) (actual time=0.036..30.320 rows=30119 loops=3)
                                                         Filter: (c_mktsegment = 'BUILDING'::bpchar)
                                                         Rows Removed by Filter: 119881
 Planning Time: 0.535 ms
 Execution Time: 2656.661 ms
(34 rows)

execute /home/pei/benchmarks/tpch-postgre/dbgen/out/skinner_explained/4.sql_explained.sql
SET
                                                                            QUERY PLAN                                                                             
-------------------------------------------------------------------------------------------------------------------------------------------------------------------
 Finalize GroupAggregate  (cost=590820.64..590871.54 rows=5 width=24) (actual time=2190.804..2196.844 rows=5 loops=1)
   Group Key: orders.o_orderpriority
   ->  Gather Merge  (cost=590820.64..590871.44 rows=10 width=24) (actual time=2189.265..2273.565 rows=15 loops=1)
         Workers Planned: 2
         Workers Launched: 2
         ->  Partial GroupAggregate  (cost=589820.61..589870.26 rows=5 width=24) (actual time=2186.036..2192.035 rows=5 loops=3)
               Group Key: orders.o_orderpriority
               ->  Sort  (cost=589820.61..589837.14 rows=6613 width=16) (actual time=2184.533..2186.962 rows=52805 loops=3)
                     Sort Key: orders.o_orderpriority
                     Sort Method: quicksort  Memory: 3851kB
                     Worker 0:  Sort Method: quicksort  Memory: 3852kB
                     Worker 1:  Sort Method: quicksort  Memory: 3820kB
                     ->  Parallel Hash Semi Join  (cost=472114.77..589400.98 rows=6613 width=16) (actual time=1909.901..2172.453 rows=52805 loops=3)
                           Hash Cond: (orders.o_orderkey = lineitem.l_orderkey)
                           ->  Parallel Seq Scan on orders  (cost=0.00..106402.49 rows=72338 width=20) (actual time=0.029..209.858 rows=57571 loops=3)
                                 Filter: ((o_orderdate >= '1993-07-01'::date) AND (o_orderdate < '1993-10-01 00:00:00'::timestamp without time zone))
                                 Rows Removed by Filter: 1442429
                           ->  Parallel Hash  (cost=431107.58..431107.58 rows=2499455 width=4) (actual time=1672.920..1672.920 rows=3792542 loops=3)
                                 Buckets: 131072  Batches: 128  Memory Usage: 4608kB
                                 ->  Parallel Seq Scan on lineitem  (cost=0.00..431107.58 rows=2499455 width=4) (actual time=0.019..1177.983 rows=3792542 loops=3)
                                       Filter: (l_commitdate < l_receiptdate)
                                       Rows Removed by Filter: 2206328
 Planning Time: 0.402 ms
 Execution Time: 2274.631 ms
(24 rows)

execute /home/pei/benchmarks/tpch-postgre/dbgen/out/skinner_explained/5.sql_explained.sql
SET
                                                                                         QUERY PLAN                                                                                         
--------------------------------------------------------------------------------------------------------------------------------------------------------------------------------------------
 Sort  (cost=563930.40..563930.83 rows=170 width=136) (actual time=1794.801..1794.801 rows=5 loops=1)
   Sort Key: (sum((lineitem.l_extendedprice * ('1'::numeric - lineitem.l_discount)))) DESC
   Sort Method: quicksort  Memory: 25kB
   ->  Finalize GroupAggregate  (cost=563874.71..563924.11 rows=170 width=136) (actual time=1792.063..1794.783 rows=5 loops=1)
         Group Key: nation.n_name
         ->  Gather Merge  (cost=563874.71..563919.43 rows=340 width=136) (actual time=1791.347..1798.786 rows=15 loops=1)
               Workers Planned: 2
               Workers Launched: 2
               ->  Partial GroupAggregate  (cost=562874.69..562880.16 rows=170 width=136) (actual time=1788.543..1791.239 rows=5 loops=3)
                     Group Key: nation.n_name
                     ->  Sort  (cost=562874.69..562875.36 rows=268 width=116) (actual time=1787.849..1788.179 rows=7343 loops=3)
                           Sort Key: nation.n_name
                           Sort Method: quicksort  Memory: 775kB
                           Worker 0:  Sort Method: quicksort  Memory: 752kB
                           Worker 1:  Sort Method: quicksort  Memory: 772kB
                           ->  Hash Join  (cost=122301.72..562863.88 rows=268 width=116) (actual time=364.658..1783.583 rows=7343 loops=3)
                                 Hash Cond: ((lineitem.l_suppkey = supplier.s_suppkey) AND (customer.c_nationkey = supplier.s_nationkey))
                                 ->  Parallel Hash Join  (cost=120886.72..561395.45 rows=6766 width=128) (actual time=354.015..1730.284 rows=183378 loops=3)
                                       Hash Cond: (lineitem.l_orderkey = orders.o_orderkey)
                                       ->  Parallel Seq Scan on lineitem  (cost=0.00..412361.67 rows=7498367 width=20) (actual time=0.012..721.706 rows=5998870 loops=3)
                                       ->  Parallel Hash  (cost=120865.57..120865.57 rows=1692 width=116) (actual time=353.820..353.820 rows=45716 loops=3)
                                             Buckets: 262144 (originally 4096)  Batches: 1 (originally 1)  Memory Usage: 13760kB
                                             ->  Parallel Hash Join  (cost=13377.44..120865.57 rows=1692 width=116) (actual time=53.942..325.021 rows=45716 loops=3)
                                                   Hash Cond: (orders.o_custkey = customer.c_custkey)
                                                   ->  Parallel Seq Scan on orders  (cost=0.00..106402.49 rows=287625 width=8) (actual time=0.021..216.074 rows=227810 loops=3)
                                                         Filter: ((o_orderdate >= '1994-01-01'::date) AND (o_orderdate < '1995-01-01 00:00:00'::timestamp without time zone))
                                                         Rows Removed by Filter: 1272190
                                                   ->  Parallel Hash  (cost=13363.65..13363.65 rows=1103 width=116) (actual time=53.883..53.883 rows=30145 loops=3)
                                                         Buckets: 131072 (originally 4096)  Batches: 1 (originally 1)  Memory Usage: 8416kB
                                                         ->  Hash Join  (cost=24.50..13363.65 rows=1103 width=116) (actual time=0.097..39.376 rows=30145 loops=3)
                                                               Hash Cond: (customer.c_nationkey = nation.n_nationkey)
                                                               ->  Parallel Seq Scan on customer  (cost=0.00..12625.00 rows=187500 width=8) (actual time=0.031..22.464 rows=150000 loops=3)
                                                               ->  Hash  (cost=24.48..24.48 rows=1 width=108) (actual time=0.050..0.050 rows=5 loops=3)
                                                                     Buckets: 1024  Batches: 1  Memory Usage: 9kB
                                                                     ->  Hash Join  (cost=12.14..24.48 rows=1 width=108) (actual time=0.041..0.045 rows=5 loops=3)
                                                                           Hash Cond: (nation.n_regionkey = region.r_regionkey)
                                                                           ->  Seq Scan on nation  (cost=0.00..11.70 rows=170 width=112) (actual time=0.008..0.010 rows=25 loops=3)
                                                                           ->  Hash  (cost=12.12..12.12 rows=1 width=4) (actual time=0.016..0.017 rows=1 loops=3)
                                                                                 Buckets: 1024  Batches: 1  Memory Usage: 9kB
                                                                                 ->  Seq Scan on region  (cost=0.00..12.12 rows=1 width=4) (actual time=0.013..0.014 rows=1 loops=3)
                                                                                       Filter: (r_name = 'ASIA'::bpchar)
                                                                                       Rows Removed by Filter: 4
                                 ->  Hash  (cost=965.00..965.00 rows=30000 width=8) (actual time=9.811..9.811 rows=30000 loops=3)
                                       Buckets: 32768  Batches: 1  Memory Usage: 1428kB
                                       ->  Seq Scan on supplier  (cost=0.00..965.00 rows=30000 width=8) (actual time=0.014..5.662 rows=30000 loops=3)
 Planning Time: 1.263 ms
 Execution Time: 1800.444 ms
(47 rows)

execute /home/pei/benchmarks/tpch-postgre/dbgen/out/skinner_explained/6.sql_explained.sql
SET
                                                                                                        QUERY PLAN                                                                                                         
---------------------------------------------------------------------------------------------------------------------------------------------------------------------------------------------------------------------------
 Finalize Aggregate  (cost=507814.90..507814.91 rows=1 width=32) (actual time=1149.777..1149.777 rows=1 loops=1)
   ->  Gather  (cost=507814.68..507814.89 rows=2 width=32) (actual time=1149.666..1152.564 rows=3 loops=1)
         Workers Planned: 2
         Workers Launched: 2
         ->  Partial Aggregate  (cost=506814.68..506814.69 rows=1 width=32) (actual time=1147.595..1147.596 rows=1 loops=3)
               ->  Parallel Seq Scan on lineitem  (cost=0.00..506091.25 rows=144685 width=12) (actual time=0.048..1112.187 rows=114155 loops=3)
                     Filter: ((l_shipdate >= '1994-01-01'::date) AND (l_shipdate < '1995-01-01 00:00:00'::timestamp without time zone) AND (l_discount >= 0.05) AND (l_discount <= 0.07) AND (l_quantity < '24'::numeric))
                     Rows Removed by Filter: 5884715
 Planning Time: 0.284 ms
 Execution Time: 1152.651 ms
(10 rows)

execute /home/pei/benchmarks/tpch-postgre/dbgen/out/skinner_explained/7.sql_explained.sql
SET
                                                                                      QUERY PLAN                                                                                       
---------------------------------------------------------------------------------------------------------------------------------------------------------------------------------------
 Finalize GroupAggregate  (cost=578493.76..578545.70 rows=375 width=248) (actual time=2271.016..2273.297 rows=4 loops=1)
   Group Key: n1.n_name, n2.n_name, (date_part('year'::text, (lineitem.l_shipdate)::timestamp without time zone))
   ->  Gather Merge  (cost=578493.76..578535.24 rows=312 width=248) (actual time=2270.232..2425.337 rows=12 loops=1)
         Workers Planned: 2
         Workers Launched: 2
         ->  Partial GroupAggregate  (cost=577493.74..577499.20 rows=156 width=248) (actual time=2267.432..2269.731 rows=4 loops=3)
               Group Key: n1.n_name, n2.n_name, (date_part('year'::text, (lineitem.l_shipdate)::timestamp without time zone))
               ->  Sort  (cost=577493.74..577494.13 rows=156 width=228) (actual time=2266.692..2266.954 rows=5777 loops=3)
                     Sort Key: n1.n_name, n2.n_name, (date_part('year'::text, (lineitem.l_shipdate)::timestamp without time zone))
                     Sort Method: quicksort  Memory: 1022kB
                     Worker 0:  Sort Method: quicksort  Memory: 1001kB
                     Worker 1:  Sort Method: quicksort  Memory: 991kB
                     ->  Hash Join  (cost=118914.77..577488.06 rows=156 width=228) (actual time=1854.633..2262.653 rows=5777 loops=3)
                           Hash Cond: (lineitem.l_suppkey = supplier.s_suppkey)
                           Join Filter: (((n1.n_name = 'FRANCE'::bpchar) AND (n2.n_name = 'GERMANY'::bpchar)) OR ((n1.n_name = 'GERMANY'::bpchar) AND (n2.n_name = 'FRANCE'::bpchar)))
                           Rows Removed by Join Filter: 5832
                           ->  Parallel Hash Join  (cost=117816.75..576283.02 rows=26672 width=124) (actual time=1846.387..2234.512 rows=147332 loops=3)
                                 Hash Cond: (lineitem.l_orderkey = orders.o_orderkey)
                                 ->  Parallel Seq Scan on lineitem  (cost=0.00..449853.50 rows=2267104 width=24) (actual time=0.014..1041.520 rows=1821396 loops=3)
                                       Filter: ((l_shipdate >= '1995-01-01'::date) AND (l_shipdate <= '1996-12-31'::date))
                                       Rows Removed by Filter: 4177474
                                 ->  Parallel Hash  (cost=117541.03..117541.03 rows=22058 width=108) (actual time=480.181..480.181 rows=121711 loops=3)
                                       Buckets: 65536 (originally 65536)  Batches: 8 (originally 1)  Memory Usage: 3424kB
                                       ->  Parallel Hash Join  (cost=13390.34..117541.03 rows=22058 width=108) (actual time=45.079..433.259 rows=121711 loops=3)
                                             Hash Cond: (orders.o_custkey = customer.c_custkey)
                                             ->  Parallel Seq Scan on orders  (cost=0.00..97027.66 rows=1874966 width=8) (actual time=0.017..177.789 rows=1500000 loops=3)
                                             ->  Parallel Hash  (cost=13362.76..13362.76 rows=2206 width=108) (actual time=45.021..45.021 rows=12073 loops=3)
                                                   Buckets: 65536 (originally 8192)  Batches: 1 (originally 1)  Memory Usage: 3296kB
                                                   ->  Hash Join  (cost=12.58..13362.76 rows=2206 width=108) (actual time=0.054..36.640 rows=12073 loops=3)
                                                         Hash Cond: (customer.c_nationkey = n2.n_nationkey)
                                                         ->  Parallel Seq Scan on customer  (cost=0.00..12625.00 rows=187500 width=8) (actual time=0.027..22.196 rows=150000 loops=3)
                                                         ->  Hash  (cost=12.55..12.55 rows=2 width=108) (actual time=0.011..0.012 rows=2 loops=3)
                                                               Buckets: 1024  Batches: 1  Memory Usage: 9kB
                                                               ->  Seq Scan on nation n2  (cost=0.00..12.55 rows=2 width=108) (actual time=0.005..0.008 rows=2 loops=3)
                                                                     Filter: ((n_name = 'GERMANY'::bpchar) OR (n_name = 'FRANCE'::bpchar))
                                                                     Rows Removed by Filter: 23
                           ->  Hash  (cost=1093.61..1093.61 rows=353 width=108) (actual time=8.069..8.069 rows=2361 loops=3)
                                 Buckets: 4096 (originally 1024)  Batches: 1 (originally 1)  Memory Usage: 175kB
                                 ->  Hash Join  (cost=12.58..1093.61 rows=353 width=108) (actual time=0.057..7.545 rows=2361 loops=3)
                                       Hash Cond: (supplier.s_nationkey = n1.n_nationkey)
                                       ->  Seq Scan on supplier  (cost=0.00..965.00 rows=30000 width=8) (actual time=0.012..4.548 rows=30000 loops=3)
                                       ->  Hash  (cost=12.55..12.55 rows=2 width=108) (actual time=0.022..0.022 rows=2 loops=3)
                                             Buckets: 1024  Batches: 1  Memory Usage: 9kB
                                             ->  Seq Scan on nation n1  (cost=0.00..12.55 rows=2 width=108) (actual time=0.012..0.016 rows=2 loops=3)
                                                   Filter: ((n_name = 'FRANCE'::bpchar) OR (n_name = 'GERMANY'::bpchar))
                                                   Rows Removed by Filter: 23
 Planning Time: 1.335 ms
 Execution Time: 2426.200 ms
(48 rows)

execute /home/pei/benchmarks/tpch-postgre/dbgen/out/skinner_explained/8.sql_explained.sql
SET
                                                                                            QUERY PLAN                                                                                            
--------------------------------------------------------------------------------------------------------------------------------------------------------------------------------------------------
 Finalize GroupAggregate  (cost=580334.29..580365.27 rows=210 width=40) (actual time=3499.694..3499.700 rows=2 loops=1)
   Group Key: (date_part('year'::text, (orders.o_orderdate)::timestamp without time zone))
   ->  Gather Merge  (cost=580334.29..580358.34 rows=176 width=72) (actual time=3498.991..4001.211 rows=6 loops=1)
         Workers Planned: 2
         Workers Launched: 2
         ->  Partial GroupAggregate  (cost=579334.27..579338.01 rows=88 width=72) (actual time=3496.305..3496.976 rows=2 loops=3)
               Group Key: (date_part('year'::text, (orders.o_orderdate)::timestamp without time zone))
               ->  Sort  (cost=579334.27..579334.49 rows=88 width=124) (actual time=3495.645..3495.756 rows=2548 loops=3)
                     Sort Key: (date_part('year'::text, (orders.o_orderdate)::timestamp without time zone))
                     Sort Method: quicksort  Memory: 295kB
                     Worker 0:  Sort Method: quicksort  Memory: 298kB
                     Worker 1:  Sort Method: quicksort  Memory: 293kB
                     ->  Hash Join  (cost=138742.45..579331.42 rows=88 width=124) (actual time=2284.772..3494.666 rows=2548 loops=3)
                           Hash Cond: (supplier.s_nationkey = n2.n_nationkey)
                           ->  Hash Join  (cost=138728.63..579315.95 rows=88 width=20) (actual time=2284.711..3493.603 rows=2548 loops=3)
                                 Hash Cond: (lineitem.l_suppkey = supplier.s_suppkey)
                                 ->  Parallel Hash Join  (cost=137388.63..577974.75 rows=88 width=20) (actual time=2275.049..3482.333 rows=2548 loops=3)
                                       Hash Cond: (lineitem.l_partkey = part.p_partkey)
                                       ->  Parallel Hash Join  (cost=121953.84..562489.75 rows=13290 width=24) (actual time=2241.866..3401.340 rows=361590 loops=3)
                                             Hash Cond: (lineitem.l_orderkey = orders.o_orderkey)
                                             ->  Parallel Seq Scan on lineitem  (cost=0.00..412361.67 rows=7498367 width=24) (actual time=0.012..745.064 rows=5998870 loops=3)
                                             ->  Parallel Hash  (cost=121912.30..121912.30 rows=3323 width=8) (actual time=407.326..407.326 rows=90399 loops=3)
                                                   Buckets: 65536 (originally 8192)  Batches: 8 (originally 1)  Memory Usage: 1920kB
                                                   ->  Parallel Hash Join  (cost=13377.44..121912.30 rows=3323 width=8) (actual time=51.274..362.395 rows=90399 loops=3)
                                                         Hash Cond: (orders.o_custkey = customer.c_custkey)
                                                         ->  Parallel Seq Scan on orders  (cost=0.00..106402.49 rows=564940 width=12) (actual time=0.016..221.196 rows=455395 loops=3)
                                                               Filter: ((o_orderdate >= '1995-01-01'::date) AND (o_orderdate <= '1996-12-31'::date))
                                                               Rows Removed by Filter: 1044605
                                                         ->  Parallel Hash  (cost=13363.65..13363.65 rows=1103 width=4) (actual time=51.216..51.216 rows=29900 loops=3)
                                                               Buckets: 131072 (originally 4096)  Batches: 1 (originally 1)  Memory Usage: 5600kB
                                                               ->  Hash Join  (cost=24.50..13363.65 rows=1103 width=4) (actual time=0.090..37.759 rows=29900 loops=3)
                                                                     Hash Cond: (customer.c_nationkey = n1.n_nationkey)
                                                                     ->  Parallel Seq Scan on customer  (cost=0.00..12625.00 rows=187500 width=8) (actual time=0.019..21.415 rows=150000 loops=3)
                                                                     ->  Hash  (cost=24.48..24.48 rows=1 width=4) (actual time=0.052..0.053 rows=5 loops=3)
                                                                           Buckets: 1024  Batches: 1  Memory Usage: 9kB
                                                                           ->  Hash Join  (cost=12.14..24.48 rows=1 width=4) (actual time=0.043..0.048 rows=5 loops=3)
                                                                                 Hash Cond: (n1.n_regionkey = region.r_regionkey)
                                                                                 ->  Seq Scan on nation n1  (cost=0.00..11.70 rows=170 width=8) (actual time=0.006..0.008 rows=25 loops=3)
                                                                                 ->  Hash  (cost=12.12..12.12 rows=1 width=4) (actual time=0.020..0.021 rows=1 loops=3)
                                                                                       Buckets: 1024  Batches: 1  Memory Usage: 9kB
                                                                                       ->  Seq Scan on region  (cost=0.00..12.12 rows=1 width=4) (actual time=0.017..0.017 rows=1 loops=3)
                                                                                             Filter: (r_name = 'AMERICA'::bpchar)
                                                                                             Rows Removed by Filter: 4
                                       ->  Parallel Hash  (cost=15414.00..15414.00 rows=1663 width=4) (actual time=32.760..32.760 rows=1396 loops=3)
                                             Buckets: 4096  Batches: 1  Memory Usage: 224kB
                                             ->  Parallel Seq Scan on part  (cost=0.00..15414.00 rows=1663 width=4) (actual time=0.095..32.301 rows=1396 loops=3)
                                                   Filter: ((p_type)::text = 'ECONOMY ANODIZED STEEL'::text)
                                                   Rows Removed by Filter: 198604
                                 ->  Hash  (cost=965.00..965.00 rows=30000 width=8) (actual time=9.504..9.504 rows=30000 loops=3)
                                       Buckets: 32768  Batches: 1  Memory Usage: 1428kB
                                       ->  Seq Scan on supplier  (cost=0.00..965.00 rows=30000 width=8) (actual time=0.010..5.593 rows=30000 loops=3)
                           ->  Hash  (cost=11.70..11.70 rows=170 width=108) (actual time=0.023..0.023 rows=25 loops=3)
                                 Buckets: 1024  Batches: 1  Memory Usage: 10kB
                                 ->  Seq Scan on nation n2  (cost=0.00..11.70 rows=170 width=108) (actual time=0.011..0.013 rows=25 loops=3)
 Planning Time: 1.334 ms
 Execution Time: 4001.529 ms
(56 rows)

execute /home/pei/benchmarks/tpch-postgre/dbgen/out/skinner_explained/9.sql_explained.sql
SET
                                                                                           QUERY PLAN                                                                                            
-------------------------------------------------------------------------------------------------------------------------------------------------------------------------------------------------
 Finalize GroupAggregate  (cost=649909.42..649919.35 rows=73 width=144) (actual time=3690.090..3988.206 rows=175 loops=1)
   Group Key: nation.n_name, (date_part('year'::text, (orders.o_orderdate)::timestamp without time zone))
   ->  Gather Merge  (cost=649909.42..649917.47 rows=60 width=144) (actual time=3688.308..4173.694 rows=525 loops=1)
         Workers Planned: 2
         Workers Launched: 2
         ->  Partial GroupAggregate  (cost=648909.39..648910.52 rows=30 width=144) (actual time=3684.547..3980.712 rows=175 loops=3)
               Group Key: nation.n_name, (date_part('year'::text, (orders.o_orderdate)::timestamp without time zone))
               ->  Sort  (cost=648909.39..648909.47 rows=30 width=135) (actual time=3683.456..3754.154 rows=326640 loops=3)
                     Sort Key: nation.n_name, (date_part('year'::text, (orders.o_orderdate)::timestamp without time zone)) DESC
                     Sort Method: external merge  Disk: 23896kB
                     Worker 0:  Sort Method: external merge  Disk: 24256kB
                     Worker 1:  Sort Method: external merge  Disk: 24256kB
                     ->  Hash Join  (cost=544849.18..648908.66 rows=30 width=135) (actual time=2939.404..3384.954 rows=326640 loops=3)
                           Hash Cond: (supplier.s_nationkey = nation.n_nationkey)
                           ->  Parallel Hash Join  (cost=544835.36..648894.27 rows=30 width=31) (actual time=2939.343..3295.337 rows=326640 loops=3)
                                 Hash Cond: (orders.o_orderkey = lineitem.l_orderkey)
                                 ->  Parallel Seq Scan on orders  (cost=0.00..97027.66 rows=1874966 width=8) (actual time=0.321..183.015 rows=1500000 loops=3)
                                 ->  Parallel Hash  (cost=544834.98..544834.98 rows=30 width=31) (actual time=2466.471..2466.471 rows=326640 loops=3)
                                       Buckets: 65536 (originally 1024)  Batches: 32 (originally 1)  Memory Usage: 2720kB
                                       ->  Hash Join  (cost=463460.41..544834.98 rows=30 width=31) (actual time=2067.465..2314.682 rows=326640 loops=3)
                                             Hash Cond: (lineitem.l_suppkey = supplier.s_suppkey)
                                             ->  Parallel Hash Join  (cost=462120.41..543494.56 rows=31 width=35) (actual time=2057.665..2238.242 rows=326640 loops=3)
                                                   Hash Cond: ((partsupp.ps_suppkey = lineitem.l_suppkey) AND (partsupp.ps_partkey = lineitem.l_partkey))
                                                   ->  Parallel Seq Scan on partsupp  (cost=0.00..62328.30 rows=1000230 width=14) (actual time=0.013..126.119 rows=800000 loops=3)
                                                   ->  Parallel Hash  (cost=456936.03..456936.03 rows=227225 width=33) (actual time=1797.599..1797.600 rows=326640 loops=3)
                                                         Buckets: 65536 (originally 65536)  Batches: 32 (originally 16)  Memory Usage: 2816kB
                                                         ->  Parallel Hash Join  (cost=15508.70..456936.03 rows=227225 width=33) (actual time=51.949..1656.258 rows=326640 loops=3)
                                                               Hash Cond: (lineitem.l_partkey = part.p_partkey)
                                                               ->  Parallel Seq Scan on lineitem  (cost=0.00..412361.67 rows=7498367 width=29) (actual time=0.017..728.755 rows=5998870 loops=3)
                                                               ->  Parallel Hash  (cost=15414.00..15414.00 rows=7576 width=4) (actual time=51.819..51.820 rows=10887 loops=3)
                                                                     Buckets: 32768  Batches: 1  Memory Usage: 1568kB
                                                                     ->  Parallel Seq Scan on part  (cost=0.00..15414.00 rows=7576 width=4) (actual time=0.027..48.615 rows=10887 loops=3)
                                                                           Filter: ((p_name)::text ~~ '%green%'::text)
                                                                           Rows Removed by Filter: 189113
                                             ->  Hash  (cost=965.00..965.00 rows=30000 width=8) (actual time=9.641..9.641 rows=30000 loops=3)
                                                   Buckets: 32768  Batches: 1  Memory Usage: 1428kB
                                                   ->  Seq Scan on supplier  (cost=0.00..965.00 rows=30000 width=8) (actual time=0.011..5.661 rows=30000 loops=3)
                           ->  Hash  (cost=11.70..11.70 rows=170 width=108) (actual time=0.023..0.023 rows=25 loops=3)
                                 Buckets: 1024  Batches: 1  Memory Usage: 10kB
                                 ->  Seq Scan on nation  (cost=0.00..11.70 rows=170 width=108) (actual time=0.011..0.014 rows=25 loops=3)
 Planning Time: 1.444 ms
 Execution Time: 4178.512 ms
(42 rows)

execute /home/pei/benchmarks/tpch-postgre/dbgen/out/skinner_explained/1.sql_explained.sql
SET
                                                                       QUERY PLAN                                                                       
--------------------------------------------------------------------------------------------------------------------------------------------------------
 Finalize GroupAggregate  (cost=727749.01..727751.08 rows=6 width=236) (actual time=7946.358..7946.405 rows=4 loops=1)
   Group Key: l_returnflag, l_linestatus
   ->  Gather Merge  (cost=727749.01..727750.41 rows=12 width=236) (actual time=7946.307..7949.239 rows=12 loops=1)
         Workers Planned: 2
         Workers Launched: 2
         ->  Sort  (cost=726748.99..726749.00 rows=6 width=236) (actual time=7943.905..7943.906 rows=4 loops=3)
               Sort Key: l_returnflag, l_linestatus
               Sort Method: quicksort  Memory: 27kB
               Worker 0:  Sort Method: quicksort  Memory: 27kB
               Worker 1:  Sort Method: quicksort  Memory: 27kB
               ->  Partial HashAggregate  (cost=726748.74..726748.91 rows=6 width=236) (actual time=7943.867..7943.876 rows=4 loops=3)
                     Group Key: l_returnflag, l_linestatus
                     ->  Parallel Seq Scan on lineitem  (cost=0.00..431107.58 rows=7391029 width=25) (actual time=0.031..1205.318 rows=5914512 loops=3)
                           Filter: (l_shipdate <= '1998-09-02 00:00:00'::timestamp without time zone)
                           Rows Removed by Filter: 84357
 Planning Time: 0.457 ms
 Execution Time: 7949.469 ms
(17 rows)

execute /home/pei/benchmarks/tpch-postgre/dbgen/out/skinner_explained/10.sql_explained.sql
SET
                                                                                      QUERY PLAN                                                                                      
--------------------------------------------------------------------------------------------------------------------------------------------------------------------------------------
 Sort  (cost=640136.45..640565.89 rows=171775 width=280) (actual time=2247.935..2349.881 rows=114218 loops=1)
   Sort Key: (sum((lineitem.l_extendedprice * ('1'::numeric - lineitem.l_discount)))) DESC
   Sort Method: external merge  Disk: 21328kB
   ->  Finalize GroupAggregate  (cost=578134.48..602887.97 rows=171775 width=280) (actual time=1869.726..2133.748 rows=114218 loops=1)
         Group Key: customer.c_custkey, customer.c_name, customer.c_acctbal, customer.c_phone, nation.n_name, customer.c_address, customer.c_comment
         ->  Gather Merge  (cost=578134.48..597520.00 rows=143146 width=280) (actual time=1869.710..2041.741 rows=114218 loops=1)
               Workers Planned: 2
               Workers Launched: 2
               ->  Partial GroupAggregate  (cost=577134.46..579997.38 rows=71573 width=280) (actual time=1863.759..1986.595 rows=38073 loops=3)
                     Group Key: customer.c_custkey, customer.c_name, customer.c_acctbal, customer.c_phone, nation.n_name, customer.c_address, customer.c_comment
                     ->  Sort  (cost=577134.46..577313.39 rows=71573 width=260) (actual time=1863.738..1880.955 rows=114843 loops=3)
                           Sort Key: customer.c_custkey, customer.c_name, customer.c_acctbal, customer.c_phone, nation.n_name, customer.c_address, customer.c_comment
                           Sort Method: external merge  Disk: 22240kB
                           Worker 0:  Sort Method: external merge  Disk: 22592kB
                           Worker 1:  Sort Method: external merge  Disk: 21008kB
                           ->  Hash Join  (cost=546536.90..562553.62 rows=71573 width=260) (actual time=1630.900..1708.519 rows=114843 loops=3)
                                 Hash Cond: (customer.c_nationkey = nation.n_nationkey)
                                 ->  Parallel Hash Join  (cost=546523.07..561555.67 rows=71573 width=160) (actual time=1630.842..1688.148 rows=114843 loops=3)
                                       Hash Cond: (customer.c_custkey = orders.o_custkey)
                                       ->  Parallel Seq Scan on customer  (cost=0.00..12625.00 rows=187500 width=148) (actual time=0.024..22.252 rows=150000 loops=3)
                                       ->  Parallel Hash  (cost=545628.41..545628.41 rows=71573 width=16) (actual time=1571.550..1571.550 rows=114843 loops=3)
                                             Buckets: 65536 (originally 262144)  Batches: 8 (originally 1)  Memory Usage: 2816kB
                                             ->  Parallel Hash Join  (cost=107312.86..545628.41 rows=71573 width=16) (actual time=229.459..1526.198 rows=114843 loops=3)
                                                   Hash Cond: (lineitem.l_orderkey = orders.o_orderkey)
                                                   ->  Parallel Seq Scan on lineitem  (cost=0.00..431107.58 rows=1842599 width=16) (actual time=0.015..1062.327 rows=1481158 loops=3)
                                                         Filter: (l_returnflag = 'R'::bpchar)
                                                         Rows Removed by Filter: 4517712
                                                   ->  Parallel Hash  (cost=106402.49..106402.49 rows=72830 width=8) (actual time=228.797..228.797 rows=57338 loops=3)
                                                         Buckets: 262144  Batches: 1  Memory Usage: 8832kB
                                                         ->  Parallel Seq Scan on orders  (cost=0.00..106402.49 rows=72830 width=8) (actual time=0.031..211.120 rows=57338 loops=3)
                                                               Filter: ((o_orderdate >= '1993-10-01'::date) AND (o_orderdate < '1994-01-01 00:00:00'::timestamp without time zone))
                                                               Rows Removed by Filter: 1442662
                                 ->  Hash  (cost=11.70..11.70 rows=170 width=108) (actual time=0.021..0.021 rows=25 loops=3)
                                       Buckets: 1024  Batches: 1  Memory Usage: 10kB
                                       ->  Seq Scan on nation  (cost=0.00..11.70 rows=170 width=108) (actual time=0.009..0.011 rows=25 loops=3)
 Planning Time: 0.784 ms
 Execution Time: 2383.033 ms
(37 rows)

execute /home/pei/benchmarks/tpch-postgre/dbgen/out/skinner_explained/11.sql_explained.sql
SET
                                                                               QUERY PLAN                                                                               
------------------------------------------------------------------------------------------------------------------------------------------------------------------------
 Sort  (cost=139028.37..139040.00 rows=4650 width=36) (actual time=507.370..507.521 rows=2800 loops=1)
   Sort Key: (sum((partsupp.ps_supplycost * (partsupp.ps_availqty)::numeric))) DESC
   Sort Method: quicksort  Memory: 228kB
   InitPlan 1 (returns $1)
     ->  Finalize Aggregate  (cost=68274.54..68274.55 rows=1 width=32) (actual time=198.065..198.065 rows=1 loops=1)
           ->  Gather  (cost=68274.32..68274.53 rows=2 width=32) (actual time=197.951..198.125 rows=3 loops=1)
                 Workers Planned: 2
                 Workers Launched: 2
                 ->  Partial Aggregate  (cost=67274.32..67274.33 rows=1 width=32) (actual time=195.616..195.616 rows=1 loops=3)
                       ->  Hash Join  (cost=1093.60..67230.73 rows=5812 width=10) (actual time=7.109..186.556 rows=31893 loops=3)
                             Hash Cond: (partsupp_1.ps_suppkey = supplier_1.s_suppkey)
                             ->  Parallel Seq Scan on partsupp partsupp_1  (cost=0.00..62328.30 rows=1000230 width=14) (actual time=0.014..103.591 rows=800000 loops=3)
                             ->  Hash  (cost=1091.40..1091.40 rows=176 width=4) (actual time=6.991..6.991 rows=1196 loops=3)
                                   Buckets: 2048 (originally 1024)  Batches: 1 (originally 1)  Memory Usage: 59kB
                                   ->  Hash Join  (cost=12.14..1091.40 rows=176 width=4) (actual time=0.050..6.797 rows=1196 loops=3)
                                         Hash Cond: (supplier_1.s_nationkey = nation_1.n_nationkey)
                                         ->  Seq Scan on supplier supplier_1  (cost=0.00..965.00 rows=30000 width=8) (actual time=0.009..4.067 rows=30000 loops=3)
                                         ->  Hash  (cost=12.12..12.12 rows=1 width=4) (actual time=0.022..0.022 rows=1 loops=3)
                                               Buckets: 1024  Batches: 1  Memory Usage: 9kB
                                               ->  Seq Scan on nation nation_1  (cost=0.00..12.12 rows=1 width=4) (actual time=0.015..0.017 rows=1 loops=3)
                                                     Filter: (n_name = 'GERMANY'::bpchar)
                                                     Rows Removed by Filter: 24
   ->  Finalize GroupAggregate  (cost=68594.14..70470.56 rows=4650 width=36) (actual time=395.168..506.058 rows=2800 loops=1)
         Group Key: partsupp.ps_partkey
         Filter: (sum((partsupp.ps_supplycost * (partsupp.ps_availqty)::numeric)) > $1)
         Rows Removed by Filter: 87241
         ->  Gather Merge  (cost=68594.14..70081.14 rows=11624 width=36) (actual time=197.023..240.511 rows=90236 loops=1)
               Workers Planned: 2
               Workers Launched: 2
               ->  Partial GroupAggregate  (cost=67594.12..67739.42 rows=5812 width=36) (actual time=194.739..223.115 rows=30079 loops=3)
                     Group Key: partsupp.ps_partkey
                     ->  Sort  (cost=67594.12..67608.65 rows=5812 width=14) (actual time=194.723..196.199 rows=31893 loops=3)
                           Sort Key: partsupp.ps_partkey
                           Sort Method: quicksort  Memory: 2286kB
                           Worker 0:  Sort Method: quicksort  Memory: 2213kB
                           Worker 1:  Sort Method: quicksort  Memory: 2291kB
                           ->  Hash Join  (cost=1093.60..67230.73 rows=5812 width=14) (actual time=7.660..186.882 rows=31893 loops=3)
                                 Hash Cond: (partsupp.ps_suppkey = supplier.s_suppkey)
                                 ->  Parallel Seq Scan on partsupp  (cost=0.00..62328.30 rows=1000230 width=18) (actual time=0.020..103.078 rows=800000 loops=3)
                                 ->  Hash  (cost=1091.40..1091.40 rows=176 width=4) (actual time=7.610..7.610 rows=1196 loops=3)
                                       Buckets: 2048 (originally 1024)  Batches: 1 (originally 1)  Memory Usage: 59kB
                                       ->  Hash Join  (cost=12.14..1091.40 rows=176 width=4) (actual time=0.051..7.426 rows=1196 loops=3)
                                             Hash Cond: (supplier.s_nationkey = nation.n_nationkey)
                                             ->  Seq Scan on supplier  (cost=0.00..965.00 rows=30000 width=8) (actual time=0.011..4.624 rows=30000 loops=3)
                                             ->  Hash  (cost=12.12..12.12 rows=1 width=4) (actual time=0.020..0.021 rows=1 loops=3)
                                                   Buckets: 1024  Batches: 1  Memory Usage: 9kB
                                                   ->  Seq Scan on nation  (cost=0.00..12.12 rows=1 width=4) (actual time=0.013..0.016 rows=1 loops=3)
                                                         Filter: (n_name = 'GERMANY'::bpchar)
                                                         Rows Removed by Filter: 24
 Planning Time: 0.570 ms
 Execution Time: 508.097 ms
(51 rows)

execute /home/pei/benchmarks/tpch-postgre/dbgen/out/skinner_explained/12.sql_explained.sql
SET
                                                                                                                                  QUERY PLAN                                                                                                                                  
------------------------------------------------------------------------------------------------------------------------------------------------------------------------------------------------------------------------------------------------------------------------------
 Finalize GroupAggregate  (cost=652946.17..653669.71 rows=7 width=27) (actual time=2246.325..2246.328 rows=2 loops=1)
   Group Key: lineitem.l_shipmode
   ->  Gather Merge  (cost=652946.17..653669.53 rows=14 width=27) (actual time=2241.846..2300.117 rows=6 loops=1)
         Workers Planned: 2
         Workers Launched: 2
         ->  Partial GroupAggregate  (cost=651946.14..652667.89 rows=7 width=27) (actual time=2239.558..2243.926 rows=2 loops=3)
               Group Key: lineitem.l_shipmode
               ->  Sort  (cost=651946.14..652036.35 rows=36084 width=27) (actual time=2235.243..2236.597 rows=31048 loops=3)
                     Sort Key: lineitem.l_shipmode
                     Sort Method: quicksort  Memory: 3179kB
                     Worker 0:  Sort Method: quicksort  Memory: 3237kB
                     Worker 1:  Sort Method: quicksort  Memory: 3167kB
                     ->  Parallel Hash Join  (cost=131451.73..649214.75 rows=36084 width=27) (actual time=2106.825..2227.834 rows=31048 loops=3)
                           Hash Cond: (lineitem.l_orderkey = orders.o_orderkey)
                           ->  Parallel Seq Scan on lineitem  (cost=0.00..506091.25 rows=36084 width=15) (actual time=0.051..1583.414 rows=31048 loops=3)
                                 Filter: ((l_shipmode = ANY ('{MAIL,SHIP}'::bpchar[])) AND (l_commitdate < l_receiptdate) AND (l_shipdate < l_commitdate) AND (l_receiptdate >= '1994-01-01'::date) AND (l_receiptdate < '1995-01-01 00:00:00'::timestamp without time zone))
                                 Rows Removed by Filter: 5967822
                           ->  Parallel Hash  (cost=97027.66..97027.66 rows=1874966 width=20) (actual time=502.920..502.920 rows=1500000 loops=3)
                                 Buckets: 65536  Batches: 128  Memory Usage: 2496kB
                                 ->  Parallel Seq Scan on orders  (cost=0.00..97027.66 rows=1874966 width=20) (actual time=0.032..231.945 rows=1500000 loops=3)
 Planning Time: 0.412 ms
 Execution Time: 2300.363 ms
(22 rows)

execute /home/pei/benchmarks/tpch-postgre/dbgen/out/skinner_explained/14.sql_explained.sql
SET
                                                                     QUERY PLAN                                                                      
-----------------------------------------------------------------------------------------------------------------------------------------------------
 Finalize Aggregate  (cost=475439.00..475439.01 rows=1 width=32) (actual time=1167.707..1167.707 rows=1 loops=1)
   ->  Gather  (cost=475438.76..475438.97 rows=2 width=64) (actual time=1165.958..1179.462 rows=3 loops=1)
         Workers Planned: 2
         Workers Launched: 2
         ->  Partial Aggregate  (cost=474438.76..474438.77 rows=1 width=64) (actual time=1164.206..1164.206 rows=1 loops=3)
               ->  Parallel Hash Join  (cost=19623.00..472821.23 rows=92430 width=33) (actual time=1086.350..1132.061 rows=74879 loops=3)
                     Hash Cond: (lineitem.l_partkey = part.p_partkey)
                     ->  Parallel Seq Scan on lineitem  (cost=0.00..449853.50 rows=92430 width=16) (actual time=0.034..982.171 rows=74879 loops=3)
                           Filter: ((l_shipdate >= '1995-09-01'::date) AND (l_shipdate < '1995-10-01 00:00:00'::timestamp without time zone))
                           Rows Removed by Filter: 5923991
                     ->  Parallel Hash  (cost=14789.00..14789.00 rows=250000 width=25) (actual time=79.111..79.112 rows=200000 loops=3)
                           Buckets: 65536  Batches: 16  Memory Usage: 2816kB
                           ->  Parallel Seq Scan on part  (cost=0.00..14789.00 rows=250000 width=25) (actual time=0.032..35.915 rows=200000 loops=3)
 Planning Time: 0.425 ms
 Execution Time: 1180.715 ms
(15 rows)

execute /home/pei/benchmarks/tpch-postgre/dbgen/out/skinner_explained/16.sql_explained.sql
SET
                                                                                         QUERY PLAN                                                                                          
---------------------------------------------------------------------------------------------------------------------------------------------------------------------------------------------
 Sort  (cost=132502.10..132621.76 rows=47864 width=44) (actual time=1203.249..1204.750 rows=26798 loops=1)
   Sort Key: (count(DISTINCT partsupp.ps_suppkey)) DESC, part.p_brand, part.p_type, part.p_size
   Sort Method: quicksort  Memory: 2885kB
   ->  GroupAggregate  (cost=126086.82..128781.48 rows=47864 width=44) (actual time=910.863..1161.106 rows=26798 loops=1)
         Group Key: part.p_brand, part.p_type, part.p_size
         ->  Sort  (cost=126086.82..126530.03 rows=177281 width=40) (actual time=910.831..1057.021 rows=355733 loops=1)
               Sort Key: part.p_brand, part.p_type, part.p_size
               Sort Method: external merge  Disk: 18168kB
               ->  Gather  (cost=21040.57..105780.75 rows=177281 width=40) (actual time=83.309..393.192 rows=355733 loops=1)
                     Workers Planned: 2
                     Workers Launched: 2
                     ->  Parallel Hash Join  (cost=20040.57..87052.65 rows=73867 width=40) (actual time=81.094..358.242 rows=118578 loops=3)
                           Hash Cond: (partsupp.ps_partkey = part.p_partkey)
                           ->  Parallel Seq Scan on partsupp  (cost=1040.01..65868.88 rows=500115 width=8) (actual time=10.036..187.346 rows=799600 loops=3)
                                 Filter: (NOT (hashed SubPlan 1))
                                 Rows Removed by Filter: 400
                                 SubPlan 1
                                   ->  Seq Scan on supplier  (cost=0.00..1040.00 rows=3 width=4) (actual time=0.119..9.999 rows=15 loops=3)
                                         Filter: ((s_comment)::text ~~ '%Customer%Complaints%'::text)
                                         Rows Removed by Filter: 29985
                           ->  Parallel Hash  (cost=18539.00..18539.00 rows=36925 width=40) (actual time=70.528..70.528 rows=29658 loops=3)
                                 Buckets: 131072  Batches: 1  Memory Usage: 7712kB
                                 ->  Parallel Seq Scan on part  (cost=0.00..18539.00 rows=36925 width=40) (actual time=0.033..57.137 rows=29658 loops=3)
                                       Filter: ((p_brand <> 'Brand#45'::bpchar) AND ((p_type)::text !~~ 'MEDIUM POLISHED%'::text) AND (p_size = ANY ('{49,14,23,45,19,3,36,9}'::integer[])))
                                       Rows Removed by Filter: 170342
 Planning Time: 0.671 ms
 Execution Time: 1209.949 ms
(27 rows)

execute /home/pei/benchmarks/tpch-postgre/dbgen/out/skinner_explained/17.sql_explained.sql
SET
psql:/home/pei/benchmarks/tpch-postgre/dbgen/out/skinner_explained/17.sql_explained.sql:25: ERROR:  canceling statement due to statement timeout
execute /home/pei/benchmarks/tpch-postgre/dbgen/out/skinner_explained/18.sql_explained.sql
SET
                                                                                                QUERY PLAN                                                                                                 
-----------------------------------------------------------------------------------------------------------------------------------------------------------------------------------------------------------
 GroupAggregate  (cost=2755537.93..2771989.78 rows=548395 width=71) (actual time=17675.922..17676.535 rows=179 loops=1)
   Group Key: orders.o_totalprice, orders.o_orderdate, customer.c_name, customer.c_custkey, orders.o_orderkey
   ->  Sort  (cost=2755537.93..2756908.92 rows=548395 width=44) (actual time=17675.903..17675.962 rows=1253 loops=1)
         Sort Key: orders.o_totalprice DESC, orders.o_orderdate, customer.c_name, customer.c_custkey, orders.o_orderkey
         Sort Method: quicksort  Memory: 146kB
         ->  Hash Join  (cost=1919134.52..2686392.57 rows=548395 width=44) (actual time=11840.609..17674.559 rows=1253 loops=1)
               Hash Cond: (lineitem.l_orderkey = orders.o_orderkey)
               ->  Seq Scan on lineitem  (cost=0.00..517338.80 rows=17996080 width=9) (actual time=0.010..2317.430 rows=17996609 loops=1)
               ->  Hash  (cost=1916214.45..1916214.45 rows=137126 width=43) (actual time=11765.978..11765.978 rows=179 loops=1)
                     Buckets: 65536  Batches: 4  Memory Usage: 516kB
                     ->  Hash Join  (cost=1721724.49..1916214.45 rows=137126 width=43) (actual time=10148.302..11765.852 rows=179 loops=1)
                           Hash Cond: (orders.o_custkey = customer.c_custkey)
                           ->  Hash Join  (cost=1698212.49..1886571.97 rows=137126 width=24) (actual time=9943.725..11584.107 rows=179 loops=1)
                                 Hash Cond: (orders.o_orderkey = lineitem_1.l_orderkey)
                                 ->  Seq Scan on orders  (cost=0.00..123277.18 rows=4499918 width=20) (actual time=0.293..608.549 rows=4500000 loops=1)
                                 ->  Hash  (cost=1695962.42..1695962.42 rows=137126 width=4) (actual time=9940.882..9940.883 rows=179 loops=1)
                                       Buckets: 131072  Batches: 2  Memory Usage: 1027kB
                                       ->  Finalize GroupAggregate  (cost=1525903.65..1694591.16 rows=137126 width=4) (actual time=3466.018..9940.757 rows=179 loops=1)
                                             Group Key: lineitem_1.l_orderkey
                                             Filter: (sum(lineitem_1.l_quantity) > '300'::numeric)
                                             Rows Removed by Filter: 4499821
                                             ->  Gather Merge  (cost=1525903.65..1682249.85 rows=822754 width=36) (actual time=3463.367..6799.917 rows=4709345 loops=1)
                                                   Workers Planned: 2
                                                   Workers Launched: 2
                                                   ->  Partial GroupAggregate  (cost=1524903.63..1586283.60 rows=411377 width=36) (actual time=3429.455..5682.059 rows=1569782 loops=3)
                                                         Group Key: lineitem_1.l_orderkey
                                                         ->  Sort  (cost=1524903.63..1543649.55 rows=7498367 width=9) (actual time=3429.433..3993.173 rows=5998870 loops=3)
                                                               Sort Key: lineitem_1.l_orderkey
                                                               Sort Method: external merge  Disk: 113688kB
                                                               Worker 0:  Sort Method: external merge  Disk: 108192kB
                                                               Worker 1:  Sort Method: external merge  Disk: 112968kB
                                                               ->  Parallel Seq Scan on lineitem lineitem_1  (cost=0.00..412361.67 rows=7498367 width=9) (actual time=0.025..864.517 rows=5998870 loops=3)
                           ->  Hash  (cost=15250.00..15250.00 rows=450000 width=23) (actual time=157.102..157.102 rows=450000 loops=1)
                                 Buckets: 65536  Batches: 8  Memory Usage: 3597kB
                                 ->  Seq Scan on customer  (cost=0.00..15250.00 rows=450000 width=23) (actual time=0.034..64.379 rows=450000 loops=1)
 Planning Time: 0.695 ms
 Execution Time: 17695.946 ms
(37 rows)

execute /home/pei/benchmarks/tpch-postgre/dbgen/out/skinner_explained/19.sql_explained.sql
SET
                                                                                                                                                                                                                                                                                                                                                                           QUERY PLAN                                                                                                                                                                                                                                                                                                                                                                           
----------------------------------------------------------------------------------------------------------------------------------------------------------------------------------------------------------------------------------------------------------------------------------------------------------------------------------------------------------------------------------------------------------------------------------------------------------------------------------------------------------------------------------------------------------------------------------------------------------------------------------------------------------------------------------------------------------------------------------------------------------------
 Finalize Aggregate  (cost=586793.64..586793.65 rows=1 width=32) (actual time=1684.610..1684.610 rows=1 loops=1)
   ->  Gather  (cost=586793.42..586793.63 rows=2 width=32) (actual time=1684.467..1688.586 rows=3 loops=1)
         Workers Planned: 2
         Workers Launched: 2
         ->  Partial Aggregate  (cost=585793.42..585793.43 rows=1 width=32) (actual time=1682.078..1682.079 rows=1 loops=3)
               ->  Parallel Hash Join  (cost=22921.53..585792.34 rows=143 width=12) (actual time=63.024..1681.962 rows=121 loops=3)
                     Hash Cond: (lineitem.l_partkey = part.p_partkey)
                     Join Filter: (((part.p_brand = 'Brand#12'::bpchar) AND (part.p_container = ANY ('{"SM CASE","SM BOX","SM PACK","SM PKG"}'::bpchar[])) AND (lineitem.l_quantity >= '1'::numeric) AND (lineitem.l_quantity <= '11'::numeric) AND (part.p_size <= 5)) OR ((part.p_brand = 'Brand#23'::bpchar) AND (part.p_container = ANY ('{"MED BAG","MED BOX","MED PKG","MED PACK"}'::bpchar[])) AND (lineitem.l_quantity >= '10'::numeric) AND (lineitem.l_quantity <= '20'::numeric) AND (part.p_size <= 10)) OR ((part.p_brand = 'Brand#34'::bpchar) AND (part.p_container = ANY ('{"LG CASE","LG BOX","LG PACK","LG PKG"}'::bpchar[])) AND (lineitem.l_quantity >= '20'::numeric) AND (lineitem.l_quantity <= '30'::numeric) AND (part.p_size <= 15)))
                     Rows Removed by Join Filter: 188
                     ->  Parallel Seq Scan on lineitem  (cost=0.00..562329.00 rows=142388 width=21) (actual time=0.015..1608.440 rows=128767 loops=3)
                           Filter: ((l_shipmode = ANY ('{AIR,"AIR REG"}'::bpchar[])) AND (l_shipinstruct = 'DELIVER IN PERSON'::bpchar) AND (((l_quantity >= '1'::numeric) AND (l_quantity <= '11'::numeric)) OR ((l_quantity >= '10'::numeric) AND (l_quantity <= '20'::numeric)) OR ((l_quantity >= '20'::numeric) AND (l_quantity <= '30'::numeric))))
                           Rows Removed by Filter: 5870103
                     ->  Parallel Hash  (cost=22914.00..22914.00 rows=602 width=30) (actual time=54.739..54.739 rows=489 loops=3)
                           Buckets: 2048  Batches: 1  Memory Usage: 144kB
                           ->  Parallel Seq Scan on part  (cost=0.00..22914.00 rows=602 width=30) (actual time=0.124..54.473 rows=489 loops=3)
                                 Filter: ((p_size >= 1) AND (((p_brand = 'Brand#12'::bpchar) AND (p_container = ANY ('{"SM CASE","SM BOX","SM PACK","SM PKG"}'::bpchar[])) AND (p_size <= 5)) OR ((p_brand = 'Brand#23'::bpchar) AND (p_container = ANY ('{"MED BAG","MED BOX","MED PKG","MED PACK"}'::bpchar[])) AND (p_size <= 10)) OR ((p_brand = 'Brand#34'::bpchar) AND (p_container = ANY ('{"LG CASE","LG BOX","LG PACK","LG PKG"}'::bpchar[])) AND (p_size <= 15))))
                                 Rows Removed by Filter: 199511
 Planning Time: 0.690 ms
 Execution Time: 1688.720 ms
(19 rows)

execute /home/pei/benchmarks/tpch-postgre/dbgen/out/skinner_explained/2.sql_explained.sql
SET
psql:/home/pei/benchmarks/tpch-postgre/dbgen/out/skinner_explained/2.sql_explained.sql:51: ERROR:  canceling statement due to statement timeout
execute /home/pei/benchmarks/tpch-postgre/dbgen/out/skinner_explained/20.sql_explained.sql
SET
psql:/home/pei/benchmarks/tpch-postgre/dbgen/out/skinner_explained/20.sql_explained.sql:45: ERROR:  canceling statement due to statement timeout
execute /home/pei/benchmarks/tpch-postgre/dbgen/out/skinner_explained/21.sql_explained.sql
SET
psql:/home/pei/benchmarks/tpch-postgre/dbgen/out/skinner_explained/21.sql_explained.sql:47: ERROR:  canceling statement due to statement timeout
execute /home/pei/benchmarks/tpch-postgre/dbgen/out/skinner_explained/3.sql_explained.sql
SET
                                                                                  QUERY PLAN                                                                                  
------------------------------------------------------------------------------------------------------------------------------------------------------------------------------
 Sort  (cost=946756.28..949214.68 rows=983362 width=44) (actual time=2579.171..2582.421 rows=34207 loops=1)
   Sort Key: (sum((lineitem.l_extendedprice * ('1'::numeric - lineitem.l_discount)))) DESC, orders.o_orderdate
   Sort Method: quicksort  Memory: 3618kB
   ->  Finalize GroupAggregate  (cost=658960.22..788374.56 rows=983362 width=44) (actual time=2504.992..2560.913 rows=34207 loops=1)
         Group Key: lineitem.l_orderkey, orders.o_orderdate, orders.o_shippriority
         ->  Gather Merge  (cost=658960.22..765839.18 rows=819468 width=44) (actual time=2504.984..2605.707 rows=34421 loops=1)
               Workers Planned: 2
               Workers Launched: 2
               ->  Partial GroupAggregate  (cost=657960.20..670252.22 rows=409734 width=44) (actual time=2502.492..2524.946 rows=11474 loops=3)
                     Group Key: lineitem.l_orderkey, orders.o_orderdate, orders.o_shippriority
                     ->  Sort  (cost=657960.20..658984.53 rows=409734 width=24) (actual time=2502.471..2503.826 rows=30009 loops=3)
                           Sort Key: lineitem.l_orderkey, orders.o_orderdate, orders.o_shippriority
                           Sort Method: quicksort  Memory: 3157kB
                           Worker 0:  Sort Method: quicksort  Memory: 3082kB
                           Worker 1:  Sort Method: quicksort  Memory: 3100kB
                           ->  Parallel Hash Join  (cost=122810.80..611360.62 rows=409734 width=24) (actual time=2189.608..2489.998 rows=30009 loops=3)
                                 Hash Cond: (lineitem.l_orderkey = orders.o_orderkey)
                                 ->  Parallel Seq Scan on lineitem  (cost=0.00..431107.58 rows=4055202 width=16) (actual time=0.007..1093.820 rows=3233939 loops=3)
                                       Filter: (l_shipdate > '1995-03-15'::date)
                                       Rows Removed by Filter: 2764930
                                 ->  Parallel Hash  (cost=119516.74..119516.74 rows=189445 width=12) (actual time=421.815..421.816 rows=146891 loops=3)
                                       Buckets: 131072  Batches: 8  Memory Usage: 3680kB
                                       ->  Parallel Hash Join  (cost=13578.67..119516.74 rows=189445 width=12) (actual time=38.445..392.941 rows=146891 loops=3)
                                             Hash Cond: (orders.o_custkey = customer.c_custkey)
                                             ->  Parallel Seq Scan on orders  (cost=0.00..101715.07 rows=915635 width=16) (actual time=0.813..219.358 rows=728721 loops=3)
                                                   Filter: (o_orderdate < '1995-03-15'::date)
                                                   Rows Removed by Filter: 771279
                                             ->  Parallel Hash  (cost=13093.75..13093.75 rows=38794 width=4) (actual time=37.374..37.375 rows=30119 loops=3)
                                                   Buckets: 131072  Batches: 1  Memory Usage: 4608kB
                                                   ->  Parallel Seq Scan on customer  (cost=0.00..13093.75 rows=38794 width=4) (actual time=0.041..29.057 rows=30119 loops=3)
                                                         Filter: (c_mktsegment = 'BUILDING'::bpchar)
                                                         Rows Removed by Filter: 119881
 Planning Time: 0.534 ms
 Execution Time: 2655.554 ms
(34 rows)

execute /home/pei/benchmarks/tpch-postgre/dbgen/out/skinner_explained/4.sql_explained.sql
SET
                                                                            QUERY PLAN                                                                             
-------------------------------------------------------------------------------------------------------------------------------------------------------------------
 Finalize GroupAggregate  (cost=590820.64..590871.54 rows=5 width=24) (actual time=2191.173..2197.172 rows=5 loops=1)
   Group Key: orders.o_orderpriority
   ->  Gather Merge  (cost=590820.64..590871.44 rows=10 width=24) (actual time=2189.578..2275.266 rows=15 loops=1)
         Workers Planned: 2
         Workers Launched: 2
         ->  Partial GroupAggregate  (cost=589820.61..589870.26 rows=5 width=24) (actual time=2187.241..2193.223 rows=5 loops=3)
               Group Key: orders.o_orderpriority
               ->  Sort  (cost=589820.61..589837.14 rows=6613 width=16) (actual time=2185.737..2188.154 rows=52805 loops=3)
                     Sort Key: orders.o_orderpriority
                     Sort Method: quicksort  Memory: 3824kB
                     Worker 0:  Sort Method: quicksort  Memory: 3800kB
                     Worker 1:  Sort Method: quicksort  Memory: 3900kB
                     ->  Parallel Hash Semi Join  (cost=472114.77..589400.98 rows=6613 width=16) (actual time=1911.018..2173.824 rows=52805 loops=3)
                           Hash Cond: (orders.o_orderkey = lineitem.l_orderkey)
                           ->  Parallel Seq Scan on orders  (cost=0.00..106402.49 rows=72338 width=20) (actual time=0.031..210.297 rows=57571 loops=3)
                                 Filter: ((o_orderdate >= '1993-07-01'::date) AND (o_orderdate < '1993-10-01 00:00:00'::timestamp without time zone))
                                 Rows Removed by Filter: 1442429
                           ->  Parallel Hash  (cost=431107.58..431107.58 rows=2499455 width=4) (actual time=1673.673..1673.673 rows=3792542 loops=3)
                                 Buckets: 131072  Batches: 128  Memory Usage: 4608kB
                                 ->  Parallel Seq Scan on lineitem  (cost=0.00..431107.58 rows=2499455 width=4) (actual time=0.021..1177.710 rows=3792542 loops=3)
                                       Filter: (l_commitdate < l_receiptdate)
                                       Rows Removed by Filter: 2206328
 Planning Time: 0.398 ms
 Execution Time: 2276.341 ms
(24 rows)

execute /home/pei/benchmarks/tpch-postgre/dbgen/out/skinner_explained/5.sql_explained.sql
SET
                                                                                         QUERY PLAN                                                                                         
--------------------------------------------------------------------------------------------------------------------------------------------------------------------------------------------
 Sort  (cost=563930.40..563930.83 rows=170 width=136) (actual time=1810.196..1810.196 rows=5 loops=1)
   Sort Key: (sum((lineitem.l_extendedprice * ('1'::numeric - lineitem.l_discount)))) DESC
   Sort Method: quicksort  Memory: 25kB
   ->  Finalize GroupAggregate  (cost=563874.71..563924.11 rows=170 width=136) (actual time=1807.488..1810.177 rows=5 loops=1)
         Group Key: nation.n_name
         ->  Gather Merge  (cost=563874.71..563919.43 rows=340 width=136) (actual time=1806.747..1814.151 rows=15 loops=1)
               Workers Planned: 2
               Workers Launched: 2
               ->  Partial GroupAggregate  (cost=562874.69..562880.16 rows=170 width=136) (actual time=1803.860..1806.554 rows=5 loops=3)
                     Group Key: nation.n_name
                     ->  Sort  (cost=562874.69..562875.36 rows=268 width=116) (actual time=1803.161..1803.496 rows=7343 loops=3)
                           Sort Key: nation.n_name
                           Sort Method: quicksort  Memory: 759kB
                           Worker 0:  Sort Method: quicksort  Memory: 768kB
                           Worker 1:  Sort Method: quicksort  Memory: 771kB
                           ->  Hash Join  (cost=122301.72..562863.88 rows=268 width=116) (actual time=368.648..1798.817 rows=7343 loops=3)
                                 Hash Cond: ((lineitem.l_suppkey = supplier.s_suppkey) AND (customer.c_nationkey = supplier.s_nationkey))
                                 ->  Parallel Hash Join  (cost=120886.72..561395.45 rows=6766 width=128) (actual time=358.060..1745.153 rows=183378 loops=3)
                                       Hash Cond: (lineitem.l_orderkey = orders.o_orderkey)
                                       ->  Parallel Seq Scan on lineitem  (cost=0.00..412361.67 rows=7498367 width=20) (actual time=0.004..733.148 rows=5998870 loops=3)
                                       ->  Parallel Hash  (cost=120865.57..120865.57 rows=1692 width=116) (actual time=357.913..357.913 rows=45716 loops=3)
                                             Buckets: 262144 (originally 4096)  Batches: 1 (originally 1)  Memory Usage: 13760kB
                                             ->  Parallel Hash Join  (cost=13377.44..120865.57 rows=1692 width=116) (actual time=53.919..327.025 rows=45716 loops=3)
                                                   Hash Cond: (orders.o_custkey = customer.c_custkey)
                                                   ->  Parallel Seq Scan on orders  (cost=0.00..106402.49 rows=287625 width=8) (actual time=0.015..218.260 rows=227810 loops=3)
                                                         Filter: ((o_orderdate >= '1994-01-01'::date) AND (o_orderdate < '1995-01-01 00:00:00'::timestamp without time zone))
                                                         Rows Removed by Filter: 1272190
                                                   ->  Parallel Hash  (cost=13363.65..13363.65 rows=1103 width=116) (actual time=53.868..53.869 rows=30145 loops=3)
                                                         Buckets: 131072 (originally 4096)  Batches: 1 (originally 1)  Memory Usage: 8416kB
                                                         ->  Hash Join  (cost=24.50..13363.65 rows=1103 width=116) (actual time=0.101..38.223 rows=30145 loops=3)
                                                               Hash Cond: (customer.c_nationkey = nation.n_nationkey)
                                                               ->  Parallel Seq Scan on customer  (cost=0.00..12625.00 rows=187500 width=8) (actual time=0.028..21.421 rows=150000 loops=3)
                                                               ->  Hash  (cost=24.48..24.48 rows=1 width=108) (actual time=0.057..0.057 rows=5 loops=3)
                                                                     Buckets: 1024  Batches: 1  Memory Usage: 9kB
                                                                     ->  Hash Join  (cost=12.14..24.48 rows=1 width=108) (actual time=0.047..0.052 rows=5 loops=3)
                                                                           Hash Cond: (nation.n_regionkey = region.r_regionkey)
                                                                           ->  Seq Scan on nation  (cost=0.00..11.70 rows=170 width=112) (actual time=0.009..0.011 rows=25 loops=3)
                                                                           ->  Hash  (cost=12.12..12.12 rows=1 width=4) (actual time=0.021..0.022 rows=1 loops=3)
                                                                                 Buckets: 1024  Batches: 1  Memory Usage: 9kB
                                                                                 ->  Seq Scan on region  (cost=0.00..12.12 rows=1 width=4) (actual time=0.018..0.019 rows=1 loops=3)
                                                                                       Filter: (r_name = 'ASIA'::bpchar)
                                                                                       Rows Removed by Filter: 4
                                 ->  Hash  (cost=965.00..965.00 rows=30000 width=8) (actual time=10.151..10.151 rows=30000 loops=3)
                                       Buckets: 32768  Batches: 1  Memory Usage: 1428kB
                                       ->  Seq Scan on supplier  (cost=0.00..965.00 rows=30000 width=8) (actual time=0.015..5.977 rows=30000 loops=3)
 Planning Time: 1.276 ms
 Execution Time: 1815.642 ms
(47 rows)

execute /home/pei/benchmarks/tpch-postgre/dbgen/out/skinner_explained/6.sql_explained.sql
SET
                                                                                                        QUERY PLAN                                                                                                         
---------------------------------------------------------------------------------------------------------------------------------------------------------------------------------------------------------------------------
 Finalize Aggregate  (cost=507814.90..507814.91 rows=1 width=32) (actual time=1152.496..1152.496 rows=1 loops=1)
   ->  Gather  (cost=507814.68..507814.89 rows=2 width=32) (actual time=1152.409..1155.768 rows=3 loops=1)
         Workers Planned: 2
         Workers Launched: 2
         ->  Partial Aggregate  (cost=506814.68..506814.69 rows=1 width=32) (actual time=1150.207..1150.207 rows=1 loops=3)
               ->  Parallel Seq Scan on lineitem  (cost=0.00..506091.25 rows=144685 width=12) (actual time=0.048..1114.807 rows=114155 loops=3)
                     Filter: ((l_shipdate >= '1994-01-01'::date) AND (l_shipdate < '1995-01-01 00:00:00'::timestamp without time zone) AND (l_discount >= 0.05) AND (l_discount <= 0.07) AND (l_quantity < '24'::numeric))
                     Rows Removed by Filter: 5884715
 Planning Time: 0.300 ms
 Execution Time: 1155.855 ms
(10 rows)

execute /home/pei/benchmarks/tpch-postgre/dbgen/out/skinner_explained/7.sql_explained.sql
SET
                                                                                      QUERY PLAN                                                                                       
---------------------------------------------------------------------------------------------------------------------------------------------------------------------------------------
 Finalize GroupAggregate  (cost=578493.76..578545.70 rows=375 width=248) (actual time=2266.299..2268.615 rows=4 loops=1)
   Group Key: n1.n_name, n2.n_name, (date_part('year'::text, (lineitem.l_shipdate)::timestamp without time zone))
   ->  Gather Merge  (cost=578493.76..578535.24 rows=312 width=248) (actual time=2265.543..2418.564 rows=12 loops=1)
         Workers Planned: 2
         Workers Launched: 2
         ->  Partial GroupAggregate  (cost=577493.74..577499.20 rows=156 width=248) (actual time=2262.979..2265.276 rows=4 loops=3)
               Group Key: n1.n_name, n2.n_name, (date_part('year'::text, (lineitem.l_shipdate)::timestamp without time zone))
               ->  Sort  (cost=577493.74..577494.13 rows=156 width=228) (actual time=2262.233..2262.497 rows=5777 loops=3)
                     Sort Key: n1.n_name, n2.n_name, (date_part('year'::text, (lineitem.l_shipdate)::timestamp without time zone))
                     Sort Method: quicksort  Memory: 1008kB
                     Worker 0:  Sort Method: quicksort  Memory: 999kB
                     Worker 1:  Sort Method: quicksort  Memory: 1008kB
                     ->  Hash Join  (cost=118914.77..577488.06 rows=156 width=228) (actual time=1851.039..2258.286 rows=5777 loops=3)
                           Hash Cond: (lineitem.l_suppkey = supplier.s_suppkey)
                           Join Filter: (((n1.n_name = 'FRANCE'::bpchar) AND (n2.n_name = 'GERMANY'::bpchar)) OR ((n1.n_name = 'GERMANY'::bpchar) AND (n2.n_name = 'FRANCE'::bpchar)))
                           Rows Removed by Join Filter: 5832
                           ->  Parallel Hash Join  (cost=117816.75..576283.02 rows=26672 width=124) (actual time=1842.891..2230.215 rows=147332 loops=3)
                                 Hash Cond: (lineitem.l_orderkey = orders.o_orderkey)
                                 ->  Parallel Seq Scan on lineitem  (cost=0.00..449853.50 rows=2267104 width=24) (actual time=0.009..1039.783 rows=1821396 loops=3)
                                       Filter: ((l_shipdate >= '1995-01-01'::date) AND (l_shipdate <= '1996-12-31'::date))
                                       Rows Removed by Filter: 4177474
                                 ->  Parallel Hash  (cost=117541.03..117541.03 rows=22058 width=108) (actual time=478.008..478.008 rows=121711 loops=3)
                                       Buckets: 65536 (originally 65536)  Batches: 8 (originally 1)  Memory Usage: 3424kB
                                       ->  Parallel Hash Join  (cost=13390.34..117541.03 rows=22058 width=108) (actual time=43.229..431.292 rows=121711 loops=3)
                                             Hash Cond: (orders.o_custkey = customer.c_custkey)
                                             ->  Parallel Seq Scan on orders  (cost=0.00..97027.66 rows=1874966 width=8) (actual time=0.017..178.115 rows=1500000 loops=3)
                                             ->  Parallel Hash  (cost=13362.76..13362.76 rows=2206 width=108) (actual time=43.171..43.171 rows=12073 loops=3)
                                                   Buckets: 65536 (originally 8192)  Batches: 1 (originally 1)  Memory Usage: 3296kB
                                                   ->  Hash Join  (cost=12.58..13362.76 rows=2206 width=108) (actual time=0.051..35.322 rows=12073 loops=3)
                                                         Hash Cond: (customer.c_nationkey = n2.n_nationkey)
                                                         ->  Parallel Seq Scan on customer  (cost=0.00..12625.00 rows=187500 width=8) (actual time=0.020..21.295 rows=150000 loops=3)
                                                         ->  Hash  (cost=12.55..12.55 rows=2 width=108) (actual time=0.011..0.012 rows=2 loops=3)
                                                               Buckets: 1024  Batches: 1  Memory Usage: 9kB
                                                               ->  Seq Scan on nation n2  (cost=0.00..12.55 rows=2 width=108) (actual time=0.005..0.008 rows=2 loops=3)
                                                                     Filter: ((n_name = 'GERMANY'::bpchar) OR (n_name = 'FRANCE'::bpchar))
                                                                     Rows Removed by Filter: 23
                           ->  Hash  (cost=1093.61..1093.61 rows=353 width=108) (actual time=8.008..8.008 rows=2361 loops=3)
                                 Buckets: 4096 (originally 1024)  Batches: 1 (originally 1)  Memory Usage: 175kB
                                 ->  Hash Join  (cost=12.58..1093.61 rows=353 width=108) (actual time=0.057..7.486 rows=2361 loops=3)
                                       Hash Cond: (supplier.s_nationkey = n1.n_nationkey)
                                       ->  Seq Scan on supplier  (cost=0.00..965.00 rows=30000 width=8) (actual time=0.012..4.502 rows=30000 loops=3)
                                       ->  Hash  (cost=12.55..12.55 rows=2 width=108) (actual time=0.022..0.022 rows=2 loops=3)
                                             Buckets: 1024  Batches: 1  Memory Usage: 9kB
                                             ->  Seq Scan on nation n1  (cost=0.00..12.55 rows=2 width=108) (actual time=0.013..0.017 rows=2 loops=3)
                                                   Filter: ((n_name = 'FRANCE'::bpchar) OR (n_name = 'GERMANY'::bpchar))
                                                   Rows Removed by Filter: 23
 Planning Time: 1.103 ms
 Execution Time: 2418.844 ms
(48 rows)

execute /home/pei/benchmarks/tpch-postgre/dbgen/out/skinner_explained/8.sql_explained.sql
SET
                                                                                            QUERY PLAN                                                                                            
--------------------------------------------------------------------------------------------------------------------------------------------------------------------------------------------------
 Finalize GroupAggregate  (cost=580334.29..580365.27 rows=210 width=40) (actual time=3508.252..3508.258 rows=2 loops=1)
   Group Key: (date_part('year'::text, (orders.o_orderdate)::timestamp without time zone))
   ->  Gather Merge  (cost=580334.29..580358.34 rows=176 width=72) (actual time=3507.574..4006.872 rows=6 loops=1)
         Workers Planned: 2
         Workers Launched: 2
         ->  Partial GroupAggregate  (cost=579334.27..579338.01 rows=88 width=72) (actual time=3504.862..3505.525 rows=2 loops=3)
               Group Key: (date_part('year'::text, (orders.o_orderdate)::timestamp without time zone))
               ->  Sort  (cost=579334.27..579334.49 rows=88 width=124) (actual time=3504.204..3504.311 rows=2548 loops=3)
                     Sort Key: (date_part('year'::text, (orders.o_orderdate)::timestamp without time zone))
                     Sort Method: quicksort  Memory: 295kB
                     Worker 0:  Sort Method: quicksort  Memory: 299kB
                     Worker 1:  Sort Method: quicksort  Memory: 293kB
                     ->  Hash Join  (cost=138742.45..579331.42 rows=88 width=124) (actual time=2290.863..3503.211 rows=2548 loops=3)
                           Hash Cond: (supplier.s_nationkey = n2.n_nationkey)
                           ->  Hash Join  (cost=138728.63..579315.95 rows=88 width=20) (actual time=2290.802..3502.103 rows=2548 loops=3)
                                 Hash Cond: (lineitem.l_suppkey = supplier.s_suppkey)
                                 ->  Parallel Hash Join  (cost=137388.63..577974.75 rows=88 width=20) (actual time=2281.072..3490.750 rows=2548 loops=3)
                                       Hash Cond: (lineitem.l_partkey = part.p_partkey)
                                       ->  Parallel Hash Join  (cost=121953.84..562489.75 rows=13290 width=24) (actual time=2248.330..3409.218 rows=361590 loops=3)
                                             Hash Cond: (lineitem.l_orderkey = orders.o_orderkey)
                                             ->  Parallel Seq Scan on lineitem  (cost=0.00..412361.67 rows=7498367 width=24) (actual time=0.006..747.327 rows=5998870 loops=3)
                                             ->  Parallel Hash  (cost=121912.30..121912.30 rows=3323 width=8) (actual time=409.367..409.367 rows=90399 loops=3)
                                                   Buckets: 65536 (originally 8192)  Batches: 8 (originally 1)  Memory Usage: 1920kB
                                                   ->  Parallel Hash Join  (cost=13377.44..121912.30 rows=3323 width=8) (actual time=50.948..364.197 rows=90399 loops=3)
                                                         Hash Cond: (orders.o_custkey = customer.c_custkey)
                                                         ->  Parallel Seq Scan on orders  (cost=0.00..106402.49 rows=564940 width=12) (actual time=0.018..222.942 rows=455395 loops=3)
                                                               Filter: ((o_orderdate >= '1995-01-01'::date) AND (o_orderdate <= '1996-12-31'::date))
                                                               Rows Removed by Filter: 1044605
                                                         ->  Parallel Hash  (cost=13363.65..13363.65 rows=1103 width=4) (actual time=50.891..50.891 rows=29900 loops=3)
                                                               Buckets: 131072 (originally 4096)  Batches: 1 (originally 1)  Memory Usage: 5568kB
                                                               ->  Hash Join  (cost=24.50..13363.65 rows=1103 width=4) (actual time=0.242..37.514 rows=29900 loops=3)
                                                                     Hash Cond: (customer.c_nationkey = n1.n_nationkey)
                                                                     ->  Parallel Seq Scan on customer  (cost=0.00..12625.00 rows=187500 width=8) (actual time=0.174..21.332 rows=150000 loops=3)
                                                                     ->  Hash  (cost=24.48..24.48 rows=1 width=4) (actual time=0.051..0.051 rows=5 loops=3)
                                                                           Buckets: 1024  Batches: 1  Memory Usage: 9kB
                                                                           ->  Hash Join  (cost=12.14..24.48 rows=1 width=4) (actual time=0.042..0.047 rows=5 loops=3)
                                                                                 Hash Cond: (n1.n_regionkey = region.r_regionkey)
                                                                                 ->  Seq Scan on nation n1  (cost=0.00..11.70 rows=170 width=8) (actual time=0.005..0.007 rows=25 loops=3)
                                                                                 ->  Hash  (cost=12.12..12.12 rows=1 width=4) (actual time=0.021..0.021 rows=1 loops=3)
                                                                                       Buckets: 1024  Batches: 1  Memory Usage: 9kB
                                                                                       ->  Seq Scan on region  (cost=0.00..12.12 rows=1 width=4) (actual time=0.017..0.018 rows=1 loops=3)
                                                                                             Filter: (r_name = 'AMERICA'::bpchar)
                                                                                             Rows Removed by Filter: 4
                                       ->  Parallel Hash  (cost=15414.00..15414.00 rows=1663 width=4) (actual time=32.316..32.316 rows=1396 loops=3)
                                             Buckets: 4096  Batches: 1  Memory Usage: 224kB
                                             ->  Parallel Seq Scan on part  (cost=0.00..15414.00 rows=1663 width=4) (actual time=0.067..31.864 rows=1396 loops=3)
                                                   Filter: ((p_type)::text = 'ECONOMY ANODIZED STEEL'::text)
                                                   Rows Removed by Filter: 198604
                                 ->  Hash  (cost=965.00..965.00 rows=30000 width=8) (actual time=9.572..9.572 rows=30000 loops=3)
                                       Buckets: 32768  Batches: 1  Memory Usage: 1428kB
                                       ->  Seq Scan on supplier  (cost=0.00..965.00 rows=30000 width=8) (actual time=0.010..5.630 rows=30000 loops=3)
                           ->  Hash  (cost=11.70..11.70 rows=170 width=108) (actual time=0.024..0.024 rows=25 loops=3)
                                 Buckets: 1024  Batches: 1  Memory Usage: 10kB
                                 ->  Seq Scan on nation n2  (cost=0.00..11.70 rows=170 width=108) (actual time=0.010..0.013 rows=25 loops=3)
 Planning Time: 1.321 ms
 Execution Time: 4007.188 ms
(56 rows)

execute /home/pei/benchmarks/tpch-postgre/dbgen/out/skinner_explained/9.sql_explained.sql
SET
                                                                                           QUERY PLAN                                                                                            
-------------------------------------------------------------------------------------------------------------------------------------------------------------------------------------------------
 Finalize GroupAggregate  (cost=649909.42..649919.35 rows=73 width=144) (actual time=3706.083..4005.023 rows=175 loops=1)
   Group Key: nation.n_name, (date_part('year'::text, (orders.o_orderdate)::timestamp without time zone))
   ->  Gather Merge  (cost=649909.42..649917.47 rows=60 width=144) (actual time=3704.238..4192.328 rows=525 loops=1)
         Workers Planned: 2
         Workers Launched: 2
         ->  Partial GroupAggregate  (cost=648909.39..648910.52 rows=30 width=144) (actual time=3700.029..3996.192 rows=175 loops=3)
               Group Key: nation.n_name, (date_part('year'::text, (orders.o_orderdate)::timestamp without time zone))
               ->  Sort  (cost=648909.39..648909.47 rows=30 width=135) (actual time=3698.945..3769.635 rows=326640 loops=3)
                     Sort Key: nation.n_name, (date_part('year'::text, (orders.o_orderdate)::timestamp without time zone)) DESC
                     Sort Method: external merge  Disk: 24240kB
                     Worker 0:  Sort Method: external merge  Disk: 23904kB
                     Worker 1:  Sort Method: external merge  Disk: 24304kB
                     ->  Hash Join  (cost=544849.18..648908.66 rows=30 width=135) (actual time=2949.638..3400.129 rows=326640 loops=3)
                           Hash Cond: (supplier.s_nationkey = nation.n_nationkey)
                           ->  Parallel Hash Join  (cost=544835.36..648894.27 rows=30 width=31) (actual time=2949.573..3310.542 rows=326640 loops=3)
                                 Hash Cond: (orders.o_orderkey = lineitem.l_orderkey)
                                 ->  Parallel Seq Scan on orders  (cost=0.00..97027.66 rows=1874966 width=8) (actual time=0.729..184.209 rows=1500000 loops=3)
                                 ->  Parallel Hash  (cost=544834.98..544834.98 rows=30 width=31) (actual time=2470.526..2470.526 rows=326640 loops=3)
                                       Buckets: 65536 (originally 1024)  Batches: 32 (originally 1)  Memory Usage: 2720kB
                                       ->  Hash Join  (cost=463460.41..544834.98 rows=30 width=31) (actual time=2073.340..2321.226 rows=326640 loops=3)
                                             Hash Cond: (lineitem.l_suppkey = supplier.s_suppkey)
                                             ->  Parallel Hash Join  (cost=462120.41..543494.56 rows=31 width=35) (actual time=2063.424..2244.564 rows=326640 loops=3)
                                                   Hash Cond: ((partsupp.ps_suppkey = lineitem.l_suppkey) AND (partsupp.ps_partkey = lineitem.l_partkey))
                                                   ->  Parallel Seq Scan on partsupp  (cost=0.00..62328.30 rows=1000230 width=14) (actual time=0.016..125.920 rows=800000 loops=3)
                                                   ->  Parallel Hash  (cost=456936.03..456936.03 rows=227225 width=33) (actual time=1804.175..1804.175 rows=326640 loops=3)
                                                         Buckets: 65536 (originally 65536)  Batches: 32 (originally 16)  Memory Usage: 2816kB
                                                         ->  Parallel Hash Join  (cost=15508.70..456936.03 rows=227225 width=33) (actual time=51.783..1662.870 rows=326640 loops=3)
                                                               Hash Cond: (lineitem.l_partkey = part.p_partkey)
                                                               ->  Parallel Seq Scan on lineitem  (cost=0.00..412361.67 rows=7498367 width=29) (actual time=0.011..725.657 rows=5998870 loops=3)
                                                               ->  Parallel Hash  (cost=15414.00..15414.00 rows=7576 width=4) (actual time=51.669..51.670 rows=10887 loops=3)
                                                                     Buckets: 32768  Batches: 1  Memory Usage: 1568kB
                                                                     ->  Parallel Seq Scan on part  (cost=0.00..15414.00 rows=7576 width=4) (actual time=0.026..48.448 rows=10887 loops=3)
                                                                           Filter: ((p_name)::text ~~ '%green%'::text)
                                                                           Rows Removed by Filter: 189113
                                             ->  Hash  (cost=965.00..965.00 rows=30000 width=8) (actual time=9.755..9.755 rows=30000 loops=3)
                                                   Buckets: 32768  Batches: 1  Memory Usage: 1428kB
                                                   ->  Seq Scan on supplier  (cost=0.00..965.00 rows=30000 width=8) (actual time=0.011..5.716 rows=30000 loops=3)
                           ->  Hash  (cost=11.70..11.70 rows=170 width=108) (actual time=0.027..0.027 rows=25 loops=3)
                                 Buckets: 1024  Batches: 1  Memory Usage: 10kB
                                 ->  Seq Scan on nation  (cost=0.00..11.70 rows=170 width=108) (actual time=0.015..0.018 rows=25 loops=3)
 Planning Time: 1.447 ms
 Execution Time: 4197.010 ms
(42 rows)

execute /home/pei/benchmarks/tpch-postgre/dbgen/out/skinner_explained/1.sql_explained.sql
SET
                                                                       QUERY PLAN                                                                       
--------------------------------------------------------------------------------------------------------------------------------------------------------
 Finalize GroupAggregate  (cost=727749.01..727751.08 rows=6 width=236) (actual time=7943.379..7943.443 rows=4 loops=1)
   Group Key: l_returnflag, l_linestatus
   ->  Gather Merge  (cost=727749.01..727750.41 rows=12 width=236) (actual time=7943.343..7946.682 rows=12 loops=1)
         Workers Planned: 2
         Workers Launched: 2
         ->  Sort  (cost=726748.99..726749.00 rows=6 width=236) (actual time=7941.028..7941.029 rows=4 loops=3)
               Sort Key: l_returnflag, l_linestatus
               Sort Method: quicksort  Memory: 27kB
               Worker 0:  Sort Method: quicksort  Memory: 27kB
               Worker 1:  Sort Method: quicksort  Memory: 27kB
               ->  Partial HashAggregate  (cost=726748.74..726748.91 rows=6 width=236) (actual time=7940.991..7941.000 rows=4 loops=3)
                     Group Key: l_returnflag, l_linestatus
                     ->  Parallel Seq Scan on lineitem  (cost=0.00..431107.58 rows=7391029 width=25) (actual time=0.029..1201.441 rows=5914512 loops=3)
                           Filter: (l_shipdate <= '1998-09-02 00:00:00'::timestamp without time zone)
                           Rows Removed by Filter: 84357
 Planning Time: 0.434 ms
 Execution Time: 7946.926 ms
(17 rows)

execute /home/pei/benchmarks/tpch-postgre/dbgen/out/skinner_explained/10.sql_explained.sql
SET
                                                                                      QUERY PLAN                                                                                      
--------------------------------------------------------------------------------------------------------------------------------------------------------------------------------------
 Sort  (cost=640136.45..640565.89 rows=171775 width=280) (actual time=2242.364..2344.200 rows=114218 loops=1)
   Sort Key: (sum((lineitem.l_extendedprice * ('1'::numeric - lineitem.l_discount)))) DESC
   Sort Method: external merge  Disk: 21328kB
   ->  Finalize GroupAggregate  (cost=578134.48..602887.97 rows=171775 width=280) (actual time=1858.105..2128.535 rows=114218 loops=1)
         Group Key: customer.c_custkey, customer.c_name, customer.c_acctbal, customer.c_phone, nation.n_name, customer.c_address, customer.c_comment
         ->  Gather Merge  (cost=578134.48..597520.00 rows=143146 width=280) (actual time=1858.096..2036.784 rows=114218 loops=1)
               Workers Planned: 2
               Workers Launched: 2
               ->  Partial GroupAggregate  (cost=577134.46..579997.38 rows=71573 width=280) (actual time=1851.587..1974.420 rows=38073 loops=3)
                     Group Key: customer.c_custkey, customer.c_name, customer.c_acctbal, customer.c_phone, nation.n_name, customer.c_address, customer.c_comment
                     ->  Sort  (cost=577134.46..577313.39 rows=71573 width=260) (actual time=1851.566..1868.686 rows=114843 loops=3)
                           Sort Key: customer.c_custkey, customer.c_name, customer.c_acctbal, customer.c_phone, nation.n_name, customer.c_address, customer.c_comment
                           Sort Method: external merge  Disk: 23408kB
                           Worker 0:  Sort Method: external merge  Disk: 20992kB
                           Worker 1:  Sort Method: external merge  Disk: 21448kB
                           ->  Hash Join  (cost=546536.90..562553.62 rows=71573 width=260) (actual time=1621.945..1700.055 rows=114843 loops=3)
                                 Hash Cond: (customer.c_nationkey = nation.n_nationkey)
                                 ->  Parallel Hash Join  (cost=546523.07..561555.67 rows=71573 width=160) (actual time=1621.890..1679.709 rows=114843 loops=3)
                                       Hash Cond: (customer.c_custkey = orders.o_custkey)
                                       ->  Parallel Seq Scan on customer  (cost=0.00..12625.00 rows=187500 width=148) (actual time=0.019..22.994 rows=150000 loops=3)
                                       ->  Parallel Hash  (cost=545628.41..545628.41 rows=71573 width=16) (actual time=1562.003..1562.003 rows=114843 loops=3)
                                             Buckets: 65536 (originally 262144)  Batches: 8 (originally 1)  Memory Usage: 2816kB
                                             ->  Parallel Hash Join  (cost=107312.86..545628.41 rows=71573 width=16) (actual time=227.909..1516.147 rows=114843 loops=3)
                                                   Hash Cond: (lineitem.l_orderkey = orders.o_orderkey)
                                                   ->  Parallel Seq Scan on lineitem  (cost=0.00..431107.58 rows=1842599 width=16) (actual time=0.008..1057.463 rows=1481158 loops=3)
                                                         Filter: (l_returnflag = 'R'::bpchar)
                                                         Rows Removed by Filter: 4517712
                                                   ->  Parallel Hash  (cost=106402.49..106402.49 rows=72830 width=8) (actual time=227.333..227.333 rows=57338 loops=3)
                                                         Buckets: 262144  Batches: 1  Memory Usage: 8832kB
                                                         ->  Parallel Seq Scan on orders  (cost=0.00..106402.49 rows=72830 width=8) (actual time=0.030..209.821 rows=57338 loops=3)
                                                               Filter: ((o_orderdate >= '1993-10-01'::date) AND (o_orderdate < '1994-01-01 00:00:00'::timestamp without time zone))
                                                               Rows Removed by Filter: 1442662
                                 ->  Hash  (cost=11.70..11.70 rows=170 width=108) (actual time=0.022..0.022 rows=25 loops=3)
                                       Buckets: 1024  Batches: 1  Memory Usage: 10kB
                                       ->  Seq Scan on nation  (cost=0.00..11.70 rows=170 width=108) (actual time=0.010..0.012 rows=25 loops=3)
 Planning Time: 0.801 ms
 Execution Time: 2378.710 ms
(37 rows)

execute /home/pei/benchmarks/tpch-postgre/dbgen/out/skinner_explained/11.sql_explained.sql
SET
                                                                               QUERY PLAN                                                                               
------------------------------------------------------------------------------------------------------------------------------------------------------------------------
 Sort  (cost=139028.37..139040.00 rows=4650 width=36) (actual time=506.268..506.418 rows=2800 loops=1)
   Sort Key: (sum((partsupp.ps_supplycost * (partsupp.ps_availqty)::numeric))) DESC
   Sort Method: quicksort  Memory: 228kB
   InitPlan 1 (returns $1)
     ->  Finalize Aggregate  (cost=68274.54..68274.55 rows=1 width=32) (actual time=197.313..197.313 rows=1 loops=1)
           ->  Gather  (cost=68274.32..68274.53 rows=2 width=32) (actual time=197.207..197.373 rows=3 loops=1)
                 Workers Planned: 2
                 Workers Launched: 2
                 ->  Partial Aggregate  (cost=67274.32..67274.33 rows=1 width=32) (actual time=194.887..194.887 rows=1 loops=3)
                       ->  Hash Join  (cost=1093.60..67230.73 rows=5812 width=10) (actual time=7.061..185.798 rows=31893 loops=3)
                             Hash Cond: (partsupp_1.ps_suppkey = supplier_1.s_suppkey)
                             ->  Parallel Seq Scan on partsupp partsupp_1  (cost=0.00..62328.30 rows=1000230 width=14) (actual time=0.011..103.050 rows=800000 loops=3)
                             ->  Hash  (cost=1091.40..1091.40 rows=176 width=4) (actual time=6.919..6.919 rows=1196 loops=3)
                                   Buckets: 2048 (originally 1024)  Batches: 1 (originally 1)  Memory Usage: 59kB
                                   ->  Hash Join  (cost=12.14..1091.40 rows=176 width=4) (actual time=0.048..6.732 rows=1196 loops=3)
                                         Hash Cond: (supplier_1.s_nationkey = nation_1.n_nationkey)
                                         ->  Seq Scan on supplier supplier_1  (cost=0.00..965.00 rows=30000 width=8) (actual time=0.009..4.012 rows=30000 loops=3)
                                         ->  Hash  (cost=12.12..12.12 rows=1 width=4) (actual time=0.020..0.020 rows=1 loops=3)
                                               Buckets: 1024  Batches: 1  Memory Usage: 9kB
                                               ->  Seq Scan on nation nation_1  (cost=0.00..12.12 rows=1 width=4) (actual time=0.013..0.015 rows=1 loops=3)
                                                     Filter: (n_name = 'GERMANY'::bpchar)
                                                     Rows Removed by Filter: 24
   ->  Finalize GroupAggregate  (cost=68594.14..70470.56 rows=4650 width=36) (actual time=394.376..504.956 rows=2800 loops=1)
         Group Key: partsupp.ps_partkey
         Filter: (sum((partsupp.ps_supplycost * (partsupp.ps_availqty)::numeric)) > $1)
         Rows Removed by Filter: 87241
         ->  Gather Merge  (cost=68594.14..70081.14 rows=11624 width=36) (actual time=196.997..240.296 rows=90233 loops=1)
               Workers Planned: 2
               Workers Launched: 2
               ->  Partial GroupAggregate  (cost=67594.12..67739.42 rows=5812 width=36) (actual time=194.581..222.957 rows=30078 loops=3)
                     Group Key: partsupp.ps_partkey
                     ->  Sort  (cost=67594.12..67608.65 rows=5812 width=14) (actual time=194.563..196.037 rows=31893 loops=3)
                           Sort Key: partsupp.ps_partkey
                           Sort Method: quicksort  Memory: 2283kB
                           Worker 0:  Sort Method: quicksort  Memory: 2223kB
                           Worker 1:  Sort Method: quicksort  Memory: 2285kB
                           ->  Hash Join  (cost=1093.60..67230.73 rows=5812 width=14) (actual time=7.759..186.784 rows=31893 loops=3)
                                 Hash Cond: (partsupp.ps_suppkey = supplier.s_suppkey)
                                 ->  Parallel Seq Scan on partsupp  (cost=0.00..62328.30 rows=1000230 width=18) (actual time=0.017..102.944 rows=800000 loops=3)
                                 ->  Hash  (cost=1091.40..1091.40 rows=176 width=4) (actual time=7.689..7.689 rows=1196 loops=3)
                                       Buckets: 2048 (originally 1024)  Batches: 1 (originally 1)  Memory Usage: 59kB
                                       ->  Hash Join  (cost=12.14..1091.40 rows=176 width=4) (actual time=0.051..7.506 rows=1196 loops=3)
                                             Hash Cond: (supplier.s_nationkey = nation.n_nationkey)
                                             ->  Seq Scan on supplier  (cost=0.00..965.00 rows=30000 width=8) (actual time=0.011..4.624 rows=30000 loops=3)
                                             ->  Hash  (cost=12.12..12.12 rows=1 width=4) (actual time=0.021..0.021 rows=1 loops=3)
                                                   Buckets: 1024  Batches: 1  Memory Usage: 9kB
                                                   ->  Seq Scan on nation  (cost=0.00..12.12 rows=1 width=4) (actual time=0.014..0.016 rows=1 loops=3)
                                                         Filter: (n_name = 'GERMANY'::bpchar)
                                                         Rows Removed by Filter: 24
 Planning Time: 0.569 ms
 Execution Time: 507.004 ms
(51 rows)

execute /home/pei/benchmarks/tpch-postgre/dbgen/out/skinner_explained/12.sql_explained.sql
SET
                                                                                                                                  QUERY PLAN                                                                                                                                  
------------------------------------------------------------------------------------------------------------------------------------------------------------------------------------------------------------------------------------------------------------------------------
 Finalize GroupAggregate  (cost=652946.17..653669.71 rows=7 width=27) (actual time=2242.175..2242.177 rows=2 loops=1)
   Group Key: lineitem.l_shipmode
   ->  Gather Merge  (cost=652946.17..653669.53 rows=14 width=27) (actual time=2237.720..2294.445 rows=6 loops=1)
         Workers Planned: 2
         Workers Launched: 2
         ->  Partial GroupAggregate  (cost=651946.14..652667.89 rows=7 width=27) (actual time=2235.365..2239.703 rows=2 loops=3)
               Group Key: lineitem.l_shipmode
               ->  Sort  (cost=651946.14..652036.35 rows=36084 width=27) (actual time=2231.018..2232.377 rows=31048 loops=3)
                     Sort Key: lineitem.l_shipmode
                     Sort Method: quicksort  Memory: 3244kB
                     Worker 0:  Sort Method: quicksort  Memory: 3106kB
                     Worker 1:  Sort Method: quicksort  Memory: 3233kB
                     ->  Parallel Hash Join  (cost=131451.73..649214.75 rows=36084 width=27) (actual time=2100.596..2223.611 rows=31048 loops=3)
                           Hash Cond: (lineitem.l_orderkey = orders.o_orderkey)
                           ->  Parallel Seq Scan on lineitem  (cost=0.00..506091.25 rows=36084 width=15) (actual time=0.064..1577.721 rows=31048 loops=3)
                                 Filter: ((l_shipmode = ANY ('{MAIL,SHIP}'::bpchar[])) AND (l_commitdate < l_receiptdate) AND (l_shipdate < l_commitdate) AND (l_receiptdate >= '1994-01-01'::date) AND (l_receiptdate < '1995-01-01 00:00:00'::timestamp without time zone))
                                 Rows Removed by Filter: 5967822
                           ->  Parallel Hash  (cost=97027.66..97027.66 rows=1874966 width=20) (actual time=501.151..501.151 rows=1500000 loops=3)
                                 Buckets: 65536  Batches: 128  Memory Usage: 2496kB
                                 ->  Parallel Seq Scan on orders  (cost=0.00..97027.66 rows=1874966 width=20) (actual time=0.026..233.108 rows=1500000 loops=3)
 Planning Time: 0.406 ms
 Execution Time: 2294.781 ms
(22 rows)

execute /home/pei/benchmarks/tpch-postgre/dbgen/out/skinner_explained/14.sql_explained.sql
SET
                                                                     QUERY PLAN                                                                      
-----------------------------------------------------------------------------------------------------------------------------------------------------
 Finalize Aggregate  (cost=475439.00..475439.01 rows=1 width=32) (actual time=1166.115..1166.115 rows=1 loops=1)
   ->  Gather  (cost=475438.76..475438.97 rows=2 width=64) (actual time=1164.976..1177.546 rows=3 loops=1)
         Workers Planned: 2
         Workers Launched: 2
         ->  Partial Aggregate  (cost=474438.76..474438.77 rows=1 width=64) (actual time=1162.607..1162.607 rows=1 loops=3)
               ->  Parallel Hash Join  (cost=19623.00..472821.23 rows=92430 width=33) (actual time=1085.953..1130.089 rows=74879 loops=3)
                     Hash Cond: (lineitem.l_partkey = part.p_partkey)
                     ->  Parallel Seq Scan on lineitem  (cost=0.00..449853.50 rows=92430 width=16) (actual time=0.043..982.559 rows=74879 loops=3)
                           Filter: ((l_shipdate >= '1995-09-01'::date) AND (l_shipdate < '1995-10-01 00:00:00'::timestamp without time zone))
                           Rows Removed by Filter: 5923991
                     ->  Parallel Hash  (cost=14789.00..14789.00 rows=250000 width=25) (actual time=78.465..78.465 rows=200000 loops=3)
                           Buckets: 65536  Batches: 16  Memory Usage: 2816kB
                           ->  Parallel Seq Scan on part  (cost=0.00..14789.00 rows=250000 width=25) (actual time=0.014..34.882 rows=200000 loops=3)
 Planning Time: 0.427 ms
 Execution Time: 1177.694 ms
(15 rows)

execute /home/pei/benchmarks/tpch-postgre/dbgen/out/skinner_explained/16.sql_explained.sql
SET
                                                                                         QUERY PLAN                                                                                          
---------------------------------------------------------------------------------------------------------------------------------------------------------------------------------------------
 Sort  (cost=132502.10..132621.76 rows=47864 width=44) (actual time=1206.346..1207.801 rows=26798 loops=1)
   Sort Key: (count(DISTINCT partsupp.ps_suppkey)) DESC, part.p_brand, part.p_type, part.p_size
   Sort Method: quicksort  Memory: 2885kB
   ->  GroupAggregate  (cost=126086.82..128781.48 rows=47864 width=44) (actual time=914.334..1163.994 rows=26798 loops=1)
         Group Key: part.p_brand, part.p_type, part.p_size
         ->  Sort  (cost=126086.82..126530.03 rows=177281 width=40) (actual time=914.300..1060.023 rows=355733 loops=1)
               Sort Key: part.p_brand, part.p_type, part.p_size
               Sort Method: external merge  Disk: 18168kB
               ->  Gather  (cost=21040.57..105780.75 rows=177281 width=40) (actual time=83.175..392.485 rows=355733 loops=1)
                     Workers Planned: 2
                     Workers Launched: 2
                     ->  Parallel Hash Join  (cost=20040.57..87052.65 rows=73867 width=40) (actual time=80.950..357.178 rows=118578 loops=3)
                           Hash Cond: (partsupp.ps_partkey = part.p_partkey)
                           ->  Parallel Seq Scan on partsupp  (cost=1040.01..65868.88 rows=500115 width=8) (actual time=10.542..187.168 rows=799600 loops=3)
                                 Filter: (NOT (hashed SubPlan 1))
                                 Rows Removed by Filter: 400
                                 SubPlan 1
                                   ->  Seq Scan on supplier  (cost=0.00..1040.00 rows=3 width=4) (actual time=0.140..10.504 rows=15 loops=3)
                                         Filter: ((s_comment)::text ~~ '%Customer%Complaints%'::text)
                                         Rows Removed by Filter: 29985
                           ->  Parallel Hash  (cost=18539.00..18539.00 rows=36925 width=40) (actual time=69.879..69.879 rows=29658 loops=3)
                                 Buckets: 131072  Batches: 1  Memory Usage: 7712kB
                                 ->  Parallel Seq Scan on part  (cost=0.00..18539.00 rows=36925 width=40) (actual time=0.025..56.219 rows=29658 loops=3)
                                       Filter: ((p_brand <> 'Brand#45'::bpchar) AND ((p_type)::text !~~ 'MEDIUM POLISHED%'::text) AND (p_size = ANY ('{49,14,23,45,19,3,36,9}'::integer[])))
                                       Rows Removed by Filter: 170342
 Planning Time: 0.668 ms
 Execution Time: 1213.156 ms
(27 rows)

execute /home/pei/benchmarks/tpch-postgre/dbgen/out/skinner_explained/17.sql_explained.sql
SET
psql:/home/pei/benchmarks/tpch-postgre/dbgen/out/skinner_explained/17.sql_explained.sql:25: ERROR:  canceling statement due to statement timeout
execute /home/pei/benchmarks/tpch-postgre/dbgen/out/skinner_explained/18.sql_explained.sql
SET
                                                                                                QUERY PLAN                                                                                                 
-----------------------------------------------------------------------------------------------------------------------------------------------------------------------------------------------------------
 GroupAggregate  (cost=2755537.93..2771989.78 rows=548395 width=71) (actual time=18113.520..18114.122 rows=179 loops=1)
   Group Key: orders.o_totalprice, orders.o_orderdate, customer.c_name, customer.c_custkey, orders.o_orderkey
   ->  Sort  (cost=2755537.93..2756908.92 rows=548395 width=44) (actual time=18113.501..18113.554 rows=1253 loops=1)
         Sort Key: orders.o_totalprice DESC, orders.o_orderdate, customer.c_name, customer.c_custkey, orders.o_orderkey
         Sort Method: quicksort  Memory: 146kB
         ->  Hash Join  (cost=1919134.52..2686392.57 rows=548395 width=44) (actual time=12257.618..18112.226 rows=1253 loops=1)
               Hash Cond: (lineitem.l_orderkey = orders.o_orderkey)
               ->  Seq Scan on lineitem  (cost=0.00..517338.80 rows=17996080 width=9) (actual time=0.015..2310.713 rows=17996609 loops=1)
               ->  Hash  (cost=1916214.45..1916214.45 rows=137126 width=43) (actual time=12207.115..12207.115 rows=179 loops=1)
                     Buckets: 65536  Batches: 4  Memory Usage: 516kB
                     ->  Hash Join  (cost=1721724.49..1916214.45 rows=137126 width=43) (actual time=10589.824..12206.982 rows=179 loops=1)
                           Hash Cond: (orders.o_custkey = customer.c_custkey)
                           ->  Hash Join  (cost=1698212.49..1886571.97 rows=137126 width=24) (actual time=10386.222..12026.223 rows=179 loops=1)
                                 Hash Cond: (orders.o_orderkey = lineitem_1.l_orderkey)
                                 ->  Seq Scan on orders  (cost=0.00..123277.18 rows=4499918 width=20) (actual time=0.015..607.905 rows=4500000 loops=1)
                                 ->  Hash  (cost=1695962.42..1695962.42 rows=137126 width=4) (actual time=10383.664..10383.664 rows=179 loops=1)
                                       Buckets: 131072  Batches: 2  Memory Usage: 1027kB
                                       ->  Finalize GroupAggregate  (cost=1525903.65..1694591.16 rows=137126 width=4) (actual time=3396.591..10383.531 rows=179 loops=1)
                                             Group Key: lineitem_1.l_orderkey
                                             Filter: (sum(lineitem_1.l_quantity) > '300'::numeric)
                                             Rows Removed by Filter: 4499821
                                             ->  Gather Merge  (cost=1525903.65..1682249.85 rows=822754 width=36) (actual time=3393.836..7103.305 rows=4708527 loops=1)
                                                   Workers Planned: 2
                                                   Workers Launched: 2
                                                   ->  Partial GroupAggregate  (cost=1524903.63..1586283.60 rows=411377 width=36) (actual time=3386.909..5645.302 rows=1569509 loops=3)
                                                         Group Key: lineitem_1.l_orderkey
                                                         ->  Sort  (cost=1524903.63..1543649.55 rows=7498367 width=9) (actual time=3386.888..3946.294 rows=5998870 loops=3)
                                                               Sort Key: lineitem_1.l_orderkey
                                                               Sort Method: external merge  Disk: 111960kB
                                                               Worker 0:  Sort Method: external merge  Disk: 110968kB
                                                               Worker 1:  Sort Method: external merge  Disk: 111912kB
                                                               ->  Parallel Seq Scan on lineitem lineitem_1  (cost=0.00..412361.67 rows=7498367 width=9) (actual time=0.026..848.847 rows=5998870 loops=3)
                           ->  Hash  (cost=15250.00..15250.00 rows=450000 width=23) (actual time=156.179..156.180 rows=450000 loops=1)
                                 Buckets: 65536  Batches: 8  Memory Usage: 3597kB
                                 ->  Seq Scan on customer  (cost=0.00..15250.00 rows=450000 width=23) (actual time=0.030..63.545 rows=450000 loops=1)
 Planning Time: 0.722 ms
 Execution Time: 18133.212 ms
(37 rows)

execute /home/pei/benchmarks/tpch-postgre/dbgen/out/skinner_explained/19.sql_explained.sql
SET
                                                                                                                                                                                                                                                                                                                                                                           QUERY PLAN                                                                                                                                                                                                                                                                                                                                                                           
----------------------------------------------------------------------------------------------------------------------------------------------------------------------------------------------------------------------------------------------------------------------------------------------------------------------------------------------------------------------------------------------------------------------------------------------------------------------------------------------------------------------------------------------------------------------------------------------------------------------------------------------------------------------------------------------------------------------------------------------------------------
 Finalize Aggregate  (cost=586793.64..586793.65 rows=1 width=32) (actual time=1678.191..1678.191 rows=1 loops=1)
   ->  Gather  (cost=586793.42..586793.63 rows=2 width=32) (actual time=1678.037..1682.174 rows=3 loops=1)
         Workers Planned: 2
         Workers Launched: 2
         ->  Partial Aggregate  (cost=585793.42..585793.43 rows=1 width=32) (actual time=1675.675..1675.675 rows=1 loops=3)
               ->  Parallel Hash Join  (cost=22921.53..585792.34 rows=143 width=12) (actual time=65.739..1675.559 rows=121 loops=3)
                     Hash Cond: (lineitem.l_partkey = part.p_partkey)
                     Join Filter: (((part.p_brand = 'Brand#12'::bpchar) AND (part.p_container = ANY ('{"SM CASE","SM BOX","SM PACK","SM PKG"}'::bpchar[])) AND (lineitem.l_quantity >= '1'::numeric) AND (lineitem.l_quantity <= '11'::numeric) AND (part.p_size <= 5)) OR ((part.p_brand = 'Brand#23'::bpchar) AND (part.p_container = ANY ('{"MED BAG","MED BOX","MED PKG","MED PACK"}'::bpchar[])) AND (lineitem.l_quantity >= '10'::numeric) AND (lineitem.l_quantity <= '20'::numeric) AND (part.p_size <= 10)) OR ((part.p_brand = 'Brand#34'::bpchar) AND (part.p_container = ANY ('{"LG CASE","LG BOX","LG PACK","LG PKG"}'::bpchar[])) AND (lineitem.l_quantity >= '20'::numeric) AND (lineitem.l_quantity <= '30'::numeric) AND (part.p_size <= 15)))
                     Rows Removed by Join Filter: 188
                     ->  Parallel Seq Scan on lineitem  (cost=0.00..562329.00 rows=142388 width=21) (actual time=0.029..1602.890 rows=128767 loops=3)
                           Filter: ((l_shipmode = ANY ('{AIR,"AIR REG"}'::bpchar[])) AND (l_shipinstruct = 'DELIVER IN PERSON'::bpchar) AND (((l_quantity >= '1'::numeric) AND (l_quantity <= '11'::numeric)) OR ((l_quantity >= '10'::numeric) AND (l_quantity <= '20'::numeric)) OR ((l_quantity >= '20'::numeric) AND (l_quantity <= '30'::numeric))))
                           Rows Removed by Filter: 5870103
                     ->  Parallel Hash  (cost=22914.00..22914.00 rows=602 width=30) (actual time=53.945..53.945 rows=489 loops=3)
                           Buckets: 2048  Batches: 1  Memory Usage: 144kB
                           ->  Parallel Seq Scan on part  (cost=0.00..22914.00 rows=602 width=30) (actual time=0.190..53.652 rows=489 loops=3)
                                 Filter: ((p_size >= 1) AND (((p_brand = 'Brand#12'::bpchar) AND (p_container = ANY ('{"SM CASE","SM BOX","SM PACK","SM PKG"}'::bpchar[])) AND (p_size <= 5)) OR ((p_brand = 'Brand#23'::bpchar) AND (p_container = ANY ('{"MED BAG","MED BOX","MED PKG","MED PACK"}'::bpchar[])) AND (p_size <= 10)) OR ((p_brand = 'Brand#34'::bpchar) AND (p_container = ANY ('{"LG CASE","LG BOX","LG PACK","LG PKG"}'::bpchar[])) AND (p_size <= 15))))
                                 Rows Removed by Filter: 199511
 Planning Time: 0.667 ms
 Execution Time: 1682.305 ms
(19 rows)

execute /home/pei/benchmarks/tpch-postgre/dbgen/out/skinner_explained/2.sql_explained.sql
SET
psql:/home/pei/benchmarks/tpch-postgre/dbgen/out/skinner_explained/2.sql_explained.sql:51: ERROR:  canceling statement due to statement timeout
execute /home/pei/benchmarks/tpch-postgre/dbgen/out/skinner_explained/20.sql_explained.sql
SET
psql:/home/pei/benchmarks/tpch-postgre/dbgen/out/skinner_explained/20.sql_explained.sql:45: ERROR:  canceling statement due to statement timeout
execute /home/pei/benchmarks/tpch-postgre/dbgen/out/skinner_explained/21.sql_explained.sql
SET
psql:/home/pei/benchmarks/tpch-postgre/dbgen/out/skinner_explained/21.sql_explained.sql:47: ERROR:  canceling statement due to statement timeout
execute /home/pei/benchmarks/tpch-postgre/dbgen/out/skinner_explained/3.sql_explained.sql
SET
                                                                                  QUERY PLAN                                                                                  
------------------------------------------------------------------------------------------------------------------------------------------------------------------------------
 Sort  (cost=946756.28..949214.68 rows=983362 width=44) (actual time=2597.097..2600.463 rows=34207 loops=1)
   Sort Key: (sum((lineitem.l_extendedprice * ('1'::numeric - lineitem.l_discount)))) DESC, orders.o_orderdate
   Sort Method: quicksort  Memory: 3618kB
   ->  Finalize GroupAggregate  (cost=658960.22..788374.56 rows=983362 width=44) (actual time=2522.888..2578.808 rows=34207 loops=1)
         Group Key: lineitem.l_orderkey, orders.o_orderdate, orders.o_shippriority
         ->  Gather Merge  (cost=658960.22..765839.18 rows=819468 width=44) (actual time=2522.878..2624.826 rows=34418 loops=1)
               Workers Planned: 2
               Workers Launched: 2
               ->  Partial GroupAggregate  (cost=657960.20..670252.22 rows=409734 width=44) (actual time=2520.354..2542.803 rows=11473 loops=3)
                     Group Key: lineitem.l_orderkey, orders.o_orderdate, orders.o_shippriority
                     ->  Sort  (cost=657960.20..658984.53 rows=409734 width=24) (actual time=2520.332..2521.690 rows=30009 loops=3)
                           Sort Key: lineitem.l_orderkey, orders.o_orderdate, orders.o_shippriority
                           Sort Method: quicksort  Memory: 3161kB
                           Worker 0:  Sort Method: quicksort  Memory: 3085kB
                           Worker 1:  Sort Method: quicksort  Memory: 3092kB
                           ->  Parallel Hash Join  (cost=122810.80..611360.62 rows=409734 width=24) (actual time=2205.240..2507.957 rows=30009 loops=3)
                                 Hash Cond: (lineitem.l_orderkey = orders.o_orderkey)
                                 ->  Parallel Seq Scan on lineitem  (cost=0.00..431107.58 rows=4055202 width=16) (actual time=0.018..1105.598 rows=3233939 loops=3)
                                       Filter: (l_shipdate > '1995-03-15'::date)
                                       Rows Removed by Filter: 2764930
                                 ->  Parallel Hash  (cost=119516.74..119516.74 rows=189445 width=12) (actual time=424.591..424.591 rows=146891 loops=3)
                                       Buckets: 131072  Batches: 8  Memory Usage: 3712kB
                                       ->  Parallel Hash Join  (cost=13578.67..119516.74 rows=189445 width=12) (actual time=37.484..395.923 rows=146891 loops=3)
                                             Hash Cond: (orders.o_custkey = customer.c_custkey)
                                             ->  Parallel Seq Scan on orders  (cost=0.00..101715.07 rows=915635 width=16) (actual time=0.019..221.644 rows=728721 loops=3)
                                                   Filter: (o_orderdate < '1995-03-15'::date)
                                                   Rows Removed by Filter: 771279
                                             ->  Parallel Hash  (cost=13093.75..13093.75 rows=38794 width=4) (actual time=37.211..37.212 rows=30119 loops=3)
                                                   Buckets: 131072  Batches: 1  Memory Usage: 4608kB
                                                   ->  Parallel Seq Scan on customer  (cost=0.00..13093.75 rows=38794 width=4) (actual time=0.043..29.067 rows=30119 loops=3)
                                                         Filter: (c_mktsegment = 'BUILDING'::bpchar)
                                                         Rows Removed by Filter: 119881
 Planning Time: 0.547 ms
 Execution Time: 2675.684 ms
(34 rows)

execute /home/pei/benchmarks/tpch-postgre/dbgen/out/skinner_explained/4.sql_explained.sql
SET
                                                                            QUERY PLAN                                                                             
-------------------------------------------------------------------------------------------------------------------------------------------------------------------
 Finalize GroupAggregate  (cost=590820.64..590871.54 rows=5 width=24) (actual time=2203.613..2209.597 rows=5 loops=1)
   Group Key: orders.o_orderpriority
   ->  Gather Merge  (cost=590820.64..590871.44 rows=10 width=24) (actual time=2202.023..2287.751 rows=15 loops=1)
         Workers Planned: 2
         Workers Launched: 2
         ->  Partial GroupAggregate  (cost=589820.61..589870.26 rows=5 width=24) (actual time=2199.747..2205.780 rows=5 loops=3)
               Group Key: orders.o_orderpriority
               ->  Sort  (cost=589820.61..589837.14 rows=6613 width=16) (actual time=2198.232..2200.663 rows=52805 loops=3)
                     Sort Key: orders.o_orderpriority
                     Sort Method: quicksort  Memory: 3848kB
                     Worker 0:  Sort Method: quicksort  Memory: 3807kB
                     Worker 1:  Sort Method: quicksort  Memory: 3867kB
                     ->  Parallel Hash Semi Join  (cost=472114.77..589400.98 rows=6613 width=16) (actual time=1917.637..2186.108 rows=52805 loops=3)
                           Hash Cond: (orders.o_orderkey = lineitem.l_orderkey)
                           ->  Parallel Seq Scan on orders  (cost=0.00..106402.49 rows=72338 width=20) (actual time=0.029..212.200 rows=57571 loops=3)
                                 Filter: ((o_orderdate >= '1993-07-01'::date) AND (o_orderdate < '1993-10-01 00:00:00'::timestamp without time zone))
                                 Rows Removed by Filter: 1442429
                           ->  Parallel Hash  (cost=431107.58..431107.58 rows=2499455 width=4) (actual time=1677.800..1677.800 rows=3792542 loops=3)
                                 Buckets: 131072  Batches: 128  Memory Usage: 4608kB
                                 ->  Parallel Seq Scan on lineitem  (cost=0.00..431107.58 rows=2499455 width=4) (actual time=0.025..1181.794 rows=3792542 loops=3)
                                       Filter: (l_commitdate < l_receiptdate)
                                       Rows Removed by Filter: 2206328
 Planning Time: 0.419 ms
 Execution Time: 2288.166 ms
(24 rows)

execute /home/pei/benchmarks/tpch-postgre/dbgen/out/skinner_explained/5.sql_explained.sql
SET
                                                                                         QUERY PLAN                                                                                         
--------------------------------------------------------------------------------------------------------------------------------------------------------------------------------------------
 Sort  (cost=563930.40..563930.83 rows=170 width=136) (actual time=1809.711..1809.711 rows=5 loops=1)
   Sort Key: (sum((lineitem.l_extendedprice * ('1'::numeric - lineitem.l_discount)))) DESC
   Sort Method: quicksort  Memory: 25kB
   ->  Finalize GroupAggregate  (cost=563874.71..563924.11 rows=170 width=136) (actual time=1807.053..1809.692 rows=5 loops=1)
         Group Key: nation.n_name
         ->  Gather Merge  (cost=563874.71..563919.43 rows=340 width=136) (actual time=1806.324..1813.733 rows=15 loops=1)
               Workers Planned: 2
               Workers Launched: 2
               ->  Partial GroupAggregate  (cost=562874.69..562880.16 rows=170 width=136) (actual time=1803.378..1806.067 rows=5 loops=3)
                     Group Key: nation.n_name
                     ->  Sort  (cost=562874.69..562875.36 rows=268 width=116) (actual time=1802.685..1803.019 rows=7343 loops=3)
                           Sort Key: nation.n_name
                           Sort Method: quicksort  Memory: 760kB
                           Worker 0:  Sort Method: quicksort  Memory: 785kB
                           Worker 1:  Sort Method: quicksort  Memory: 753kB
                           ->  Hash Join  (cost=122301.72..562863.88 rows=268 width=116) (actual time=366.825..1798.393 rows=7343 loops=3)
                                 Hash Cond: ((lineitem.l_suppkey = supplier.s_suppkey) AND (customer.c_nationkey = supplier.s_nationkey))
                                 ->  Parallel Hash Join  (cost=120886.72..561395.45 rows=6766 width=128) (actual time=356.387..1744.768 rows=183378 loops=3)
                                       Hash Cond: (lineitem.l_orderkey = orders.o_orderkey)
                                       ->  Parallel Seq Scan on lineitem  (cost=0.00..412361.67 rows=7498367 width=20) (actual time=0.012..733.643 rows=5998870 loops=3)
                                       ->  Parallel Hash  (cost=120865.57..120865.57 rows=1692 width=116) (actual time=356.233..356.233 rows=45716 loops=3)
                                             Buckets: 262144 (originally 4096)  Batches: 1 (originally 1)  Memory Usage: 13760kB
                                             ->  Parallel Hash Join  (cost=13377.44..120865.57 rows=1692 width=116) (actual time=53.312..327.154 rows=45716 loops=3)
                                                   Hash Cond: (orders.o_custkey = customer.c_custkey)
                                                   ->  Parallel Seq Scan on orders  (cost=0.00..106402.49 rows=287625 width=8) (actual time=0.018..219.009 rows=227810 loops=3)
                                                         Filter: ((o_orderdate >= '1994-01-01'::date) AND (o_orderdate < '1995-01-01 00:00:00'::timestamp without time zone))
                                                         Rows Removed by Filter: 1272190
                                                   ->  Parallel Hash  (cost=13363.65..13363.65 rows=1103 width=116) (actual time=53.257..53.257 rows=30145 loops=3)
                                                         Buckets: 131072 (originally 4096)  Batches: 1 (originally 1)  Memory Usage: 8416kB
                                                         ->  Hash Join  (cost=24.50..13363.65 rows=1103 width=116) (actual time=0.099..37.836 rows=30145 loops=3)
                                                               Hash Cond: (customer.c_nationkey = nation.n_nationkey)
                                                               ->  Parallel Seq Scan on customer  (cost=0.00..12625.00 rows=187500 width=8) (actual time=0.027..21.063 rows=150000 loops=3)
                                                               ->  Hash  (cost=24.48..24.48 rows=1 width=108) (actual time=0.056..0.056 rows=5 loops=3)
                                                                     Buckets: 1024  Batches: 1  Memory Usage: 9kB
                                                                     ->  Hash Join  (cost=12.14..24.48 rows=1 width=108) (actual time=0.046..0.050 rows=5 loops=3)
                                                                           Hash Cond: (nation.n_regionkey = region.r_regionkey)
                                                                           ->  Seq Scan on nation  (cost=0.00..11.70 rows=170 width=112) (actual time=0.009..0.010 rows=25 loops=3)
                                                                           ->  Hash  (cost=12.12..12.12 rows=1 width=4) (actual time=0.021..0.022 rows=1 loops=3)
                                                                                 Buckets: 1024  Batches: 1  Memory Usage: 9kB
                                                                                 ->  Seq Scan on region  (cost=0.00..12.12 rows=1 width=4) (actual time=0.018..0.019 rows=1 loops=3)
                                                                                       Filter: (r_name = 'ASIA'::bpchar)
                                                                                       Rows Removed by Filter: 4
                                 ->  Hash  (cost=965.00..965.00 rows=30000 width=8) (actual time=10.064..10.064 rows=30000 loops=3)
                                       Buckets: 32768  Batches: 1  Memory Usage: 1428kB
                                       ->  Seq Scan on supplier  (cost=0.00..965.00 rows=30000 width=8) (actual time=0.015..5.932 rows=30000 loops=3)
 Planning Time: 1.245 ms
 Execution Time: 1815.164 ms
(47 rows)

execute /home/pei/benchmarks/tpch-postgre/dbgen/out/skinner_explained/6.sql_explained.sql
SET
                                                                                                        QUERY PLAN                                                                                                         
---------------------------------------------------------------------------------------------------------------------------------------------------------------------------------------------------------------------------
 Finalize Aggregate  (cost=507814.90..507814.91 rows=1 width=32) (actual time=1151.463..1151.463 rows=1 loops=1)
   ->  Gather  (cost=507814.68..507814.89 rows=2 width=32) (actual time=1151.369..1154.867 rows=3 loops=1)
         Workers Planned: 2
         Workers Launched: 2
         ->  Partial Aggregate  (cost=506814.68..506814.69 rows=1 width=32) (actual time=1149.209..1149.210 rows=1 loops=3)
               ->  Parallel Seq Scan on lineitem  (cost=0.00..506091.25 rows=144685 width=12) (actual time=0.036..1113.720 rows=114155 loops=3)
                     Filter: ((l_shipdate >= '1994-01-01'::date) AND (l_shipdate < '1995-01-01 00:00:00'::timestamp without time zone) AND (l_discount >= 0.05) AND (l_discount <= 0.07) AND (l_quantity < '24'::numeric))
                     Rows Removed by Filter: 5884715
 Planning Time: 0.302 ms
 Execution Time: 1154.952 ms
(10 rows)

execute /home/pei/benchmarks/tpch-postgre/dbgen/out/skinner_explained/7.sql_explained.sql
SET
                                                                                      QUERY PLAN                                                                                       
---------------------------------------------------------------------------------------------------------------------------------------------------------------------------------------
 Finalize GroupAggregate  (cost=578493.76..578545.70 rows=375 width=248) (actual time=2283.666..2286.084 rows=4 loops=1)
   Group Key: n1.n_name, n2.n_name, (date_part('year'::text, (lineitem.l_shipdate)::timestamp without time zone))
   ->  Gather Merge  (cost=578493.76..578535.24 rows=312 width=248) (actual time=2282.910..2435.161 rows=12 loops=1)
         Workers Planned: 2
         Workers Launched: 2
         ->  Partial GroupAggregate  (cost=577493.74..577499.20 rows=156 width=248) (actual time=2280.138..2282.447 rows=4 loops=3)
               Group Key: n1.n_name, n2.n_name, (date_part('year'::text, (lineitem.l_shipdate)::timestamp without time zone))
               ->  Sort  (cost=577493.74..577494.13 rows=156 width=228) (actual time=2279.391..2279.655 rows=5777 loops=3)
                     Sort Key: n1.n_name, n2.n_name, (date_part('year'::text, (lineitem.l_shipdate)::timestamp without time zone))
                     Sort Method: quicksort  Memory: 1020kB
                     Worker 0:  Sort Method: quicksort  Memory: 985kB
                     Worker 1:  Sort Method: quicksort  Memory: 1010kB
                     ->  Hash Join  (cost=118914.77..577488.06 rows=156 width=228) (actual time=1863.952..2275.379 rows=5777 loops=3)
                           Hash Cond: (lineitem.l_suppkey = supplier.s_suppkey)
                           Join Filter: (((n1.n_name = 'FRANCE'::bpchar) AND (n2.n_name = 'GERMANY'::bpchar)) OR ((n1.n_name = 'GERMANY'::bpchar) AND (n2.n_name = 'FRANCE'::bpchar)))
                           Rows Removed by Join Filter: 5832
                           ->  Parallel Hash Join  (cost=117816.75..576283.02 rows=26672 width=124) (actual time=1855.779..2246.957 rows=147332 loops=3)
                                 Hash Cond: (lineitem.l_orderkey = orders.o_orderkey)
                                 ->  Parallel Seq Scan on lineitem  (cost=0.00..449853.50 rows=2267104 width=24) (actual time=0.016..1047.383 rows=1821396 loops=3)
                                       Filter: ((l_shipdate >= '1995-01-01'::date) AND (l_shipdate <= '1996-12-31'::date))
                                       Rows Removed by Filter: 4177474
                                 ->  Parallel Hash  (cost=117541.03..117541.03 rows=22058 width=108) (actual time=482.024..482.024 rows=121711 loops=3)
                                       Buckets: 65536 (originally 65536)  Batches: 8 (originally 1)  Memory Usage: 3424kB
                                       ->  Parallel Hash Join  (cost=13390.34..117541.03 rows=22058 width=108) (actual time=44.017..434.934 rows=121711 loops=3)
                                             Hash Cond: (orders.o_custkey = customer.c_custkey)
                                             ->  Parallel Seq Scan on orders  (cost=0.00..97027.66 rows=1874966 width=8) (actual time=0.016..179.228 rows=1500000 loops=3)
                                             ->  Parallel Hash  (cost=13362.76..13362.76 rows=2206 width=108) (actual time=43.959..43.959 rows=12073 loops=3)
                                                   Buckets: 65536 (originally 8192)  Batches: 1 (originally 1)  Memory Usage: 3296kB
                                                   ->  Hash Join  (cost=12.58..13362.76 rows=2206 width=108) (actual time=0.061..35.193 rows=12073 loops=3)
                                                         Hash Cond: (customer.c_nationkey = n2.n_nationkey)
                                                         ->  Parallel Seq Scan on customer  (cost=0.00..12625.00 rows=187500 width=8) (actual time=0.029..21.170 rows=150000 loops=3)
                                                         ->  Hash  (cost=12.55..12.55 rows=2 width=108) (actual time=0.011..0.012 rows=2 loops=3)
                                                               Buckets: 1024  Batches: 1  Memory Usage: 9kB
                                                               ->  Seq Scan on nation n2  (cost=0.00..12.55 rows=2 width=108) (actual time=0.005..0.008 rows=2 loops=3)
                                                                     Filter: ((n_name = 'GERMANY'::bpchar) OR (n_name = 'FRANCE'::bpchar))
                                                                     Rows Removed by Filter: 23
                           ->  Hash  (cost=1093.61..1093.61 rows=353 width=108) (actual time=8.069..8.070 rows=2361 loops=3)
                                 Buckets: 4096 (originally 1024)  Batches: 1 (originally 1)  Memory Usage: 175kB
                                 ->  Hash Join  (cost=12.58..1093.61 rows=353 width=108) (actual time=0.056..7.543 rows=2361 loops=3)
                                       Hash Cond: (supplier.s_nationkey = n1.n_nationkey)
                                       ->  Seq Scan on supplier  (cost=0.00..965.00 rows=30000 width=8) (actual time=0.011..4.551 rows=30000 loops=3)
                                       ->  Hash  (cost=12.55..12.55 rows=2 width=108) (actual time=0.022..0.022 rows=2 loops=3)
                                             Buckets: 1024  Batches: 1  Memory Usage: 9kB
                                             ->  Seq Scan on nation n1  (cost=0.00..12.55 rows=2 width=108) (actual time=0.013..0.016 rows=2 loops=3)
                                                   Filter: ((n_name = 'FRANCE'::bpchar) OR (n_name = 'GERMANY'::bpchar))
                                                   Rows Removed by Filter: 23
 Planning Time: 1.097 ms
 Execution Time: 2436.110 ms
(48 rows)

execute /home/pei/benchmarks/tpch-postgre/dbgen/out/skinner_explained/8.sql_explained.sql
SET
                                                                                            QUERY PLAN                                                                                            
--------------------------------------------------------------------------------------------------------------------------------------------------------------------------------------------------
 Finalize GroupAggregate  (cost=580334.29..580365.27 rows=210 width=40) (actual time=3517.821..3517.827 rows=2 loops=1)
   Group Key: (date_part('year'::text, (orders.o_orderdate)::timestamp without time zone))
   ->  Gather Merge  (cost=580334.29..580358.34 rows=176 width=72) (actual time=3517.145..4024.793 rows=6 loops=1)
         Workers Planned: 2
         Workers Launched: 2
         ->  Partial GroupAggregate  (cost=579334.27..579338.01 rows=88 width=72) (actual time=3514.415..3515.078 rows=2 loops=3)
               Group Key: (date_part('year'::text, (orders.o_orderdate)::timestamp without time zone))
               ->  Sort  (cost=579334.27..579334.49 rows=88 width=124) (actual time=3513.749..3513.856 rows=2548 loops=3)
                     Sort Key: (date_part('year'::text, (orders.o_orderdate)::timestamp without time zone))
                     Sort Method: quicksort  Memory: 292kB
                     Worker 0:  Sort Method: quicksort  Memory: 295kB
                     Worker 1:  Sort Method: quicksort  Memory: 300kB
                     ->  Hash Join  (cost=138742.45..579331.42 rows=88 width=124) (actual time=2293.982..3512.751 rows=2548 loops=3)
                           Hash Cond: (supplier.s_nationkey = n2.n_nationkey)
                           ->  Hash Join  (cost=138728.63..579315.95 rows=88 width=20) (actual time=2293.916..3511.640 rows=2548 loops=3)
                                 Hash Cond: (lineitem.l_suppkey = supplier.s_suppkey)
                                 ->  Parallel Hash Join  (cost=137388.63..577974.75 rows=88 width=20) (actual time=2284.212..3500.304 rows=2548 loops=3)
                                       Hash Cond: (lineitem.l_partkey = part.p_partkey)
                                       ->  Parallel Hash Join  (cost=121953.84..562489.75 rows=13290 width=24) (actual time=2252.366..3419.904 rows=361590 loops=3)
                                             Hash Cond: (lineitem.l_orderkey = orders.o_orderkey)
                                             ->  Parallel Seq Scan on lineitem  (cost=0.00..412361.67 rows=7498367 width=24) (actual time=0.011..748.263 rows=5998870 loops=3)
                                             ->  Parallel Hash  (cost=121912.30..121912.30 rows=3323 width=8) (actual time=411.798..411.798 rows=90399 loops=3)
                                                   Buckets: 65536 (originally 8192)  Batches: 8 (originally 1)  Memory Usage: 1920kB
                                                   ->  Parallel Hash Join  (cost=13377.44..121912.30 rows=3323 width=8) (actual time=52.136..366.872 rows=90399 loops=3)
                                                         Hash Cond: (orders.o_custkey = customer.c_custkey)
                                                         ->  Parallel Seq Scan on orders  (cost=0.00..106402.49 rows=564940 width=12) (actual time=0.017..223.769 rows=455395 loops=3)
                                                               Filter: ((o_orderdate >= '1995-01-01'::date) AND (o_orderdate <= '1996-12-31'::date))
                                                               Rows Removed by Filter: 1044605
                                                         ->  Parallel Hash  (cost=13363.65..13363.65 rows=1103 width=4) (actual time=52.078..52.078 rows=29900 loops=3)
                                                               Buckets: 131072 (originally 4096)  Batches: 1 (originally 1)  Memory Usage: 5568kB
                                                               ->  Hash Join  (cost=24.50..13363.65 rows=1103 width=4) (actual time=0.912..38.477 rows=29900 loops=3)
                                                                     Hash Cond: (customer.c_nationkey = n1.n_nationkey)
                                                                     ->  Parallel Seq Scan on customer  (cost=0.00..12625.00 rows=187500 width=8) (actual time=0.845..22.305 rows=150000 loops=3)
                                                                     ->  Hash  (cost=24.48..24.48 rows=1 width=4) (actual time=0.048..0.049 rows=5 loops=3)
                                                                           Buckets: 1024  Batches: 1  Memory Usage: 9kB
                                                                           ->  Hash Join  (cost=12.14..24.48 rows=1 width=4) (actual time=0.039..0.045 rows=5 loops=3)
                                                                                 Hash Cond: (n1.n_regionkey = region.r_regionkey)
                                                                                 ->  Seq Scan on nation n1  (cost=0.00..11.70 rows=170 width=8) (actual time=0.005..0.007 rows=25 loops=3)
                                                                                 ->  Hash  (cost=12.12..12.12 rows=1 width=4) (actual time=0.018..0.019 rows=1 loops=3)
                                                                                       Buckets: 1024  Batches: 1  Memory Usage: 9kB
                                                                                       ->  Seq Scan on region  (cost=0.00..12.12 rows=1 width=4) (actual time=0.015..0.016 rows=1 loops=3)
                                                                                             Filter: (r_name = 'AMERICA'::bpchar)
                                                                                             Rows Removed by Filter: 4
                                       ->  Parallel Hash  (cost=15414.00..15414.00 rows=1663 width=4) (actual time=31.554..31.554 rows=1396 loops=3)
                                             Buckets: 4096  Batches: 1  Memory Usage: 224kB
                                             ->  Parallel Seq Scan on part  (cost=0.00..15414.00 rows=1663 width=4) (actual time=0.051..31.089 rows=1396 loops=3)
                                                   Filter: ((p_type)::text = 'ECONOMY ANODIZED STEEL'::text)
                                                   Rows Removed by Filter: 198604
                                 ->  Hash  (cost=965.00..965.00 rows=30000 width=8) (actual time=9.544..9.544 rows=30000 loops=3)
                                       Buckets: 32768  Batches: 1  Memory Usage: 1428kB
                                       ->  Seq Scan on supplier  (cost=0.00..965.00 rows=30000 width=8) (actual time=0.012..5.630 rows=30000 loops=3)
                           ->  Hash  (cost=11.70..11.70 rows=170 width=108) (actual time=0.024..0.024 rows=25 loops=3)
                                 Buckets: 1024  Batches: 1  Memory Usage: 10kB
                                 ->  Seq Scan on nation n2  (cost=0.00..11.70 rows=170 width=108) (actual time=0.011..0.014 rows=25 loops=3)
 Planning Time: 1.326 ms
 Execution Time: 4025.108 ms
(56 rows)

execute /home/pei/benchmarks/tpch-postgre/dbgen/out/skinner_explained/9.sql_explained.sql
SET
                                                                                           QUERY PLAN                                                                                            
-------------------------------------------------------------------------------------------------------------------------------------------------------------------------------------------------
 Finalize GroupAggregate  (cost=649909.42..649919.35 rows=73 width=144) (actual time=3715.860..4015.826 rows=175 loops=1)
   Group Key: nation.n_name, (date_part('year'::text, (orders.o_orderdate)::timestamp without time zone))
   ->  Gather Merge  (cost=649909.42..649917.47 rows=60 width=144) (actual time=3713.996..4202.968 rows=525 loops=1)
         Workers Planned: 2
         Workers Launched: 2
         ->  Partial GroupAggregate  (cost=648909.39..648910.52 rows=30 width=144) (actual time=3708.417..4004.647 rows=175 loops=3)
               Group Key: nation.n_name, (date_part('year'::text, (orders.o_orderdate)::timestamp without time zone))
               ->  Sort  (cost=648909.39..648909.47 rows=30 width=135) (actual time=3707.329..3778.066 rows=326640 loops=3)
                     Sort Key: nation.n_name, (date_part('year'::text, (orders.o_orderdate)::timestamp without time zone)) DESC
                     Sort Method: external merge  Disk: 24192kB
                     Worker 0:  Sort Method: external merge  Disk: 23776kB
                     Worker 1:  Sort Method: external merge  Disk: 24440kB
                     ->  Hash Join  (cost=544849.18..648908.66 rows=30 width=135) (actual time=2959.021..3408.059 rows=326640 loops=3)
                           Hash Cond: (supplier.s_nationkey = nation.n_nationkey)
                           ->  Parallel Hash Join  (cost=544835.36..648894.27 rows=30 width=31) (actual time=2958.959..3318.322 rows=326640 loops=3)
                                 Hash Cond: (orders.o_orderkey = lineitem.l_orderkey)
                                 ->  Parallel Seq Scan on orders  (cost=0.00..97027.66 rows=1874966 width=8) (actual time=0.028..185.560 rows=1500000 loops=3)
                                 ->  Parallel Hash  (cost=544834.98..544834.98 rows=30 width=31) (actual time=2479.019..2479.019 rows=326640 loops=3)
                                       Buckets: 65536 (originally 1024)  Batches: 32 (originally 1)  Memory Usage: 2752kB
                                       ->  Hash Join  (cost=463460.41..544834.98 rows=30 width=31) (actual time=2079.782..2326.405 rows=326640 loops=3)
                                             Hash Cond: (lineitem.l_suppkey = supplier.s_suppkey)
                                             ->  Parallel Hash Join  (cost=462120.41..543494.56 rows=31 width=35) (actual time=2069.982..2249.702 rows=326640 loops=3)
                                                   Hash Cond: ((partsupp.ps_suppkey = lineitem.l_suppkey) AND (partsupp.ps_partkey = lineitem.l_partkey))
                                                   ->  Parallel Seq Scan on partsupp  (cost=0.00..62328.30 rows=1000230 width=14) (actual time=0.021..126.602 rows=800000 loops=3)
                                                   ->  Parallel Hash  (cost=456936.03..456936.03 rows=227225 width=33) (actual time=1810.089..1810.089 rows=326640 loops=3)
                                                         Buckets: 65536 (originally 65536)  Batches: 32 (originally 16)  Memory Usage: 2816kB
                                                         ->  Parallel Hash Join  (cost=15508.70..456936.03 rows=227225 width=33) (actual time=50.502..1668.337 rows=326640 loops=3)
                                                               Hash Cond: (lineitem.l_partkey = part.p_partkey)
                                                               ->  Parallel Seq Scan on lineitem  (cost=0.00..412361.67 rows=7498367 width=29) (actual time=0.014..730.282 rows=5998870 loops=3)
                                                               ->  Parallel Hash  (cost=15414.00..15414.00 rows=7576 width=4) (actual time=50.377..50.378 rows=10887 loops=3)
                                                                     Buckets: 32768  Batches: 1  Memory Usage: 1600kB
                                                                     ->  Parallel Seq Scan on part  (cost=0.00..15414.00 rows=7576 width=4) (actual time=0.039..47.212 rows=10887 loops=3)
                                                                           Filter: ((p_name)::text ~~ '%green%'::text)
                                                                           Rows Removed by Filter: 189113
                                             ->  Hash  (cost=965.00..965.00 rows=30000 width=8) (actual time=9.632..9.633 rows=30000 loops=3)
                                                   Buckets: 32768  Batches: 1  Memory Usage: 1428kB
                                                   ->  Seq Scan on supplier  (cost=0.00..965.00 rows=30000 width=8) (actual time=0.010..5.635 rows=30000 loops=3)
                           ->  Hash  (cost=11.70..11.70 rows=170 width=108) (actual time=0.023..0.023 rows=25 loops=3)
                                 Buckets: 1024  Batches: 1  Memory Usage: 10kB
                                 ->  Seq Scan on nation  (cost=0.00..11.70 rows=170 width=108) (actual time=0.011..0.014 rows=25 loops=3)
 Planning Time: 1.437 ms
 Execution Time: 4207.890 ms
(42 rows)

execute /home/pei/benchmarks/tpch-postgre/dbgen/out/skinner_explained/1.sql_explained.sql
SET
                                                                       QUERY PLAN                                                                       
--------------------------------------------------------------------------------------------------------------------------------------------------------
 Finalize GroupAggregate  (cost=727749.01..727751.08 rows=6 width=236) (actual time=7954.501..7954.549 rows=4 loops=1)
   Group Key: l_returnflag, l_linestatus
   ->  Gather Merge  (cost=727749.01..727750.41 rows=12 width=236) (actual time=7954.453..7958.061 rows=12 loops=1)
         Workers Planned: 2
         Workers Launched: 2
         ->  Sort  (cost=726748.99..726749.00 rows=6 width=236) (actual time=7951.889..7951.889 rows=4 loops=3)
               Sort Key: l_returnflag, l_linestatus
               Sort Method: quicksort  Memory: 27kB
               Worker 0:  Sort Method: quicksort  Memory: 27kB
               Worker 1:  Sort Method: quicksort  Memory: 27kB
               ->  Partial HashAggregate  (cost=726748.74..726748.91 rows=6 width=236) (actual time=7951.851..7951.860 rows=4 loops=3)
                     Group Key: l_returnflag, l_linestatus
                     ->  Parallel Seq Scan on lineitem  (cost=0.00..431107.58 rows=7391029 width=25) (actual time=0.029..1203.319 rows=5914512 loops=3)
                           Filter: (l_shipdate <= '1998-09-02 00:00:00'::timestamp without time zone)
                           Rows Removed by Filter: 84357
 Planning Time: 0.444 ms
 Execution Time: 7958.293 ms
(17 rows)

execute /home/pei/benchmarks/tpch-postgre/dbgen/out/skinner_explained/10.sql_explained.sql
SET
                                                                                      QUERY PLAN                                                                                      
--------------------------------------------------------------------------------------------------------------------------------------------------------------------------------------
 Sort  (cost=640136.45..640565.89 rows=171775 width=280) (actual time=2236.202..2336.855 rows=114218 loops=1)
   Sort Key: (sum((lineitem.l_extendedprice * ('1'::numeric - lineitem.l_discount)))) DESC
   Sort Method: external merge  Disk: 21328kB
   ->  Finalize GroupAggregate  (cost=578134.48..602887.97 rows=171775 width=280) (actual time=1858.831..2122.805 rows=114218 loops=1)
         Group Key: customer.c_custkey, customer.c_name, customer.c_acctbal, customer.c_phone, nation.n_name, customer.c_address, customer.c_comment
         ->  Gather Merge  (cost=578134.48..597520.00 rows=143146 width=280) (actual time=1858.818..2031.120 rows=114218 loops=1)
               Workers Planned: 2
               Workers Launched: 2
               ->  Partial GroupAggregate  (cost=577134.46..579997.38 rows=71573 width=280) (actual time=1855.794..1978.783 rows=38073 loops=3)
                     Group Key: customer.c_custkey, customer.c_name, customer.c_acctbal, customer.c_phone, nation.n_name, customer.c_address, customer.c_comment
                     ->  Sort  (cost=577134.46..577313.39 rows=71573 width=260) (actual time=1855.775..1872.922 rows=114843 loops=3)
                           Sort Key: customer.c_custkey, customer.c_name, customer.c_acctbal, customer.c_phone, nation.n_name, customer.c_address, customer.c_comment
                           Sort Method: external merge  Disk: 22352kB
                           Worker 0:  Sort Method: external merge  Disk: 21032kB
                           Worker 1:  Sort Method: external merge  Disk: 22472kB
                           ->  Hash Join  (cost=546536.90..562553.62 rows=71573 width=260) (actual time=1625.428..1703.976 rows=114843 loops=3)
                                 Hash Cond: (customer.c_nationkey = nation.n_nationkey)
                                 ->  Parallel Hash Join  (cost=546523.07..561555.67 rows=71573 width=160) (actual time=1625.372..1683.468 rows=114843 loops=3)
                                       Hash Cond: (customer.c_custkey = orders.o_custkey)
                                       ->  Parallel Seq Scan on customer  (cost=0.00..12625.00 rows=187500 width=148) (actual time=0.018..21.888 rows=150000 loops=3)
                                       ->  Parallel Hash  (cost=545628.41..545628.41 rows=71573 width=16) (actual time=1566.708..1566.708 rows=114843 loops=3)
                                             Buckets: 65536 (originally 262144)  Batches: 8 (originally 1)  Memory Usage: 2848kB
                                             ->  Parallel Hash Join  (cost=107312.86..545628.41 rows=71573 width=16) (actual time=228.381..1522.434 rows=114843 loops=3)
                                                   Hash Cond: (lineitem.l_orderkey = orders.o_orderkey)
                                                   ->  Parallel Seq Scan on lineitem  (cost=0.00..431107.58 rows=1842599 width=16) (actual time=0.015..1060.925 rows=1481158 loops=3)
                                                         Filter: (l_returnflag = 'R'::bpchar)
                                                         Rows Removed by Filter: 4517712
                                                   ->  Parallel Hash  (cost=106402.49..106402.49 rows=72830 width=8) (actual time=227.806..227.806 rows=57338 loops=3)
                                                         Buckets: 262144  Batches: 1  Memory Usage: 8832kB
                                                         ->  Parallel Seq Scan on orders  (cost=0.00..106402.49 rows=72830 width=8) (actual time=0.030..210.019 rows=57338 loops=3)
                                                               Filter: ((o_orderdate >= '1993-10-01'::date) AND (o_orderdate < '1994-01-01 00:00:00'::timestamp without time zone))
                                                               Rows Removed by Filter: 1442662
                                 ->  Hash  (cost=11.70..11.70 rows=170 width=108) (actual time=0.023..0.023 rows=25 loops=3)
                                       Buckets: 1024  Batches: 1  Memory Usage: 10kB
                                       ->  Seq Scan on nation  (cost=0.00..11.70 rows=170 width=108) (actual time=0.011..0.013 rows=25 loops=3)
 Planning Time: 0.836 ms
 Execution Time: 2370.942 ms
(37 rows)

execute /home/pei/benchmarks/tpch-postgre/dbgen/out/skinner_explained/11.sql_explained.sql
SET
                                                                               QUERY PLAN                                                                               
------------------------------------------------------------------------------------------------------------------------------------------------------------------------
 Sort  (cost=139028.37..139040.00 rows=4650 width=36) (actual time=506.649..506.804 rows=2800 loops=1)
   Sort Key: (sum((partsupp.ps_supplycost * (partsupp.ps_availqty)::numeric))) DESC
   Sort Method: quicksort  Memory: 228kB
   InitPlan 1 (returns $1)
     ->  Finalize Aggregate  (cost=68274.54..68274.55 rows=1 width=32) (actual time=197.553..197.553 rows=1 loops=1)
           ->  Gather  (cost=68274.32..68274.53 rows=2 width=32) (actual time=197.449..197.615 rows=3 loops=1)
                 Workers Planned: 2
                 Workers Launched: 2
                 ->  Partial Aggregate  (cost=67274.32..67274.33 rows=1 width=32) (actual time=195.083..195.083 rows=1 loops=3)
                       ->  Hash Join  (cost=1093.60..67230.73 rows=5812 width=10) (actual time=7.054..186.004 rows=31893 loops=3)
                             Hash Cond: (partsupp_1.ps_suppkey = supplier_1.s_suppkey)
                             ->  Parallel Seq Scan on partsupp partsupp_1  (cost=0.00..62328.30 rows=1000230 width=14) (actual time=0.025..103.285 rows=800000 loops=3)
                             ->  Hash  (cost=1091.40..1091.40 rows=176 width=4) (actual time=6.927..6.927 rows=1196 loops=3)
                                   Buckets: 2048 (originally 1024)  Batches: 1 (originally 1)  Memory Usage: 59kB
                                   ->  Hash Join  (cost=12.14..1091.40 rows=176 width=4) (actual time=0.049..6.743 rows=1196 loops=3)
                                         Hash Cond: (supplier_1.s_nationkey = nation_1.n_nationkey)
                                         ->  Seq Scan on supplier supplier_1  (cost=0.00..965.00 rows=30000 width=8) (actual time=0.010..4.022 rows=30000 loops=3)
                                         ->  Hash  (cost=12.12..12.12 rows=1 width=4) (actual time=0.020..0.020 rows=1 loops=3)
                                               Buckets: 1024  Batches: 1  Memory Usage: 9kB
                                               ->  Seq Scan on nation nation_1  (cost=0.00..12.12 rows=1 width=4) (actual time=0.012..0.015 rows=1 loops=3)
                                                     Filter: (n_name = 'GERMANY'::bpchar)
                                                     Rows Removed by Filter: 24
   ->  Finalize GroupAggregate  (cost=68594.14..70470.56 rows=4650 width=36) (actual time=394.517..505.331 rows=2800 loops=1)
         Group Key: partsupp.ps_partkey
         Filter: (sum((partsupp.ps_supplycost * (partsupp.ps_availqty)::numeric)) > $1)
         Rows Removed by Filter: 87241
         ->  Gather Merge  (cost=68594.14..70081.14 rows=11624 width=36) (actual time=196.895..240.277 rows=90229 loops=1)
               Workers Planned: 2
               Workers Launched: 2
               ->  Partial GroupAggregate  (cost=67594.12..67739.42 rows=5812 width=36) (actual time=194.375..222.799 rows=30076 loops=3)
                     Group Key: partsupp.ps_partkey
                     ->  Sort  (cost=67594.12..67608.65 rows=5812 width=14) (actual time=194.358..195.835 rows=31893 loops=3)
                           Sort Key: partsupp.ps_partkey
                           Sort Method: quicksort  Memory: 2276kB
                           Worker 0:  Sort Method: quicksort  Memory: 2222kB
                           Worker 1:  Sort Method: quicksort  Memory: 2292kB
                           ->  Hash Join  (cost=1093.60..67230.73 rows=5812 width=14) (actual time=7.624..186.419 rows=31893 loops=3)
                                 Hash Cond: (partsupp.ps_suppkey = supplier.s_suppkey)
                                 ->  Parallel Seq Scan on partsupp  (cost=0.00..62328.30 rows=1000230 width=18) (actual time=0.068..102.735 rows=800000 loops=3)
                                 ->  Hash  (cost=1091.40..1091.40 rows=176 width=4) (actual time=7.526..7.526 rows=1196 loops=3)
                                       Buckets: 2048 (originally 1024)  Batches: 1 (originally 1)  Memory Usage: 59kB
                                       ->  Hash Join  (cost=12.14..1091.40 rows=176 width=4) (actual time=0.054..7.339 rows=1196 loops=3)
                                             Hash Cond: (supplier.s_nationkey = nation.n_nationkey)
                                             ->  Seq Scan on supplier  (cost=0.00..965.00 rows=30000 width=8) (actual time=0.010..4.519 rows=30000 loops=3)
                                             ->  Hash  (cost=12.12..12.12 rows=1 width=4) (actual time=0.021..0.021 rows=1 loops=3)
                                                   Buckets: 1024  Batches: 1  Memory Usage: 9kB
                                                   ->  Seq Scan on nation  (cost=0.00..12.12 rows=1 width=4) (actual time=0.014..0.016 rows=1 loops=3)
                                                         Filter: (n_name = 'GERMANY'::bpchar)
                                                         Rows Removed by Filter: 24
 Planning Time: 0.572 ms
 Execution Time: 507.409 ms
(51 rows)

execute /home/pei/benchmarks/tpch-postgre/dbgen/out/skinner_explained/12.sql_explained.sql
SET
                                                                                                                                  QUERY PLAN                                                                                                                                  
------------------------------------------------------------------------------------------------------------------------------------------------------------------------------------------------------------------------------------------------------------------------------
 Finalize GroupAggregate  (cost=652946.17..653669.71 rows=7 width=27) (actual time=2256.696..2256.699 rows=2 loops=1)
   Group Key: lineitem.l_shipmode
   ->  Gather Merge  (cost=652946.17..653669.53 rows=14 width=27) (actual time=2252.272..2310.342 rows=6 loops=1)
         Workers Planned: 2
         Workers Launched: 2
         ->  Partial GroupAggregate  (cost=651946.14..652667.89 rows=7 width=27) (actual time=2249.875..2254.247 rows=2 loops=3)
               Group Key: lineitem.l_shipmode
               ->  Sort  (cost=651946.14..652036.35 rows=36084 width=27) (actual time=2245.552..2246.912 rows=31048 loops=3)
                     Sort Key: lineitem.l_shipmode
                     Sort Method: quicksort  Memory: 3195kB
                     Worker 0:  Sort Method: quicksort  Memory: 3231kB
                     Worker 1:  Sort Method: quicksort  Memory: 3156kB
                     ->  Parallel Hash Join  (cost=131451.73..649214.75 rows=36084 width=27) (actual time=2105.943..2238.148 rows=31048 loops=3)
                           Hash Cond: (lineitem.l_orderkey = orders.o_orderkey)
                           ->  Parallel Seq Scan on lineitem  (cost=0.00..506091.25 rows=36084 width=15) (actual time=0.069..1583.191 rows=31048 loops=3)
                                 Filter: ((l_shipmode = ANY ('{MAIL,SHIP}'::bpchar[])) AND (l_commitdate < l_receiptdate) AND (l_shipdate < l_commitdate) AND (l_receiptdate >= '1994-01-01'::date) AND (l_receiptdate < '1995-01-01 00:00:00'::timestamp without time zone))
                                 Rows Removed by Filter: 5967822
                           ->  Parallel Hash  (cost=97027.66..97027.66 rows=1874966 width=20) (actual time=501.145..501.145 rows=1500000 loops=3)
                                 Buckets: 65536  Batches: 128  Memory Usage: 2496kB
                                 ->  Parallel Seq Scan on orders  (cost=0.00..97027.66 rows=1874966 width=20) (actual time=0.031..232.945 rows=1500000 loops=3)
 Planning Time: 0.410 ms
 Execution Time: 2310.584 ms
(22 rows)

execute /home/pei/benchmarks/tpch-postgre/dbgen/out/skinner_explained/14.sql_explained.sql
SET
                                                                     QUERY PLAN                                                                      
-----------------------------------------------------------------------------------------------------------------------------------------------------
 Finalize Aggregate  (cost=475439.00..475439.01 rows=1 width=32) (actual time=1164.333..1164.334 rows=1 loops=1)
   ->  Gather  (cost=475438.76..475438.97 rows=2 width=64) (actual time=1162.467..1175.316 rows=3 loops=1)
         Workers Planned: 2
         Workers Launched: 2
         ->  Partial Aggregate  (cost=474438.76..474438.77 rows=1 width=64) (actual time=1160.601..1160.601 rows=1 loops=3)
               ->  Parallel Hash Join  (cost=19623.00..472821.23 rows=92430 width=33) (actual time=1083.325..1128.287 rows=74879 loops=3)
                     Hash Cond: (lineitem.l_partkey = part.p_partkey)
                     ->  Parallel Seq Scan on lineitem  (cost=0.00..449853.50 rows=92430 width=16) (actual time=1.031..980.668 rows=74879 loops=3)
                           Filter: ((l_shipdate >= '1995-09-01'::date) AND (l_shipdate < '1995-10-01 00:00:00'::timestamp without time zone))
                           Rows Removed by Filter: 5923991
                     ->  Parallel Hash  (cost=14789.00..14789.00 rows=250000 width=25) (actual time=77.676..77.677 rows=200000 loops=3)
                           Buckets: 65536  Batches: 16  Memory Usage: 2816kB
                           ->  Parallel Seq Scan on part  (cost=0.00..14789.00 rows=250000 width=25) (actual time=0.036..33.993 rows=200000 loops=3)
 Planning Time: 0.430 ms
 Execution Time: 1176.006 ms
(15 rows)

execute /home/pei/benchmarks/tpch-postgre/dbgen/out/skinner_explained/16.sql_explained.sql
SET
                                                                                         QUERY PLAN                                                                                          
---------------------------------------------------------------------------------------------------------------------------------------------------------------------------------------------
 Sort  (cost=132502.10..132621.76 rows=47864 width=44) (actual time=1204.900..1206.346 rows=26798 loops=1)
   Sort Key: (count(DISTINCT partsupp.ps_suppkey)) DESC, part.p_brand, part.p_type, part.p_size
   Sort Method: quicksort  Memory: 2885kB
   ->  GroupAggregate  (cost=126086.82..128781.48 rows=47864 width=44) (actual time=911.728..1162.384 rows=26798 loops=1)
         Group Key: part.p_brand, part.p_type, part.p_size
         ->  Sort  (cost=126086.82..126530.03 rows=177281 width=40) (actual time=911.693..1058.480 rows=355733 loops=1)
               Sort Key: part.p_brand, part.p_type, part.p_size
               Sort Method: external merge  Disk: 18168kB
               ->  Gather  (cost=21040.57..105780.75 rows=177281 width=40) (actual time=82.571..390.904 rows=355733 loops=1)
                     Workers Planned: 2
                     Workers Launched: 2
                     ->  Parallel Hash Join  (cost=20040.57..87052.65 rows=73867 width=40) (actual time=80.111..357.319 rows=118578 loops=3)
                           Hash Cond: (partsupp.ps_partkey = part.p_partkey)
                           ->  Parallel Seq Scan on partsupp  (cost=1040.01..65868.88 rows=500115 width=8) (actual time=10.730..187.758 rows=799600 loops=3)
                                 Filter: (NOT (hashed SubPlan 1))
                                 Rows Removed by Filter: 400
                                 SubPlan 1
                                   ->  Seq Scan on supplier  (cost=0.00..1040.00 rows=3 width=4) (actual time=0.139..10.684 rows=15 loops=3)
                                         Filter: ((s_comment)::text ~~ '%Customer%Complaints%'::text)
                                         Rows Removed by Filter: 29985
                           ->  Parallel Hash  (cost=18539.00..18539.00 rows=36925 width=40) (actual time=68.815..68.815 rows=29658 loops=3)
                                 Buckets: 131072  Batches: 1  Memory Usage: 7712kB
                                 ->  Parallel Seq Scan on part  (cost=0.00..18539.00 rows=36925 width=40) (actual time=0.040..55.687 rows=29658 loops=3)
                                       Filter: ((p_brand <> 'Brand#45'::bpchar) AND ((p_type)::text !~~ 'MEDIUM POLISHED%'::text) AND (p_size = ANY ('{49,14,23,45,19,3,36,9}'::integer[])))
                                       Rows Removed by Filter: 170342
 Planning Time: 0.686 ms
 Execution Time: 1211.691 ms
(27 rows)

execute /home/pei/benchmarks/tpch-postgre/dbgen/out/skinner_explained/17.sql_explained.sql
SET
psql:/home/pei/benchmarks/tpch-postgre/dbgen/out/skinner_explained/17.sql_explained.sql:25: ERROR:  canceling statement due to statement timeout
execute /home/pei/benchmarks/tpch-postgre/dbgen/out/skinner_explained/18.sql_explained.sql
SET
                                                                                                QUERY PLAN                                                                                                 
-----------------------------------------------------------------------------------------------------------------------------------------------------------------------------------------------------------
 GroupAggregate  (cost=2755537.93..2771989.78 rows=548395 width=71) (actual time=17687.155..17687.906 rows=179 loops=1)
   Group Key: orders.o_totalprice, orders.o_orderdate, customer.c_name, customer.c_custkey, orders.o_orderkey
   ->  Sort  (cost=2755537.93..2756908.92 rows=548395 width=44) (actual time=17687.134..17687.198 rows=1253 loops=1)
         Sort Key: orders.o_totalprice DESC, orders.o_orderdate, customer.c_name, customer.c_custkey, orders.o_orderkey
         Sort Method: quicksort  Memory: 146kB
         ->  Hash Join  (cost=1919134.52..2686392.57 rows=548395 width=44) (actual time=11739.907..17685.816 rows=1253 loops=1)
               Hash Cond: (lineitem.l_orderkey = orders.o_orderkey)
               ->  Seq Scan on lineitem  (cost=0.00..517338.80 rows=17996080 width=9) (actual time=0.020..2316.100 rows=17996609 loops=1)
               ->  Hash  (cost=1916214.45..1916214.45 rows=137126 width=43) (actual time=11689.992..11689.992 rows=179 loops=1)
                     Buckets: 65536  Batches: 4  Memory Usage: 516kB
                     ->  Hash Join  (cost=1721724.49..1916214.45 rows=137126 width=43) (actual time=10071.301..11689.859 rows=179 loops=1)
                           Hash Cond: (orders.o_custkey = customer.c_custkey)
                           ->  Hash Join  (cost=1698212.49..1886571.97 rows=137126 width=24) (actual time=9867.966..11508.985 rows=179 loops=1)
                                 Hash Cond: (orders.o_orderkey = lineitem_1.l_orderkey)
                                 ->  Seq Scan on orders  (cost=0.00..123277.18 rows=4499918 width=20) (actual time=0.012..605.832 rows=4500000 loops=1)
                                 ->  Hash  (cost=1695962.42..1695962.42 rows=137126 width=4) (actual time=9865.341..9865.342 rows=179 loops=1)
                                       Buckets: 131072  Batches: 2  Memory Usage: 1027kB
                                       ->  Finalize GroupAggregate  (cost=1525903.65..1694591.16 rows=137126 width=4) (actual time=3432.707..9865.219 rows=179 loops=1)
                                             Group Key: lineitem_1.l_orderkey
                                             Filter: (sum(lineitem_1.l_quantity) > '300'::numeric)
                                             Rows Removed by Filter: 4499821
                                             ->  Gather Merge  (cost=1525903.65..1682249.85 rows=822754 width=36) (actual time=3431.327..6736.128 rows=4715433 loops=1)
                                                   Workers Planned: 2
                                                   Workers Launched: 2
                                                   ->  Partial GroupAggregate  (cost=1524903.63..1586283.60 rows=411377 width=36) (actual time=3408.352..5659.109 rows=1571811 loops=3)
                                                         Group Key: lineitem_1.l_orderkey
                                                         ->  Sort  (cost=1524903.63..1543649.55 rows=7498367 width=9) (actual time=3408.329..3970.300 rows=5998870 loops=3)
                                                               Sort Key: lineitem_1.l_orderkey
                                                               Sort Method: external merge  Disk: 112656kB
                                                               Worker 0:  Sort Method: external merge  Disk: 110432kB
                                                               Worker 1:  Sort Method: external merge  Disk: 111760kB
                                                               ->  Parallel Seq Scan on lineitem lineitem_1  (cost=0.00..412361.67 rows=7498367 width=9) (actual time=0.026..864.885 rows=5998870 loops=3)
                           ->  Hash  (cost=15250.00..15250.00 rows=450000 width=23) (actual time=156.132..156.132 rows=450000 loops=1)
                                 Buckets: 65536  Batches: 8  Memory Usage: 3597kB
                                 ->  Seq Scan on customer  (cost=0.00..15250.00 rows=450000 width=23) (actual time=0.031..63.071 rows=450000 loops=1)
 Planning Time: 0.689 ms
 Execution Time: 17707.334 ms
(37 rows)

execute /home/pei/benchmarks/tpch-postgre/dbgen/out/skinner_explained/19.sql_explained.sql
SET
                                                                                                                                                                                                                                                                                                                                                                           QUERY PLAN                                                                                                                                                                                                                                                                                                                                                                           
----------------------------------------------------------------------------------------------------------------------------------------------------------------------------------------------------------------------------------------------------------------------------------------------------------------------------------------------------------------------------------------------------------------------------------------------------------------------------------------------------------------------------------------------------------------------------------------------------------------------------------------------------------------------------------------------------------------------------------------------------------------
 Finalize Aggregate  (cost=586793.64..586793.65 rows=1 width=32) (actual time=1684.208..1684.208 rows=1 loops=1)
   ->  Gather  (cost=586793.42..586793.63 rows=2 width=32) (actual time=1684.076..1688.283 rows=3 loops=1)
         Workers Planned: 2
         Workers Launched: 2
         ->  Partial Aggregate  (cost=585793.42..585793.43 rows=1 width=32) (actual time=1681.709..1681.710 rows=1 loops=3)
               ->  Parallel Hash Join  (cost=22921.53..585792.34 rows=143 width=12) (actual time=67.235..1681.587 rows=121 loops=3)
                     Hash Cond: (lineitem.l_partkey = part.p_partkey)
                     Join Filter: (((part.p_brand = 'Brand#12'::bpchar) AND (part.p_container = ANY ('{"SM CASE","SM BOX","SM PACK","SM PKG"}'::bpchar[])) AND (lineitem.l_quantity >= '1'::numeric) AND (lineitem.l_quantity <= '11'::numeric) AND (part.p_size <= 5)) OR ((part.p_brand = 'Brand#23'::bpchar) AND (part.p_container = ANY ('{"MED BAG","MED BOX","MED PKG","MED PACK"}'::bpchar[])) AND (lineitem.l_quantity >= '10'::numeric) AND (lineitem.l_quantity <= '20'::numeric) AND (part.p_size <= 10)) OR ((part.p_brand = 'Brand#34'::bpchar) AND (part.p_container = ANY ('{"LG CASE","LG BOX","LG PACK","LG PKG"}'::bpchar[])) AND (lineitem.l_quantity >= '20'::numeric) AND (lineitem.l_quantity <= '30'::numeric) AND (part.p_size <= 15)))
                     Rows Removed by Join Filter: 188
                     ->  Parallel Seq Scan on lineitem  (cost=0.00..562329.00 rows=142388 width=21) (actual time=0.087..1609.670 rows=128767 loops=3)
                           Filter: ((l_shipmode = ANY ('{AIR,"AIR REG"}'::bpchar[])) AND (l_shipinstruct = 'DELIVER IN PERSON'::bpchar) AND (((l_quantity >= '1'::numeric) AND (l_quantity <= '11'::numeric)) OR ((l_quantity >= '10'::numeric) AND (l_quantity <= '20'::numeric)) OR ((l_quantity >= '20'::numeric) AND (l_quantity <= '30'::numeric))))
                           Rows Removed by Filter: 5870103
                     ->  Parallel Hash  (cost=22914.00..22914.00 rows=602 width=30) (actual time=53.143..53.143 rows=489 loops=3)
                           Buckets: 2048  Batches: 1  Memory Usage: 112kB
                           ->  Parallel Seq Scan on part  (cost=0.00..22914.00 rows=602 width=30) (actual time=0.208..52.858 rows=489 loops=3)
                                 Filter: ((p_size >= 1) AND (((p_brand = 'Brand#12'::bpchar) AND (p_container = ANY ('{"SM CASE","SM BOX","SM PACK","SM PKG"}'::bpchar[])) AND (p_size <= 5)) OR ((p_brand = 'Brand#23'::bpchar) AND (p_container = ANY ('{"MED BAG","MED BOX","MED PKG","MED PACK"}'::bpchar[])) AND (p_size <= 10)) OR ((p_brand = 'Brand#34'::bpchar) AND (p_container = ANY ('{"LG CASE","LG BOX","LG PACK","LG PKG"}'::bpchar[])) AND (p_size <= 15))))
                                 Rows Removed by Filter: 199511
 Planning Time: 0.688 ms
 Execution Time: 1688.410 ms
(19 rows)

execute /home/pei/benchmarks/tpch-postgre/dbgen/out/skinner_explained/2.sql_explained.sql
SET
psql:/home/pei/benchmarks/tpch-postgre/dbgen/out/skinner_explained/2.sql_explained.sql:51: ERROR:  canceling statement due to statement timeout
execute /home/pei/benchmarks/tpch-postgre/dbgen/out/skinner_explained/20.sql_explained.sql
SET
psql:/home/pei/benchmarks/tpch-postgre/dbgen/out/skinner_explained/20.sql_explained.sql:45: ERROR:  canceling statement due to statement timeout
execute /home/pei/benchmarks/tpch-postgre/dbgen/out/skinner_explained/21.sql_explained.sql
SET
psql:/home/pei/benchmarks/tpch-postgre/dbgen/out/skinner_explained/21.sql_explained.sql:47: ERROR:  canceling statement due to statement timeout
execute /home/pei/benchmarks/tpch-postgre/dbgen/out/skinner_explained/3.sql_explained.sql
SET
                                                                                  QUERY PLAN                                                                                  
------------------------------------------------------------------------------------------------------------------------------------------------------------------------------
 Sort  (cost=946756.28..949214.68 rows=983362 width=44) (actual time=2588.940..2592.255 rows=34207 loops=1)
   Sort Key: (sum((lineitem.l_extendedprice * ('1'::numeric - lineitem.l_discount)))) DESC, orders.o_orderdate
   Sort Method: quicksort  Memory: 3618kB
   ->  Finalize GroupAggregate  (cost=658960.22..788374.56 rows=983362 width=44) (actual time=2515.244..2570.676 rows=34207 loops=1)
         Group Key: lineitem.l_orderkey, orders.o_orderdate, orders.o_shippriority
         ->  Gather Merge  (cost=658960.22..765839.18 rows=819468 width=44) (actual time=2515.229..2616.193 rows=34405 loops=1)
               Workers Planned: 2
               Workers Launched: 2
               ->  Partial GroupAggregate  (cost=657960.20..670252.22 rows=409734 width=44) (actual time=2512.604..2535.086 rows=11468 loops=3)
                     Group Key: lineitem.l_orderkey, orders.o_orderdate, orders.o_shippriority
                     ->  Sort  (cost=657960.20..658984.53 rows=409734 width=24) (actual time=2512.583..2513.936 rows=30009 loops=3)
                           Sort Key: lineitem.l_orderkey, orders.o_orderdate, orders.o_shippriority
                           Sort Method: quicksort  Memory: 3092kB
                           Worker 0:  Sort Method: quicksort  Memory: 3103kB
                           Worker 1:  Sort Method: quicksort  Memory: 3144kB
                           ->  Parallel Hash Join  (cost=122810.80..611360.62 rows=409734 width=24) (actual time=2197.660..2500.272 rows=30009 loops=3)
                                 Hash Cond: (lineitem.l_orderkey = orders.o_orderkey)
                                 ->  Parallel Seq Scan on lineitem  (cost=0.00..431107.58 rows=4055202 width=16) (actual time=0.011..1100.000 rows=3233939 loops=3)
                                       Filter: (l_shipdate > '1995-03-15'::date)
                                       Rows Removed by Filter: 2764930
                                 ->  Parallel Hash  (cost=119516.74..119516.74 rows=189445 width=12) (actual time=422.363..422.363 rows=146891 loops=3)
                                       Buckets: 131072  Batches: 8  Memory Usage: 3680kB
                                       ->  Parallel Hash Join  (cost=13578.67..119516.74 rows=189445 width=12) (actual time=37.216..393.295 rows=146891 loops=3)
                                             Hash Cond: (orders.o_custkey = customer.c_custkey)
                                             ->  Parallel Seq Scan on orders  (cost=0.00..101715.07 rows=915635 width=16) (actual time=0.018..219.428 rows=728721 loops=3)
                                                   Filter: (o_orderdate < '1995-03-15'::date)
                                                   Rows Removed by Filter: 771279
                                             ->  Parallel Hash  (cost=13093.75..13093.75 rows=38794 width=4) (actual time=36.918..36.918 rows=30119 loops=3)
                                                   Buckets: 131072  Batches: 1  Memory Usage: 4576kB
                                                   ->  Parallel Seq Scan on customer  (cost=0.00..13093.75 rows=38794 width=4) (actual time=0.040..29.139 rows=30119 loops=3)
                                                         Filter: (c_mktsegment = 'BUILDING'::bpchar)
                                                         Rows Removed by Filter: 119881
 Planning Time: 0.537 ms
 Execution Time: 2666.154 ms
(34 rows)

execute /home/pei/benchmarks/tpch-postgre/dbgen/out/skinner_explained/4.sql_explained.sql
SET
                                                                            QUERY PLAN                                                                             
-------------------------------------------------------------------------------------------------------------------------------------------------------------------
 Finalize GroupAggregate  (cost=590820.64..590871.54 rows=5 width=24) (actual time=2187.100..2193.002 rows=5 loops=1)
   Group Key: orders.o_orderpriority
   ->  Gather Merge  (cost=590820.64..590871.44 rows=10 width=24) (actual time=2185.602..2266.615 rows=15 loops=1)
         Workers Planned: 2
         Workers Launched: 2
         ->  Partial GroupAggregate  (cost=589820.61..589870.26 rows=5 width=24) (actual time=2183.200..2189.189 rows=5 loops=3)
               Group Key: orders.o_orderpriority
               ->  Sort  (cost=589820.61..589837.14 rows=6613 width=16) (actual time=2181.693..2184.104 rows=52805 loops=3)
                     Sort Key: orders.o_orderpriority
                     Sort Method: quicksort  Memory: 3790kB
                     Worker 0:  Sort Method: quicksort  Memory: 3908kB
                     Worker 1:  Sort Method: quicksort  Memory: 3825kB
                     ->  Parallel Hash Semi Join  (cost=472114.77..589400.98 rows=6613 width=16) (actual time=1907.494..2169.688 rows=52805 loops=3)
                           Hash Cond: (orders.o_orderkey = lineitem.l_orderkey)
                           ->  Parallel Seq Scan on orders  (cost=0.00..106402.49 rows=72338 width=20) (actual time=0.032..210.023 rows=57571 loops=3)
                                 Filter: ((o_orderdate >= '1993-07-01'::date) AND (o_orderdate < '1993-10-01 00:00:00'::timestamp without time zone))
                                 Rows Removed by Filter: 1442429
                           ->  Parallel Hash  (cost=431107.58..431107.58 rows=2499455 width=4) (actual time=1670.278..1670.279 rows=3792542 loops=3)
                                 Buckets: 131072  Batches: 128  Memory Usage: 4608kB
                                 ->  Parallel Seq Scan on lineitem  (cost=0.00..431107.58 rows=2499455 width=4) (actual time=0.021..1174.626 rows=3792542 loops=3)
                                       Filter: (l_commitdate < l_receiptdate)
                                       Rows Removed by Filter: 2206328
 Planning Time: 0.402 ms
 Execution Time: 2267.966 ms
(24 rows)

execute /home/pei/benchmarks/tpch-postgre/dbgen/out/skinner_explained/5.sql_explained.sql
SET
                                                                                         QUERY PLAN                                                                                         
--------------------------------------------------------------------------------------------------------------------------------------------------------------------------------------------
 Sort  (cost=563930.40..563930.83 rows=170 width=136) (actual time=1802.794..1802.795 rows=5 loops=1)
   Sort Key: (sum((lineitem.l_extendedprice * ('1'::numeric - lineitem.l_discount)))) DESC
   Sort Method: quicksort  Memory: 25kB
   ->  Finalize GroupAggregate  (cost=563874.71..563924.11 rows=170 width=136) (actual time=1800.110..1802.777 rows=5 loops=1)
         Group Key: nation.n_name
         ->  Gather Merge  (cost=563874.71..563919.43 rows=340 width=136) (actual time=1799.394..1806.921 rows=15 loops=1)
               Workers Planned: 2
               Workers Launched: 2
               ->  Partial GroupAggregate  (cost=562874.69..562880.16 rows=170 width=136) (actual time=1796.533..1799.218 rows=5 loops=3)
                     Group Key: nation.n_name
                     ->  Sort  (cost=562874.69..562875.36 rows=268 width=116) (actual time=1795.834..1796.167 rows=7343 loops=3)
                           Sort Key: nation.n_name
                           Sort Method: quicksort  Memory: 760kB
                           Worker 0:  Sort Method: quicksort  Memory: 754kB
                           Worker 1:  Sort Method: quicksort  Memory: 784kB
                           ->  Hash Join  (cost=122301.72..562863.88 rows=268 width=116) (actual time=365.558..1791.600 rows=7343 loops=3)
                                 Hash Cond: ((lineitem.l_suppkey = supplier.s_suppkey) AND (customer.c_nationkey = supplier.s_nationkey))
                                 ->  Parallel Hash Join  (cost=120886.72..561395.45 rows=6766 width=128) (actual time=355.457..1738.031 rows=183378 loops=3)
                                       Hash Cond: (lineitem.l_orderkey = orders.o_orderkey)
                                       ->  Parallel Seq Scan on lineitem  (cost=0.00..412361.67 rows=7498367 width=20) (actual time=0.004..725.825 rows=5998870 loops=3)
                                       ->  Parallel Hash  (cost=120865.57..120865.57 rows=1692 width=116) (actual time=355.306..355.306 rows=45716 loops=3)
                                             Buckets: 262144 (originally 4096)  Batches: 1 (originally 1)  Memory Usage: 13760kB
                                             ->  Parallel Hash Join  (cost=13377.44..120865.57 rows=1692 width=116) (actual time=53.650..325.050 rows=45716 loops=3)
                                                   Hash Cond: (orders.o_custkey = customer.c_custkey)
                                                   ->  Parallel Seq Scan on orders  (cost=0.00..106402.49 rows=287625 width=8) (actual time=0.022..215.833 rows=227810 loops=3)
                                                         Filter: ((o_orderdate >= '1994-01-01'::date) AND (o_orderdate < '1995-01-01 00:00:00'::timestamp without time zone))
                                                         Rows Removed by Filter: 1272190
                                                   ->  Parallel Hash  (cost=13363.65..13363.65 rows=1103 width=116) (actual time=53.591..53.591 rows=30145 loops=3)
                                                         Buckets: 131072 (originally 4096)  Batches: 1 (originally 1)  Memory Usage: 8416kB
                                                         ->  Hash Join  (cost=24.50..13363.65 rows=1103 width=116) (actual time=0.106..37.852 rows=30145 loops=3)
                                                               Hash Cond: (customer.c_nationkey = nation.n_nationkey)
                                                               ->  Parallel Seq Scan on customer  (cost=0.00..12625.00 rows=187500 width=8) (actual time=0.034..21.133 rows=150000 loops=3)
                                                               ->  Hash  (cost=24.48..24.48 rows=1 width=108) (actual time=0.056..0.056 rows=5 loops=3)
                                                                     Buckets: 1024  Batches: 1  Memory Usage: 9kB
                                                                     ->  Hash Join  (cost=12.14..24.48 rows=1 width=108) (actual time=0.046..0.051 rows=5 loops=3)
                                                                           Hash Cond: (nation.n_regionkey = region.r_regionkey)
                                                                           ->  Seq Scan on nation  (cost=0.00..11.70 rows=170 width=112) (actual time=0.009..0.010 rows=25 loops=3)
                                                                           ->  Hash  (cost=12.12..12.12 rows=1 width=4) (actual time=0.020..0.021 rows=1 loops=3)
                                                                                 Buckets: 1024  Batches: 1  Memory Usage: 9kB
                                                                                 ->  Seq Scan on region  (cost=0.00..12.12 rows=1 width=4) (actual time=0.017..0.018 rows=1 loops=3)
                                                                                       Filter: (r_name = 'ASIA'::bpchar)
                                                                                       Rows Removed by Filter: 4
                                 ->  Hash  (cost=965.00..965.00 rows=30000 width=8) (actual time=9.792..9.792 rows=30000 loops=3)
                                       Buckets: 32768  Batches: 1  Memory Usage: 1428kB
                                       ->  Seq Scan on supplier  (cost=0.00..965.00 rows=30000 width=8) (actual time=0.013..5.618 rows=30000 loops=3)
 Planning Time: 1.270 ms
 Execution Time: 1808.415 ms
(47 rows)

execute /home/pei/benchmarks/tpch-postgre/dbgen/out/skinner_explained/6.sql_explained.sql
SET
                                                                                                        QUERY PLAN                                                                                                         
---------------------------------------------------------------------------------------------------------------------------------------------------------------------------------------------------------------------------
 Finalize Aggregate  (cost=507814.90..507814.91 rows=1 width=32) (actual time=1155.722..1155.722 rows=1 loops=1)
   ->  Gather  (cost=507814.68..507814.89 rows=2 width=32) (actual time=1155.626..1159.386 rows=3 loops=1)
         Workers Planned: 2
         Workers Launched: 2
         ->  Partial Aggregate  (cost=506814.68..506814.69 rows=1 width=32) (actual time=1153.476..1153.476 rows=1 loops=3)
               ->  Parallel Seq Scan on lineitem  (cost=0.00..506091.25 rows=144685 width=12) (actual time=0.056..1118.035 rows=114155 loops=3)
                     Filter: ((l_shipdate >= '1994-01-01'::date) AND (l_shipdate < '1995-01-01 00:00:00'::timestamp without time zone) AND (l_discount >= 0.05) AND (l_discount <= 0.07) AND (l_quantity < '24'::numeric))
                     Rows Removed by Filter: 5884715
 Planning Time: 0.283 ms
 Execution Time: 1159.471 ms
(10 rows)

execute /home/pei/benchmarks/tpch-postgre/dbgen/out/skinner_explained/7.sql_explained.sql
SET
                                                                                      QUERY PLAN                                                                                       
---------------------------------------------------------------------------------------------------------------------------------------------------------------------------------------
 Finalize GroupAggregate  (cost=578493.76..578545.70 rows=375 width=248) (actual time=2278.603..2280.936 rows=4 loops=1)
   Group Key: n1.n_name, n2.n_name, (date_part('year'::text, (lineitem.l_shipdate)::timestamp without time zone))
   ->  Gather Merge  (cost=578493.76..578535.24 rows=312 width=248) (actual time=2277.859..2432.930 rows=12 loops=1)
         Workers Planned: 2
         Workers Launched: 2
         ->  Partial GroupAggregate  (cost=577493.74..577499.20 rows=156 width=248) (actual time=2275.288..2277.591 rows=4 loops=3)
               Group Key: n1.n_name, n2.n_name, (date_part('year'::text, (lineitem.l_shipdate)::timestamp without time zone))
               ->  Sort  (cost=577493.74..577494.13 rows=156 width=228) (actual time=2274.545..2274.810 rows=5777 loops=3)
                     Sort Key: n1.n_name, n2.n_name, (date_part('year'::text, (lineitem.l_shipdate)::timestamp without time zone))
                     Sort Method: quicksort  Memory: 1012kB
                     Worker 0:  Sort Method: quicksort  Memory: 994kB
                     Worker 1:  Sort Method: quicksort  Memory: 1010kB
                     ->  Hash Join  (cost=118914.77..577488.06 rows=156 width=228) (actual time=1858.096..2270.591 rows=5777 loops=3)
                           Hash Cond: (lineitem.l_suppkey = supplier.s_suppkey)
                           Join Filter: (((n1.n_name = 'FRANCE'::bpchar) AND (n2.n_name = 'GERMANY'::bpchar)) OR ((n1.n_name = 'GERMANY'::bpchar) AND (n2.n_name = 'FRANCE'::bpchar)))
                           Rows Removed by Join Filter: 5832
                           ->  Parallel Hash Join  (cost=117816.75..576283.02 rows=26672 width=124) (actual time=1850.015..2242.472 rows=147332 loops=3)
                                 Hash Cond: (lineitem.l_orderkey = orders.o_orderkey)
                                 ->  Parallel Seq Scan on lineitem  (cost=0.00..449853.50 rows=2267104 width=24) (actual time=0.010..1043.739 rows=1821396 loops=3)
                                       Filter: ((l_shipdate >= '1995-01-01'::date) AND (l_shipdate <= '1996-12-31'::date))
                                       Rows Removed by Filter: 4177474
                                 ->  Parallel Hash  (cost=117541.03..117541.03 rows=22058 width=108) (actual time=479.903..479.903 rows=121711 loops=3)
                                       Buckets: 65536 (originally 65536)  Batches: 8 (originally 1)  Memory Usage: 3456kB
                                       ->  Parallel Hash Join  (cost=13390.34..117541.03 rows=22058 width=108) (actual time=43.159..433.235 rows=121711 loops=3)
                                             Hash Cond: (orders.o_custkey = customer.c_custkey)
                                             ->  Parallel Seq Scan on orders  (cost=0.00..97027.66 rows=1874966 width=8) (actual time=0.018..178.473 rows=1500000 loops=3)
                                             ->  Parallel Hash  (cost=13362.76..13362.76 rows=2206 width=108) (actual time=43.101..43.101 rows=12073 loops=3)
                                                   Buckets: 65536 (originally 8192)  Batches: 1 (originally 1)  Memory Usage: 3296kB
                                                   ->  Hash Join  (cost=12.58..13362.76 rows=2206 width=108) (actual time=0.055..34.801 rows=12073 loops=3)
                                                         Hash Cond: (customer.c_nationkey = n2.n_nationkey)
                                                         ->  Parallel Seq Scan on customer  (cost=0.00..12625.00 rows=187500 width=8) (actual time=0.027..20.850 rows=150000 loops=3)
                                                         ->  Hash  (cost=12.55..12.55 rows=2 width=108) (actual time=0.011..0.012 rows=2 loops=3)
                                                               Buckets: 1024  Batches: 1  Memory Usage: 9kB
                                                               ->  Seq Scan on nation n2  (cost=0.00..12.55 rows=2 width=108) (actual time=0.005..0.008 rows=2 loops=3)
                                                                     Filter: ((n_name = 'GERMANY'::bpchar) OR (n_name = 'FRANCE'::bpchar))
                                                                     Rows Removed by Filter: 23
                           ->  Hash  (cost=1093.61..1093.61 rows=353 width=108) (actual time=8.023..8.023 rows=2361 loops=3)
                                 Buckets: 4096 (originally 1024)  Batches: 1 (originally 1)  Memory Usage: 175kB
                                 ->  Hash Join  (cost=12.58..1093.61 rows=353 width=108) (actual time=0.055..7.500 rows=2361 loops=3)
                                       Hash Cond: (supplier.s_nationkey = n1.n_nationkey)
                                       ->  Seq Scan on supplier  (cost=0.00..965.00 rows=30000 width=8) (actual time=0.011..4.504 rows=30000 loops=3)
                                       ->  Hash  (cost=12.55..12.55 rows=2 width=108) (actual time=0.022..0.022 rows=2 loops=3)
                                             Buckets: 1024  Batches: 1  Memory Usage: 9kB
                                             ->  Seq Scan on nation n1  (cost=0.00..12.55 rows=2 width=108) (actual time=0.012..0.016 rows=2 loops=3)
                                                   Filter: ((n_name = 'FRANCE'::bpchar) OR (n_name = 'GERMANY'::bpchar))
                                                   Rows Removed by Filter: 23
 Planning Time: 1.102 ms
 Execution Time: 2433.370 ms
(48 rows)

execute /home/pei/benchmarks/tpch-postgre/dbgen/out/skinner_explained/8.sql_explained.sql
SET
                                                                                            QUERY PLAN                                                                                            
--------------------------------------------------------------------------------------------------------------------------------------------------------------------------------------------------
 Finalize GroupAggregate  (cost=580334.29..580365.27 rows=210 width=40) (actual time=3512.420..3512.426 rows=2 loops=1)
   Group Key: (date_part('year'::text, (orders.o_orderdate)::timestamp without time zone))
   ->  Gather Merge  (cost=580334.29..580358.34 rows=176 width=72) (actual time=3511.721..4020.132 rows=6 loops=1)
         Workers Planned: 2
         Workers Launched: 2
         ->  Partial GroupAggregate  (cost=579334.27..579338.01 rows=88 width=72) (actual time=3509.029..3509.692 rows=2 loops=3)
               Group Key: (date_part('year'::text, (orders.o_orderdate)::timestamp without time zone))
               ->  Sort  (cost=579334.27..579334.49 rows=88 width=124) (actual time=3508.370..3508.477 rows=2548 loops=3)
                     Sort Key: (date_part('year'::text, (orders.o_orderdate)::timestamp without time zone))
                     Sort Method: quicksort  Memory: 299kB
                     Worker 0:  Sort Method: quicksort  Memory: 295kB
                     Worker 1:  Sort Method: quicksort  Memory: 292kB
                     ->  Hash Join  (cost=138742.45..579331.42 rows=88 width=124) (actual time=2293.643..3507.377 rows=2548 loops=3)
                           Hash Cond: (supplier.s_nationkey = n2.n_nationkey)
                           ->  Hash Join  (cost=138728.63..579315.95 rows=88 width=20) (actual time=2293.581..3506.285 rows=2548 loops=3)
                                 Hash Cond: (lineitem.l_suppkey = supplier.s_suppkey)
                                 ->  Parallel Hash Join  (cost=137388.63..577974.75 rows=88 width=20) (actual time=2283.875..3494.958 rows=2548 loops=3)
                                       Hash Cond: (lineitem.l_partkey = part.p_partkey)
                                       ->  Parallel Hash Join  (cost=121953.84..562489.75 rows=13290 width=24) (actual time=2252.397..3415.138 rows=361590 loops=3)
                                             Hash Cond: (lineitem.l_orderkey = orders.o_orderkey)
                                             ->  Parallel Seq Scan on lineitem  (cost=0.00..412361.67 rows=7498367 width=24) (actual time=0.004..748.247 rows=5998870 loops=3)
                                             ->  Parallel Hash  (cost=121912.30..121912.30 rows=3323 width=8) (actual time=409.862..409.862 rows=90399 loops=3)
                                                   Buckets: 65536 (originally 8192)  Batches: 8 (originally 1)  Memory Usage: 1888kB
                                                   ->  Parallel Hash Join  (cost=13377.44..121912.30 rows=3323 width=8) (actual time=51.375..364.774 rows=90399 loops=3)
                                                         Hash Cond: (orders.o_custkey = customer.c_custkey)
                                                         ->  Parallel Seq Scan on orders  (cost=0.00..106402.49 rows=564940 width=12) (actual time=0.018..222.647 rows=455395 loops=3)
                                                               Filter: ((o_orderdate >= '1995-01-01'::date) AND (o_orderdate <= '1996-12-31'::date))
                                                               Rows Removed by Filter: 1044605
                                                         ->  Parallel Hash  (cost=13363.65..13363.65 rows=1103 width=4) (actual time=51.317..51.317 rows=29900 loops=3)
                                                               Buckets: 131072 (originally 4096)  Batches: 1 (originally 1)  Memory Usage: 5600kB
                                                               ->  Hash Join  (cost=24.50..13363.65 rows=1103 width=4) (actual time=0.156..37.879 rows=29900 loops=3)
                                                                     Hash Cond: (customer.c_nationkey = n1.n_nationkey)
                                                                     ->  Parallel Seq Scan on customer  (cost=0.00..12625.00 rows=187500 width=8) (actual time=0.091..21.781 rows=150000 loops=3)
                                                                     ->  Hash  (cost=24.48..24.48 rows=1 width=4) (actual time=0.046..0.046 rows=5 loops=3)
                                                                           Buckets: 1024  Batches: 1  Memory Usage: 9kB
                                                                           ->  Hash Join  (cost=12.14..24.48 rows=1 width=4) (actual time=0.037..0.043 rows=5 loops=3)
                                                                                 Hash Cond: (n1.n_regionkey = region.r_regionkey)
                                                                                 ->  Seq Scan on nation n1  (cost=0.00..11.70 rows=170 width=8) (actual time=0.005..0.007 rows=25 loops=3)
                                                                                 ->  Hash  (cost=12.12..12.12 rows=1 width=4) (actual time=0.016..0.017 rows=1 loops=3)
                                                                                       Buckets: 1024  Batches: 1  Memory Usage: 9kB
                                                                                       ->  Seq Scan on region  (cost=0.00..12.12 rows=1 width=4) (actual time=0.013..0.014 rows=1 loops=3)
                                                                                             Filter: (r_name = 'AMERICA'::bpchar)
                                                                                             Rows Removed by Filter: 4
                                       ->  Parallel Hash  (cost=15414.00..15414.00 rows=1663 width=4) (actual time=31.003..31.003 rows=1396 loops=3)
                                             Buckets: 4096  Batches: 1  Memory Usage: 224kB
                                             ->  Parallel Seq Scan on part  (cost=0.00..15414.00 rows=1663 width=4) (actual time=0.060..30.534 rows=1396 loops=3)
                                                   Filter: ((p_type)::text = 'ECONOMY ANODIZED STEEL'::text)
                                                   Rows Removed by Filter: 198604
                                 ->  Hash  (cost=965.00..965.00 rows=30000 width=8) (actual time=9.548..9.548 rows=30000 loops=3)
                                       Buckets: 32768  Batches: 1  Memory Usage: 1428kB
                                       ->  Seq Scan on supplier  (cost=0.00..965.00 rows=30000 width=8) (actual time=0.011..5.615 rows=30000 loops=3)
                           ->  Hash  (cost=11.70..11.70 rows=170 width=108) (actual time=0.024..0.024 rows=25 loops=3)
                                 Buckets: 1024  Batches: 1  Memory Usage: 10kB
                                 ->  Seq Scan on nation n2  (cost=0.00..11.70 rows=170 width=108) (actual time=0.011..0.014 rows=25 loops=3)
 Planning Time: 1.330 ms
 Execution Time: 4020.452 ms
(56 rows)

execute /home/pei/benchmarks/tpch-postgre/dbgen/out/skinner_explained/9.sql_explained.sql
SET
                                                                                           QUERY PLAN                                                                                            
-------------------------------------------------------------------------------------------------------------------------------------------------------------------------------------------------
 Finalize GroupAggregate  (cost=649909.42..649919.35 rows=73 width=144) (actual time=3697.897..3997.077 rows=175 loops=1)
   Group Key: nation.n_name, (date_part('year'::text, (orders.o_orderdate)::timestamp without time zone))
   ->  Gather Merge  (cost=649909.42..649917.47 rows=60 width=144) (actual time=3696.052..4184.842 rows=525 loops=1)
         Workers Planned: 2
         Workers Launched: 2
         ->  Partial GroupAggregate  (cost=648909.39..648910.52 rows=30 width=144) (actual time=3690.382..3986.620 rows=175 loops=3)
               Group Key: nation.n_name, (date_part('year'::text, (orders.o_orderdate)::timestamp without time zone))
               ->  Sort  (cost=648909.39..648909.47 rows=30 width=135) (actual time=3689.299..3760.037 rows=326640 loops=3)
                     Sort Key: nation.n_name, (date_part('year'::text, (orders.o_orderdate)::timestamp without time zone)) DESC
                     Sort Method: external merge  Disk: 23960kB
                     Worker 0:  Sort Method: external merge  Disk: 24016kB
                     Worker 1:  Sort Method: external merge  Disk: 24448kB
                     ->  Hash Join  (cost=544849.18..648908.66 rows=30 width=135) (actual time=2942.148..3390.181 rows=326640 loops=3)
                           Hash Cond: (supplier.s_nationkey = nation.n_nationkey)
                           ->  Parallel Hash Join  (cost=544835.36..648894.27 rows=30 width=31) (actual time=2942.087..3300.574 rows=326640 loops=3)
                                 Hash Cond: (orders.o_orderkey = lineitem.l_orderkey)
                                 ->  Parallel Seq Scan on orders  (cost=0.00..97027.66 rows=1874966 width=8) (actual time=0.024..184.221 rows=1500000 loops=3)
                                 ->  Parallel Hash  (cost=544834.98..544834.98 rows=30 width=31) (actual time=2468.714..2468.714 rows=326640 loops=3)
                                       Buckets: 65536 (originally 1024)  Batches: 32 (originally 1)  Memory Usage: 2720kB
                                       ->  Hash Join  (cost=463460.41..544834.98 rows=30 width=31) (actual time=2073.543..2318.881 rows=326640 loops=3)
                                             Hash Cond: (lineitem.l_suppkey = supplier.s_suppkey)
                                             ->  Parallel Hash Join  (cost=462120.41..543494.56 rows=31 width=35) (actual time=2063.674..2242.145 rows=326640 loops=3)
                                                   Hash Cond: ((partsupp.ps_suppkey = lineitem.l_suppkey) AND (partsupp.ps_partkey = lineitem.l_partkey))
                                                   ->  Parallel Seq Scan on partsupp  (cost=0.00..62328.30 rows=1000230 width=14) (actual time=0.009..126.967 rows=800000 loops=3)
                                                   ->  Parallel Hash  (cost=456936.03..456936.03 rows=227225 width=33) (actual time=1802.878..1802.878 rows=326640 loops=3)
                                                         Buckets: 65536 (originally 65536)  Batches: 32 (originally 16)  Memory Usage: 2816kB
                                                         ->  Parallel Hash Join  (cost=15508.70..456936.03 rows=227225 width=33) (actual time=50.831..1664.257 rows=326640 loops=3)
                                                               Hash Cond: (lineitem.l_partkey = part.p_partkey)
                                                               ->  Parallel Seq Scan on lineitem  (cost=0.00..412361.67 rows=7498367 width=29) (actual time=0.005..728.272 rows=5998870 loops=3)
                                                               ->  Parallel Hash  (cost=15414.00..15414.00 rows=7576 width=4) (actual time=50.719..50.720 rows=10887 loops=3)
                                                                     Buckets: 32768  Batches: 1  Memory Usage: 1600kB
                                                                     ->  Parallel Seq Scan on part  (cost=0.00..15414.00 rows=7576 width=4) (actual time=0.031..47.541 rows=10887 loops=3)
                                                                           Filter: ((p_name)::text ~~ '%green%'::text)
                                                                           Rows Removed by Filter: 189113
                                             ->  Hash  (cost=965.00..965.00 rows=30000 width=8) (actual time=9.702..9.703 rows=30000 loops=3)
                                                   Buckets: 32768  Batches: 1  Memory Usage: 1428kB
                                                   ->  Seq Scan on supplier  (cost=0.00..965.00 rows=30000 width=8) (actual time=0.012..5.651 rows=30000 loops=3)
                           ->  Hash  (cost=11.70..11.70 rows=170 width=108) (actual time=0.023..0.024 rows=25 loops=3)
                                 Buckets: 1024  Batches: 1  Memory Usage: 10kB
                                 ->  Seq Scan on nation  (cost=0.00..11.70 rows=170 width=108) (actual time=0.011..0.014 rows=25 loops=3)
 Planning Time: 1.431 ms
 Execution Time: 4189.678 ms
(42 rows)

execute /home/pei/benchmarks/tpch-postgre/dbgen/out/skinner_explained/1.sql_explained.sql
SET
                                                                       QUERY PLAN                                                                       
--------------------------------------------------------------------------------------------------------------------------------------------------------
 Finalize GroupAggregate  (cost=727749.01..727751.08 rows=6 width=236) (actual time=7959.620..7959.668 rows=4 loops=1)
   Group Key: l_returnflag, l_linestatus
   ->  Gather Merge  (cost=727749.01..727750.41 rows=12 width=236) (actual time=7959.580..7963.419 rows=12 loops=1)
         Workers Planned: 2
         Workers Launched: 2
         ->  Sort  (cost=726748.99..726749.00 rows=6 width=236) (actual time=7957.177..7957.178 rows=4 loops=3)
               Sort Key: l_returnflag, l_linestatus
               Sort Method: quicksort  Memory: 27kB
               Worker 0:  Sort Method: quicksort  Memory: 27kB
               Worker 1:  Sort Method: quicksort  Memory: 27kB
               ->  Partial HashAggregate  (cost=726748.74..726748.91 rows=6 width=236) (actual time=7957.139..7957.148 rows=4 loops=3)
                     Group Key: l_returnflag, l_linestatus
                     ->  Parallel Seq Scan on lineitem  (cost=0.00..431107.58 rows=7391029 width=25) (actual time=0.020..1212.742 rows=5914512 loops=3)
                           Filter: (l_shipdate <= '1998-09-02 00:00:00'::timestamp without time zone)
                           Rows Removed by Filter: 84357
 Planning Time: 0.451 ms
 Execution Time: 7963.642 ms
(17 rows)

execute /home/pei/benchmarks/tpch-postgre/dbgen/out/skinner_explained/10.sql_explained.sql
SET
                                                                                      QUERY PLAN                                                                                      
--------------------------------------------------------------------------------------------------------------------------------------------------------------------------------------
 Sort  (cost=640136.45..640565.89 rows=171775 width=280) (actual time=2231.494..2332.397 rows=114218 loops=1)
   Sort Key: (sum((lineitem.l_extendedprice * ('1'::numeric - lineitem.l_discount)))) DESC
   Sort Method: external merge  Disk: 21328kB
   ->  Finalize GroupAggregate  (cost=578134.48..602887.97 rows=171775 width=280) (actual time=1854.779..2118.481 rows=114218 loops=1)
         Group Key: customer.c_custkey, customer.c_name, customer.c_acctbal, customer.c_phone, nation.n_name, customer.c_address, customer.c_comment
         ->  Gather Merge  (cost=578134.48..597520.00 rows=143146 width=280) (actual time=1854.762..2026.714 rows=114218 loops=1)
               Workers Planned: 2
               Workers Launched: 2
               ->  Partial GroupAggregate  (cost=577134.46..579997.38 rows=71573 width=280) (actual time=1848.473..1971.352 rows=38073 loops=3)
                     Group Key: customer.c_custkey, customer.c_name, customer.c_acctbal, customer.c_phone, nation.n_name, customer.c_address, customer.c_comment
                     ->  Sort  (cost=577134.46..577313.39 rows=71573 width=260) (actual time=1848.451..1865.555 rows=114843 loops=3)
                           Sort Key: customer.c_custkey, customer.c_name, customer.c_acctbal, customer.c_phone, nation.n_name, customer.c_address, customer.c_comment
                           Sort Method: external merge  Disk: 22144kB
                           Worker 0:  Sort Method: external merge  Disk: 22656kB
                           Worker 1:  Sort Method: external merge  Disk: 21032kB
                           ->  Hash Join  (cost=546536.90..562553.62 rows=71573 width=260) (actual time=1617.540..1694.611 rows=114843 loops=3)
                                 Hash Cond: (customer.c_nationkey = nation.n_nationkey)
                                 ->  Parallel Hash Join  (cost=546523.07..561555.67 rows=71573 width=160) (actual time=1617.482..1674.258 rows=114843 loops=3)
                                       Hash Cond: (customer.c_custkey = orders.o_custkey)
                                       ->  Parallel Seq Scan on customer  (cost=0.00..12625.00 rows=187500 width=148) (actual time=0.022..21.640 rows=150000 loops=3)
                                       ->  Parallel Hash  (cost=545628.41..545628.41 rows=71573 width=16) (actual time=1559.115..1559.115 rows=114843 loops=3)
                                             Buckets: 65536 (originally 262144)  Batches: 8 (originally 1)  Memory Usage: 2848kB
                                             ->  Parallel Hash Join  (cost=107312.86..545628.41 rows=71573 width=16) (actual time=226.901..1514.478 rows=114843 loops=3)
                                                   Hash Cond: (lineitem.l_orderkey = orders.o_orderkey)
                                                   ->  Parallel Seq Scan on lineitem  (cost=0.00..431107.58 rows=1842599 width=16) (actual time=0.008..1056.825 rows=1481158 loops=3)
                                                         Filter: (l_returnflag = 'R'::bpchar)
                                                         Rows Removed by Filter: 4517712
                                                   ->  Parallel Hash  (cost=106402.49..106402.49 rows=72830 width=8) (actual time=226.331..226.332 rows=57338 loops=3)
                                                         Buckets: 262144  Batches: 1  Memory Usage: 8832kB
                                                         ->  Parallel Seq Scan on orders  (cost=0.00..106402.49 rows=72830 width=8) (actual time=0.032..209.058 rows=57338 loops=3)
                                                               Filter: ((o_orderdate >= '1993-10-01'::date) AND (o_orderdate < '1994-01-01 00:00:00'::timestamp without time zone))
                                                               Rows Removed by Filter: 1442662
                                 ->  Hash  (cost=11.70..11.70 rows=170 width=108) (actual time=0.024..0.024 rows=25 loops=3)
                                       Buckets: 1024  Batches: 1  Memory Usage: 10kB
                                       ->  Seq Scan on nation  (cost=0.00..11.70 rows=170 width=108) (actual time=0.012..0.015 rows=25 loops=3)
 Planning Time: 0.845 ms
 Execution Time: 2366.477 ms
(37 rows)

execute /home/pei/benchmarks/tpch-postgre/dbgen/out/skinner_explained/11.sql_explained.sql
SET
                                                                               QUERY PLAN                                                                               
------------------------------------------------------------------------------------------------------------------------------------------------------------------------
 Sort  (cost=139028.37..139040.00 rows=4650 width=36) (actual time=506.570..506.717 rows=2800 loops=1)
   Sort Key: (sum((partsupp.ps_supplycost * (partsupp.ps_availqty)::numeric))) DESC
   Sort Method: quicksort  Memory: 228kB
   InitPlan 1 (returns $1)
     ->  Finalize Aggregate  (cost=68274.54..68274.55 rows=1 width=32) (actual time=197.504..197.505 rows=1 loops=1)
           ->  Gather  (cost=68274.32..68274.53 rows=2 width=32) (actual time=197.372..197.564 rows=3 loops=1)
                 Workers Planned: 2
                 Workers Launched: 2
                 ->  Partial Aggregate  (cost=67274.32..67274.33 rows=1 width=32) (actual time=195.076..195.077 rows=1 loops=3)
                       ->  Hash Join  (cost=1093.60..67230.73 rows=5812 width=10) (actual time=7.073..186.015 rows=31893 loops=3)
                             Hash Cond: (partsupp_1.ps_suppkey = supplier_1.s_suppkey)
                             ->  Parallel Seq Scan on partsupp partsupp_1  (cost=0.00..62328.30 rows=1000230 width=14) (actual time=0.022..103.281 rows=800000 loops=3)
                             ->  Hash  (cost=1091.40..1091.40 rows=176 width=4) (actual time=6.932..6.932 rows=1196 loops=3)
                                   Buckets: 2048 (originally 1024)  Batches: 1 (originally 1)  Memory Usage: 59kB
                                   ->  Hash Join  (cost=12.14..1091.40 rows=176 width=4) (actual time=0.049..6.747 rows=1196 loops=3)
                                         Hash Cond: (supplier_1.s_nationkey = nation_1.n_nationkey)
                                         ->  Seq Scan on supplier supplier_1  (cost=0.00..965.00 rows=30000 width=8) (actual time=0.009..4.014 rows=30000 loops=3)
                                         ->  Hash  (cost=12.12..12.12 rows=1 width=4) (actual time=0.021..0.021 rows=1 loops=3)
                                               Buckets: 1024  Batches: 1  Memory Usage: 9kB
                                               ->  Seq Scan on nation nation_1  (cost=0.00..12.12 rows=1 width=4) (actual time=0.013..0.016 rows=1 loops=3)
                                                     Filter: (n_name = 'GERMANY'::bpchar)
                                                     Rows Removed by Filter: 24
   ->  Finalize GroupAggregate  (cost=68594.14..70470.56 rows=4650 width=36) (actual time=394.472..505.248 rows=2800 loops=1)
         Group Key: partsupp.ps_partkey
         Filter: (sum((partsupp.ps_supplycost * (partsupp.ps_availqty)::numeric)) > $1)
         Rows Removed by Filter: 87241
         ->  Gather Merge  (cost=68594.14..70081.14 rows=11624 width=36) (actual time=196.886..240.243 rows=90229 loops=1)
               Workers Planned: 2
               Workers Launched: 2
               ->  Partial GroupAggregate  (cost=67594.12..67739.42 rows=5812 width=36) (actual time=194.538..222.921 rows=30076 loops=3)
                     Group Key: partsupp.ps_partkey
                     ->  Sort  (cost=67594.12..67608.65 rows=5812 width=14) (actual time=194.521..196.004 rows=31893 loops=3)
                           Sort Key: partsupp.ps_partkey
                           Sort Method: quicksort  Memory: 2276kB
                           Worker 0:  Sort Method: quicksort  Memory: 2229kB
                           Worker 1:  Sort Method: quicksort  Memory: 2285kB
                           ->  Hash Join  (cost=1093.60..67230.73 rows=5812 width=14) (actual time=7.666..186.212 rows=31893 loops=3)
                                 Hash Cond: (partsupp.ps_suppkey = supplier.s_suppkey)
                                 ->  Parallel Seq Scan on partsupp  (cost=0.00..62328.30 rows=1000230 width=18) (actual time=0.047..102.490 rows=800000 loops=3)
                                 ->  Hash  (cost=1091.40..1091.40 rows=176 width=4) (actual time=7.574..7.574 rows=1196 loops=3)
                                       Buckets: 2048 (originally 1024)  Batches: 1 (originally 1)  Memory Usage: 59kB
                                       ->  Hash Join  (cost=12.14..1091.40 rows=176 width=4) (actual time=0.052..7.389 rows=1196 loops=3)
                                             Hash Cond: (supplier.s_nationkey = nation.n_nationkey)
                                             ->  Seq Scan on supplier  (cost=0.00..965.00 rows=30000 width=8) (actual time=0.011..4.578 rows=30000 loops=3)
                                             ->  Hash  (cost=12.12..12.12 rows=1 width=4) (actual time=0.021..0.021 rows=1 loops=3)
                                                   Buckets: 1024  Batches: 1  Memory Usage: 9kB
                                                   ->  Seq Scan on nation  (cost=0.00..12.12 rows=1 width=4) (actual time=0.014..0.016 rows=1 loops=3)
                                                         Filter: (n_name = 'GERMANY'::bpchar)
                                                         Rows Removed by Filter: 24
 Planning Time: 0.573 ms
 Execution Time: 507.293 ms
(51 rows)

execute /home/pei/benchmarks/tpch-postgre/dbgen/out/skinner_explained/12.sql_explained.sql
SET
                                                                                                                                  QUERY PLAN                                                                                                                                  
------------------------------------------------------------------------------------------------------------------------------------------------------------------------------------------------------------------------------------------------------------------------------
 Finalize GroupAggregate  (cost=652946.17..653669.71 rows=7 width=27) (actual time=2243.017..2243.020 rows=2 loops=1)
   Group Key: lineitem.l_shipmode
   ->  Gather Merge  (cost=652946.17..653669.53 rows=14 width=27) (actual time=2238.500..2294.967 rows=6 loops=1)
         Workers Planned: 2
         Workers Launched: 2
         ->  Partial GroupAggregate  (cost=651946.14..652667.89 rows=7 width=27) (actual time=2236.227..2240.634 rows=2 loops=3)
               Group Key: lineitem.l_shipmode
               ->  Sort  (cost=651946.14..652036.35 rows=36084 width=27) (actual time=2231.870..2233.225 rows=31048 loops=3)
                     Sort Key: lineitem.l_shipmode
                     Sort Method: quicksort  Memory: 3179kB
                     Worker 0:  Sort Method: quicksort  Memory: 3227kB
                     Worker 1:  Sort Method: quicksort  Memory: 3176kB
                     ->  Parallel Hash Join  (cost=131451.73..649214.75 rows=36084 width=27) (actual time=2098.226..2224.665 rows=31048 loops=3)
                           Hash Cond: (lineitem.l_orderkey = orders.o_orderkey)
                           ->  Parallel Seq Scan on lineitem  (cost=0.00..506091.25 rows=36084 width=15) (actual time=0.113..1576.734 rows=31048 loops=3)
                                 Filter: ((l_shipmode = ANY ('{MAIL,SHIP}'::bpchar[])) AND (l_commitdate < l_receiptdate) AND (l_shipdate < l_commitdate) AND (l_receiptdate >= '1994-01-01'::date) AND (l_receiptdate < '1995-01-01 00:00:00'::timestamp without time zone))
                                 Rows Removed by Filter: 5967822
                           ->  Parallel Hash  (cost=97027.66..97027.66 rows=1874966 width=20) (actual time=501.281..501.281 rows=1500000 loops=3)
                                 Buckets: 65536  Batches: 128  Memory Usage: 2496kB
                                 ->  Parallel Seq Scan on orders  (cost=0.00..97027.66 rows=1874966 width=20) (actual time=0.025..231.949 rows=1500000 loops=3)
 Planning Time: 0.416 ms
 Execution Time: 2295.756 ms
(22 rows)

execute /home/pei/benchmarks/tpch-postgre/dbgen/out/skinner_explained/14.sql_explained.sql
SET
                                                                     QUERY PLAN                                                                      
-----------------------------------------------------------------------------------------------------------------------------------------------------
 Finalize Aggregate  (cost=475439.00..475439.01 rows=1 width=32) (actual time=1163.707..1163.707 rows=1 loops=1)
   ->  Gather  (cost=475438.76..475438.97 rows=2 width=64) (actual time=1162.643..1175.379 rows=3 loops=1)
         Workers Planned: 2
         Workers Launched: 2
         ->  Partial Aggregate  (cost=474438.76..474438.77 rows=1 width=64) (actual time=1160.551..1160.552 rows=1 loops=3)
               ->  Parallel Hash Join  (cost=19623.00..472821.23 rows=92430 width=33) (actual time=1084.754..1128.165 rows=74879 loops=3)
                     Hash Cond: (lineitem.l_partkey = part.p_partkey)
                     ->  Parallel Seq Scan on lineitem  (cost=0.00..449853.50 rows=92430 width=16) (actual time=0.053..982.832 rows=74879 loops=3)
                           Filter: ((l_shipdate >= '1995-09-01'::date) AND (l_shipdate < '1995-10-01 00:00:00'::timestamp without time zone))
                           Rows Removed by Filter: 5923991
                     ->  Parallel Hash  (cost=14789.00..14789.00 rows=250000 width=25) (actual time=76.867..76.868 rows=200000 loops=3)
                           Buckets: 65536  Batches: 16  Memory Usage: 2816kB
                           ->  Parallel Seq Scan on part  (cost=0.00..14789.00 rows=250000 width=25) (actual time=0.033..33.382 rows=200000 loops=3)
 Planning Time: 0.426 ms
 Execution Time: 1175.820 ms
(15 rows)

execute /home/pei/benchmarks/tpch-postgre/dbgen/out/skinner_explained/16.sql_explained.sql
SET
                                                                                         QUERY PLAN                                                                                          
---------------------------------------------------------------------------------------------------------------------------------------------------------------------------------------------
 Sort  (cost=132502.10..132621.76 rows=47864 width=44) (actual time=1201.278..1202.793 rows=26798 loops=1)
   Sort Key: (count(DISTINCT partsupp.ps_suppkey)) DESC, part.p_brand, part.p_type, part.p_size
   Sort Method: quicksort  Memory: 2885kB
   ->  GroupAggregate  (cost=126086.82..128781.48 rows=47864 width=44) (actual time=908.219..1158.974 rows=26798 loops=1)
         Group Key: part.p_brand, part.p_type, part.p_size
         ->  Sort  (cost=126086.82..126530.03 rows=177281 width=40) (actual time=908.186..1054.894 rows=355733 loops=1)
               Sort Key: part.p_brand, part.p_type, part.p_size
               Sort Method: external merge  Disk: 18168kB
               ->  Gather  (cost=21040.57..105780.75 rows=177281 width=40) (actual time=82.085..388.796 rows=355733 loops=1)
                     Workers Planned: 2
                     Workers Launched: 2
                     ->  Parallel Hash Join  (cost=20040.57..87052.65 rows=73867 width=40) (actual time=79.897..356.098 rows=118578 loops=3)
                           Hash Cond: (partsupp.ps_partkey = part.p_partkey)
                           ->  Parallel Seq Scan on partsupp  (cost=1040.01..65868.88 rows=500115 width=8) (actual time=10.622..187.526 rows=799600 loops=3)
                                 Filter: (NOT (hashed SubPlan 1))
                                 Rows Removed by Filter: 400
                                 SubPlan 1
                                   ->  Seq Scan on supplier  (cost=0.00..1040.00 rows=3 width=4) (actual time=0.137..10.579 rows=15 loops=3)
                                         Filter: ((s_comment)::text ~~ '%Customer%Complaints%'::text)
                                         Rows Removed by Filter: 29985
                           ->  Parallel Hash  (cost=18539.00..18539.00 rows=36925 width=40) (actual time=68.759..68.759 rows=29658 loops=3)
                                 Buckets: 131072  Batches: 1  Memory Usage: 7712kB
                                 ->  Parallel Seq Scan on part  (cost=0.00..18539.00 rows=36925 width=40) (actual time=0.037..55.014 rows=29658 loops=3)
                                       Filter: ((p_brand <> 'Brand#45'::bpchar) AND ((p_type)::text !~~ 'MEDIUM POLISHED%'::text) AND (p_size = ANY ('{49,14,23,45,19,3,36,9}'::integer[])))
                                       Rows Removed by Filter: 170342
 Planning Time: 0.829 ms
 Execution Time: 1208.592 ms
(27 rows)

execute /home/pei/benchmarks/tpch-postgre/dbgen/out/skinner_explained/17.sql_explained.sql
SET
psql:/home/pei/benchmarks/tpch-postgre/dbgen/out/skinner_explained/17.sql_explained.sql:25: ERROR:  canceling statement due to statement timeout
execute /home/pei/benchmarks/tpch-postgre/dbgen/out/skinner_explained/18.sql_explained.sql
SET
                                                                                                QUERY PLAN                                                                                                 
-----------------------------------------------------------------------------------------------------------------------------------------------------------------------------------------------------------
 GroupAggregate  (cost=2755537.93..2771989.78 rows=548395 width=71) (actual time=17736.261..17736.864 rows=179 loops=1)
   Group Key: orders.o_totalprice, orders.o_orderdate, customer.c_name, customer.c_custkey, orders.o_orderkey
   ->  Sort  (cost=2755537.93..2756908.92 rows=548395 width=44) (actual time=17736.241..17736.294 rows=1253 loops=1)
         Sort Key: orders.o_totalprice DESC, orders.o_orderdate, customer.c_name, customer.c_custkey, orders.o_orderkey
         Sort Method: quicksort  Memory: 146kB
         ->  Hash Join  (cost=1919134.52..2686392.57 rows=548395 width=44) (actual time=11888.753..17734.946 rows=1253 loops=1)
               Hash Cond: (lineitem.l_orderkey = orders.o_orderkey)
               ->  Seq Scan on lineitem  (cost=0.00..517338.80 rows=17996080 width=9) (actual time=0.015..2303.686 rows=17996609 loops=1)
               ->  Hash  (cost=1916214.45..1916214.45 rows=137126 width=43) (actual time=11855.773..11855.773 rows=179 loops=1)
                     Buckets: 65536  Batches: 4  Memory Usage: 516kB
                     ->  Hash Join  (cost=1721724.49..1916214.45 rows=137126 width=43) (actual time=10241.006..11855.636 rows=179 loops=1)
                           Hash Cond: (orders.o_custkey = customer.c_custkey)
                           ->  Hash Join  (cost=1698212.49..1886571.97 rows=137126 width=24) (actual time=10038.020..11675.590 rows=179 loops=1)
                                 Hash Cond: (orders.o_orderkey = lineitem_1.l_orderkey)
                                 ->  Seq Scan on orders  (cost=0.00..123277.18 rows=4499918 width=20) (actual time=0.015..607.079 rows=4500000 loops=1)
                                 ->  Hash  (cost=1695962.42..1695962.42 rows=137126 width=4) (actual time=10035.464..10035.465 rows=179 loops=1)
                                       Buckets: 131072  Batches: 2  Memory Usage: 1027kB
                                       ->  Finalize GroupAggregate  (cost=1525903.65..1694591.16 rows=137126 width=4) (actual time=3420.838..10035.343 rows=179 loops=1)
                                             Group Key: lineitem_1.l_orderkey
                                             Filter: (sum(lineitem_1.l_quantity) > '300'::numeric)
                                             Rows Removed by Filter: 4499821
                                             ->  Gather Merge  (cost=1525903.65..1682249.85 rows=822754 width=36) (actual time=3418.500..6864.790 rows=4721322 loops=1)
                                                   Workers Planned: 2
                                                   Workers Launched: 2
                                                   ->  Partial GroupAggregate  (cost=1524903.63..1586283.60 rows=411377 width=36) (actual time=3404.039..5656.884 rows=1573774 loops=3)
                                                         Group Key: lineitem_1.l_orderkey
                                                         ->  Sort  (cost=1524903.63..1543649.55 rows=7498367 width=9) (actual time=3404.016..3964.249 rows=5998870 loops=3)
                                                               Sort Key: lineitem_1.l_orderkey
                                                               Sort Method: external merge  Disk: 112480kB
                                                               Worker 0:  Sort Method: external merge  Disk: 110088kB
                                                               Worker 1:  Sort Method: external merge  Disk: 112272kB
                                                               ->  Parallel Seq Scan on lineitem lineitem_1  (cost=0.00..412361.67 rows=7498367 width=9) (actual time=0.024..861.397 rows=5998870 loops=3)
                           ->  Hash  (cost=15250.00..15250.00 rows=450000 width=23) (actual time=155.446..155.446 rows=450000 loops=1)
                                 Buckets: 65536  Batches: 8  Memory Usage: 3597kB
                                 ->  Seq Scan on customer  (cost=0.00..15250.00 rows=450000 width=23) (actual time=0.036..62.946 rows=450000 loops=1)
 Planning Time: 0.711 ms
 Execution Time: 17756.080 ms
(37 rows)

execute /home/pei/benchmarks/tpch-postgre/dbgen/out/skinner_explained/19.sql_explained.sql
SET
                                                                                                                                                                                                                                                                                                                                                                           QUERY PLAN                                                                                                                                                                                                                                                                                                                                                                           
----------------------------------------------------------------------------------------------------------------------------------------------------------------------------------------------------------------------------------------------------------------------------------------------------------------------------------------------------------------------------------------------------------------------------------------------------------------------------------------------------------------------------------------------------------------------------------------------------------------------------------------------------------------------------------------------------------------------------------------------------------------
 Finalize Aggregate  (cost=586793.64..586793.65 rows=1 width=32) (actual time=1682.165..1682.166 rows=1 loops=1)
   ->  Gather  (cost=586793.42..586793.63 rows=2 width=32) (actual time=1682.065..1686.228 rows=3 loops=1)
         Workers Planned: 2
         Workers Launched: 2
         ->  Partial Aggregate  (cost=585793.42..585793.43 rows=1 width=32) (actual time=1679.687..1679.687 rows=1 loops=3)
               ->  Parallel Hash Join  (cost=22921.53..585792.34 rows=143 width=12) (actual time=61.884..1679.571 rows=121 loops=3)
                     Hash Cond: (lineitem.l_partkey = part.p_partkey)
                     Join Filter: (((part.p_brand = 'Brand#12'::bpchar) AND (part.p_container = ANY ('{"SM CASE","SM BOX","SM PACK","SM PKG"}'::bpchar[])) AND (lineitem.l_quantity >= '1'::numeric) AND (lineitem.l_quantity <= '11'::numeric) AND (part.p_size <= 5)) OR ((part.p_brand = 'Brand#23'::bpchar) AND (part.p_container = ANY ('{"MED BAG","MED BOX","MED PKG","MED PACK"}'::bpchar[])) AND (lineitem.l_quantity >= '10'::numeric) AND (lineitem.l_quantity <= '20'::numeric) AND (part.p_size <= 10)) OR ((part.p_brand = 'Brand#34'::bpchar) AND (part.p_container = ANY ('{"LG CASE","LG BOX","LG PACK","LG PKG"}'::bpchar[])) AND (lineitem.l_quantity >= '20'::numeric) AND (lineitem.l_quantity <= '30'::numeric) AND (part.p_size <= 15)))
                     Rows Removed by Join Filter: 188
                     ->  Parallel Seq Scan on lineitem  (cost=0.00..562329.00 rows=142388 width=21) (actual time=0.046..1608.637 rows=128767 loops=3)
                           Filter: ((l_shipmode = ANY ('{AIR,"AIR REG"}'::bpchar[])) AND (l_shipinstruct = 'DELIVER IN PERSON'::bpchar) AND (((l_quantity >= '1'::numeric) AND (l_quantity <= '11'::numeric)) OR ((l_quantity >= '10'::numeric) AND (l_quantity <= '20'::numeric)) OR ((l_quantity >= '20'::numeric) AND (l_quantity <= '30'::numeric))))
                           Rows Removed by Filter: 5870103
                     ->  Parallel Hash  (cost=22914.00..22914.00 rows=602 width=30) (actual time=52.437..52.437 rows=489 loops=3)
                           Buckets: 2048  Batches: 1  Memory Usage: 112kB
                           ->  Parallel Seq Scan on part  (cost=0.00..22914.00 rows=602 width=30) (actual time=0.194..52.168 rows=489 loops=3)
                                 Filter: ((p_size >= 1) AND (((p_brand = 'Brand#12'::bpchar) AND (p_container = ANY ('{"SM CASE","SM BOX","SM PACK","SM PKG"}'::bpchar[])) AND (p_size <= 5)) OR ((p_brand = 'Brand#23'::bpchar) AND (p_container = ANY ('{"MED BAG","MED BOX","MED PKG","MED PACK"}'::bpchar[])) AND (p_size <= 10)) OR ((p_brand = 'Brand#34'::bpchar) AND (p_container = ANY ('{"LG CASE","LG BOX","LG PACK","LG PKG"}'::bpchar[])) AND (p_size <= 15))))
                                 Rows Removed by Filter: 199511
 Planning Time: 0.670 ms
 Execution Time: 1686.348 ms
(19 rows)

execute /home/pei/benchmarks/tpch-postgre/dbgen/out/skinner_explained/2.sql_explained.sql
SET
psql:/home/pei/benchmarks/tpch-postgre/dbgen/out/skinner_explained/2.sql_explained.sql:51: ERROR:  canceling statement due to statement timeout
execute /home/pei/benchmarks/tpch-postgre/dbgen/out/skinner_explained/20.sql_explained.sql
SET
psql:/home/pei/benchmarks/tpch-postgre/dbgen/out/skinner_explained/20.sql_explained.sql:45: ERROR:  canceling statement due to statement timeout
execute /home/pei/benchmarks/tpch-postgre/dbgen/out/skinner_explained/21.sql_explained.sql
SET
psql:/home/pei/benchmarks/tpch-postgre/dbgen/out/skinner_explained/21.sql_explained.sql:47: ERROR:  canceling statement due to statement timeout
execute /home/pei/benchmarks/tpch-postgre/dbgen/out/skinner_explained/3.sql_explained.sql
SET
                                                                                  QUERY PLAN                                                                                  
------------------------------------------------------------------------------------------------------------------------------------------------------------------------------
 Sort  (cost=946756.28..949214.68 rows=983362 width=44) (actual time=2584.145..2587.757 rows=34207 loops=1)
   Sort Key: (sum((lineitem.l_extendedprice * ('1'::numeric - lineitem.l_discount)))) DESC, orders.o_orderdate
   Sort Method: quicksort  Memory: 3618kB
   ->  Finalize GroupAggregate  (cost=658960.22..788374.56 rows=983362 width=44) (actual time=2509.948..2565.737 rows=34207 loops=1)
         Group Key: lineitem.l_orderkey, orders.o_orderdate, orders.o_shippriority
         ->  Gather Merge  (cost=658960.22..765839.18 rows=819468 width=44) (actual time=2509.940..2612.918 rows=34425 loops=1)
               Workers Planned: 2
               Workers Launched: 2
               ->  Partial GroupAggregate  (cost=657960.20..670252.22 rows=409734 width=44) (actual time=2507.359..2529.853 rows=11475 loops=3)
                     Group Key: lineitem.l_orderkey, orders.o_orderdate, orders.o_shippriority
                     ->  Sort  (cost=657960.20..658984.53 rows=409734 width=24) (actual time=2507.340..2508.699 rows=30009 loops=3)
                           Sort Key: lineitem.l_orderkey, orders.o_orderdate, orders.o_shippriority
                           Sort Method: quicksort  Memory: 3126kB
                           Worker 0:  Sort Method: quicksort  Memory: 3117kB
                           Worker 1:  Sort Method: quicksort  Memory: 3096kB
                           ->  Parallel Hash Join  (cost=122810.80..611360.62 rows=409734 width=24) (actual time=2193.822..2494.929 rows=30009 loops=3)
                                 Hash Cond: (lineitem.l_orderkey = orders.o_orderkey)
                                 ->  Parallel Seq Scan on lineitem  (cost=0.00..431107.58 rows=4055202 width=16) (actual time=0.013..1099.238 rows=3233939 loops=3)
                                       Filter: (l_shipdate > '1995-03-15'::date)
                                       Rows Removed by Filter: 2764930
                                 ->  Parallel Hash  (cost=119516.74..119516.74 rows=189445 width=12) (actual time=419.670..419.670 rows=146891 loops=3)
                                       Buckets: 131072  Batches: 8  Memory Usage: 3712kB
                                       ->  Parallel Hash Join  (cost=13578.67..119516.74 rows=189445 width=12) (actual time=37.085..390.649 rows=146891 loops=3)
                                             Hash Cond: (orders.o_custkey = customer.c_custkey)
                                             ->  Parallel Seq Scan on orders  (cost=0.00..101715.07 rows=915635 width=16) (actual time=0.019..217.765 rows=728721 loops=3)
                                                   Filter: (o_orderdate < '1995-03-15'::date)
                                                   Rows Removed by Filter: 771279
                                             ->  Parallel Hash  (cost=13093.75..13093.75 rows=38794 width=4) (actual time=36.795..36.796 rows=30119 loops=3)
                                                   Buckets: 131072  Batches: 1  Memory Usage: 4608kB
                                                   ->  Parallel Seq Scan on customer  (cost=0.00..13093.75 rows=38794 width=4) (actual time=0.039..28.663 rows=30119 loops=3)
                                                         Filter: (c_mktsegment = 'BUILDING'::bpchar)
                                                         Rows Removed by Filter: 119881
 Planning Time: 0.539 ms
 Execution Time: 2663.328 ms
(34 rows)

execute /home/pei/benchmarks/tpch-postgre/dbgen/out/skinner_explained/4.sql_explained.sql
SET
                                                                            QUERY PLAN                                                                             
-------------------------------------------------------------------------------------------------------------------------------------------------------------------
 Finalize GroupAggregate  (cost=590820.64..590871.54 rows=5 width=24) (actual time=2181.751..2187.585 rows=5 loops=1)
   Group Key: orders.o_orderpriority
   ->  Gather Merge  (cost=590820.64..590871.44 rows=10 width=24) (actual time=2180.189..2266.695 rows=15 loops=1)
         Workers Planned: 2
         Workers Launched: 2
         ->  Partial GroupAggregate  (cost=589820.61..589870.26 rows=5 width=24) (actual time=2177.919..2183.895 rows=5 loops=3)
               Group Key: orders.o_orderpriority
               ->  Sort  (cost=589820.61..589837.14 rows=6613 width=16) (actual time=2176.402..2178.813 rows=52805 loops=3)
                     Sort Key: orders.o_orderpriority
                     Sort Method: quicksort  Memory: 3844kB
                     Worker 0:  Sort Method: quicksort  Memory: 3848kB
                     Worker 1:  Sort Method: quicksort  Memory: 3830kB
                     ->  Parallel Hash Semi Join  (cost=472114.77..589400.98 rows=6613 width=16) (actual time=1903.778..2164.375 rows=52805 loops=3)
                           Hash Cond: (orders.o_orderkey = lineitem.l_orderkey)
                           ->  Parallel Seq Scan on orders  (cost=0.00..106402.49 rows=72338 width=20) (actual time=0.032..208.535 rows=57571 loops=3)
                                 Filter: ((o_orderdate >= '1993-07-01'::date) AND (o_orderdate < '1993-10-01 00:00:00'::timestamp without time zone))
                                 Rows Removed by Filter: 1442429
                           ->  Parallel Hash  (cost=431107.58..431107.58 rows=2499455 width=4) (actual time=1668.061..1668.061 rows=3792542 loops=3)
                                 Buckets: 131072  Batches: 128  Memory Usage: 4608kB
                                 ->  Parallel Seq Scan on lineitem  (cost=0.00..431107.58 rows=2499455 width=4) (actual time=0.021..1172.968 rows=3792542 loops=3)
                                       Filter: (l_commitdate < l_receiptdate)
                                       Rows Removed by Filter: 2206328
 Planning Time: 0.414 ms
 Execution Time: 2267.078 ms
(24 rows)

execute /home/pei/benchmarks/tpch-postgre/dbgen/out/skinner_explained/5.sql_explained.sql
SET
                                                                                         QUERY PLAN                                                                                         
--------------------------------------------------------------------------------------------------------------------------------------------------------------------------------------------
 Sort  (cost=563930.40..563930.83 rows=170 width=136) (actual time=1796.613..1796.613 rows=5 loops=1)
   Sort Key: (sum((lineitem.l_extendedprice * ('1'::numeric - lineitem.l_discount)))) DESC
   Sort Method: quicksort  Memory: 25kB
   ->  Finalize GroupAggregate  (cost=563874.71..563924.11 rows=170 width=136) (actual time=1793.924..1796.596 rows=5 loops=1)
         Group Key: nation.n_name
         ->  Gather Merge  (cost=563874.71..563919.43 rows=340 width=136) (actual time=1793.198..1801.988 rows=15 loops=1)
               Workers Planned: 2
               Workers Launched: 2
               ->  Partial GroupAggregate  (cost=562874.69..562880.16 rows=170 width=136) (actual time=1790.291..1792.984 rows=5 loops=3)
                     Group Key: nation.n_name
                     ->  Sort  (cost=562874.69..562875.36 rows=268 width=116) (actual time=1789.600..1789.931 rows=7343 loops=3)
                           Sort Key: nation.n_name
                           Sort Method: quicksort  Memory: 769kB
                           Worker 0:  Sort Method: quicksort  Memory: 753kB
                           Worker 1:  Sort Method: quicksort  Memory: 776kB
                           ->  Hash Join  (cost=122301.72..562863.88 rows=268 width=116) (actual time=363.884..1785.340 rows=7343 loops=3)
                                 Hash Cond: ((lineitem.l_suppkey = supplier.s_suppkey) AND (customer.c_nationkey = supplier.s_nationkey))
                                 ->  Parallel Hash Join  (cost=120886.72..561395.45 rows=6766 width=128) (actual time=353.396..1731.807 rows=183378 loops=3)
                                       Hash Cond: (lineitem.l_orderkey = orders.o_orderkey)
                                       ->  Parallel Seq Scan on lineitem  (cost=0.00..412361.67 rows=7498367 width=20) (actual time=0.013..722.694 rows=5998870 loops=3)
                                       ->  Parallel Hash  (cost=120865.57..120865.57 rows=1692 width=116) (actual time=353.190..353.190 rows=45716 loops=3)
                                             Buckets: 262144 (originally 4096)  Batches: 1 (originally 1)  Memory Usage: 13760kB
                                             ->  Parallel Hash Join  (cost=13377.44..120865.57 rows=1692 width=116) (actual time=53.378..324.453 rows=45716 loops=3)
                                                   Hash Cond: (orders.o_custkey = customer.c_custkey)
                                                   ->  Parallel Seq Scan on orders  (cost=0.00..106402.49 rows=287625 width=8) (actual time=0.015..215.679 rows=227810 loops=3)
                                                         Filter: ((o_orderdate >= '1994-01-01'::date) AND (o_orderdate < '1995-01-01 00:00:00'::timestamp without time zone))
                                                         Rows Removed by Filter: 1272190
                                                   ->  Parallel Hash  (cost=13363.65..13363.65 rows=1103 width=116) (actual time=53.323..53.323 rows=30145 loops=3)
                                                         Buckets: 131072 (originally 4096)  Batches: 1 (originally 1)  Memory Usage: 8416kB
                                                         ->  Hash Join  (cost=24.50..13363.65 rows=1103 width=116) (actual time=0.100..37.740 rows=30145 loops=3)
                                                               Hash Cond: (customer.c_nationkey = nation.n_nationkey)
                                                               ->  Parallel Seq Scan on customer  (cost=0.00..12625.00 rows=187500 width=8) (actual time=0.029..21.038 rows=150000 loops=3)
                                                               ->  Hash  (cost=24.48..24.48 rows=1 width=108) (actual time=0.055..0.055 rows=5 loops=3)
                                                                     Buckets: 1024  Batches: 1  Memory Usage: 9kB
                                                                     ->  Hash Join  (cost=12.14..24.48 rows=1 width=108) (actual time=0.045..0.049 rows=5 loops=3)
                                                                           Hash Cond: (nation.n_regionkey = region.r_regionkey)
                                                                           ->  Seq Scan on nation  (cost=0.00..11.70 rows=170 width=112) (actual time=0.008..0.010 rows=25 loops=3)
                                                                           ->  Hash  (cost=12.12..12.12 rows=1 width=4) (actual time=0.021..0.021 rows=1 loops=3)
                                                                                 Buckets: 1024  Batches: 1  Memory Usage: 9kB
                                                                                 ->  Seq Scan on region  (cost=0.00..12.12 rows=1 width=4) (actual time=0.018..0.018 rows=1 loops=3)
                                                                                       Filter: (r_name = 'ASIA'::bpchar)
                                                                                       Rows Removed by Filter: 4
                                 ->  Hash  (cost=965.00..965.00 rows=30000 width=8) (actual time=9.813..9.813 rows=30000 loops=3)
                                       Buckets: 32768  Batches: 1  Memory Usage: 1428kB
                                       ->  Seq Scan on supplier  (cost=0.00..965.00 rows=30000 width=8) (actual time=0.014..5.658 rows=30000 loops=3)
 Planning Time: 1.272 ms
 Execution Time: 1803.910 ms
(47 rows)

execute /home/pei/benchmarks/tpch-postgre/dbgen/out/skinner_explained/6.sql_explained.sql
SET
                                                                                                        QUERY PLAN                                                                                                         
---------------------------------------------------------------------------------------------------------------------------------------------------------------------------------------------------------------------------
 Finalize Aggregate  (cost=507814.90..507814.91 rows=1 width=32) (actual time=1146.520..1146.520 rows=1 loops=1)
   ->  Gather  (cost=507814.68..507814.89 rows=2 width=32) (actual time=1146.418..1150.603 rows=3 loops=1)
         Workers Planned: 2
         Workers Launched: 2
         ->  Partial Aggregate  (cost=506814.68..506814.69 rows=1 width=32) (actual time=1144.316..1144.317 rows=1 loops=3)
               ->  Parallel Seq Scan on lineitem  (cost=0.00..506091.25 rows=144685 width=12) (actual time=0.040..1108.867 rows=114155 loops=3)
                     Filter: ((l_shipdate >= '1994-01-01'::date) AND (l_shipdate < '1995-01-01 00:00:00'::timestamp without time zone) AND (l_discount >= 0.05) AND (l_discount <= 0.07) AND (l_quantity < '24'::numeric))
                     Rows Removed by Filter: 5884715
 Planning Time: 0.292 ms
 Execution Time: 1150.687 ms
(10 rows)

execute /home/pei/benchmarks/tpch-postgre/dbgen/out/skinner_explained/7.sql_explained.sql
SET
                                                                                      QUERY PLAN                                                                                       
---------------------------------------------------------------------------------------------------------------------------------------------------------------------------------------
 Finalize GroupAggregate  (cost=578493.76..578545.70 rows=375 width=248) (actual time=2271.798..2274.118 rows=4 loops=1)
   Group Key: n1.n_name, n2.n_name, (date_part('year'::text, (lineitem.l_shipdate)::timestamp without time zone))
   ->  Gather Merge  (cost=578493.76..578535.24 rows=312 width=248) (actual time=2271.044..2424.146 rows=12 loops=1)
         Workers Planned: 2
         Workers Launched: 2
         ->  Partial GroupAggregate  (cost=577493.74..577499.20 rows=156 width=248) (actual time=2268.467..2270.760 rows=4 loops=3)
               Group Key: n1.n_name, n2.n_name, (date_part('year'::text, (lineitem.l_shipdate)::timestamp without time zone))
               ->  Sort  (cost=577493.74..577494.13 rows=156 width=228) (actual time=2267.723..2267.984 rows=5777 loops=3)
                     Sort Key: n1.n_name, n2.n_name, (date_part('year'::text, (lineitem.l_shipdate)::timestamp without time zone))
                     Sort Method: quicksort  Memory: 1007kB
                     Worker 0:  Sort Method: quicksort  Memory: 1011kB
                     Worker 1:  Sort Method: quicksort  Memory: 997kB
                     ->  Hash Join  (cost=118914.77..577488.06 rows=156 width=228) (actual time=1856.624..2263.763 rows=5777 loops=3)
                           Hash Cond: (lineitem.l_suppkey = supplier.s_suppkey)
                           Join Filter: (((n1.n_name = 'FRANCE'::bpchar) AND (n2.n_name = 'GERMANY'::bpchar)) OR ((n1.n_name = 'GERMANY'::bpchar) AND (n2.n_name = 'FRANCE'::bpchar)))
                           Rows Removed by Join Filter: 5832
                           ->  Parallel Hash Join  (cost=117816.75..576283.02 rows=26672 width=124) (actual time=1848.506..2235.724 rows=147332 loops=3)
                                 Hash Cond: (lineitem.l_orderkey = orders.o_orderkey)
                                 ->  Parallel Seq Scan on lineitem  (cost=0.00..449853.50 rows=2267104 width=24) (actual time=0.014..1047.044 rows=1821396 loops=3)
                                       Filter: ((l_shipdate >= '1995-01-01'::date) AND (l_shipdate <= '1996-12-31'::date))
                                       Rows Removed by Filter: 4177474
                                 ->  Parallel Hash  (cost=117541.03..117541.03 rows=22058 width=108) (actual time=476.273..476.273 rows=121711 loops=3)
                                       Buckets: 65536 (originally 65536)  Batches: 8 (originally 1)  Memory Usage: 3424kB
                                       ->  Parallel Hash Join  (cost=13390.34..117541.03 rows=22058 width=108) (actual time=43.434..429.325 rows=121711 loops=3)
                                             Hash Cond: (orders.o_custkey = customer.c_custkey)
                                             ->  Parallel Seq Scan on orders  (cost=0.00..97027.66 rows=1874966 width=8) (actual time=0.014..177.182 rows=1500000 loops=3)
                                             ->  Parallel Hash  (cost=13362.76..13362.76 rows=2206 width=108) (actual time=43.378..43.378 rows=12073 loops=3)
                                                   Buckets: 65536 (originally 8192)  Batches: 1 (originally 1)  Memory Usage: 3296kB
                                                   ->  Hash Join  (cost=12.58..13362.76 rows=2206 width=108) (actual time=0.051..34.847 rows=12073 loops=3)
                                                         Hash Cond: (customer.c_nationkey = n2.n_nationkey)
                                                         ->  Parallel Seq Scan on customer  (cost=0.00..12625.00 rows=187500 width=8) (actual time=0.019..20.917 rows=150000 loops=3)
                                                         ->  Hash  (cost=12.55..12.55 rows=2 width=108) (actual time=0.011..0.012 rows=2 loops=3)
                                                               Buckets: 1024  Batches: 1  Memory Usage: 9kB
                                                               ->  Seq Scan on nation n2  (cost=0.00..12.55 rows=2 width=108) (actual time=0.005..0.008 rows=2 loops=3)
                                                                     Filter: ((n_name = 'GERMANY'::bpchar) OR (n_name = 'FRANCE'::bpchar))
                                                                     Rows Removed by Filter: 23
                           ->  Hash  (cost=1093.61..1093.61 rows=353 width=108) (actual time=8.009..8.009 rows=2361 loops=3)
                                 Buckets: 4096 (originally 1024)  Batches: 1 (originally 1)  Memory Usage: 175kB
                                 ->  Hash Join  (cost=12.58..1093.61 rows=353 width=108) (actual time=0.055..7.487 rows=2361 loops=3)
                                       Hash Cond: (supplier.s_nationkey = n1.n_nationkey)
                                       ->  Seq Scan on supplier  (cost=0.00..965.00 rows=30000 width=8) (actual time=0.011..4.488 rows=30000 loops=3)
                                       ->  Hash  (cost=12.55..12.55 rows=2 width=108) (actual time=0.021..0.022 rows=2 loops=3)
                                             Buckets: 1024  Batches: 1  Memory Usage: 9kB
                                             ->  Seq Scan on nation n1  (cost=0.00..12.55 rows=2 width=108) (actual time=0.013..0.016 rows=2 loops=3)
                                                   Filter: ((n_name = 'FRANCE'::bpchar) OR (n_name = 'GERMANY'::bpchar))
                                                   Rows Removed by Filter: 23
 Planning Time: 1.099 ms
 Execution Time: 2425.084 ms
(48 rows)

execute /home/pei/benchmarks/tpch-postgre/dbgen/out/skinner_explained/8.sql_explained.sql
SET
                                                                                            QUERY PLAN                                                                                            
--------------------------------------------------------------------------------------------------------------------------------------------------------------------------------------------------
 Finalize GroupAggregate  (cost=580334.29..580365.27 rows=210 width=40) (actual time=3511.905..3511.911 rows=2 loops=1)
   Group Key: (date_part('year'::text, (orders.o_orderdate)::timestamp without time zone))
   ->  Gather Merge  (cost=580334.29..580358.34 rows=176 width=72) (actual time=3511.211..4016.709 rows=6 loops=1)
         Workers Planned: 2
         Workers Launched: 2
         ->  Partial GroupAggregate  (cost=579334.27..579338.01 rows=88 width=72) (actual time=3508.441..3509.104 rows=2 loops=3)
               Group Key: (date_part('year'::text, (orders.o_orderdate)::timestamp without time zone))
               ->  Sort  (cost=579334.27..579334.49 rows=88 width=124) (actual time=3507.774..3507.884 rows=2548 loops=3)
                     Sort Key: (date_part('year'::text, (orders.o_orderdate)::timestamp without time zone))
                     Sort Method: quicksort  Memory: 301kB
                     Worker 0:  Sort Method: quicksort  Memory: 294kB
                     Worker 1:  Sort Method: quicksort  Memory: 292kB
                     ->  Hash Join  (cost=138742.45..579331.42 rows=88 width=124) (actual time=2298.868..3506.771 rows=2548 loops=3)
                           Hash Cond: (supplier.s_nationkey = n2.n_nationkey)
                           ->  Hash Join  (cost=138728.63..579315.95 rows=88 width=20) (actual time=2298.804..3505.691 rows=2548 loops=3)
                                 Hash Cond: (lineitem.l_suppkey = supplier.s_suppkey)
                                 ->  Parallel Hash Join  (cost=137388.63..577974.75 rows=88 width=20) (actual time=2288.752..3494.028 rows=2548 loops=3)
                                       Hash Cond: (lineitem.l_partkey = part.p_partkey)
                                       ->  Parallel Hash Join  (cost=121953.84..562489.75 rows=13290 width=24) (actual time=2256.807..3414.829 rows=361590 loops=3)
                                             Hash Cond: (lineitem.l_orderkey = orders.o_orderkey)
                                             ->  Parallel Seq Scan on lineitem  (cost=0.00..412361.67 rows=7498367 width=24) (actual time=0.012..756.498 rows=5998870 loops=3)
                                             ->  Parallel Hash  (cost=121912.30..121912.30 rows=3323 width=8) (actual time=409.277..409.277 rows=90399 loops=3)
                                                   Buckets: 65536 (originally 8192)  Batches: 8 (originally 1)  Memory Usage: 1920kB
                                                   ->  Parallel Hash Join  (cost=13377.44..121912.30 rows=3323 width=8) (actual time=50.862..365.135 rows=90399 loops=3)
                                                         Hash Cond: (orders.o_custkey = customer.c_custkey)
                                                         ->  Parallel Seq Scan on orders  (cost=0.00..106402.49 rows=564940 width=12) (actual time=0.018..224.684 rows=455395 loops=3)
                                                               Filter: ((o_orderdate >= '1995-01-01'::date) AND (o_orderdate <= '1996-12-31'::date))
                                                               Rows Removed by Filter: 1044605
                                                         ->  Parallel Hash  (cost=13363.65..13363.65 rows=1103 width=4) (actual time=50.799..50.800 rows=29900 loops=3)
                                                               Buckets: 131072 (originally 4096)  Batches: 1 (originally 1)  Memory Usage: 5600kB
                                                               ->  Hash Join  (cost=24.50..13363.65 rows=1103 width=4) (actual time=0.381..37.539 rows=29900 loops=3)
                                                                     Hash Cond: (customer.c_nationkey = n1.n_nationkey)
                                                                     ->  Parallel Seq Scan on customer  (cost=0.00..12625.00 rows=187500 width=8) (actual time=0.318..21.456 rows=150000 loops=3)
                                                                     ->  Hash  (cost=24.48..24.48 rows=1 width=4) (actual time=0.045..0.045 rows=5 loops=3)
                                                                           Buckets: 1024  Batches: 1  Memory Usage: 9kB
                                                                           ->  Hash Join  (cost=12.14..24.48 rows=1 width=4) (actual time=0.036..0.042 rows=5 loops=3)
                                                                                 Hash Cond: (n1.n_regionkey = region.r_regionkey)
                                                                                 ->  Seq Scan on nation n1  (cost=0.00..11.70 rows=170 width=8) (actual time=0.005..0.007 rows=25 loops=3)
                                                                                 ->  Hash  (cost=12.12..12.12 rows=1 width=4) (actual time=0.016..0.016 rows=1 loops=3)
                                                                                       Buckets: 1024  Batches: 1  Memory Usage: 9kB
                                                                                       ->  Seq Scan on region  (cost=0.00..12.12 rows=1 width=4) (actual time=0.012..0.013 rows=1 loops=3)
                                                                                             Filter: (r_name = 'AMERICA'::bpchar)
                                                                                             Rows Removed by Filter: 4
                                       ->  Parallel Hash  (cost=15414.00..15414.00 rows=1663 width=4) (actual time=31.178..31.178 rows=1396 loops=3)
                                             Buckets: 4096  Batches: 1  Memory Usage: 224kB
                                             ->  Parallel Seq Scan on part  (cost=0.00..15414.00 rows=1663 width=4) (actual time=0.093..30.715 rows=1396 loops=3)
                                                   Filter: ((p_type)::text = 'ECONOMY ANODIZED STEEL'::text)
                                                   Rows Removed by Filter: 198604
                                 ->  Hash  (cost=965.00..965.00 rows=30000 width=8) (actual time=9.893..9.893 rows=30000 loops=3)
                                       Buckets: 32768  Batches: 1  Memory Usage: 1428kB
                                       ->  Seq Scan on supplier  (cost=0.00..965.00 rows=30000 width=8) (actual time=0.011..5.951 rows=30000 loops=3)
                           ->  Hash  (cost=11.70..11.70 rows=170 width=108) (actual time=0.024..0.024 rows=25 loops=3)
                                 Buckets: 1024  Batches: 1  Memory Usage: 10kB
                                 ->  Seq Scan on nation n2  (cost=0.00..11.70 rows=170 width=108) (actual time=0.012..0.014 rows=25 loops=3)
 Planning Time: 1.327 ms
 Execution Time: 4017.025 ms
(56 rows)

execute /home/pei/benchmarks/tpch-postgre/dbgen/out/skinner_explained/9.sql_explained.sql
SET
                                                                                           QUERY PLAN                                                                                            
-------------------------------------------------------------------------------------------------------------------------------------------------------------------------------------------------
 Finalize GroupAggregate  (cost=649909.42..649919.35 rows=73 width=144) (actual time=3690.926..3989.548 rows=175 loops=1)
   Group Key: nation.n_name, (date_part('year'::text, (orders.o_orderdate)::timestamp without time zone))
   ->  Gather Merge  (cost=649909.42..649917.47 rows=60 width=144) (actual time=3689.064..4178.088 rows=525 loops=1)
         Workers Planned: 2
         Workers Launched: 2
         ->  Partial GroupAggregate  (cost=648909.39..648910.52 rows=30 width=144) (actual time=3684.007..3980.184 rows=175 loops=3)
               Group Key: nation.n_name, (date_part('year'::text, (orders.o_orderdate)::timestamp without time zone))
               ->  Sort  (cost=648909.39..648909.47 rows=30 width=135) (actual time=3682.918..3753.555 rows=326640 loops=3)
                     Sort Key: nation.n_name, (date_part('year'::text, (orders.o_orderdate)::timestamp without time zone)) DESC
                     Sort Method: external merge  Disk: 24136kB
                     Worker 0:  Sort Method: external merge  Disk: 23928kB
                     Worker 1:  Sort Method: external merge  Disk: 24368kB
                     ->  Hash Join  (cost=544849.18..648908.66 rows=30 width=135) (actual time=2935.017..3383.586 rows=326640 loops=3)
                           Hash Cond: (supplier.s_nationkey = nation.n_nationkey)
                           ->  Parallel Hash Join  (cost=544835.36..648894.27 rows=30 width=31) (actual time=2934.956..3293.903 rows=326640 loops=3)
                                 Hash Cond: (orders.o_orderkey = lineitem.l_orderkey)
                                 ->  Parallel Seq Scan on orders  (cost=0.00..97027.66 rows=1874966 width=8) (actual time=0.021..184.424 rows=1500000 loops=3)
                                 ->  Parallel Hash  (cost=544834.98..544834.98 rows=30 width=31) (actual time=2461.094..2461.094 rows=326640 loops=3)
                                       Buckets: 65536 (originally 1024)  Batches: 32 (originally 1)  Memory Usage: 2720kB
                                       ->  Hash Join  (cost=463460.41..544834.98 rows=30 width=31) (actual time=2064.592..2311.184 rows=326640 loops=3)
                                             Hash Cond: (lineitem.l_suppkey = supplier.s_suppkey)
                                             ->  Parallel Hash Join  (cost=462120.41..543494.56 rows=31 width=35) (actual time=2054.656..2234.609 rows=326640 loops=3)
                                                   Hash Cond: ((partsupp.ps_suppkey = lineitem.l_suppkey) AND (partsupp.ps_partkey = lineitem.l_partkey))
                                                   ->  Parallel Seq Scan on partsupp  (cost=0.00..62328.30 rows=1000230 width=14) (actual time=0.021..126.465 rows=800000 loops=3)
                                                   ->  Parallel Hash  (cost=456936.03..456936.03 rows=227225 width=33) (actual time=1794.877..1794.877 rows=326640 loops=3)
                                                         Buckets: 65536 (originally 65536)  Batches: 32 (originally 16)  Memory Usage: 2816kB
                                                         ->  Parallel Hash Join  (cost=15508.70..456936.03 rows=227225 width=33) (actual time=49.848..1656.196 rows=326640 loops=3)
                                                               Hash Cond: (lineitem.l_partkey = part.p_partkey)
                                                               ->  Parallel Seq Scan on lineitem  (cost=0.00..412361.67 rows=7498367 width=29) (actual time=0.010..728.433 rows=5998870 loops=3)
                                                               ->  Parallel Hash  (cost=15414.00..15414.00 rows=7576 width=4) (actual time=49.742..49.743 rows=10887 loops=3)
                                                                     Buckets: 32768  Batches: 1  Memory Usage: 1568kB
                                                                     ->  Parallel Seq Scan on part  (cost=0.00..15414.00 rows=7576 width=4) (actual time=0.037..46.530 rows=10887 loops=3)
                                                                           Filter: ((p_name)::text ~~ '%green%'::text)
                                                                           Rows Removed by Filter: 189113
                                             ->  Hash  (cost=965.00..965.00 rows=30000 width=8) (actual time=9.777..9.777 rows=30000 loops=3)
                                                   Buckets: 32768  Batches: 1  Memory Usage: 1428kB
                                                   ->  Seq Scan on supplier  (cost=0.00..965.00 rows=30000 width=8) (actual time=0.011..5.829 rows=30000 loops=3)
                           ->  Hash  (cost=11.70..11.70 rows=170 width=108) (actual time=0.024..0.024 rows=25 loops=3)
                                 Buckets: 1024  Batches: 1  Memory Usage: 10kB
                                 ->  Seq Scan on nation  (cost=0.00..11.70 rows=170 width=108) (actual time=0.012..0.014 rows=25 loops=3)
 Planning Time: 1.467 ms
 Execution Time: 4183.250 ms
(42 rows)

execute /home/pei/benchmarks/tpch-postgre/dbgen/out/skinner_explained/1.sql_explained.sql
SET
                                                                       QUERY PLAN                                                                       
--------------------------------------------------------------------------------------------------------------------------------------------------------
 Finalize GroupAggregate  (cost=727749.01..727751.08 rows=6 width=236) (actual time=7938.924..7938.970 rows=4 loops=1)
   Group Key: l_returnflag, l_linestatus
   ->  Gather Merge  (cost=727749.01..727750.41 rows=12 width=236) (actual time=7938.889..7942.924 rows=12 loops=1)
         Workers Planned: 2
         Workers Launched: 2
         ->  Sort  (cost=726748.99..726749.00 rows=6 width=236) (actual time=7936.505..7936.506 rows=4 loops=3)
               Sort Key: l_returnflag, l_linestatus
               Sort Method: quicksort  Memory: 27kB
               Worker 0:  Sort Method: quicksort  Memory: 27kB
               Worker 1:  Sort Method: quicksort  Memory: 27kB
               ->  Partial HashAggregate  (cost=726748.74..726748.91 rows=6 width=236) (actual time=7936.468..7936.477 rows=4 loops=3)
                     Group Key: l_returnflag, l_linestatus
                     ->  Parallel Seq Scan on lineitem  (cost=0.00..431107.58 rows=7391029 width=25) (actual time=0.033..1199.338 rows=5914512 loops=3)
                           Filter: (l_shipdate <= '1998-09-02 00:00:00'::timestamp without time zone)
                           Rows Removed by Filter: 84357
 Planning Time: 0.446 ms
 Execution Time: 7943.142 ms
(17 rows)

execute /home/pei/benchmarks/tpch-postgre/dbgen/out/skinner_explained/10.sql_explained.sql
SET
                                                                                      QUERY PLAN                                                                                      
--------------------------------------------------------------------------------------------------------------------------------------------------------------------------------------
 Sort  (cost=640136.45..640565.89 rows=171775 width=280) (actual time=2242.585..2343.990 rows=114218 loops=1)
   Sort Key: (sum((lineitem.l_extendedprice * ('1'::numeric - lineitem.l_discount)))) DESC
   Sort Method: external merge  Disk: 21328kB
   ->  Finalize GroupAggregate  (cost=578134.48..602887.97 rows=171775 width=280) (actual time=1864.074..2128.747 rows=114218 loops=1)
         Group Key: customer.c_custkey, customer.c_name, customer.c_acctbal, customer.c_phone, nation.n_name, customer.c_address, customer.c_comment
         ->  Gather Merge  (cost=578134.48..597520.00 rows=143146 width=280) (actual time=1864.063..2037.650 rows=114218 loops=1)
               Workers Planned: 2
               Workers Launched: 2
               ->  Partial GroupAggregate  (cost=577134.46..579997.38 rows=71573 width=280) (actual time=1857.507..1980.294 rows=38073 loops=3)
                     Group Key: customer.c_custkey, customer.c_name, customer.c_acctbal, customer.c_phone, nation.n_name, customer.c_address, customer.c_comment
                     ->  Sort  (cost=577134.46..577313.39 rows=71573 width=260) (actual time=1857.485..1874.639 rows=114843 loops=3)
                           Sort Key: customer.c_custkey, customer.c_name, customer.c_acctbal, customer.c_phone, nation.n_name, customer.c_address, customer.c_comment
                           Sort Method: external merge  Disk: 22488kB
                           Worker 0:  Sort Method: external merge  Disk: 21384kB
                           Worker 1:  Sort Method: external merge  Disk: 21984kB
                           ->  Hash Join  (cost=546536.90..562553.62 rows=71573 width=260) (actual time=1627.168..1705.215 rows=114843 loops=3)
                                 Hash Cond: (customer.c_nationkey = nation.n_nationkey)
                                 ->  Parallel Hash Join  (cost=546523.07..561555.67 rows=71573 width=160) (actual time=1627.106..1684.831 rows=114843 loops=3)
                                       Hash Cond: (customer.c_custkey = orders.o_custkey)
                                       ->  Parallel Seq Scan on customer  (cost=0.00..12625.00 rows=187500 width=148) (actual time=0.022..21.747 rows=150000 loops=3)
                                       ->  Parallel Hash  (cost=545628.41..545628.41 rows=71573 width=16) (actual time=1568.243..1568.243 rows=114843 loops=3)
                                             Buckets: 65536 (originally 262144)  Batches: 8 (originally 1)  Memory Usage: 2816kB
                                             ->  Parallel Hash Join  (cost=107312.86..545628.41 rows=71573 width=16) (actual time=227.527..1522.557 rows=114843 loops=3)
                                                   Hash Cond: (lineitem.l_orderkey = orders.o_orderkey)
                                                   ->  Parallel Seq Scan on lineitem  (cost=0.00..431107.58 rows=1842599 width=16) (actual time=0.017..1061.575 rows=1481158 loops=3)
                                                         Filter: (l_returnflag = 'R'::bpchar)
                                                         Rows Removed by Filter: 4517712
                                                   ->  Parallel Hash  (cost=106402.49..106402.49 rows=72830 width=8) (actual time=226.889..226.890 rows=57338 loops=3)
                                                         Buckets: 262144  Batches: 1  Memory Usage: 8800kB
                                                         ->  Parallel Seq Scan on orders  (cost=0.00..106402.49 rows=72830 width=8) (actual time=0.030..209.126 rows=57338 loops=3)
                                                               Filter: ((o_orderdate >= '1993-10-01'::date) AND (o_orderdate < '1994-01-01 00:00:00'::timestamp without time zone))
                                                               Rows Removed by Filter: 1442662
                                 ->  Hash  (cost=11.70..11.70 rows=170 width=108) (actual time=0.022..0.022 rows=25 loops=3)
                                       Buckets: 1024  Batches: 1  Memory Usage: 10kB
                                       ->  Seq Scan on nation  (cost=0.00..11.70 rows=170 width=108) (actual time=0.010..0.013 rows=25 loops=3)
 Planning Time: 0.845 ms
 Execution Time: 2378.390 ms
(37 rows)

execute /home/pei/benchmarks/tpch-postgre/dbgen/out/skinner_explained/11.sql_explained.sql
SET
                                                                               QUERY PLAN                                                                               
------------------------------------------------------------------------------------------------------------------------------------------------------------------------
 Sort  (cost=139028.37..139040.00 rows=4650 width=36) (actual time=505.748..505.901 rows=2800 loops=1)
   Sort Key: (sum((partsupp.ps_supplycost * (partsupp.ps_availqty)::numeric))) DESC
   Sort Method: quicksort  Memory: 228kB
   InitPlan 1 (returns $1)
     ->  Finalize Aggregate  (cost=68274.54..68274.55 rows=1 width=32) (actual time=197.024..197.024 rows=1 loops=1)
           ->  Gather  (cost=68274.32..68274.53 rows=2 width=32) (actual time=196.919..197.085 rows=3 loops=1)
                 Workers Planned: 2
                 Workers Launched: 2
                 ->  Partial Aggregate  (cost=67274.32..67274.33 rows=1 width=32) (actual time=194.609..194.609 rows=1 loops=3)
                       ->  Hash Join  (cost=1093.60..67230.73 rows=5812 width=10) (actual time=7.044..185.503 rows=31893 loops=3)
                             Hash Cond: (partsupp_1.ps_suppkey = supplier_1.s_suppkey)
                             ->  Parallel Seq Scan on partsupp partsupp_1  (cost=0.00..62328.30 rows=1000230 width=14) (actual time=0.023..102.850 rows=800000 loops=3)
                             ->  Hash  (cost=1091.40..1091.40 rows=176 width=4) (actual time=6.916..6.916 rows=1196 loops=3)
                                   Buckets: 2048 (originally 1024)  Batches: 1 (originally 1)  Memory Usage: 59kB
                                   ->  Hash Join  (cost=12.14..1091.40 rows=176 width=4) (actual time=0.048..6.732 rows=1196 loops=3)
                                         Hash Cond: (supplier_1.s_nationkey = nation_1.n_nationkey)
                                         ->  Seq Scan on supplier supplier_1  (cost=0.00..965.00 rows=30000 width=8) (actual time=0.009..4.009 rows=30000 loops=3)
                                         ->  Hash  (cost=12.12..12.12 rows=1 width=4) (actual time=0.021..0.021 rows=1 loops=3)
                                               Buckets: 1024  Batches: 1  Memory Usage: 9kB
                                               ->  Seq Scan on nation nation_1  (cost=0.00..12.12 rows=1 width=4) (actual time=0.014..0.016 rows=1 loops=3)
                                                     Filter: (n_name = 'GERMANY'::bpchar)
                                                     Rows Removed by Filter: 24
   ->  Finalize GroupAggregate  (cost=68594.14..70470.56 rows=4650 width=36) (actual time=393.701..504.433 rows=2800 loops=1)
         Group Key: partsupp.ps_partkey
         Filter: (sum((partsupp.ps_supplycost * (partsupp.ps_availqty)::numeric)) > $1)
         Rows Removed by Filter: 87241
         ->  Gather Merge  (cost=68594.14..70081.14 rows=11624 width=36) (actual time=196.594..239.946 rows=90230 loops=1)
               Workers Planned: 2
               Workers Launched: 2
               ->  Partial GroupAggregate  (cost=67594.12..67739.42 rows=5812 width=36) (actual time=194.245..222.622 rows=30077 loops=3)
                     Group Key: partsupp.ps_partkey
                     ->  Sort  (cost=67594.12..67608.65 rows=5812 width=14) (actual time=194.227..195.698 rows=31893 loops=3)
                           Sort Key: partsupp.ps_partkey
                           Sort Method: quicksort  Memory: 2280kB
                           Worker 0:  Sort Method: quicksort  Memory: 2224kB
                           Worker 1:  Sort Method: quicksort  Memory: 2287kB
                           ->  Hash Join  (cost=1093.60..67230.73 rows=5812 width=14) (actual time=7.585..186.214 rows=31893 loops=3)
                                 Hash Cond: (partsupp.ps_suppkey = supplier.s_suppkey)
                                 ->  Parallel Seq Scan on partsupp  (cost=0.00..62328.30 rows=1000230 width=18) (actual time=0.031..102.405 rows=800000 loops=3)
                                 ->  Hash  (cost=1091.40..1091.40 rows=176 width=4) (actual time=7.524..7.524 rows=1196 loops=3)
                                       Buckets: 2048 (originally 1024)  Batches: 1 (originally 1)  Memory Usage: 59kB
                                       ->  Hash Join  (cost=12.14..1091.40 rows=176 width=4) (actual time=0.050..7.341 rows=1196 loops=3)
                                             Hash Cond: (supplier.s_nationkey = nation.n_nationkey)
                                             ->  Seq Scan on supplier  (cost=0.00..965.00 rows=30000 width=8) (actual time=0.010..4.527 rows=30000 loops=3)
                                             ->  Hash  (cost=12.12..12.12 rows=1 width=4) (actual time=0.021..0.021 rows=1 loops=3)
                                                   Buckets: 1024  Batches: 1  Memory Usage: 9kB
                                                   ->  Seq Scan on nation  (cost=0.00..12.12 rows=1 width=4) (actual time=0.014..0.016 rows=1 loops=3)
                                                         Filter: (n_name = 'GERMANY'::bpchar)
                                                         Rows Removed by Filter: 24
 Planning Time: 0.567 ms
 Execution Time: 506.481 ms
(51 rows)

execute /home/pei/benchmarks/tpch-postgre/dbgen/out/skinner_explained/12.sql_explained.sql
SET
                                                                                                                                  QUERY PLAN                                                                                                                                  
------------------------------------------------------------------------------------------------------------------------------------------------------------------------------------------------------------------------------------------------------------------------------
 Finalize GroupAggregate  (cost=652946.17..653669.71 rows=7 width=27) (actual time=2243.790..2243.792 rows=2 loops=1)
   Group Key: lineitem.l_shipmode
   ->  Gather Merge  (cost=652946.17..653669.53 rows=14 width=27) (actual time=2239.274..2297.300 rows=6 loops=1)
         Workers Planned: 2
         Workers Launched: 2
         ->  Partial GroupAggregate  (cost=651946.14..652667.89 rows=7 width=27) (actual time=2236.743..2241.158 rows=2 loops=3)
               Group Key: lineitem.l_shipmode
               ->  Sort  (cost=651946.14..652036.35 rows=36084 width=27) (actual time=2232.371..2233.734 rows=31048 loops=3)
                     Sort Key: lineitem.l_shipmode
                     Sort Method: quicksort  Memory: 3130kB
                     Worker 0:  Sort Method: quicksort  Memory: 3186kB
                     Worker 1:  Sort Method: quicksort  Memory: 3266kB
                     ->  Parallel Hash Join  (cost=131451.73..649214.75 rows=36084 width=27) (actual time=2098.178..2224.969 rows=31048 loops=3)
                           Hash Cond: (lineitem.l_orderkey = orders.o_orderkey)
                           ->  Parallel Seq Scan on lineitem  (cost=0.00..506091.25 rows=36084 width=15) (actual time=0.177..1577.851 rows=31048 loops=3)
                                 Filter: ((l_shipmode = ANY ('{MAIL,SHIP}'::bpchar[])) AND (l_commitdate < l_receiptdate) AND (l_shipdate < l_commitdate) AND (l_receiptdate >= '1994-01-01'::date) AND (l_receiptdate < '1995-01-01 00:00:00'::timestamp without time zone))
                                 Rows Removed by Filter: 5967822
                           ->  Parallel Hash  (cost=97027.66..97027.66 rows=1874966 width=20) (actual time=498.586..498.587 rows=1500000 loops=3)
                                 Buckets: 65536  Batches: 128  Memory Usage: 2496kB
                                 ->  Parallel Seq Scan on orders  (cost=0.00..97027.66 rows=1874966 width=20) (actual time=0.031..230.777 rows=1500000 loops=3)
 Planning Time: 0.425 ms
 Execution Time: 2297.558 ms
(22 rows)

execute /home/pei/benchmarks/tpch-postgre/dbgen/out/skinner_explained/14.sql_explained.sql
SET
                                                                     QUERY PLAN                                                                      
-----------------------------------------------------------------------------------------------------------------------------------------------------
 Finalize Aggregate  (cost=475439.00..475439.01 rows=1 width=32) (actual time=1173.939..1173.940 rows=1 loops=1)
   ->  Gather  (cost=475438.76..475438.97 rows=2 width=64) (actual time=1173.918..1185.025 rows=3 loops=1)
         Workers Planned: 2
         Workers Launched: 2
         ->  Partial Aggregate  (cost=474438.76..474438.77 rows=1 width=64) (actual time=1170.876..1170.876 rows=1 loops=3)
               ->  Parallel Hash Join  (cost=19623.00..472821.23 rows=92430 width=33) (actual time=1088.507..1138.300 rows=74879 loops=3)
                     Hash Cond: (lineitem.l_partkey = part.p_partkey)
                     ->  Parallel Seq Scan on lineitem  (cost=0.00..449853.50 rows=92430 width=16) (actual time=0.024..987.300 rows=74879 loops=3)
                           Filter: ((l_shipdate >= '1995-09-01'::date) AND (l_shipdate < '1995-10-01 00:00:00'::timestamp without time zone))
                           Rows Removed by Filter: 5923991
                     ->  Parallel Hash  (cost=14789.00..14789.00 rows=250000 width=25) (actual time=76.184..76.185 rows=200000 loops=3)
                           Buckets: 65536  Batches: 16  Memory Usage: 2816kB
                           ->  Parallel Seq Scan on part  (cost=0.00..14789.00 rows=250000 width=25) (actual time=0.028..32.702 rows=200000 loops=3)
 Planning Time: 0.423 ms
 Execution Time: 1185.175 ms
(15 rows)

execute /home/pei/benchmarks/tpch-postgre/dbgen/out/skinner_explained/16.sql_explained.sql
SET
                                                                                         QUERY PLAN                                                                                          
---------------------------------------------------------------------------------------------------------------------------------------------------------------------------------------------
 Sort  (cost=132502.10..132621.76 rows=47864 width=44) (actual time=1203.817..1205.272 rows=26798 loops=1)
   Sort Key: (count(DISTINCT partsupp.ps_suppkey)) DESC, part.p_brand, part.p_type, part.p_size
   Sort Method: quicksort  Memory: 2885kB
   ->  GroupAggregate  (cost=126086.82..128781.48 rows=47864 width=44) (actual time=911.779..1161.579 rows=26798 loops=1)
         Group Key: part.p_brand, part.p_type, part.p_size
         ->  Sort  (cost=126086.82..126530.03 rows=177281 width=40) (actual time=911.746..1057.273 rows=355733 loops=1)
               Sort Key: part.p_brand, part.p_type, part.p_size
               Sort Method: external merge  Disk: 18168kB
               ->  Gather  (cost=21040.57..105780.75 rows=177281 width=40) (actual time=82.209..390.868 rows=355733 loops=1)
                     Workers Planned: 2
                     Workers Launched: 2
                     ->  Parallel Hash Join  (cost=20040.57..87052.65 rows=73867 width=40) (actual time=79.905..357.012 rows=118578 loops=3)
                           Hash Cond: (partsupp.ps_partkey = part.p_partkey)
                           ->  Parallel Seq Scan on partsupp  (cost=1040.01..65868.88 rows=500115 width=8) (actual time=11.721..188.639 rows=799600 loops=3)
                                 Filter: (NOT (hashed SubPlan 1))
                                 Rows Removed by Filter: 400
                                 SubPlan 1
                                   ->  Seq Scan on supplier  (cost=0.00..1040.00 rows=3 width=4) (actual time=0.151..11.548 rows=15 loops=3)
                                         Filter: ((s_comment)::text ~~ '%Customer%Complaints%'::text)
                                         Rows Removed by Filter: 29985
                           ->  Parallel Hash  (cost=18539.00..18539.00 rows=36925 width=40) (actual time=67.661..67.661 rows=29658 loops=3)
                                 Buckets: 131072  Batches: 1  Memory Usage: 7712kB
                                 ->  Parallel Seq Scan on part  (cost=0.00..18539.00 rows=36925 width=40) (actual time=0.036..54.272 rows=29658 loops=3)
                                       Filter: ((p_brand <> 'Brand#45'::bpchar) AND ((p_type)::text !~~ 'MEDIUM POLISHED%'::text) AND (p_size = ANY ('{49,14,23,45,19,3,36,9}'::integer[])))
                                       Rows Removed by Filter: 170342
 Planning Time: 0.701 ms
 Execution Time: 1210.475 ms
(27 rows)

execute /home/pei/benchmarks/tpch-postgre/dbgen/out/skinner_explained/17.sql_explained.sql
SET
psql:/home/pei/benchmarks/tpch-postgre/dbgen/out/skinner_explained/17.sql_explained.sql:25: ERROR:  canceling statement due to statement timeout
execute /home/pei/benchmarks/tpch-postgre/dbgen/out/skinner_explained/18.sql_explained.sql
SET
                                                                                                QUERY PLAN                                                                                                 
-----------------------------------------------------------------------------------------------------------------------------------------------------------------------------------------------------------
 GroupAggregate  (cost=2755537.93..2771989.78 rows=548395 width=71) (actual time=17638.166..17638.770 rows=179 loops=1)
   Group Key: orders.o_totalprice, orders.o_orderdate, customer.c_name, customer.c_custkey, orders.o_orderkey
   ->  Sort  (cost=2755537.93..2756908.92 rows=548395 width=44) (actual time=17638.147..17638.200 rows=1253 loops=1)
         Sort Key: orders.o_totalprice DESC, orders.o_orderdate, customer.c_name, customer.c_custkey, orders.o_orderkey
         Sort Method: quicksort  Memory: 146kB
         ->  Hash Join  (cost=1919134.52..2686392.57 rows=548395 width=44) (actual time=11866.625..17636.846 rows=1253 loops=1)
               Hash Cond: (lineitem.l_orderkey = orders.o_orderkey)
               ->  Seq Scan on lineitem  (cost=0.00..517338.80 rows=17996080 width=9) (actual time=0.015..2315.526 rows=17996609 loops=1)
               ->  Hash  (cost=1916214.45..1916214.45 rows=137126 width=43) (actual time=11731.886..11731.886 rows=179 loops=1)
                     Buckets: 65536  Batches: 4  Memory Usage: 516kB
                     ->  Hash Join  (cost=1721724.49..1916214.45 rows=137126 width=43) (actual time=10115.893..11731.755 rows=179 loops=1)
                           Hash Cond: (orders.o_custkey = customer.c_custkey)
                           ->  Hash Join  (cost=1698212.49..1886571.97 rows=137126 width=24) (actual time=9912.800..11551.011 rows=179 loops=1)
                                 Hash Cond: (orders.o_orderkey = lineitem_1.l_orderkey)
                                 ->  Seq Scan on orders  (cost=0.00..123277.18 rows=4499918 width=20) (actual time=0.042..606.717 rows=4500000 loops=1)
                                 ->  Hash  (cost=1695962.42..1695962.42 rows=137126 width=4) (actual time=9910.265..9910.265 rows=179 loops=1)
                                       Buckets: 131072  Batches: 2  Memory Usage: 1027kB
                                       ->  Finalize GroupAggregate  (cost=1525903.65..1694591.16 rows=137126 width=4) (actual time=3433.502..9910.133 rows=179 loops=1)
                                             Group Key: lineitem_1.l_orderkey
                                             Filter: (sum(lineitem_1.l_quantity) > '300'::numeric)
                                             Rows Removed by Filter: 4499821
                                             ->  Gather Merge  (cost=1525903.65..1682249.85 rows=822754 width=36) (actual time=3432.114..6776.602 rows=4713276 loops=1)
                                                   Workers Planned: 2
                                                   Workers Launched: 2
                                                   ->  Partial GroupAggregate  (cost=1524903.63..1586283.60 rows=411377 width=36) (actual time=3410.094..5670.716 rows=1571092 loops=3)
                                                         Group Key: lineitem_1.l_orderkey
                                                         ->  Sort  (cost=1524903.63..1543649.55 rows=7498367 width=9) (actual time=3410.072..3979.976 rows=5998870 loops=3)
                                                               Sort Key: lineitem_1.l_orderkey
                                                               Sort Method: external merge  Disk: 112712kB
                                                               Worker 0:  Sort Method: external merge  Disk: 110080kB
                                                               Worker 1:  Sort Method: external merge  Disk: 112048kB
                                                               ->  Parallel Seq Scan on lineitem lineitem_1  (cost=0.00..412361.67 rows=7498367 width=9) (actual time=0.022..864.418 rows=5998870 loops=3)
                           ->  Hash  (cost=15250.00..15250.00 rows=450000 width=23) (actual time=155.887..155.887 rows=450000 loops=1)
                                 Buckets: 65536  Batches: 8  Memory Usage: 3597kB
                                 ->  Seq Scan on customer  (cost=0.00..15250.00 rows=450000 width=23) (actual time=0.026..63.056 rows=450000 loops=1)
 Planning Time: 0.692 ms
 Execution Time: 17657.194 ms
(37 rows)

execute /home/pei/benchmarks/tpch-postgre/dbgen/out/skinner_explained/19.sql_explained.sql
SET
                                                                                                                                                                                                                                                                                                                                                                           QUERY PLAN                                                                                                                                                                                                                                                                                                                                                                           
----------------------------------------------------------------------------------------------------------------------------------------------------------------------------------------------------------------------------------------------------------------------------------------------------------------------------------------------------------------------------------------------------------------------------------------------------------------------------------------------------------------------------------------------------------------------------------------------------------------------------------------------------------------------------------------------------------------------------------------------------------------
 Finalize Aggregate  (cost=586793.64..586793.65 rows=1 width=32) (actual time=1686.196..1686.196 rows=1 loops=1)
   ->  Gather  (cost=586793.42..586793.63 rows=2 width=32) (actual time=1686.065..1690.494 rows=3 loops=1)
         Workers Planned: 2
         Workers Launched: 2
         ->  Partial Aggregate  (cost=585793.42..585793.43 rows=1 width=32) (actual time=1683.550..1683.550 rows=1 loops=3)
               ->  Parallel Hash Join  (cost=22921.53..585792.34 rows=143 width=12) (actual time=65.310..1683.431 rows=121 loops=3)
                     Hash Cond: (lineitem.l_partkey = part.p_partkey)
                     Join Filter: (((part.p_brand = 'Brand#12'::bpchar) AND (part.p_container = ANY ('{"SM CASE","SM BOX","SM PACK","SM PKG"}'::bpchar[])) AND (lineitem.l_quantity >= '1'::numeric) AND (lineitem.l_quantity <= '11'::numeric) AND (part.p_size <= 5)) OR ((part.p_brand = 'Brand#23'::bpchar) AND (part.p_container = ANY ('{"MED BAG","MED BOX","MED PKG","MED PACK"}'::bpchar[])) AND (lineitem.l_quantity >= '10'::numeric) AND (lineitem.l_quantity <= '20'::numeric) AND (part.p_size <= 10)) OR ((part.p_brand = 'Brand#34'::bpchar) AND (part.p_container = ANY ('{"LG CASE","LG BOX","LG PACK","LG PKG"}'::bpchar[])) AND (lineitem.l_quantity >= '20'::numeric) AND (lineitem.l_quantity <= '30'::numeric) AND (part.p_size <= 15)))
                     Rows Removed by Join Filter: 188
                     ->  Parallel Seq Scan on lineitem  (cost=0.00..562329.00 rows=142388 width=21) (actual time=0.046..1612.260 rows=128767 loops=3)
                           Filter: ((l_shipmode = ANY ('{AIR,"AIR REG"}'::bpchar[])) AND (l_shipinstruct = 'DELIVER IN PERSON'::bpchar) AND (((l_quantity >= '1'::numeric) AND (l_quantity <= '11'::numeric)) OR ((l_quantity >= '10'::numeric) AND (l_quantity <= '20'::numeric)) OR ((l_quantity >= '20'::numeric) AND (l_quantity <= '30'::numeric))))
                           Rows Removed by Filter: 5870103
                     ->  Parallel Hash  (cost=22914.00..22914.00 rows=602 width=30) (actual time=52.208..52.208 rows=489 loops=3)
                           Buckets: 2048  Batches: 1  Memory Usage: 144kB
                           ->  Parallel Seq Scan on part  (cost=0.00..22914.00 rows=602 width=30) (actual time=0.212..51.933 rows=489 loops=3)
                                 Filter: ((p_size >= 1) AND (((p_brand = 'Brand#12'::bpchar) AND (p_container = ANY ('{"SM CASE","SM BOX","SM PACK","SM PKG"}'::bpchar[])) AND (p_size <= 5)) OR ((p_brand = 'Brand#23'::bpchar) AND (p_container = ANY ('{"MED BAG","MED BOX","MED PKG","MED PACK"}'::bpchar[])) AND (p_size <= 10)) OR ((p_brand = 'Brand#34'::bpchar) AND (p_container = ANY ('{"LG CASE","LG BOX","LG PACK","LG PKG"}'::bpchar[])) AND (p_size <= 15))))
                                 Rows Removed by Filter: 199511
 Planning Time: 0.707 ms
 Execution Time: 1690.618 ms
(19 rows)

execute /home/pei/benchmarks/tpch-postgre/dbgen/out/skinner_explained/2.sql_explained.sql
SET
psql:/home/pei/benchmarks/tpch-postgre/dbgen/out/skinner_explained/2.sql_explained.sql:51: ERROR:  canceling statement due to statement timeout
execute /home/pei/benchmarks/tpch-postgre/dbgen/out/skinner_explained/20.sql_explained.sql
SET
psql:/home/pei/benchmarks/tpch-postgre/dbgen/out/skinner_explained/20.sql_explained.sql:45: ERROR:  canceling statement due to statement timeout
execute /home/pei/benchmarks/tpch-postgre/dbgen/out/skinner_explained/21.sql_explained.sql
SET
psql:/home/pei/benchmarks/tpch-postgre/dbgen/out/skinner_explained/21.sql_explained.sql:47: ERROR:  canceling statement due to statement timeout
execute /home/pei/benchmarks/tpch-postgre/dbgen/out/skinner_explained/3.sql_explained.sql
SET
                                                                                  QUERY PLAN                                                                                  
------------------------------------------------------------------------------------------------------------------------------------------------------------------------------
 Sort  (cost=946756.28..949214.68 rows=983362 width=44) (actual time=2585.858..2589.122 rows=34207 loops=1)
   Sort Key: (sum((lineitem.l_extendedprice * ('1'::numeric - lineitem.l_discount)))) DESC, orders.o_orderdate
   Sort Method: quicksort  Memory: 3618kB
   ->  Finalize GroupAggregate  (cost=658960.22..788374.56 rows=983362 width=44) (actual time=2511.914..2567.636 rows=34207 loops=1)
         Group Key: lineitem.l_orderkey, orders.o_orderdate, orders.o_shippriority
         ->  Gather Merge  (cost=658960.22..765839.18 rows=819468 width=44) (actual time=2511.906..2614.038 rows=34415 loops=1)
               Workers Planned: 2
               Workers Launched: 2
               ->  Partial GroupAggregate  (cost=657960.20..670252.22 rows=409734 width=44) (actual time=2509.468..2531.941 rows=11472 loops=3)
                     Group Key: lineitem.l_orderkey, orders.o_orderdate, orders.o_shippriority
                     ->  Sort  (cost=657960.20..658984.53 rows=409734 width=24) (actual time=2509.448..2510.813 rows=30009 loops=3)
                           Sort Key: lineitem.l_orderkey, orders.o_orderdate, orders.o_shippriority
                           Sort Method: quicksort  Memory: 3138kB
                           Worker 0:  Sort Method: quicksort  Memory: 3076kB
                           Worker 1:  Sort Method: quicksort  Memory: 3124kB
                           ->  Parallel Hash Join  (cost=122810.80..611360.62 rows=409734 width=24) (actual time=2194.554..2497.052 rows=30009 loops=3)
                                 Hash Cond: (lineitem.l_orderkey = orders.o_orderkey)
                                 ->  Parallel Seq Scan on lineitem  (cost=0.00..431107.58 rows=4055202 width=16) (actual time=0.017..1098.471 rows=3233939 loops=3)
                                       Filter: (l_shipdate > '1995-03-15'::date)
                                       Rows Removed by Filter: 2764930
                                 ->  Parallel Hash  (cost=119516.74..119516.74 rows=189445 width=12) (actual time=419.617..419.618 rows=146891 loops=3)
                                       Buckets: 131072  Batches: 8  Memory Usage: 3680kB
                                       ->  Parallel Hash Join  (cost=13578.67..119516.74 rows=189445 width=12) (actual time=37.124..390.588 rows=146891 loops=3)
                                             Hash Cond: (orders.o_custkey = customer.c_custkey)
                                             ->  Parallel Seq Scan on orders  (cost=0.00..101715.07 rows=915635 width=16) (actual time=0.021..216.994 rows=728721 loops=3)
                                                   Filter: (o_orderdate < '1995-03-15'::date)
                                                   Rows Removed by Filter: 771279
                                             ->  Parallel Hash  (cost=13093.75..13093.75 rows=38794 width=4) (actual time=36.851..36.851 rows=30119 loops=3)
                                                   Buckets: 131072  Batches: 1  Memory Usage: 4608kB
                                                   ->  Parallel Seq Scan on customer  (cost=0.00..13093.75 rows=38794 width=4) (actual time=0.041..28.667 rows=30119 loops=3)
                                                         Filter: (c_mktsegment = 'BUILDING'::bpchar)
                                                         Rows Removed by Filter: 119881
 Planning Time: 0.561 ms
 Execution Time: 2663.868 ms
(34 rows)

execute /home/pei/benchmarks/tpch-postgre/dbgen/out/skinner_explained/4.sql_explained.sql
SET
                                                                            QUERY PLAN                                                                             
-------------------------------------------------------------------------------------------------------------------------------------------------------------------
 Finalize GroupAggregate  (cost=590820.64..590871.54 rows=5 width=24) (actual time=2198.169..2204.191 rows=5 loops=1)
   Group Key: orders.o_orderpriority
   ->  Gather Merge  (cost=590820.64..590871.44 rows=10 width=24) (actual time=2196.614..2279.654 rows=15 loops=1)
         Workers Planned: 2
         Workers Launched: 2
         ->  Partial GroupAggregate  (cost=589820.61..589870.26 rows=5 width=24) (actual time=2193.831..2199.849 rows=5 loops=3)
               Group Key: orders.o_orderpriority
               ->  Sort  (cost=589820.61..589837.14 rows=6613 width=16) (actual time=2192.309..2194.763 rows=52805 loops=3)
                     Sort Key: orders.o_orderpriority
                     Sort Method: quicksort  Memory: 3853kB
                     Worker 0:  Sort Method: quicksort  Memory: 3840kB
                     Worker 1:  Sort Method: quicksort  Memory: 3830kB
                     ->  Parallel Hash Semi Join  (cost=472114.77..589400.98 rows=6613 width=16) (actual time=1918.088..2179.926 rows=52805 loops=3)
                           Hash Cond: (orders.o_orderkey = lineitem.l_orderkey)
                           ->  Parallel Seq Scan on orders  (cost=0.00..106402.49 rows=72338 width=20) (actual time=0.030..210.330 rows=57571 loops=3)
                                 Filter: ((o_orderdate >= '1993-07-01'::date) AND (o_orderdate < '1993-10-01 00:00:00'::timestamp without time zone))
                                 Rows Removed by Filter: 1442429
                           ->  Parallel Hash  (cost=431107.58..431107.58 rows=2499455 width=4) (actual time=1680.579..1680.579 rows=3792542 loops=3)
                                 Buckets: 131072  Batches: 128  Memory Usage: 4608kB
                                 ->  Parallel Seq Scan on lineitem  (cost=0.00..431107.58 rows=2499455 width=4) (actual time=0.034..1183.018 rows=3792542 loops=3)
                                       Filter: (l_commitdate < l_receiptdate)
                                       Rows Removed by Filter: 2206328
 Planning Time: 0.403 ms
 Execution Time: 2280.038 ms
(24 rows)

execute /home/pei/benchmarks/tpch-postgre/dbgen/out/skinner_explained/5.sql_explained.sql
SET
                                                                                         QUERY PLAN                                                                                         
--------------------------------------------------------------------------------------------------------------------------------------------------------------------------------------------
 Sort  (cost=563930.40..563930.83 rows=170 width=136) (actual time=1798.295..1798.296 rows=5 loops=1)
   Sort Key: (sum((lineitem.l_extendedprice * ('1'::numeric - lineitem.l_discount)))) DESC
   Sort Method: quicksort  Memory: 25kB
   ->  Finalize GroupAggregate  (cost=563874.71..563924.11 rows=170 width=136) (actual time=1795.856..1798.278 rows=5 loops=1)
         Group Key: nation.n_name
         ->  Gather Merge  (cost=563874.71..563919.43 rows=340 width=136) (actual time=1795.161..1804.256 rows=15 loops=1)
               Workers Planned: 2
               Workers Launched: 2
               ->  Partial GroupAggregate  (cost=562874.69..562880.16 rows=170 width=136) (actual time=1792.343..1795.034 rows=5 loops=3)
                     Group Key: nation.n_name
                     ->  Sort  (cost=562874.69..562875.36 rows=268 width=116) (actual time=1791.647..1791.980 rows=7343 loops=3)
                           Sort Key: nation.n_name
                           Sort Method: quicksort  Memory: 771kB
                           Worker 0:  Sort Method: quicksort  Memory: 750kB
                           Worker 1:  Sort Method: quicksort  Memory: 777kB
                           ->  Hash Join  (cost=122301.72..562863.88 rows=268 width=116) (actual time=364.151..1787.354 rows=7343 loops=3)
                                 Hash Cond: ((lineitem.l_suppkey = supplier.s_suppkey) AND (customer.c_nationkey = supplier.s_nationkey))
                                 ->  Parallel Hash Join  (cost=120886.72..561395.45 rows=6766 width=128) (actual time=353.615..1733.628 rows=183378 loops=3)
                                       Hash Cond: (lineitem.l_orderkey = orders.o_orderkey)
                                       ->  Parallel Seq Scan on lineitem  (cost=0.00..412361.67 rows=7498367 width=20) (actual time=0.013..723.286 rows=5998870 loops=3)
                                       ->  Parallel Hash  (cost=120865.57..120865.57 rows=1692 width=116) (actual time=353.461..353.461 rows=45716 loops=3)
                                             Buckets: 262144 (originally 4096)  Batches: 1 (originally 1)  Memory Usage: 13760kB
                                             ->  Parallel Hash Join  (cost=13377.44..120865.57 rows=1692 width=116) (actual time=53.144..323.726 rows=45716 loops=3)
                                                   Hash Cond: (orders.o_custkey = customer.c_custkey)
                                                   ->  Parallel Seq Scan on orders  (cost=0.00..106402.49 rows=287625 width=8) (actual time=0.019..215.696 rows=227810 loops=3)
                                                         Filter: ((o_orderdate >= '1994-01-01'::date) AND (o_orderdate < '1995-01-01 00:00:00'::timestamp without time zone))
                                                         Rows Removed by Filter: 1272190
                                                   ->  Parallel Hash  (cost=13363.65..13363.65 rows=1103 width=116) (actual time=53.089..53.089 rows=30145 loops=3)
                                                         Buckets: 131072 (originally 4096)  Batches: 1 (originally 1)  Memory Usage: 8416kB
                                                         ->  Hash Join  (cost=24.50..13363.65 rows=1103 width=116) (actual time=0.093..37.623 rows=30145 loops=3)
                                                               Hash Cond: (customer.c_nationkey = nation.n_nationkey)
                                                               ->  Parallel Seq Scan on customer  (cost=0.00..12625.00 rows=187500 width=8) (actual time=0.022..20.944 rows=150000 loops=3)
                                                               ->  Hash  (cost=24.48..24.48 rows=1 width=108) (actual time=0.054..0.054 rows=5 loops=3)
                                                                     Buckets: 1024  Batches: 1  Memory Usage: 9kB
                                                                     ->  Hash Join  (cost=12.14..24.48 rows=1 width=108) (actual time=0.045..0.049 rows=5 loops=3)
                                                                           Hash Cond: (nation.n_regionkey = region.r_regionkey)
                                                                           ->  Seq Scan on nation  (cost=0.00..11.70 rows=170 width=112) (actual time=0.008..0.010 rows=25 loops=3)
                                                                           ->  Hash  (cost=12.12..12.12 rows=1 width=4) (actual time=0.020..0.021 rows=1 loops=3)
                                                                                 Buckets: 1024  Batches: 1  Memory Usage: 9kB
                                                                                 ->  Seq Scan on region  (cost=0.00..12.12 rows=1 width=4) (actual time=0.017..0.018 rows=1 loops=3)
                                                                                       Filter: (r_name = 'ASIA'::bpchar)
                                                                                       Rows Removed by Filter: 4
                                 ->  Hash  (cost=965.00..965.00 rows=30000 width=8) (actual time=9.857..9.857 rows=30000 loops=3)
                                       Buckets: 32768  Batches: 1  Memory Usage: 1428kB
                                       ->  Seq Scan on supplier  (cost=0.00..965.00 rows=30000 width=8) (actual time=0.014..5.670 rows=30000 loops=3)
 Planning Time: 1.262 ms
 Execution Time: 1804.545 ms
(47 rows)

execute /home/pei/benchmarks/tpch-postgre/dbgen/out/skinner_explained/6.sql_explained.sql
SET
                                                                                                        QUERY PLAN                                                                                                         
---------------------------------------------------------------------------------------------------------------------------------------------------------------------------------------------------------------------------
 Finalize Aggregate  (cost=507814.90..507814.91 rows=1 width=32) (actual time=1152.524..1152.524 rows=1 loops=1)
   ->  Gather  (cost=507814.68..507814.89 rows=2 width=32) (actual time=1152.421..1156.595 rows=3 loops=1)
         Workers Planned: 2
         Workers Launched: 2
         ->  Partial Aggregate  (cost=506814.68..506814.69 rows=1 width=32) (actual time=1150.346..1150.347 rows=1 loops=3)
               ->  Parallel Seq Scan on lineitem  (cost=0.00..506091.25 rows=144685 width=12) (actual time=0.045..1114.898 rows=114155 loops=3)
                     Filter: ((l_shipdate >= '1994-01-01'::date) AND (l_shipdate < '1995-01-01 00:00:00'::timestamp without time zone) AND (l_discount >= 0.05) AND (l_discount <= 0.07) AND (l_quantity < '24'::numeric))
                     Rows Removed by Filter: 5884715
 Planning Time: 0.281 ms
 Execution Time: 1156.681 ms
(10 rows)

execute /home/pei/benchmarks/tpch-postgre/dbgen/out/skinner_explained/7.sql_explained.sql
SET
                                                                                      QUERY PLAN                                                                                       
---------------------------------------------------------------------------------------------------------------------------------------------------------------------------------------
 Finalize GroupAggregate  (cost=578493.76..578545.70 rows=375 width=248) (actual time=2270.155..2272.347 rows=4 loops=1)
   Group Key: n1.n_name, n2.n_name, (date_part('year'::text, (lineitem.l_shipdate)::timestamp without time zone))
   ->  Gather Merge  (cost=578493.76..578535.24 rows=312 width=248) (actual time=2269.433..2425.234 rows=12 loops=1)
         Workers Planned: 2
         Workers Launched: 2
         ->  Partial GroupAggregate  (cost=577493.74..577499.20 rows=156 width=248) (actual time=2266.690..2268.990 rows=4 loops=3)
               Group Key: n1.n_name, n2.n_name, (date_part('year'::text, (lineitem.l_shipdate)::timestamp without time zone))
               ->  Sort  (cost=577493.74..577494.13 rows=156 width=228) (actual time=2265.941..2266.206 rows=5777 loops=3)
                     Sort Key: n1.n_name, n2.n_name, (date_part('year'::text, (lineitem.l_shipdate)::timestamp without time zone))
                     Sort Method: quicksort  Memory: 1001kB
                     Worker 0:  Sort Method: quicksort  Memory: 991kB
                     Worker 1:  Sort Method: quicksort  Memory: 1022kB
                     ->  Hash Join  (cost=118914.77..577488.06 rows=156 width=228) (actual time=1850.752..2261.946 rows=5777 loops=3)
                           Hash Cond: (lineitem.l_suppkey = supplier.s_suppkey)
                           Join Filter: (((n1.n_name = 'FRANCE'::bpchar) AND (n2.n_name = 'GERMANY'::bpchar)) OR ((n1.n_name = 'GERMANY'::bpchar) AND (n2.n_name = 'FRANCE'::bpchar)))
                           Rows Removed by Join Filter: 5832
                           ->  Parallel Hash Join  (cost=117816.75..576283.02 rows=26672 width=124) (actual time=1842.531..2233.842 rows=147332 loops=3)
                                 Hash Cond: (lineitem.l_orderkey = orders.o_orderkey)
                                 ->  Parallel Seq Scan on lineitem  (cost=0.00..449853.50 rows=2267104 width=24) (actual time=0.015..1042.478 rows=1821396 loops=3)
                                       Filter: ((l_shipdate >= '1995-01-01'::date) AND (l_shipdate <= '1996-12-31'::date))
                                       Rows Removed by Filter: 4177474
                                 ->  Parallel Hash  (cost=117541.03..117541.03 rows=22058 width=108) (actual time=475.140..475.140 rows=121711 loops=3)
                                       Buckets: 65536 (originally 65536)  Batches: 8 (originally 1)  Memory Usage: 3424kB
                                       ->  Parallel Hash Join  (cost=13390.34..117541.03 rows=22058 width=108) (actual time=42.808..429.308 rows=121711 loops=3)
                                             Hash Cond: (orders.o_custkey = customer.c_custkey)
                                             ->  Parallel Seq Scan on orders  (cost=0.00..97027.66 rows=1874966 width=8) (actual time=0.018..177.032 rows=1500000 loops=3)
                                             ->  Parallel Hash  (cost=13362.76..13362.76 rows=2206 width=108) (actual time=42.750..42.750 rows=12073 loops=3)
                                                   Buckets: 65536 (originally 8192)  Batches: 1 (originally 1)  Memory Usage: 3296kB
                                                   ->  Hash Join  (cost=12.58..13362.76 rows=2206 width=108) (actual time=0.055..34.630 rows=12073 loops=3)
                                                         Hash Cond: (customer.c_nationkey = n2.n_nationkey)
                                                         ->  Parallel Seq Scan on customer  (cost=0.00..12625.00 rows=187500 width=8) (actual time=0.027..20.697 rows=150000 loops=3)
                                                         ->  Hash  (cost=12.55..12.55 rows=2 width=108) (actual time=0.012..0.013 rows=2 loops=3)
                                                               Buckets: 1024  Batches: 1  Memory Usage: 9kB
                                                               ->  Seq Scan on nation n2  (cost=0.00..12.55 rows=2 width=108) (actual time=0.005..0.009 rows=2 loops=3)
                                                                     Filter: ((n_name = 'GERMANY'::bpchar) OR (n_name = 'FRANCE'::bpchar))
                                                                     Rows Removed by Filter: 23
                           ->  Hash  (cost=1093.61..1093.61 rows=353 width=108) (actual time=8.038..8.039 rows=2361 loops=3)
                                 Buckets: 4096 (originally 1024)  Batches: 1 (originally 1)  Memory Usage: 175kB
                                 ->  Hash Join  (cost=12.58..1093.61 rows=353 width=108) (actual time=0.056..7.512 rows=2361 loops=3)
                                       Hash Cond: (supplier.s_nationkey = n1.n_nationkey)
                                       ->  Seq Scan on supplier  (cost=0.00..965.00 rows=30000 width=8) (actual time=0.011..4.523 rows=30000 loops=3)
                                       ->  Hash  (cost=12.55..12.55 rows=2 width=108) (actual time=0.022..0.022 rows=2 loops=3)
                                             Buckets: 1024  Batches: 1  Memory Usage: 9kB
                                             ->  Seq Scan on nation n1  (cost=0.00..12.55 rows=2 width=108) (actual time=0.013..0.016 rows=2 loops=3)
                                                   Filter: ((n_name = 'FRANCE'::bpchar) OR (n_name = 'GERMANY'::bpchar))
                                                   Rows Removed by Filter: 23
 Planning Time: 1.233 ms
 Execution Time: 2425.522 ms
(48 rows)

execute /home/pei/benchmarks/tpch-postgre/dbgen/out/skinner_explained/8.sql_explained.sql
SET
                                                                                            QUERY PLAN                                                                                            
--------------------------------------------------------------------------------------------------------------------------------------------------------------------------------------------------
 Finalize GroupAggregate  (cost=580334.29..580365.27 rows=210 width=40) (actual time=3519.914..3519.920 rows=2 loops=1)
   Group Key: (date_part('year'::text, (orders.o_orderdate)::timestamp without time zone))
   ->  Gather Merge  (cost=580334.29..580358.34 rows=176 width=72) (actual time=3519.234..4030.358 rows=6 loops=1)
         Workers Planned: 2
         Workers Launched: 2
         ->  Partial GroupAggregate  (cost=579334.27..579338.01 rows=88 width=72) (actual time=3516.551..3517.219 rows=2 loops=3)
               Group Key: (date_part('year'::text, (orders.o_orderdate)::timestamp without time zone))
               ->  Sort  (cost=579334.27..579334.49 rows=88 width=124) (actual time=3515.887..3515.996 rows=2548 loops=3)
                     Sort Key: (date_part('year'::text, (orders.o_orderdate)::timestamp without time zone))
                     Sort Method: quicksort  Memory: 291kB
                     Worker 0:  Sort Method: quicksort  Memory: 297kB
                     Worker 1:  Sort Method: quicksort  Memory: 298kB
                     ->  Hash Join  (cost=138742.45..579331.42 rows=88 width=124) (actual time=2297.982..3514.893 rows=2548 loops=3)
                           Hash Cond: (supplier.s_nationkey = n2.n_nationkey)
                           ->  Hash Join  (cost=138728.63..579315.95 rows=88 width=20) (actual time=2297.915..3513.812 rows=2548 loops=3)
                                 Hash Cond: (lineitem.l_suppkey = supplier.s_suppkey)
                                 ->  Parallel Hash Join  (cost=137388.63..577974.75 rows=88 width=20) (actual time=2288.174..3502.452 rows=2548 loops=3)
                                       Hash Cond: (lineitem.l_partkey = part.p_partkey)
                                       ->  Parallel Hash Join  (cost=121953.84..562489.75 rows=13290 width=24) (actual time=2257.232..3421.975 rows=361590 loops=3)
                                             Hash Cond: (lineitem.l_orderkey = orders.o_orderkey)
                                             ->  Parallel Seq Scan on lineitem  (cost=0.00..412361.67 rows=7498367 width=24) (actual time=0.011..755.112 rows=5998870 loops=3)
                                             ->  Parallel Hash  (cost=121912.30..121912.30 rows=3323 width=8) (actual time=410.594..410.594 rows=90399 loops=3)
                                                   Buckets: 65536 (originally 8192)  Batches: 8 (originally 1)  Memory Usage: 1888kB
                                                   ->  Parallel Hash Join  (cost=13377.44..121912.30 rows=3323 width=8) (actual time=50.795..365.810 rows=90399 loops=3)
                                                         Hash Cond: (orders.o_custkey = customer.c_custkey)
                                                         ->  Parallel Seq Scan on orders  (cost=0.00..106402.49 rows=564940 width=12) (actual time=0.014..223.671 rows=455395 loops=3)
                                                               Filter: ((o_orderdate >= '1995-01-01'::date) AND (o_orderdate <= '1996-12-31'::date))
                                                               Rows Removed by Filter: 1044605
                                                         ->  Parallel Hash  (cost=13363.65..13363.65 rows=1103 width=4) (actual time=50.737..50.737 rows=29900 loops=3)
                                                               Buckets: 131072 (originally 4096)  Batches: 1 (originally 1)  Memory Usage: 5568kB
                                                               ->  Hash Join  (cost=24.50..13363.65 rows=1103 width=4) (actual time=0.105..37.199 rows=29900 loops=3)
                                                                     Hash Cond: (customer.c_nationkey = n1.n_nationkey)
                                                                     ->  Parallel Seq Scan on customer  (cost=0.00..12625.00 rows=187500 width=8) (actual time=0.037..21.103 rows=150000 loops=3)
                                                                     ->  Hash  (cost=24.48..24.48 rows=1 width=4) (actual time=0.051..0.051 rows=5 loops=3)
                                                                           Buckets: 1024  Batches: 1  Memory Usage: 9kB
                                                                           ->  Hash Join  (cost=12.14..24.48 rows=1 width=4) (actual time=0.041..0.047 rows=5 loops=3)
                                                                                 Hash Cond: (n1.n_regionkey = region.r_regionkey)
                                                                                 ->  Seq Scan on nation n1  (cost=0.00..11.70 rows=170 width=8) (actual time=0.005..0.007 rows=25 loops=3)
                                                                                 ->  Hash  (cost=12.12..12.12 rows=1 width=4) (actual time=0.021..0.021 rows=1 loops=3)
                                                                                       Buckets: 1024  Batches: 1  Memory Usage: 9kB
                                                                                       ->  Seq Scan on region  (cost=0.00..12.12 rows=1 width=4) (actual time=0.017..0.018 rows=1 loops=3)
                                                                                             Filter: (r_name = 'AMERICA'::bpchar)
                                                                                             Rows Removed by Filter: 4
                                       ->  Parallel Hash  (cost=15414.00..15414.00 rows=1663 width=4) (actual time=30.613..30.613 rows=1396 loops=3)
                                             Buckets: 4096  Batches: 1  Memory Usage: 224kB
                                             ->  Parallel Seq Scan on part  (cost=0.00..15414.00 rows=1663 width=4) (actual time=0.101..30.151 rows=1396 loops=3)
                                                   Filter: ((p_type)::text = 'ECONOMY ANODIZED STEEL'::text)
                                                   Rows Removed by Filter: 198604
                                 ->  Hash  (cost=965.00..965.00 rows=30000 width=8) (actual time=9.584..9.584 rows=30000 loops=3)
                                       Buckets: 32768  Batches: 1  Memory Usage: 1428kB
                                       ->  Seq Scan on supplier  (cost=0.00..965.00 rows=30000 width=8) (actual time=0.011..5.669 rows=30000 loops=3)
                           ->  Hash  (cost=11.70..11.70 rows=170 width=108) (actual time=0.029..0.029 rows=25 loops=3)
                                 Buckets: 1024  Batches: 1  Memory Usage: 10kB
                                 ->  Seq Scan on nation n2  (cost=0.00..11.70 rows=170 width=108) (actual time=0.017..0.019 rows=25 loops=3)
 Planning Time: 1.334 ms
 Execution Time: 4030.677 ms
(56 rows)

execute /home/pei/benchmarks/tpch-postgre/dbgen/out/skinner_explained/9.sql_explained.sql
SET
                                                                                           QUERY PLAN                                                                                            
-------------------------------------------------------------------------------------------------------------------------------------------------------------------------------------------------
 Finalize GroupAggregate  (cost=649909.42..649919.35 rows=73 width=144) (actual time=3691.753..3990.655 rows=175 loops=1)
   Group Key: nation.n_name, (date_part('year'::text, (orders.o_orderdate)::timestamp without time zone))
   ->  Gather Merge  (cost=649909.42..649917.47 rows=60 width=144) (actual time=3689.893..4178.750 rows=525 loops=1)
         Workers Planned: 2
         Workers Launched: 2
         ->  Partial GroupAggregate  (cost=648909.39..648910.52 rows=30 width=144) (actual time=3685.300..3981.649 rows=175 loops=3)
               Group Key: nation.n_name, (date_part('year'::text, (orders.o_orderdate)::timestamp without time zone))
               ->  Sort  (cost=648909.39..648909.47 rows=30 width=135) (actual time=3684.207..3754.904 rows=326640 loops=3)
                     Sort Key: nation.n_name, (date_part('year'::text, (orders.o_orderdate)::timestamp without time zone)) DESC
                     Sort Method: external merge  Disk: 24136kB
                     Worker 0:  Sort Method: external merge  Disk: 23944kB
                     Worker 1:  Sort Method: external merge  Disk: 24336kB
                     ->  Hash Join  (cost=544849.18..648908.66 rows=30 width=135) (actual time=2937.268..3385.734 rows=326640 loops=3)
                           Hash Cond: (supplier.s_nationkey = nation.n_nationkey)
                           ->  Parallel Hash Join  (cost=544835.36..648894.27 rows=30 width=31) (actual time=2937.206..3296.198 rows=326640 loops=3)
                                 Hash Cond: (orders.o_orderkey = lineitem.l_orderkey)
                                 ->  Parallel Seq Scan on orders  (cost=0.00..97027.66 rows=1874966 width=8) (actual time=0.030..184.083 rows=1500000 loops=3)
                                 ->  Parallel Hash  (cost=544834.98..544834.98 rows=30 width=31) (actual time=2462.457..2462.457 rows=326640 loops=3)
                                       Buckets: 65536 (originally 1024)  Batches: 32 (originally 1)  Memory Usage: 2720kB
                                       ->  Hash Join  (cost=463460.41..544834.98 rows=30 width=31) (actual time=2064.298..2312.486 rows=326640 loops=3)
                                             Hash Cond: (lineitem.l_suppkey = supplier.s_suppkey)
                                             ->  Parallel Hash Join  (cost=462120.41..543494.56 rows=31 width=35) (actual time=2054.523..2236.022 rows=326640 loops=3)
                                                   Hash Cond: ((partsupp.ps_suppkey = lineitem.l_suppkey) AND (partsupp.ps_partkey = lineitem.l_partkey))
                                                   ->  Parallel Seq Scan on partsupp  (cost=0.00..62328.30 rows=1000230 width=14) (actual time=0.023..126.570 rows=800000 loops=3)
                                                   ->  Parallel Hash  (cost=456936.03..456936.03 rows=227225 width=33) (actual time=1794.180..1794.180 rows=326640 loops=3)
                                                         Buckets: 65536 (originally 65536)  Batches: 32 (originally 16)  Memory Usage: 2816kB
                                                         ->  Parallel Hash Join  (cost=15508.70..456936.03 rows=227225 width=33) (actual time=49.577..1655.630 rows=326640 loops=3)
                                                               Hash Cond: (lineitem.l_partkey = part.p_partkey)
                                                               ->  Parallel Seq Scan on lineitem  (cost=0.00..412361.67 rows=7498367 width=29) (actual time=0.011..728.055 rows=5998870 loops=3)
                                                               ->  Parallel Hash  (cost=15414.00..15414.00 rows=7576 width=4) (actual time=49.475..49.475 rows=10887 loops=3)
                                                                     Buckets: 32768  Batches: 1  Memory Usage: 1568kB
                                                                     ->  Parallel Seq Scan on part  (cost=0.00..15414.00 rows=7576 width=4) (actual time=0.032..46.258 rows=10887 loops=3)
                                                                           Filter: ((p_name)::text ~~ '%green%'::text)
                                                                           Rows Removed by Filter: 189113
                                             ->  Hash  (cost=965.00..965.00 rows=30000 width=8) (actual time=9.617..9.618 rows=30000 loops=3)
                                                   Buckets: 32768  Batches: 1  Memory Usage: 1428kB
                                                   ->  Seq Scan on supplier  (cost=0.00..965.00 rows=30000 width=8) (actual time=0.010..5.672 rows=30000 loops=3)
                           ->  Hash  (cost=11.70..11.70 rows=170 width=108) (actual time=0.023..0.023 rows=25 loops=3)
                                 Buckets: 1024  Batches: 1  Memory Usage: 10kB
                                 ->  Seq Scan on nation  (cost=0.00..11.70 rows=170 width=108) (actual time=0.011..0.014 rows=25 loops=3)
 Planning Time: 1.453 ms
 Execution Time: 4184.337 ms
(42 rows)

execute /home/pei/benchmarks/tpch-postgre/dbgen/out/skinner_explained/1.sql_explained.sql
SET
                                                                       QUERY PLAN                                                                       
--------------------------------------------------------------------------------------------------------------------------------------------------------
 Finalize GroupAggregate  (cost=727749.01..727751.08 rows=6 width=236) (actual time=8003.596..8003.641 rows=4 loops=1)
   Group Key: l_returnflag, l_linestatus
   ->  Gather Merge  (cost=727749.01..727750.41 rows=12 width=236) (actual time=8003.544..8007.643 rows=12 loops=1)
         Workers Planned: 2
         Workers Launched: 2
         ->  Sort  (cost=726748.99..726749.00 rows=6 width=236) (actual time=8001.143..8001.144 rows=4 loops=3)
               Sort Key: l_returnflag, l_linestatus
               Sort Method: quicksort  Memory: 27kB
               Worker 0:  Sort Method: quicksort  Memory: 27kB
               Worker 1:  Sort Method: quicksort  Memory: 27kB
               ->  Partial HashAggregate  (cost=726748.74..726748.91 rows=6 width=236) (actual time=8001.105..8001.114 rows=4 loops=3)
                     Group Key: l_returnflag, l_linestatus
                     ->  Parallel Seq Scan on lineitem  (cost=0.00..431107.58 rows=7391029 width=25) (actual time=0.031..1202.232 rows=5914512 loops=3)
                           Filter: (l_shipdate <= '1998-09-02 00:00:00'::timestamp without time zone)
                           Rows Removed by Filter: 84357
 Planning Time: 0.464 ms
 Execution Time: 8007.872 ms
(17 rows)

execute /home/pei/benchmarks/tpch-postgre/dbgen/out/skinner_explained/10.sql_explained.sql
SET
                                                                                      QUERY PLAN                                                                                      
--------------------------------------------------------------------------------------------------------------------------------------------------------------------------------------
 Sort  (cost=640136.45..640565.89 rows=171775 width=280) (actual time=2243.071..2344.025 rows=114218 loops=1)
   Sort Key: (sum((lineitem.l_extendedprice * ('1'::numeric - lineitem.l_discount)))) DESC
   Sort Method: external merge  Disk: 21328kB
   ->  Finalize GroupAggregate  (cost=578134.48..602887.97 rows=171775 width=280) (actual time=1865.452..2129.773 rows=114218 loops=1)
         Group Key: customer.c_custkey, customer.c_name, customer.c_acctbal, customer.c_phone, nation.n_name, customer.c_address, customer.c_comment
         ->  Gather Merge  (cost=578134.48..597520.00 rows=143146 width=280) (actual time=1865.435..2038.055 rows=114218 loops=1)
               Workers Planned: 2
               Workers Launched: 2
               ->  Partial GroupAggregate  (cost=577134.46..579997.38 rows=71573 width=280) (actual time=1860.637..1983.273 rows=38073 loops=3)
                     Group Key: customer.c_custkey, customer.c_name, customer.c_acctbal, customer.c_phone, nation.n_name, customer.c_address, customer.c_comment
                     ->  Sort  (cost=577134.46..577313.39 rows=71573 width=260) (actual time=1860.614..1877.722 rows=114843 loops=3)
                           Sort Key: customer.c_custkey, customer.c_name, customer.c_acctbal, customer.c_phone, nation.n_name, customer.c_address, customer.c_comment
                           Sort Method: external merge  Disk: 22408kB
                           Worker 0:  Sort Method: external merge  Disk: 22416kB
                           Worker 1:  Sort Method: external merge  Disk: 21008kB
                           ->  Hash Join  (cost=546536.90..562553.62 rows=71573 width=260) (actual time=1630.242..1707.978 rows=114843 loops=3)
                                 Hash Cond: (customer.c_nationkey = nation.n_nationkey)
                                 ->  Parallel Hash Join  (cost=546523.07..561555.67 rows=71573 width=160) (actual time=1630.185..1687.615 rows=114843 loops=3)
                                       Hash Cond: (customer.c_custkey = orders.o_custkey)
                                       ->  Parallel Seq Scan on customer  (cost=0.00..12625.00 rows=187500 width=148) (actual time=0.023..21.821 rows=150000 loops=3)
                                       ->  Parallel Hash  (cost=545628.41..545628.41 rows=71573 width=16) (actual time=1571.499..1571.499 rows=114843 loops=3)
                                             Buckets: 65536 (originally 262144)  Batches: 8 (originally 1)  Memory Usage: 2848kB
                                             ->  Parallel Hash Join  (cost=107312.86..545628.41 rows=71573 width=16) (actual time=228.174..1525.782 rows=114843 loops=3)
                                                   Hash Cond: (lineitem.l_orderkey = orders.o_orderkey)
                                                   ->  Parallel Seq Scan on lineitem  (cost=0.00..431107.58 rows=1842599 width=16) (actual time=0.018..1063.725 rows=1481158 loops=3)
                                                         Filter: (l_returnflag = 'R'::bpchar)
                                                         Rows Removed by Filter: 4517712
                                                   ->  Parallel Hash  (cost=106402.49..106402.49 rows=72830 width=8) (actual time=227.615..227.615 rows=57338 loops=3)
                                                         Buckets: 262144  Batches: 1  Memory Usage: 8832kB
                                                         ->  Parallel Seq Scan on orders  (cost=0.00..106402.49 rows=72830 width=8) (actual time=0.030..209.981 rows=57338 loops=3)
                                                               Filter: ((o_orderdate >= '1993-10-01'::date) AND (o_orderdate < '1994-01-01 00:00:00'::timestamp without time zone))
                                                               Rows Removed by Filter: 1442662
                                 ->  Hash  (cost=11.70..11.70 rows=170 width=108) (actual time=0.023..0.023 rows=25 loops=3)
                                       Buckets: 1024  Batches: 1  Memory Usage: 10kB
                                       ->  Seq Scan on nation  (cost=0.00..11.70 rows=170 width=108) (actual time=0.011..0.013 rows=25 loops=3)
 Planning Time: 0.865 ms
 Execution Time: 2378.211 ms
(37 rows)

execute /home/pei/benchmarks/tpch-postgre/dbgen/out/skinner_explained/11.sql_explained.sql
SET
                                                                               QUERY PLAN                                                                               
------------------------------------------------------------------------------------------------------------------------------------------------------------------------
 Sort  (cost=139028.37..139040.00 rows=4650 width=36) (actual time=507.775..507.921 rows=2800 loops=1)
   Sort Key: (sum((partsupp.ps_supplycost * (partsupp.ps_availqty)::numeric))) DESC
   Sort Method: quicksort  Memory: 228kB
   InitPlan 1 (returns $1)
     ->  Finalize Aggregate  (cost=68274.54..68274.55 rows=1 width=32) (actual time=198.216..198.217 rows=1 loops=1)
           ->  Gather  (cost=68274.32..68274.53 rows=2 width=32) (actual time=198.114..198.291 rows=3 loops=1)
                 Workers Planned: 2
                 Workers Launched: 2
                 ->  Partial Aggregate  (cost=67274.32..67274.33 rows=1 width=32) (actual time=195.761..195.761 rows=1 loops=3)
                       ->  Hash Join  (cost=1093.60..67230.73 rows=5812 width=10) (actual time=7.100..186.517 rows=31893 loops=3)
                             Hash Cond: (partsupp_1.ps_suppkey = supplier_1.s_suppkey)
                             ->  Parallel Seq Scan on partsupp partsupp_1  (cost=0.00..62328.30 rows=1000230 width=14) (actual time=0.026..103.732 rows=800000 loops=3)
                             ->  Hash  (cost=1091.40..1091.40 rows=176 width=4) (actual time=6.962..6.962 rows=1196 loops=3)
                                   Buckets: 2048 (originally 1024)  Batches: 1 (originally 1)  Memory Usage: 59kB
                                   ->  Hash Join  (cost=12.14..1091.40 rows=176 width=4) (actual time=0.048..6.776 rows=1196 loops=3)
                                         Hash Cond: (supplier_1.s_nationkey = nation_1.n_nationkey)
                                         ->  Seq Scan on supplier supplier_1  (cost=0.00..965.00 rows=30000 width=8) (actual time=0.009..4.055 rows=30000 loops=3)
                                         ->  Hash  (cost=12.12..12.12 rows=1 width=4) (actual time=0.021..0.021 rows=1 loops=3)
                                               Buckets: 1024  Batches: 1  Memory Usage: 9kB
                                               ->  Seq Scan on nation nation_1  (cost=0.00..12.12 rows=1 width=4) (actual time=0.013..0.016 rows=1 loops=3)
                                                     Filter: (n_name = 'GERMANY'::bpchar)
                                                     Rows Removed by Filter: 24
   ->  Finalize GroupAggregate  (cost=68594.14..70470.56 rows=4650 width=36) (actual time=395.824..506.456 rows=2800 loops=1)
         Group Key: partsupp.ps_partkey
         Filter: (sum((partsupp.ps_supplycost * (partsupp.ps_availqty)::numeric)) > $1)
         Rows Removed by Filter: 87241
         ->  Gather Merge  (cost=68594.14..70081.14 rows=11624 width=36) (actual time=197.524..240.916 rows=90231 loops=1)
               Workers Planned: 2
               Workers Launched: 2
               ->  Partial GroupAggregate  (cost=67594.12..67739.42 rows=5812 width=36) (actual time=195.148..223.487 rows=30077 loops=3)
                     Group Key: partsupp.ps_partkey
                     ->  Sort  (cost=67594.12..67608.65 rows=5812 width=14) (actual time=195.131..196.605 rows=31893 loops=3)
                           Sort Key: partsupp.ps_partkey
                           Sort Method: quicksort  Memory: 2281kB
                           Worker 0:  Sort Method: quicksort  Memory: 2202kB
                           Worker 1:  Sort Method: quicksort  Memory: 2905kB
                           ->  Hash Join  (cost=1093.60..67230.73 rows=5812 width=14) (actual time=7.679..186.937 rows=31893 loops=3)
                                 Hash Cond: (partsupp.ps_suppkey = supplier.s_suppkey)
                                 ->  Parallel Seq Scan on partsupp  (cost=0.00..62328.30 rows=1000230 width=18) (actual time=0.024..103.117 rows=800000 loops=3)
                                 ->  Hash  (cost=1091.40..1091.40 rows=176 width=4) (actual time=7.611..7.611 rows=1196 loops=3)
                                       Buckets: 2048 (originally 1024)  Batches: 1 (originally 1)  Memory Usage: 59kB
                                       ->  Hash Join  (cost=12.14..1091.40 rows=176 width=4) (actual time=0.051..7.426 rows=1196 loops=3)
                                             Hash Cond: (supplier.s_nationkey = nation.n_nationkey)
                                             ->  Seq Scan on supplier  (cost=0.00..965.00 rows=30000 width=8) (actual time=0.010..4.620 rows=30000 loops=3)
                                             ->  Hash  (cost=12.12..12.12 rows=1 width=4) (actual time=0.020..0.021 rows=1 loops=3)
                                                   Buckets: 1024  Batches: 1  Memory Usage: 9kB
                                                   ->  Seq Scan on nation  (cost=0.00..12.12 rows=1 width=4) (actual time=0.013..0.016 rows=1 loops=3)
                                                         Filter: (n_name = 'GERMANY'::bpchar)
                                                         Rows Removed by Filter: 24
 Planning Time: 0.575 ms
 Execution Time: 508.510 ms
(51 rows)

execute /home/pei/benchmarks/tpch-postgre/dbgen/out/skinner_explained/12.sql_explained.sql
SET
                                                                                                                                  QUERY PLAN                                                                                                                                  
------------------------------------------------------------------------------------------------------------------------------------------------------------------------------------------------------------------------------------------------------------------------------
 Finalize GroupAggregate  (cost=652946.17..653669.71 rows=7 width=27) (actual time=2246.882..2246.885 rows=2 loops=1)
   Group Key: lineitem.l_shipmode
   ->  Gather Merge  (cost=652946.17..653669.53 rows=14 width=27) (actual time=2242.337..2299.020 rows=6 loops=1)
         Workers Planned: 2
         Workers Launched: 2
         ->  Partial GroupAggregate  (cost=651946.14..652667.89 rows=7 width=27) (actual time=2240.017..2244.418 rows=2 loops=3)
               Group Key: lineitem.l_shipmode
               ->  Sort  (cost=651946.14..652036.35 rows=36084 width=27) (actual time=2235.629..2236.986 rows=31048 loops=3)
                     Sort Key: lineitem.l_shipmode
                     Sort Method: quicksort  Memory: 3224kB
                     Worker 0:  Sort Method: quicksort  Memory: 3102kB
                     Worker 1:  Sort Method: quicksort  Memory: 3256kB
                     ->  Parallel Hash Join  (cost=131451.73..649214.75 rows=36084 width=27) (actual time=2103.470..2228.156 rows=31048 loops=3)
                           Hash Cond: (lineitem.l_orderkey = orders.o_orderkey)
                           ->  Parallel Seq Scan on lineitem  (cost=0.00..506091.25 rows=36084 width=15) (actual time=0.109..1581.257 rows=31048 loops=3)
                                 Filter: ((l_shipmode = ANY ('{MAIL,SHIP}'::bpchar[])) AND (l_commitdate < l_receiptdate) AND (l_shipdate < l_commitdate) AND (l_receiptdate >= '1994-01-01'::date) AND (l_receiptdate < '1995-01-01 00:00:00'::timestamp without time zone))
                                 Rows Removed by Filter: 5967822
                           ->  Parallel Hash  (cost=97027.66..97027.66 rows=1874966 width=20) (actual time=500.105..500.105 rows=1500000 loops=3)
                                 Buckets: 65536  Batches: 128  Memory Usage: 2496kB
                                 ->  Parallel Seq Scan on orders  (cost=0.00..97027.66 rows=1874966 width=20) (actual time=0.032..231.386 rows=1500000 loops=3)
 Planning Time: 0.428 ms
 Execution Time: 2299.195 ms
(22 rows)

execute /home/pei/benchmarks/tpch-postgre/dbgen/out/skinner_explained/14.sql_explained.sql
SET
                                                                     QUERY PLAN                                                                      
-----------------------------------------------------------------------------------------------------------------------------------------------------
 Finalize Aggregate  (cost=475439.00..475439.01 rows=1 width=32) (actual time=1170.831..1170.832 rows=1 loops=1)
   ->  Gather  (cost=475438.76..475438.97 rows=2 width=64) (actual time=1169.128..1181.597 rows=3 loops=1)
         Workers Planned: 2
         Workers Launched: 2
         ->  Partial Aggregate  (cost=474438.76..474438.77 rows=1 width=64) (actual time=1167.046..1167.046 rows=1 loops=3)
               ->  Parallel Hash Join  (cost=19623.00..472821.23 rows=92430 width=33) (actual time=1090.966..1134.575 rows=74879 loops=3)
                     Hash Cond: (lineitem.l_partkey = part.p_partkey)
                     ->  Parallel Seq Scan on lineitem  (cost=0.00..449853.50 rows=92430 width=16) (actual time=0.535..990.089 rows=74879 loops=3)
                           Filter: ((l_shipdate >= '1995-09-01'::date) AND (l_shipdate < '1995-10-01 00:00:00'::timestamp without time zone))
                           Rows Removed by Filter: 5923991
                     ->  Parallel Hash  (cost=14789.00..14789.00 rows=250000 width=25) (actual time=75.718..75.719 rows=200000 loops=3)
                           Buckets: 65536  Batches: 16  Memory Usage: 2816kB
                           ->  Parallel Seq Scan on part  (cost=0.00..14789.00 rows=250000 width=25) (actual time=0.032..32.404 rows=200000 loops=3)
 Planning Time: 0.423 ms
 Execution Time: 1181.958 ms
(15 rows)

execute /home/pei/benchmarks/tpch-postgre/dbgen/out/skinner_explained/16.sql_explained.sql
SET
                                                                                         QUERY PLAN                                                                                          
---------------------------------------------------------------------------------------------------------------------------------------------------------------------------------------------
 Sort  (cost=132502.10..132621.76 rows=47864 width=44) (actual time=1205.350..1206.810 rows=26798 loops=1)
   Sort Key: (count(DISTINCT partsupp.ps_suppkey)) DESC, part.p_brand, part.p_type, part.p_size
   Sort Method: quicksort  Memory: 2885kB
   ->  GroupAggregate  (cost=126086.82..128781.48 rows=47864 width=44) (actual time=912.681..1162.853 rows=26798 loops=1)
         Group Key: part.p_brand, part.p_type, part.p_size
         ->  Sort  (cost=126086.82..126530.03 rows=177281 width=40) (actual time=912.646..1058.636 rows=355733 loops=1)
               Sort Key: part.p_brand, part.p_type, part.p_size
               Sort Method: external merge  Disk: 18168kB
               ->  Gather  (cost=21040.57..105780.75 rows=177281 width=40) (actual time=81.431..390.062 rows=355733 loops=1)
                     Workers Planned: 2
                     Workers Launched: 2
                     ->  Parallel Hash Join  (cost=20040.57..87052.65 rows=73867 width=40) (actual time=79.140..356.043 rows=118578 loops=3)
                           Hash Cond: (partsupp.ps_partkey = part.p_partkey)
                           ->  Parallel Seq Scan on partsupp  (cost=1040.01..65868.88 rows=500115 width=8) (actual time=11.124..188.111 rows=799600 loops=3)
                                 Filter: (NOT (hashed SubPlan 1))
                                 Rows Removed by Filter: 400
                                 SubPlan 1
                                   ->  Seq Scan on supplier  (cost=0.00..1040.00 rows=3 width=4) (actual time=0.137..11.033 rows=15 loops=3)
                                         Filter: ((s_comment)::text ~~ '%Customer%Complaints%'::text)
                                         Rows Removed by Filter: 29985
                           ->  Parallel Hash  (cost=18539.00..18539.00 rows=36925 width=40) (actual time=67.486..67.486 rows=29658 loops=3)
                                 Buckets: 131072  Batches: 1  Memory Usage: 7712kB
                                 ->  Parallel Seq Scan on part  (cost=0.00..18539.00 rows=36925 width=40) (actual time=0.038..54.172 rows=29658 loops=3)
                                       Filter: ((p_brand <> 'Brand#45'::bpchar) AND ((p_type)::text !~~ 'MEDIUM POLISHED%'::text) AND (p_size = ANY ('{49,14,23,45,19,3,36,9}'::integer[])))
                                       Rows Removed by Filter: 170342
 Planning Time: 0.763 ms
 Execution Time: 1212.136 ms
(27 rows)

execute /home/pei/benchmarks/tpch-postgre/dbgen/out/skinner_explained/17.sql_explained.sql
SET
psql:/home/pei/benchmarks/tpch-postgre/dbgen/out/skinner_explained/17.sql_explained.sql:25: ERROR:  canceling statement due to statement timeout
execute /home/pei/benchmarks/tpch-postgre/dbgen/out/skinner_explained/18.sql_explained.sql
SET
                                                                                                QUERY PLAN                                                                                                 
-----------------------------------------------------------------------------------------------------------------------------------------------------------------------------------------------------------
 GroupAggregate  (cost=2755537.93..2771989.78 rows=548395 width=71) (actual time=17584.877..17585.474 rows=179 loops=1)
   Group Key: orders.o_totalprice, orders.o_orderdate, customer.c_name, customer.c_custkey, orders.o_orderkey
   ->  Sort  (cost=2755537.93..2756908.92 rows=548395 width=44) (actual time=17584.858..17584.912 rows=1253 loops=1)
         Sort Key: orders.o_totalprice DESC, orders.o_orderdate, customer.c_name, customer.c_custkey, orders.o_orderkey
         Sort Method: quicksort  Memory: 146kB
         ->  Hash Join  (cost=1919134.52..2686392.57 rows=548395 width=44) (actual time=11687.621..17583.596 rows=1253 loops=1)
               Hash Cond: (lineitem.l_orderkey = orders.o_orderkey)
               ->  Seq Scan on lineitem  (cost=0.00..517338.80 rows=17996080 width=9) (actual time=0.020..2303.229 rows=17996609 loops=1)
               ->  Hash  (cost=1916214.45..1916214.45 rows=137126 width=43) (actual time=11680.506..11680.506 rows=179 loops=1)
                     Buckets: 65536  Batches: 4  Memory Usage: 516kB
                     ->  Hash Join  (cost=1721724.49..1916214.45 rows=137126 width=43) (actual time=10059.255..11680.379 rows=179 loops=1)
                           Hash Cond: (orders.o_custkey = customer.c_custkey)
                           ->  Hash Join  (cost=1698212.49..1886571.97 rows=137126 width=24) (actual time=9856.051..11499.787 rows=179 loops=1)
                                 Hash Cond: (orders.o_orderkey = lineitem_1.l_orderkey)
                                 ->  Seq Scan on orders  (cost=0.00..123277.18 rows=4499918 width=20) (actual time=0.024..609.021 rows=4500000 loops=1)
                                 ->  Hash  (cost=1695962.42..1695962.42 rows=137126 width=4) (actual time=9853.473..9853.473 rows=179 loops=1)
                                       Buckets: 131072  Batches: 2  Memory Usage: 1027kB
                                       ->  Finalize GroupAggregate  (cost=1525903.65..1694591.16 rows=137126 width=4) (actual time=3437.152..9853.339 rows=179 loops=1)
                                             Group Key: lineitem_1.l_orderkey
                                             Filter: (sum(lineitem_1.l_quantity) > '300'::numeric)
                                             Rows Removed by Filter: 4499821
                                             ->  Gather Merge  (cost=1525903.65..1682249.85 rows=822754 width=36) (actual time=3435.277..6729.649 rows=4707046 loops=1)
                                                   Workers Planned: 2
                                                   Workers Launched: 2
                                                   ->  Partial GroupAggregate  (cost=1524903.63..1586283.60 rows=411377 width=36) (actual time=3408.461..5652.209 rows=1569015 loops=3)
                                                         Group Key: lineitem_1.l_orderkey
                                                         ->  Sort  (cost=1524903.63..1543649.55 rows=7498367 width=9) (actual time=3408.438..3965.590 rows=5998870 loops=3)
                                                               Sort Key: lineitem_1.l_orderkey
                                                               Sort Method: external merge  Disk: 113128kB
                                                               Worker 0:  Sort Method: external merge  Disk: 109056kB
                                                               Worker 1:  Sort Method: external merge  Disk: 112656kB
                                                               ->  Parallel Seq Scan on lineitem lineitem_1  (cost=0.00..412361.67 rows=7498367 width=9) (actual time=0.024..869.419 rows=5998870 loops=3)
                           ->  Hash  (cost=15250.00..15250.00 rows=450000 width=23) (actual time=155.739..155.739 rows=450000 loops=1)
                                 Buckets: 65536  Batches: 8  Memory Usage: 3597kB
                                 ->  Seq Scan on customer  (cost=0.00..15250.00 rows=450000 width=23) (actual time=0.024..62.978 rows=450000 loops=1)
 Planning Time: 0.702 ms
 Execution Time: 17605.180 ms
(37 rows)

execute /home/pei/benchmarks/tpch-postgre/dbgen/out/skinner_explained/19.sql_explained.sql
SET
                                                                                                                                                                                                                                                                                                                                                                           QUERY PLAN                                                                                                                                                                                                                                                                                                                                                                           
----------------------------------------------------------------------------------------------------------------------------------------------------------------------------------------------------------------------------------------------------------------------------------------------------------------------------------------------------------------------------------------------------------------------------------------------------------------------------------------------------------------------------------------------------------------------------------------------------------------------------------------------------------------------------------------------------------------------------------------------------------------
 Finalize Aggregate  (cost=586793.64..586793.65 rows=1 width=32) (actual time=1684.842..1684.843 rows=1 loops=1)
   ->  Gather  (cost=586793.42..586793.63 rows=2 width=32) (actual time=1684.712..1689.120 rows=3 loops=1)
         Workers Planned: 2
         Workers Launched: 2
         ->  Partial Aggregate  (cost=585793.42..585793.43 rows=1 width=32) (actual time=1682.333..1682.333 rows=1 loops=3)
               ->  Parallel Hash Join  (cost=22921.53..585792.34 rows=143 width=12) (actual time=78.584..1682.215 rows=121 loops=3)
                     Hash Cond: (lineitem.l_partkey = part.p_partkey)
                     Join Filter: (((part.p_brand = 'Brand#12'::bpchar) AND (part.p_container = ANY ('{"SM CASE","SM BOX","SM PACK","SM PKG"}'::bpchar[])) AND (lineitem.l_quantity >= '1'::numeric) AND (lineitem.l_quantity <= '11'::numeric) AND (part.p_size <= 5)) OR ((part.p_brand = 'Brand#23'::bpchar) AND (part.p_container = ANY ('{"MED BAG","MED BOX","MED PKG","MED PACK"}'::bpchar[])) AND (lineitem.l_quantity >= '10'::numeric) AND (lineitem.l_quantity <= '20'::numeric) AND (part.p_size <= 10)) OR ((part.p_brand = 'Brand#34'::bpchar) AND (part.p_container = ANY ('{"LG CASE","LG BOX","LG PACK","LG PKG"}'::bpchar[])) AND (lineitem.l_quantity >= '20'::numeric) AND (lineitem.l_quantity <= '30'::numeric) AND (part.p_size <= 15)))
                     Rows Removed by Join Filter: 188
                     ->  Parallel Seq Scan on lineitem  (cost=0.00..562329.00 rows=142388 width=21) (actual time=0.025..1611.681 rows=128767 loops=3)
                           Filter: ((l_shipmode = ANY ('{AIR,"AIR REG"}'::bpchar[])) AND (l_shipinstruct = 'DELIVER IN PERSON'::bpchar) AND (((l_quantity >= '1'::numeric) AND (l_quantity <= '11'::numeric)) OR ((l_quantity >= '10'::numeric) AND (l_quantity <= '20'::numeric)) OR ((l_quantity >= '20'::numeric) AND (l_quantity <= '30'::numeric))))
                           Rows Removed by Filter: 5870103
                     ->  Parallel Hash  (cost=22914.00..22914.00 rows=602 width=30) (actual time=51.855..51.855 rows=489 loops=3)
                           Buckets: 2048  Batches: 1  Memory Usage: 144kB
                           ->  Parallel Seq Scan on part  (cost=0.00..22914.00 rows=602 width=30) (actual time=0.152..51.575 rows=489 loops=3)
                                 Filter: ((p_size >= 1) AND (((p_brand = 'Brand#12'::bpchar) AND (p_container = ANY ('{"SM CASE","SM BOX","SM PACK","SM PKG"}'::bpchar[])) AND (p_size <= 5)) OR ((p_brand = 'Brand#23'::bpchar) AND (p_container = ANY ('{"MED BAG","MED BOX","MED PKG","MED PACK"}'::bpchar[])) AND (p_size <= 10)) OR ((p_brand = 'Brand#34'::bpchar) AND (p_container = ANY ('{"LG CASE","LG BOX","LG PACK","LG PKG"}'::bpchar[])) AND (p_size <= 15))))
                                 Rows Removed by Filter: 199511
 Planning Time: 0.678 ms
 Execution Time: 1689.252 ms
(19 rows)

execute /home/pei/benchmarks/tpch-postgre/dbgen/out/skinner_explained/2.sql_explained.sql
SET
psql:/home/pei/benchmarks/tpch-postgre/dbgen/out/skinner_explained/2.sql_explained.sql:51: ERROR:  canceling statement due to statement timeout
execute /home/pei/benchmarks/tpch-postgre/dbgen/out/skinner_explained/20.sql_explained.sql
SET
psql:/home/pei/benchmarks/tpch-postgre/dbgen/out/skinner_explained/20.sql_explained.sql:45: ERROR:  canceling statement due to statement timeout
execute /home/pei/benchmarks/tpch-postgre/dbgen/out/skinner_explained/21.sql_explained.sql
SET
psql:/home/pei/benchmarks/tpch-postgre/dbgen/out/skinner_explained/21.sql_explained.sql:47: ERROR:  canceling statement due to statement timeout
execute /home/pei/benchmarks/tpch-postgre/dbgen/out/skinner_explained/3.sql_explained.sql
SET
                                                                                  QUERY PLAN                                                                                  
------------------------------------------------------------------------------------------------------------------------------------------------------------------------------
 Sort  (cost=946756.28..949214.68 rows=983362 width=44) (actual time=2589.827..2592.956 rows=34207 loops=1)
   Sort Key: (sum((lineitem.l_extendedprice * ('1'::numeric - lineitem.l_discount)))) DESC, orders.o_orderdate
   Sort Method: quicksort  Memory: 3618kB
   ->  Finalize GroupAggregate  (cost=658960.22..788374.56 rows=983362 width=44) (actual time=2516.131..2571.549 rows=34207 loops=1)
         Group Key: lineitem.l_orderkey, orders.o_orderdate, orders.o_shippriority
         ->  Gather Merge  (cost=658960.22..765839.18 rows=819468 width=44) (actual time=2516.115..2618.578 rows=34416 loops=1)
               Workers Planned: 2
               Workers Launched: 2
               ->  Partial GroupAggregate  (cost=657960.20..670252.22 rows=409734 width=44) (actual time=2513.453..2535.945 rows=11472 loops=3)
                     Group Key: lineitem.l_orderkey, orders.o_orderdate, orders.o_shippriority
                     ->  Sort  (cost=657960.20..658984.53 rows=409734 width=24) (actual time=2513.429..2514.797 rows=30009 loops=3)
                           Sort Key: lineitem.l_orderkey, orders.o_orderdate, orders.o_shippriority
                           Sort Method: quicksort  Memory: 3094kB
                           Worker 0:  Sort Method: quicksort  Memory: 3099kB
                           Worker 1:  Sort Method: quicksort  Memory: 3146kB
                           ->  Parallel Hash Join  (cost=122810.80..611360.62 rows=409734 width=24) (actual time=2197.390..2501.155 rows=30009 loops=3)
                                 Hash Cond: (lineitem.l_orderkey = orders.o_orderkey)
                                 ->  Parallel Seq Scan on lineitem  (cost=0.00..431107.58 rows=4055202 width=16) (actual time=0.019..1101.087 rows=3233939 loops=3)
                                       Filter: (l_shipdate > '1995-03-15'::date)
                                       Rows Removed by Filter: 2764930
                                 ->  Parallel Hash  (cost=119516.74..119516.74 rows=189445 width=12) (actual time=421.867..421.867 rows=146891 loops=3)
                                       Buckets: 131072  Batches: 8  Memory Usage: 3680kB
                                       ->  Parallel Hash Join  (cost=13578.67..119516.74 rows=189445 width=12) (actual time=37.270..392.833 rows=146891 loops=3)
                                             Hash Cond: (orders.o_custkey = customer.c_custkey)
                                             ->  Parallel Seq Scan on orders  (cost=0.00..101715.07 rows=915635 width=16) (actual time=0.015..217.733 rows=728721 loops=3)
                                                   Filter: (o_orderdate < '1995-03-15'::date)
                                                   Rows Removed by Filter: 771279
                                             ->  Parallel Hash  (cost=13093.75..13093.75 rows=38794 width=4) (actual time=36.997..36.998 rows=30119 loops=3)
                                                   Buckets: 131072  Batches: 1  Memory Usage: 4576kB
                                                   ->  Parallel Seq Scan on customer  (cost=0.00..13093.75 rows=38794 width=4) (actual time=0.031..28.741 rows=30119 loops=3)
                                                         Filter: (c_mktsegment = 'BUILDING'::bpchar)
                                                         Rows Removed by Filter: 119881
 Planning Time: 0.565 ms
 Execution Time: 2668.692 ms
(34 rows)

execute /home/pei/benchmarks/tpch-postgre/dbgen/out/skinner_explained/4.sql_explained.sql
SET
                                                                            QUERY PLAN                                                                             
-------------------------------------------------------------------------------------------------------------------------------------------------------------------
 Finalize GroupAggregate  (cost=590820.64..590871.54 rows=5 width=24) (actual time=2193.759..2199.535 rows=5 loops=1)
   Group Key: orders.o_orderpriority
   ->  Gather Merge  (cost=590820.64..590871.44 rows=10 width=24) (actual time=2192.195..2276.666 rows=15 loops=1)
         Workers Planned: 2
         Workers Launched: 2
         ->  Partial GroupAggregate  (cost=589820.61..589870.26 rows=5 width=24) (actual time=2189.513..2195.505 rows=5 loops=3)
               Group Key: orders.o_orderpriority
               ->  Sort  (cost=589820.61..589837.14 rows=6613 width=16) (actual time=2187.997..2190.431 rows=52805 loops=3)
                     Sort Key: orders.o_orderpriority
                     Sort Method: quicksort  Memory: 3851kB
                     Worker 0:  Sort Method: quicksort  Memory: 3788kB
                     Worker 1:  Sort Method: quicksort  Memory: 3884kB
                     ->  Parallel Hash Semi Join  (cost=472114.77..589400.98 rows=6613 width=16) (actual time=1912.779..2176.045 rows=52805 loops=3)
                           Hash Cond: (orders.o_orderkey = lineitem.l_orderkey)
                           ->  Parallel Seq Scan on orders  (cost=0.00..106402.49 rows=72338 width=20) (actual time=0.032..209.637 rows=57571 loops=3)
                                 Filter: ((o_orderdate >= '1993-07-01'::date) AND (o_orderdate < '1993-10-01 00:00:00'::timestamp without time zone))
                                 Rows Removed by Filter: 1442429
                           ->  Parallel Hash  (cost=431107.58..431107.58 rows=2499455 width=4) (actual time=1675.818..1675.818 rows=3792542 loops=3)
                                 Buckets: 131072  Batches: 128  Memory Usage: 4608kB
                                 ->  Parallel Seq Scan on lineitem  (cost=0.00..431107.58 rows=2499455 width=4) (actual time=0.019..1180.451 rows=3792542 loops=3)
                                       Filter: (l_commitdate < l_receiptdate)
                                       Rows Removed by Filter: 2206328
 Planning Time: 0.403 ms
 Execution Time: 2278.226 ms
(24 rows)

execute /home/pei/benchmarks/tpch-postgre/dbgen/out/skinner_explained/5.sql_explained.sql
SET
                                                                                         QUERY PLAN                                                                                         
--------------------------------------------------------------------------------------------------------------------------------------------------------------------------------------------
 Sort  (cost=563930.40..563930.83 rows=170 width=136) (actual time=1810.671..1810.671 rows=5 loops=1)
   Sort Key: (sum((lineitem.l_extendedprice * ('1'::numeric - lineitem.l_discount)))) DESC
   Sort Method: quicksort  Memory: 25kB
   ->  Finalize GroupAggregate  (cost=563874.71..563924.11 rows=170 width=136) (actual time=1807.971..1810.652 rows=5 loops=1)
         Group Key: nation.n_name
         ->  Gather Merge  (cost=563874.71..563919.43 rows=340 width=136) (actual time=1807.262..1815.008 rows=15 loops=1)
               Workers Planned: 2
               Workers Launched: 2
               ->  Partial GroupAggregate  (cost=562874.69..562880.16 rows=170 width=136) (actual time=1804.493..1807.185 rows=5 loops=3)
                     Group Key: nation.n_name
                     ->  Sort  (cost=562874.69..562875.36 rows=268 width=116) (actual time=1803.794..1804.131 rows=7343 loops=3)
                           Sort Key: nation.n_name
                           Sort Method: quicksort  Memory: 790kB
                           Worker 0:  Sort Method: quicksort  Memory: 737kB
                           Worker 1:  Sort Method: quicksort  Memory: 772kB
                           ->  Hash Join  (cost=122301.72..562863.88 rows=268 width=116) (actual time=370.517..1799.486 rows=7343 loops=3)
                                 Hash Cond: ((lineitem.l_suppkey = supplier.s_suppkey) AND (customer.c_nationkey = supplier.s_nationkey))
                                 ->  Parallel Hash Join  (cost=120886.72..561395.45 rows=6766 width=128) (actual time=359.877..1745.256 rows=183378 loops=3)
                                       Hash Cond: (lineitem.l_orderkey = orders.o_orderkey)
                                       ->  Parallel Seq Scan on lineitem  (cost=0.00..412361.67 rows=7498367 width=20) (actual time=0.014..726.529 rows=5998870 loops=3)
                                       ->  Parallel Hash  (cost=120865.57..120865.57 rows=1692 width=116) (actual time=359.705..359.705 rows=45716 loops=3)
                                             Buckets: 262144 (originally 4096)  Batches: 1 (originally 1)  Memory Usage: 13760kB
                                             ->  Parallel Hash Join  (cost=13377.44..120865.57 rows=1692 width=116) (actual time=53.776..326.857 rows=45716 loops=3)
                                                   Hash Cond: (orders.o_custkey = customer.c_custkey)
                                                   ->  Parallel Seq Scan on orders  (cost=0.00..106402.49 rows=287625 width=8) (actual time=0.018..216.521 rows=227810 loops=3)
                                                         Filter: ((o_orderdate >= '1994-01-01'::date) AND (o_orderdate < '1995-01-01 00:00:00'::timestamp without time zone))
                                                         Rows Removed by Filter: 1272190
                                                   ->  Parallel Hash  (cost=13363.65..13363.65 rows=1103 width=116) (actual time=53.717..53.717 rows=30145 loops=3)
                                                         Buckets: 131072 (originally 4096)  Batches: 1 (originally 1)  Memory Usage: 8448kB
                                                         ->  Hash Join  (cost=24.50..13363.65 rows=1103 width=116) (actual time=0.102..37.878 rows=30145 loops=3)
                                                               Hash Cond: (customer.c_nationkey = nation.n_nationkey)
                                                               ->  Parallel Seq Scan on customer  (cost=0.00..12625.00 rows=187500 width=8) (actual time=0.029..21.188 rows=150000 loops=3)
                                                               ->  Hash  (cost=24.48..24.48 rows=1 width=108) (actual time=0.056..0.056 rows=5 loops=3)
                                                                     Buckets: 1024  Batches: 1  Memory Usage: 9kB
                                                                     ->  Hash Join  (cost=12.14..24.48 rows=1 width=108) (actual time=0.046..0.050 rows=5 loops=3)
                                                                           Hash Cond: (nation.n_regionkey = region.r_regionkey)
                                                                           ->  Seq Scan on nation  (cost=0.00..11.70 rows=170 width=112) (actual time=0.008..0.010 rows=25 loops=3)
                                                                           ->  Hash  (cost=12.12..12.12 rows=1 width=4) (actual time=0.020..0.020 rows=1 loops=3)
                                                                                 Buckets: 1024  Batches: 1  Memory Usage: 9kB
                                                                                 ->  Seq Scan on region  (cost=0.00..12.12 rows=1 width=4) (actual time=0.016..0.017 rows=1 loops=3)
                                                                                       Filter: (r_name = 'ASIA'::bpchar)
                                                                                       Rows Removed by Filter: 4
                                 ->  Hash  (cost=965.00..965.00 rows=30000 width=8) (actual time=9.852..9.853 rows=30000 loops=3)
                                       Buckets: 32768  Batches: 1  Memory Usage: 1428kB
                                       ->  Seq Scan on supplier  (cost=0.00..965.00 rows=30000 width=8) (actual time=0.014..5.696 rows=30000 loops=3)
 Planning Time: 1.245 ms
 Execution Time: 1816.529 ms
(47 rows)

execute /home/pei/benchmarks/tpch-postgre/dbgen/out/skinner_explained/6.sql_explained.sql
SET
                                                                                                        QUERY PLAN                                                                                                         
---------------------------------------------------------------------------------------------------------------------------------------------------------------------------------------------------------------------------
 Finalize Aggregate  (cost=507814.90..507814.91 rows=1 width=32) (actual time=1159.970..1159.970 rows=1 loops=1)
   ->  Gather  (cost=507814.68..507814.89 rows=2 width=32) (actual time=1159.868..1164.214 rows=3 loops=1)
         Workers Planned: 2
         Workers Launched: 2
         ->  Partial Aggregate  (cost=506814.68..506814.69 rows=1 width=32) (actual time=1157.723..1157.724 rows=1 loops=3)
               ->  Parallel Seq Scan on lineitem  (cost=0.00..506091.25 rows=144685 width=12) (actual time=0.114..1122.294 rows=114155 loops=3)
                     Filter: ((l_shipdate >= '1994-01-01'::date) AND (l_shipdate < '1995-01-01 00:00:00'::timestamp without time zone) AND (l_discount >= 0.05) AND (l_discount <= 0.07) AND (l_quantity < '24'::numeric))
                     Rows Removed by Filter: 5884715
 Planning Time: 0.284 ms
 Execution Time: 1164.302 ms
(10 rows)

execute /home/pei/benchmarks/tpch-postgre/dbgen/out/skinner_explained/7.sql_explained.sql
SET
                                                                                      QUERY PLAN                                                                                       
---------------------------------------------------------------------------------------------------------------------------------------------------------------------------------------
 Finalize GroupAggregate  (cost=578493.76..578545.70 rows=375 width=248) (actual time=2314.404..2316.668 rows=4 loops=1)
   Group Key: n1.n_name, n2.n_name, (date_part('year'::text, (lineitem.l_shipdate)::timestamp without time zone))
   ->  Gather Merge  (cost=578493.76..578535.24 rows=312 width=248) (actual time=2313.646..2469.054 rows=12 loops=1)
         Workers Planned: 2
         Workers Launched: 2
         ->  Partial GroupAggregate  (cost=577493.74..577499.20 rows=156 width=248) (actual time=2311.011..2313.317 rows=4 loops=3)
               Group Key: n1.n_name, n2.n_name, (date_part('year'::text, (lineitem.l_shipdate)::timestamp without time zone))
               ->  Sort  (cost=577493.74..577494.13 rows=156 width=228) (actual time=2310.263..2310.528 rows=5777 loops=3)
                     Sort Key: n1.n_name, n2.n_name, (date_part('year'::text, (lineitem.l_shipdate)::timestamp without time zone))
                     Sort Method: quicksort  Memory: 995kB
                     Worker 0:  Sort Method: quicksort  Memory: 1029kB
                     Worker 1:  Sort Method: quicksort  Memory: 991kB
                     ->  Hash Join  (cost=118914.77..577488.06 rows=156 width=228) (actual time=1871.874..2306.282 rows=5777 loops=3)
                           Hash Cond: (lineitem.l_suppkey = supplier.s_suppkey)
                           Join Filter: (((n1.n_name = 'FRANCE'::bpchar) AND (n2.n_name = 'GERMANY'::bpchar)) OR ((n1.n_name = 'GERMANY'::bpchar) AND (n2.n_name = 'FRANCE'::bpchar)))
                           Rows Removed by Join Filter: 5832
                           ->  Parallel Hash Join  (cost=117816.75..576283.02 rows=26672 width=124) (actual time=1863.702..2277.985 rows=147332 loops=3)
                                 Hash Cond: (lineitem.l_orderkey = orders.o_orderkey)
                                 ->  Parallel Seq Scan on lineitem  (cost=0.00..449853.50 rows=2267104 width=24) (actual time=0.821..1058.076 rows=1821396 loops=3)
                                       Filter: ((l_shipdate >= '1995-01-01'::date) AND (l_shipdate <= '1996-12-31'::date))
                                       Rows Removed by Filter: 4177474
                                 ->  Parallel Hash  (cost=117541.03..117541.03 rows=22058 width=108) (actual time=480.311..480.311 rows=121711 loops=3)
                                       Buckets: 65536 (originally 65536)  Batches: 8 (originally 1)  Memory Usage: 3424kB
                                       ->  Parallel Hash Join  (cost=13390.34..117541.03 rows=22058 width=108) (actual time=42.933..432.833 rows=121711 loops=3)
                                             Hash Cond: (orders.o_custkey = customer.c_custkey)
                                             ->  Parallel Seq Scan on orders  (cost=0.00..97027.66 rows=1874966 width=8) (actual time=0.014..178.421 rows=1500000 loops=3)
                                             ->  Parallel Hash  (cost=13362.76..13362.76 rows=2206 width=108) (actual time=42.876..42.877 rows=12073 loops=3)
                                                   Buckets: 65536 (originally 8192)  Batches: 1 (originally 1)  Memory Usage: 3296kB
                                                   ->  Hash Join  (cost=12.58..13362.76 rows=2206 width=108) (actual time=0.070..34.669 rows=12073 loops=3)
                                                         Hash Cond: (customer.c_nationkey = n2.n_nationkey)
                                                         ->  Parallel Seq Scan on customer  (cost=0.00..12625.00 rows=187500 width=8) (actual time=0.043..20.765 rows=150000 loops=3)
                                                         ->  Hash  (cost=12.55..12.55 rows=2 width=108) (actual time=0.012..0.012 rows=2 loops=3)
                                                               Buckets: 1024  Batches: 1  Memory Usage: 9kB
                                                               ->  Seq Scan on nation n2  (cost=0.00..12.55 rows=2 width=108) (actual time=0.005..0.008 rows=2 loops=3)
                                                                     Filter: ((n_name = 'GERMANY'::bpchar) OR (n_name = 'FRANCE'::bpchar))
                                                                     Rows Removed by Filter: 23
                           ->  Hash  (cost=1093.61..1093.61 rows=353 width=108) (actual time=8.042..8.043 rows=2361 loops=3)
                                 Buckets: 4096 (originally 1024)  Batches: 1 (originally 1)  Memory Usage: 175kB
                                 ->  Hash Join  (cost=12.58..1093.61 rows=353 width=108) (actual time=0.056..7.513 rows=2361 loops=3)
                                       Hash Cond: (supplier.s_nationkey = n1.n_nationkey)
                                       ->  Seq Scan on supplier  (cost=0.00..965.00 rows=30000 width=8) (actual time=0.011..4.516 rows=30000 loops=3)
                                       ->  Hash  (cost=12.55..12.55 rows=2 width=108) (actual time=0.021..0.021 rows=2 loops=3)
                                             Buckets: 1024  Batches: 1  Memory Usage: 9kB
                                             ->  Seq Scan on nation n1  (cost=0.00..12.55 rows=2 width=108) (actual time=0.012..0.016 rows=2 loops=3)
                                                   Filter: ((n_name = 'FRANCE'::bpchar) OR (n_name = 'GERMANY'::bpchar))
                                                   Rows Removed by Filter: 23
 Planning Time: 1.101 ms
 Execution Time: 2469.333 ms
(48 rows)

execute /home/pei/benchmarks/tpch-postgre/dbgen/out/skinner_explained/8.sql_explained.sql
SET
                                                                                            QUERY PLAN                                                                                            
--------------------------------------------------------------------------------------------------------------------------------------------------------------------------------------------------
 Finalize GroupAggregate  (cost=580334.29..580365.27 rows=210 width=40) (actual time=3515.324..3515.330 rows=2 loops=1)
   Group Key: (date_part('year'::text, (orders.o_orderdate)::timestamp without time zone))
   ->  Gather Merge  (cost=580334.29..580358.34 rows=176 width=72) (actual time=3514.614..4018.355 rows=6 loops=1)
         Workers Planned: 2
         Workers Launched: 2
         ->  Partial GroupAggregate  (cost=579334.27..579338.01 rows=88 width=72) (actual time=3511.828..3512.498 rows=2 loops=3)
               Group Key: (date_part('year'::text, (orders.o_orderdate)::timestamp without time zone))
               ->  Sort  (cost=579334.27..579334.49 rows=88 width=124) (actual time=3511.168..3511.278 rows=2548 loops=3)
                     Sort Key: (date_part('year'::text, (orders.o_orderdate)::timestamp without time zone))
                     Sort Method: quicksort  Memory: 296kB
                     Worker 0:  Sort Method: quicksort  Memory: 298kB
                     Worker 1:  Sort Method: quicksort  Memory: 293kB
                     ->  Hash Join  (cost=138742.45..579331.42 rows=88 width=124) (actual time=2296.910..3510.181 rows=2548 loops=3)
                           Hash Cond: (supplier.s_nationkey = n2.n_nationkey)
                           ->  Hash Join  (cost=138728.63..579315.95 rows=88 width=20) (actual time=2296.848..3509.090 rows=2548 loops=3)
                                 Hash Cond: (lineitem.l_suppkey = supplier.s_suppkey)
                                 ->  Parallel Hash Join  (cost=137388.63..577974.75 rows=88 width=20) (actual time=2287.048..3497.652 rows=2548 loops=3)
                                       Hash Cond: (lineitem.l_partkey = part.p_partkey)
                                       ->  Parallel Hash Join  (cost=121953.84..562489.75 rows=13290 width=24) (actual time=2255.896..3418.381 rows=361590 loops=3)
                                             Hash Cond: (lineitem.l_orderkey = orders.o_orderkey)
                                             ->  Parallel Seq Scan on lineitem  (cost=0.00..412361.67 rows=7498367 width=24) (actual time=0.118..753.651 rows=5998870 loops=3)
                                             ->  Parallel Hash  (cost=121912.30..121912.30 rows=3323 width=8) (actual time=409.614..409.614 rows=90399 loops=3)
                                                   Buckets: 65536 (originally 8192)  Batches: 8 (originally 1)  Memory Usage: 1920kB
                                                   ->  Parallel Hash Join  (cost=13377.44..121912.30 rows=3323 width=8) (actual time=50.982..365.019 rows=90399 loops=3)
                                                         Hash Cond: (orders.o_custkey = customer.c_custkey)
                                                         ->  Parallel Seq Scan on orders  (cost=0.00..106402.49 rows=564940 width=12) (actual time=0.014..222.636 rows=455395 loops=3)
                                                               Filter: ((o_orderdate >= '1995-01-01'::date) AND (o_orderdate <= '1996-12-31'::date))
                                                               Rows Removed by Filter: 1044605
                                                         ->  Parallel Hash  (cost=13363.65..13363.65 rows=1103 width=4) (actual time=50.926..50.926 rows=29900 loops=3)
                                                               Buckets: 131072 (originally 4096)  Batches: 1 (originally 1)  Memory Usage: 5568kB
                                                               ->  Hash Join  (cost=24.50..13363.65 rows=1103 width=4) (actual time=0.144..37.369 rows=29900 loops=3)
                                                                     Hash Cond: (customer.c_nationkey = n1.n_nationkey)
                                                                     ->  Parallel Seq Scan on customer  (cost=0.00..12625.00 rows=187500 width=8) (actual time=0.073..21.290 rows=150000 loops=3)
                                                                     ->  Hash  (cost=24.48..24.48 rows=1 width=4) (actual time=0.054..0.054 rows=5 loops=3)
                                                                           Buckets: 1024  Batches: 1  Memory Usage: 9kB
                                                                           ->  Hash Join  (cost=12.14..24.48 rows=1 width=4) (actual time=0.045..0.050 rows=5 loops=3)
                                                                                 Hash Cond: (n1.n_regionkey = region.r_regionkey)
                                                                                 ->  Seq Scan on nation n1  (cost=0.00..11.70 rows=170 width=8) (actual time=0.006..0.008 rows=25 loops=3)
                                                                                 ->  Hash  (cost=12.12..12.12 rows=1 width=4) (actual time=0.022..0.023 rows=1 loops=3)
                                                                                       Buckets: 1024  Batches: 1  Memory Usage: 9kB
                                                                                       ->  Seq Scan on region  (cost=0.00..12.12 rows=1 width=4) (actual time=0.019..0.019 rows=1 loops=3)
                                                                                             Filter: (r_name = 'AMERICA'::bpchar)
                                                                                             Rows Removed by Filter: 4
                                       ->  Parallel Hash  (cost=15414.00..15414.00 rows=1663 width=4) (actual time=30.311..30.311 rows=1396 loops=3)
                                             Buckets: 4096  Batches: 1  Memory Usage: 224kB
                                             ->  Parallel Seq Scan on part  (cost=0.00..15414.00 rows=1663 width=4) (actual time=0.056..29.843 rows=1396 loops=3)
                                                   Filter: ((p_type)::text = 'ECONOMY ANODIZED STEEL'::text)
                                                   Rows Removed by Filter: 198604
                                 ->  Hash  (cost=965.00..965.00 rows=30000 width=8) (actual time=9.639..9.639 rows=30000 loops=3)
                                       Buckets: 32768  Batches: 1  Memory Usage: 1428kB
                                       ->  Seq Scan on supplier  (cost=0.00..965.00 rows=30000 width=8) (actual time=0.011..5.689 rows=30000 loops=3)
                           ->  Hash  (cost=11.70..11.70 rows=170 width=108) (actual time=0.023..0.024 rows=25 loops=3)
                                 Buckets: 1024  Batches: 1  Memory Usage: 10kB
                                 ->  Seq Scan on nation n2  (cost=0.00..11.70 rows=170 width=108) (actual time=0.011..0.014 rows=25 loops=3)
 Planning Time: 1.335 ms
 Execution Time: 4018.684 ms
(56 rows)

execute /home/pei/benchmarks/tpch-postgre/dbgen/out/skinner_explained/9.sql_explained.sql
SET
                                                                                           QUERY PLAN                                                                                            
-------------------------------------------------------------------------------------------------------------------------------------------------------------------------------------------------
 Finalize GroupAggregate  (cost=649909.42..649919.35 rows=73 width=144) (actual time=3716.964..4016.726 rows=175 loops=1)
   Group Key: nation.n_name, (date_part('year'::text, (orders.o_orderdate)::timestamp without time zone))
   ->  Gather Merge  (cost=649909.42..649917.47 rows=60 width=144) (actual time=3715.109..4205.518 rows=525 loops=1)
         Workers Planned: 2
         Workers Launched: 2
         ->  Partial GroupAggregate  (cost=648909.39..648910.52 rows=30 width=144) (actual time=3709.362..4006.017 rows=175 loops=3)
               Group Key: nation.n_name, (date_part('year'::text, (orders.o_orderdate)::timestamp without time zone))
               ->  Sort  (cost=648909.39..648909.47 rows=30 width=135) (actual time=3708.276..3779.439 rows=326640 loops=3)
                     Sort Key: nation.n_name, (date_part('year'::text, (orders.o_orderdate)::timestamp without time zone)) DESC
                     Sort Method: external merge  Disk: 23872kB
                     Worker 0:  Sort Method: external merge  Disk: 24448kB
                     Worker 1:  Sort Method: external merge  Disk: 24104kB
                     ->  Hash Join  (cost=544849.18..648908.66 rows=30 width=135) (actual time=2961.107..3407.590 rows=326640 loops=3)
                           Hash Cond: (supplier.s_nationkey = nation.n_nationkey)
                           ->  Parallel Hash Join  (cost=544835.36..648894.27 rows=30 width=31) (actual time=2961.045..3317.875 rows=326640 loops=3)
                                 Hash Cond: (orders.o_orderkey = lineitem.l_orderkey)
                                 ->  Parallel Seq Scan on orders  (cost=0.00..97027.66 rows=1874966 width=8) (actual time=0.023..184.727 rows=1500000 loops=3)
                                 ->  Parallel Hash  (cost=544834.98..544834.98 rows=30 width=31) (actual time=2485.556..2485.556 rows=326640 loops=3)
                                       Buckets: 65536 (originally 1024)  Batches: 32 (originally 1)  Memory Usage: 2720kB
                                       ->  Hash Join  (cost=463460.41..544834.98 rows=30 width=31) (actual time=2086.171..2333.099 rows=326640 loops=3)
                                             Hash Cond: (lineitem.l_suppkey = supplier.s_suppkey)
                                             ->  Parallel Hash Join  (cost=462120.41..543494.56 rows=31 width=35) (actual time=2076.316..2256.366 rows=326640 loops=3)
                                                   Hash Cond: ((partsupp.ps_suppkey = lineitem.l_suppkey) AND (partsupp.ps_partkey = lineitem.l_partkey))
                                                   ->  Parallel Seq Scan on partsupp  (cost=0.00..62328.30 rows=1000230 width=14) (actual time=0.545..126.711 rows=800000 loops=3)
                                                   ->  Parallel Hash  (cost=456936.03..456936.03 rows=227225 width=33) (actual time=1815.630..1815.631 rows=326640 loops=3)
                                                         Buckets: 65536 (originally 65536)  Batches: 32 (originally 16)  Memory Usage: 2816kB
                                                         ->  Parallel Hash Join  (cost=15508.70..456936.03 rows=227225 width=33) (actual time=49.112..1675.363 rows=326640 loops=3)
                                                               Hash Cond: (lineitem.l_partkey = part.p_partkey)
                                                               ->  Parallel Seq Scan on lineitem  (cost=0.00..412361.67 rows=7498367 width=29) (actual time=0.016..735.131 rows=5998870 loops=3)
                                                               ->  Parallel Hash  (cost=15414.00..15414.00 rows=7576 width=4) (actual time=49.013..49.013 rows=10887 loops=3)
                                                                     Buckets: 32768  Batches: 1  Memory Usage: 1600kB
                                                                     ->  Parallel Seq Scan on part  (cost=0.00..15414.00 rows=7576 width=4) (actual time=0.040..45.785 rows=10887 loops=3)
                                                                           Filter: ((p_name)::text ~~ '%green%'::text)
                                                                           Rows Removed by Filter: 189113
                                             ->  Hash  (cost=965.00..965.00 rows=30000 width=8) (actual time=9.696..9.696 rows=30000 loops=3)
                                                   Buckets: 32768  Batches: 1  Memory Usage: 1428kB
                                                   ->  Seq Scan on supplier  (cost=0.00..965.00 rows=30000 width=8) (actual time=0.011..5.668 rows=30000 loops=3)
                           ->  Hash  (cost=11.70..11.70 rows=170 width=108) (actual time=0.024..0.024 rows=25 loops=3)
                                 Buckets: 1024  Batches: 1  Memory Usage: 10kB
                                 ->  Seq Scan on nation  (cost=0.00..11.70 rows=170 width=108) (actual time=0.011..0.014 rows=25 loops=3)
 Planning Time: 1.696 ms
 Execution Time: 4210.582 ms
(42 rows)

execute /home/pei/benchmarks/tpch-postgre/dbgen/out/skinner_explained/1.sql_explained.sql
SET
                                                                       QUERY PLAN                                                                       
--------------------------------------------------------------------------------------------------------------------------------------------------------
 Finalize GroupAggregate  (cost=727749.01..727751.08 rows=6 width=236) (actual time=7948.095..7948.158 rows=4 loops=1)
   Group Key: l_returnflag, l_linestatus
   ->  Gather Merge  (cost=727749.01..727750.41 rows=12 width=236) (actual time=7948.058..7952.432 rows=12 loops=1)
         Workers Planned: 2
         Workers Launched: 2
         ->  Sort  (cost=726748.99..726749.00 rows=6 width=236) (actual time=7945.587..7945.588 rows=4 loops=3)
               Sort Key: l_returnflag, l_linestatus
               Sort Method: quicksort  Memory: 27kB
               Worker 0:  Sort Method: quicksort  Memory: 27kB
               Worker 1:  Sort Method: quicksort  Memory: 27kB
               ->  Partial HashAggregate  (cost=726748.74..726748.91 rows=6 width=236) (actual time=7945.542..7945.551 rows=4 loops=3)
                     Group Key: l_returnflag, l_linestatus
                     ->  Parallel Seq Scan on lineitem  (cost=0.00..431107.58 rows=7391029 width=25) (actual time=0.028..1202.984 rows=5914512 loops=3)
                           Filter: (l_shipdate <= '1998-09-02 00:00:00'::timestamp without time zone)
                           Rows Removed by Filter: 84357
 Planning Time: 0.460 ms
 Execution Time: 7952.663 ms
(17 rows)

execute /home/pei/benchmarks/tpch-postgre/dbgen/out/skinner_explained/10.sql_explained.sql
SET
                                                                                      QUERY PLAN                                                                                      
--------------------------------------------------------------------------------------------------------------------------------------------------------------------------------------
 Sort  (cost=640136.45..640565.89 rows=171775 width=280) (actual time=2244.133..2345.224 rows=114218 loops=1)
   Sort Key: (sum((lineitem.l_extendedprice * ('1'::numeric - lineitem.l_discount)))) DESC
   Sort Method: external merge  Disk: 21328kB
   ->  Finalize GroupAggregate  (cost=578134.48..602887.97 rows=171775 width=280) (actual time=1867.427..2130.381 rows=114218 loops=1)
         Group Key: customer.c_custkey, customer.c_name, customer.c_acctbal, customer.c_phone, nation.n_name, customer.c_address, customer.c_comment
         ->  Gather Merge  (cost=578134.48..597520.00 rows=143146 width=280) (actual time=1867.411..2039.200 rows=114218 loops=1)
               Workers Planned: 2
               Workers Launched: 2
               ->  Partial GroupAggregate  (cost=577134.46..579997.38 rows=71573 width=280) (actual time=1862.797..1985.662 rows=38073 loops=3)
                     Group Key: customer.c_custkey, customer.c_name, customer.c_acctbal, customer.c_phone, nation.n_name, customer.c_address, customer.c_comment
                     ->  Sort  (cost=577134.46..577313.39 rows=71573 width=260) (actual time=1862.776..1879.965 rows=114843 loops=3)
                           Sort Key: customer.c_custkey, customer.c_name, customer.c_acctbal, customer.c_phone, nation.n_name, customer.c_address, customer.c_comment
                           Sort Method: external merge  Disk: 21968kB
                           Worker 0:  Sort Method: external merge  Disk: 22824kB
                           Worker 1:  Sort Method: external merge  Disk: 21032kB
                           ->  Hash Join  (cost=546536.90..562553.62 rows=71573 width=260) (actual time=1630.935..1708.864 rows=114843 loops=3)
                                 Hash Cond: (customer.c_nationkey = nation.n_nationkey)
                                 ->  Parallel Hash Join  (cost=546523.07..561555.67 rows=71573 width=160) (actual time=1630.875..1688.486 rows=114843 loops=3)
                                       Hash Cond: (customer.c_custkey = orders.o_custkey)
                                       ->  Parallel Seq Scan on customer  (cost=0.00..12625.00 rows=187500 width=148) (actual time=0.022..22.239 rows=150000 loops=3)
                                       ->  Parallel Hash  (cost=545628.41..545628.41 rows=71573 width=16) (actual time=1571.882..1571.882 rows=114843 loops=3)
                                             Buckets: 65536 (originally 262144)  Batches: 8 (originally 1)  Memory Usage: 2816kB
                                             ->  Parallel Hash Join  (cost=107312.86..545628.41 rows=71573 width=16) (actual time=226.778..1526.145 rows=114843 loops=3)
                                                   Hash Cond: (lineitem.l_orderkey = orders.o_orderkey)
                                                   ->  Parallel Seq Scan on lineitem  (cost=0.00..431107.58 rows=1842599 width=16) (actual time=0.027..1066.621 rows=1481158 loops=3)
                                                         Filter: (l_returnflag = 'R'::bpchar)
                                                         Rows Removed by Filter: 4517712
                                                   ->  Parallel Hash  (cost=106402.49..106402.49 rows=72830 width=8) (actual time=226.207..226.207 rows=57338 loops=3)
                                                         Buckets: 262144  Batches: 1  Memory Usage: 8832kB
                                                         ->  Parallel Seq Scan on orders  (cost=0.00..106402.49 rows=72830 width=8) (actual time=0.026..208.667 rows=57338 loops=3)
                                                               Filter: ((o_orderdate >= '1993-10-01'::date) AND (o_orderdate < '1994-01-01 00:00:00'::timestamp without time zone))
                                                               Rows Removed by Filter: 1442662
                                 ->  Hash  (cost=11.70..11.70 rows=170 width=108) (actual time=0.026..0.027 rows=25 loops=3)
                                       Buckets: 1024  Batches: 1  Memory Usage: 10kB
                                       ->  Seq Scan on nation  (cost=0.00..11.70 rows=170 width=108) (actual time=0.011..0.014 rows=25 loops=3)
 Planning Time: 1.075 ms
 Execution Time: 2380.010 ms
(37 rows)

execute /home/pei/benchmarks/tpch-postgre/dbgen/out/skinner_explained/11.sql_explained.sql
SET
                                                                               QUERY PLAN                                                                               
------------------------------------------------------------------------------------------------------------------------------------------------------------------------
 Sort  (cost=139028.37..139040.00 rows=4650 width=36) (actual time=507.321..507.474 rows=2800 loops=1)
   Sort Key: (sum((partsupp.ps_supplycost * (partsupp.ps_availqty)::numeric))) DESC
   Sort Method: quicksort  Memory: 228kB
   InitPlan 1 (returns $1)
     ->  Finalize Aggregate  (cost=68274.54..68274.55 rows=1 width=32) (actual time=197.661..197.661 rows=1 loops=1)
           ->  Gather  (cost=68274.32..68274.53 rows=2 width=32) (actual time=197.554..197.726 rows=3 loops=1)
                 Workers Planned: 2
                 Workers Launched: 2
                 ->  Partial Aggregate  (cost=67274.32..67274.33 rows=1 width=32) (actual time=195.198..195.198 rows=1 loops=3)
                       ->  Hash Join  (cost=1093.60..67230.73 rows=5812 width=10) (actual time=7.150..186.138 rows=31893 loops=3)
                             Hash Cond: (partsupp_1.ps_suppkey = supplier_1.s_suppkey)
                             ->  Parallel Seq Scan on partsupp partsupp_1  (cost=0.00..62328.30 rows=1000230 width=14) (actual time=0.027..103.217 rows=800000 loops=3)
                             ->  Hash  (cost=1091.40..1091.40 rows=176 width=4) (actual time=7.021..7.021 rows=1196 loops=3)
                                   Buckets: 2048 (originally 1024)  Batches: 1 (originally 1)  Memory Usage: 59kB
                                   ->  Hash Join  (cost=12.14..1091.40 rows=176 width=4) (actual time=0.050..6.828 rows=1196 loops=3)
                                         Hash Cond: (supplier_1.s_nationkey = nation_1.n_nationkey)
                                         ->  Seq Scan on supplier supplier_1  (cost=0.00..965.00 rows=30000 width=8) (actual time=0.009..4.089 rows=30000 loops=3)
                                         ->  Hash  (cost=12.12..12.12 rows=1 width=4) (actual time=0.021..0.021 rows=1 loops=3)
                                               Buckets: 1024  Batches: 1  Memory Usage: 9kB
                                               ->  Seq Scan on nation nation_1  (cost=0.00..12.12 rows=1 width=4) (actual time=0.013..0.015 rows=1 loops=3)
                                                     Filter: (n_name = 'GERMANY'::bpchar)
                                                     Rows Removed by Filter: 24
   ->  Finalize GroupAggregate  (cost=68594.14..70470.56 rows=4650 width=36) (actual time=395.138..506.002 rows=2800 loops=1)
         Group Key: partsupp.ps_partkey
         Filter: (sum((partsupp.ps_supplycost * (partsupp.ps_availqty)::numeric)) > $1)
         Rows Removed by Filter: 87241
         ->  Gather Merge  (cost=68594.14..70081.14 rows=11624 width=36) (actual time=197.418..240.794 rows=90234 loops=1)
               Workers Planned: 2
               Workers Launched: 2
               ->  Partial GroupAggregate  (cost=67594.12..67739.42 rows=5812 width=36) (actual time=195.028..223.409 rows=30078 loops=3)
                     Group Key: partsupp.ps_partkey
                     ->  Sort  (cost=67594.12..67608.65 rows=5812 width=14) (actual time=195.009..196.487 rows=31893 loops=3)
                           Sort Key: partsupp.ps_partkey
                           Sort Method: quicksort  Memory: 2280kB
                           Worker 0:  Sort Method: quicksort  Memory: 2217kB
                           Worker 1:  Sort Method: quicksort  Memory: 2294kB
                           ->  Hash Join  (cost=1093.60..67230.73 rows=5812 width=14) (actual time=7.628..186.632 rows=31893 loops=3)
                                 Hash Cond: (partsupp.ps_suppkey = supplier.s_suppkey)
                                 ->  Parallel Seq Scan on partsupp  (cost=0.00..62328.30 rows=1000230 width=18) (actual time=0.026..102.842 rows=800000 loops=3)
                                 ->  Hash  (cost=1091.40..1091.40 rows=176 width=4) (actual time=7.575..7.575 rows=1196 loops=3)
                                       Buckets: 2048 (originally 1024)  Batches: 1 (originally 1)  Memory Usage: 59kB
                                       ->  Hash Join  (cost=12.14..1091.40 rows=176 width=4) (actual time=0.054..7.386 rows=1196 loops=3)
                                             Hash Cond: (supplier.s_nationkey = nation.n_nationkey)
                                             ->  Seq Scan on supplier  (cost=0.00..965.00 rows=30000 width=8) (actual time=0.010..4.570 rows=30000 loops=3)
                                             ->  Hash  (cost=12.12..12.12 rows=1 width=4) (actual time=0.025..0.025 rows=1 loops=3)
                                                   Buckets: 1024  Batches: 1  Memory Usage: 9kB
                                                   ->  Seq Scan on nation  (cost=0.00..12.12 rows=1 width=4) (actual time=0.014..0.020 rows=1 loops=3)
                                                         Filter: (n_name = 'GERMANY'::bpchar)
                                                         Rows Removed by Filter: 24
 Planning Time: 0.584 ms
 Execution Time: 508.060 ms
(51 rows)

execute /home/pei/benchmarks/tpch-postgre/dbgen/out/skinner_explained/12.sql_explained.sql
SET
                                                                                                                                  QUERY PLAN                                                                                                                                  
------------------------------------------------------------------------------------------------------------------------------------------------------------------------------------------------------------------------------------------------------------------------------
 Finalize GroupAggregate  (cost=652946.17..653669.71 rows=7 width=27) (actual time=2252.338..2252.340 rows=2 loops=1)
   Group Key: lineitem.l_shipmode
   ->  Gather Merge  (cost=652946.17..653669.53 rows=14 width=27) (actual time=2247.813..2304.717 rows=6 loops=1)
         Workers Planned: 2
         Workers Launched: 2
         ->  Partial GroupAggregate  (cost=651946.14..652667.89 rows=7 width=27) (actual time=2245.354..2249.720 rows=2 loops=3)
               Group Key: lineitem.l_shipmode
               ->  Sort  (cost=651946.14..652036.35 rows=36084 width=27) (actual time=2241.006..2242.367 rows=31048 loops=3)
                     Sort Key: lineitem.l_shipmode
                     Sort Method: quicksort  Memory: 3274kB
                     Worker 0:  Sort Method: quicksort  Memory: 3104kB
                     Worker 1:  Sort Method: quicksort  Memory: 3204kB
                     ->  Parallel Hash Join  (cost=131451.73..649214.75 rows=36084 width=27) (actual time=2111.953..2233.585 rows=31048 loops=3)
                           Hash Cond: (lineitem.l_orderkey = orders.o_orderkey)
                           ->  Parallel Seq Scan on lineitem  (cost=0.00..506091.25 rows=36084 width=15) (actual time=0.135..1590.140 rows=31048 loops=3)
                                 Filter: ((l_shipmode = ANY ('{MAIL,SHIP}'::bpchar[])) AND (l_commitdate < l_receiptdate) AND (l_shipdate < l_commitdate) AND (l_receiptdate >= '1994-01-01'::date) AND (l_receiptdate < '1995-01-01 00:00:00'::timestamp without time zone))
                                 Rows Removed by Filter: 5967822
                           ->  Parallel Hash  (cost=97027.66..97027.66 rows=1874966 width=20) (actual time=500.110..500.110 rows=1500000 loops=3)
                                 Buckets: 65536  Batches: 128  Memory Usage: 2496kB
                                 ->  Parallel Seq Scan on orders  (cost=0.00..97027.66 rows=1874966 width=20) (actual time=0.027..230.917 rows=1500000 loops=3)
 Planning Time: 0.443 ms
 Execution Time: 2305.089 ms
(22 rows)

execute /home/pei/benchmarks/tpch-postgre/dbgen/out/skinner_explained/14.sql_explained.sql
SET
                                                                     QUERY PLAN                                                                      
-----------------------------------------------------------------------------------------------------------------------------------------------------
 Finalize Aggregate  (cost=475439.00..475439.01 rows=1 width=32) (actual time=1175.815..1175.815 rows=1 loops=1)
   ->  Gather  (cost=475438.76..475438.97 rows=2 width=64) (actual time=1174.878..1187.144 rows=3 loops=1)
         Workers Planned: 2
         Workers Launched: 2
         ->  Partial Aggregate  (cost=474438.76..474438.77 rows=1 width=64) (actual time=1172.409..1172.410 rows=1 loops=3)
               ->  Parallel Hash Join  (cost=19623.00..472821.23 rows=92430 width=33) (actual time=1091.357..1139.922 rows=74879 loops=3)
                     Hash Cond: (lineitem.l_partkey = part.p_partkey)
                     ->  Parallel Seq Scan on lineitem  (cost=0.00..449853.50 rows=92430 width=16) (actual time=0.029..990.429 rows=74879 loops=3)
                           Filter: ((l_shipdate >= '1995-09-01'::date) AND (l_shipdate < '1995-10-01 00:00:00'::timestamp without time zone))
                           Rows Removed by Filter: 5923991
                     ->  Parallel Hash  (cost=14789.00..14789.00 rows=250000 width=25) (actual time=75.799..75.799 rows=200000 loops=3)
                           Buckets: 65536  Batches: 16  Memory Usage: 2816kB
                           ->  Parallel Seq Scan on part  (cost=0.00..14789.00 rows=250000 width=25) (actual time=0.027..32.506 rows=200000 loops=3)
 Planning Time: 0.421 ms
 Execution Time: 1187.298 ms
(15 rows)

execute /home/pei/benchmarks/tpch-postgre/dbgen/out/skinner_explained/16.sql_explained.sql
SET
                                                                                         QUERY PLAN                                                                                          
---------------------------------------------------------------------------------------------------------------------------------------------------------------------------------------------
 Sort  (cost=132502.10..132621.76 rows=47864 width=44) (actual time=1205.172..1206.638 rows=26798 loops=1)
   Sort Key: (count(DISTINCT partsupp.ps_suppkey)) DESC, part.p_brand, part.p_type, part.p_size
   Sort Method: quicksort  Memory: 2885kB
   ->  GroupAggregate  (cost=126086.82..128781.48 rows=47864 width=44) (actual time=913.141..1162.911 rows=26798 loops=1)
         Group Key: part.p_brand, part.p_type, part.p_size
         ->  Sort  (cost=126086.82..126530.03 rows=177281 width=40) (actual time=913.107..1059.106 rows=355733 loops=1)
               Sort Key: part.p_brand, part.p_type, part.p_size
               Sort Method: external merge  Disk: 18168kB
               ->  Gather  (cost=21040.57..105780.75 rows=177281 width=40) (actual time=81.743..390.593 rows=355733 loops=1)
                     Workers Planned: 2
                     Workers Launched: 2
                     ->  Parallel Hash Join  (cost=20040.57..87052.65 rows=73867 width=40) (actual time=79.485..356.713 rows=118578 loops=3)
                           Hash Cond: (partsupp.ps_partkey = part.p_partkey)
                           ->  Parallel Seq Scan on partsupp  (cost=1040.01..65868.88 rows=500115 width=8) (actual time=11.406..188.261 rows=799600 loops=3)
                                 Filter: (NOT (hashed SubPlan 1))
                                 Rows Removed by Filter: 400
                                 SubPlan 1
                                   ->  Seq Scan on supplier  (cost=0.00..1040.00 rows=3 width=4) (actual time=0.146..11.363 rows=15 loops=3)
                                         Filter: ((s_comment)::text ~~ '%Customer%Complaints%'::text)
                                         Rows Removed by Filter: 29985
                           ->  Parallel Hash  (cost=18539.00..18539.00 rows=36925 width=40) (actual time=67.562..67.562 rows=29658 loops=3)
                                 Buckets: 131072  Batches: 1  Memory Usage: 7712kB
                                 ->  Parallel Seq Scan on part  (cost=0.00..18539.00 rows=36925 width=40) (actual time=0.037..54.074 rows=29658 loops=3)
                                       Filter: ((p_brand <> 'Brand#45'::bpchar) AND ((p_type)::text !~~ 'MEDIUM POLISHED%'::text) AND (p_size = ANY ('{49,14,23,45,19,3,36,9}'::integer[])))
                                       Rows Removed by Filter: 170342
 Planning Time: 0.860 ms
 Execution Time: 1212.255 ms
(27 rows)

execute /home/pei/benchmarks/tpch-postgre/dbgen/out/skinner_explained/17.sql_explained.sql
SET
psql:/home/pei/benchmarks/tpch-postgre/dbgen/out/skinner_explained/17.sql_explained.sql:25: ERROR:  canceling statement due to statement timeout
execute /home/pei/benchmarks/tpch-postgre/dbgen/out/skinner_explained/18.sql_explained.sql
SET
                                                                                                QUERY PLAN                                                                                                 
-----------------------------------------------------------------------------------------------------------------------------------------------------------------------------------------------------------
 GroupAggregate  (cost=2755537.93..2771989.78 rows=548395 width=71) (actual time=17767.651..17768.260 rows=179 loops=1)
   Group Key: orders.o_totalprice, orders.o_orderdate, customer.c_name, customer.c_custkey, orders.o_orderkey
   ->  Sort  (cost=2755537.93..2756908.92 rows=548395 width=44) (actual time=17767.632..17767.689 rows=1253 loops=1)
         Sort Key: orders.o_totalprice DESC, orders.o_orderdate, customer.c_name, customer.c_custkey, orders.o_orderkey
         Sort Method: quicksort  Memory: 146kB
         ->  Hash Join  (cost=1919134.52..2686392.57 rows=548395 width=44) (actual time=12051.536..17766.340 rows=1253 loops=1)
               Hash Cond: (lineitem.l_orderkey = orders.o_orderkey)
               ->  Seq Scan on lineitem  (cost=0.00..517338.80 rows=17996080 width=9) (actual time=0.016..2308.586 rows=17996609 loops=1)
               ->  Hash  (cost=1916214.45..1916214.45 rows=137126 width=43) (actual time=11863.001..11863.001 rows=179 loops=1)
                     Buckets: 65536  Batches: 4  Memory Usage: 516kB
                     ->  Hash Join  (cost=1721724.49..1916214.45 rows=137126 width=43) (actual time=10246.126..11862.873 rows=179 loops=1)
                           Hash Cond: (orders.o_custkey = customer.c_custkey)
                           ->  Hash Join  (cost=1698212.49..1886571.97 rows=137126 width=24) (actual time=10042.975..11682.294 rows=179 loops=1)
                                 Hash Cond: (orders.o_orderkey = lineitem_1.l_orderkey)
                                 ->  Seq Scan on orders  (cost=0.00..123277.18 rows=4499918 width=20) (actual time=0.017..607.314 rows=4500000 loops=1)
                                 ->  Hash  (cost=1695962.42..1695962.42 rows=137126 width=4) (actual time=10040.327..10040.327 rows=179 loops=1)
                                       Buckets: 131072  Batches: 2  Memory Usage: 1027kB
                                       ->  Finalize GroupAggregate  (cost=1525903.65..1694591.16 rows=137126 width=4) (actual time=3426.685..10040.190 rows=179 loops=1)
                                             Group Key: lineitem_1.l_orderkey
                                             Filter: (sum(lineitem_1.l_quantity) > '300'::numeric)
                                             Rows Removed by Filter: 4499821
                                             ->  Gather Merge  (cost=1525903.65..1682249.85 rows=822754 width=36) (actual time=3424.510..6864.372 rows=4711071 loops=1)
                                                   Workers Planned: 2
                                                   Workers Launched: 2
                                                   ->  Partial GroupAggregate  (cost=1524903.63..1586283.60 rows=411377 width=36) (actual time=3403.225..5654.465 rows=1570357 loops=3)
                                                         Group Key: lineitem_1.l_orderkey
                                                         ->  Sort  (cost=1524903.63..1543649.55 rows=7498367 width=9) (actual time=3403.201..3964.886 rows=5998870 loops=3)
                                                               Sort Key: lineitem_1.l_orderkey
                                                               Sort Method: external merge  Disk: 112984kB
                                                               Worker 0:  Sort Method: external merge  Disk: 109816kB
                                                               Worker 1:  Sort Method: external merge  Disk: 112040kB
                                                               ->  Parallel Seq Scan on lineitem lineitem_1  (cost=0.00..412361.67 rows=7498367 width=9) (actual time=0.022..858.920 rows=5998870 loops=3)
                           ->  Hash  (cost=15250.00..15250.00 rows=450000 width=23) (actual time=155.848..155.849 rows=450000 loops=1)
                                 Buckets: 65536  Batches: 8  Memory Usage: 3597kB
                                 ->  Seq Scan on customer  (cost=0.00..15250.00 rows=450000 width=23) (actual time=0.017..62.851 rows=450000 loops=1)
 Planning Time: 0.708 ms
 Execution Time: 17786.809 ms
(37 rows)

execute /home/pei/benchmarks/tpch-postgre/dbgen/out/skinner_explained/19.sql_explained.sql
SET
                                                                                                                                                                                                                                                                                                                                                                           QUERY PLAN                                                                                                                                                                                                                                                                                                                                                                           
----------------------------------------------------------------------------------------------------------------------------------------------------------------------------------------------------------------------------------------------------------------------------------------------------------------------------------------------------------------------------------------------------------------------------------------------------------------------------------------------------------------------------------------------------------------------------------------------------------------------------------------------------------------------------------------------------------------------------------------------------------------
 Finalize Aggregate  (cost=586793.64..586793.65 rows=1 width=32) (actual time=1687.900..1687.900 rows=1 loops=1)
   ->  Gather  (cost=586793.42..586793.63 rows=2 width=32) (actual time=1687.790..1692.266 rows=3 loops=1)
         Workers Planned: 2
         Workers Launched: 2
         ->  Partial Aggregate  (cost=585793.42..585793.43 rows=1 width=32) (actual time=1685.392..1685.392 rows=1 loops=3)
               ->  Parallel Hash Join  (cost=22921.53..585792.34 rows=143 width=12) (actual time=75.919..1685.267 rows=121 loops=3)
                     Hash Cond: (lineitem.l_partkey = part.p_partkey)
                     Join Filter: (((part.p_brand = 'Brand#12'::bpchar) AND (part.p_container = ANY ('{"SM CASE","SM BOX","SM PACK","SM PKG"}'::bpchar[])) AND (lineitem.l_quantity >= '1'::numeric) AND (lineitem.l_quantity <= '11'::numeric) AND (part.p_size <= 5)) OR ((part.p_brand = 'Brand#23'::bpchar) AND (part.p_container = ANY ('{"MED BAG","MED BOX","MED PKG","MED PACK"}'::bpchar[])) AND (lineitem.l_quantity >= '10'::numeric) AND (lineitem.l_quantity <= '20'::numeric) AND (part.p_size <= 10)) OR ((part.p_brand = 'Brand#34'::bpchar) AND (part.p_container = ANY ('{"LG CASE","LG BOX","LG PACK","LG PKG"}'::bpchar[])) AND (lineitem.l_quantity >= '20'::numeric) AND (lineitem.l_quantity <= '30'::numeric) AND (part.p_size <= 15)))
                     Rows Removed by Join Filter: 188
                     ->  Parallel Seq Scan on lineitem  (cost=0.00..562329.00 rows=142388 width=21) (actual time=0.023..1615.050 rows=128767 loops=3)
                           Filter: ((l_shipmode = ANY ('{AIR,"AIR REG"}'::bpchar[])) AND (l_shipinstruct = 'DELIVER IN PERSON'::bpchar) AND (((l_quantity >= '1'::numeric) AND (l_quantity <= '11'::numeric)) OR ((l_quantity >= '10'::numeric) AND (l_quantity <= '20'::numeric)) OR ((l_quantity >= '20'::numeric) AND (l_quantity <= '30'::numeric))))
                           Rows Removed by Filter: 5870103
                     ->  Parallel Hash  (cost=22914.00..22914.00 rows=602 width=30) (actual time=51.537..51.538 rows=489 loops=3)
                           Buckets: 2048  Batches: 1  Memory Usage: 144kB
                           ->  Parallel Seq Scan on part  (cost=0.00..22914.00 rows=602 width=30) (actual time=0.327..51.263 rows=489 loops=3)
                                 Filter: ((p_size >= 1) AND (((p_brand = 'Brand#12'::bpchar) AND (p_container = ANY ('{"SM CASE","SM BOX","SM PACK","SM PKG"}'::bpchar[])) AND (p_size <= 5)) OR ((p_brand = 'Brand#23'::bpchar) AND (p_container = ANY ('{"MED BAG","MED BOX","MED PKG","MED PACK"}'::bpchar[])) AND (p_size <= 10)) OR ((p_brand = 'Brand#34'::bpchar) AND (p_container = ANY ('{"LG CASE","LG BOX","LG PACK","LG PKG"}'::bpchar[])) AND (p_size <= 15))))
                                 Rows Removed by Filter: 199511
 Planning Time: 0.676 ms
 Execution Time: 1692.391 ms
(19 rows)

execute /home/pei/benchmarks/tpch-postgre/dbgen/out/skinner_explained/2.sql_explained.sql
SET
psql:/home/pei/benchmarks/tpch-postgre/dbgen/out/skinner_explained/2.sql_explained.sql:51: ERROR:  canceling statement due to statement timeout
execute /home/pei/benchmarks/tpch-postgre/dbgen/out/skinner_explained/20.sql_explained.sql
SET
psql:/home/pei/benchmarks/tpch-postgre/dbgen/out/skinner_explained/20.sql_explained.sql:45: ERROR:  canceling statement due to statement timeout
execute /home/pei/benchmarks/tpch-postgre/dbgen/out/skinner_explained/21.sql_explained.sql
SET
psql:/home/pei/benchmarks/tpch-postgre/dbgen/out/skinner_explained/21.sql_explained.sql:47: ERROR:  canceling statement due to statement timeout
execute /home/pei/benchmarks/tpch-postgre/dbgen/out/skinner_explained/3.sql_explained.sql
SET
                                                                                  QUERY PLAN                                                                                  
------------------------------------------------------------------------------------------------------------------------------------------------------------------------------
 Sort  (cost=946756.28..949214.68 rows=983362 width=44) (actual time=2586.523..2589.692 rows=34207 loops=1)
   Sort Key: (sum((lineitem.l_extendedprice * ('1'::numeric - lineitem.l_discount)))) DESC, orders.o_orderdate
   Sort Method: quicksort  Memory: 3618kB
   ->  Finalize GroupAggregate  (cost=658960.22..788374.56 rows=983362 width=44) (actual time=2512.700..2568.234 rows=34207 loops=1)
         Group Key: lineitem.l_orderkey, orders.o_orderdate, orders.o_shippriority
         ->  Gather Merge  (cost=658960.22..765839.18 rows=819468 width=44) (actual time=2512.691..2614.317 rows=34436 loops=1)
               Workers Planned: 2
               Workers Launched: 2
               ->  Partial GroupAggregate  (cost=657960.20..670252.22 rows=409734 width=44) (actual time=2510.299..2532.771 rows=11479 loops=3)
                     Group Key: lineitem.l_orderkey, orders.o_orderdate, orders.o_shippriority
                     ->  Sort  (cost=657960.20..658984.53 rows=409734 width=24) (actual time=2510.278..2511.635 rows=30009 loops=3)
                           Sort Key: lineitem.l_orderkey, orders.o_orderdate, orders.o_shippriority
                           Sort Method: quicksort  Memory: 3110kB
                           Worker 0:  Sort Method: quicksort  Memory: 3121kB
                           Worker 1:  Sort Method: quicksort  Memory: 3107kB
                           ->  Parallel Hash Join  (cost=122810.80..611360.62 rows=409734 width=24) (actual time=2199.131..2497.900 rows=30009 loops=3)
                                 Hash Cond: (lineitem.l_orderkey = orders.o_orderkey)
                                 ->  Parallel Seq Scan on lineitem  (cost=0.00..431107.58 rows=4055202 width=16) (actual time=0.025..1102.759 rows=3233939 loops=3)
                                       Filter: (l_shipdate > '1995-03-15'::date)
                                       Rows Removed by Filter: 2764930
                                 ->  Parallel Hash  (cost=119516.74..119516.74 rows=189445 width=12) (actual time=421.355..421.355 rows=146891 loops=3)
                                       Buckets: 131072  Batches: 8  Memory Usage: 3712kB
                                       ->  Parallel Hash Join  (cost=13578.67..119516.74 rows=189445 width=12) (actual time=37.010..392.391 rows=146891 loops=3)
                                             Hash Cond: (orders.o_custkey = customer.c_custkey)
                                             ->  Parallel Seq Scan on orders  (cost=0.00..101715.07 rows=915635 width=16) (actual time=0.013..217.636 rows=728721 loops=3)
                                                   Filter: (o_orderdate < '1995-03-15'::date)
                                                   Rows Removed by Filter: 771279
                                             ->  Parallel Hash  (cost=13093.75..13093.75 rows=38794 width=4) (actual time=36.726..36.726 rows=30119 loops=3)
                                                   Buckets: 131072  Batches: 1  Memory Usage: 4608kB
                                                   ->  Parallel Seq Scan on customer  (cost=0.00..13093.75 rows=38794 width=4) (actual time=0.025..28.377 rows=30119 loops=3)
                                                         Filter: (c_mktsegment = 'BUILDING'::bpchar)
                                                         Rows Removed by Filter: 119881
 Planning Time: 0.575 ms
 Execution Time: 2664.567 ms
(34 rows)

execute /home/pei/benchmarks/tpch-postgre/dbgen/out/skinner_explained/4.sql_explained.sql
SET
                                                                            QUERY PLAN                                                                             
-------------------------------------------------------------------------------------------------------------------------------------------------------------------
 Finalize GroupAggregate  (cost=590820.64..590871.54 rows=5 width=24) (actual time=2198.427..2203.970 rows=5 loops=1)
   Group Key: orders.o_orderpriority
   ->  Gather Merge  (cost=590820.64..590871.44 rows=10 width=24) (actual time=2196.915..2283.434 rows=15 loops=1)
         Workers Planned: 2
         Workers Launched: 2
         ->  Partial GroupAggregate  (cost=589820.61..589870.26 rows=5 width=24) (actual time=2194.318..2200.284 rows=5 loops=3)
               Group Key: orders.o_orderpriority
               ->  Sort  (cost=589820.61..589837.14 rows=6613 width=16) (actual time=2192.796..2195.225 rows=52805 loops=3)
                     Sort Key: orders.o_orderpriority
                     Sort Method: quicksort  Memory: 3809kB
                     Worker 0:  Sort Method: quicksort  Memory: 3893kB
                     Worker 1:  Sort Method: quicksort  Memory: 3821kB
                     ->  Parallel Hash Semi Join  (cost=472114.77..589400.98 rows=6613 width=16) (actual time=1916.280..2180.589 rows=52805 loops=3)
                           Hash Cond: (orders.o_orderkey = lineitem.l_orderkey)
                           ->  Parallel Seq Scan on orders  (cost=0.00..106402.49 rows=72338 width=20) (actual time=0.033..209.353 rows=57571 loops=3)
                                 Filter: ((o_orderdate >= '1993-07-01'::date) AND (o_orderdate < '1993-10-01 00:00:00'::timestamp without time zone))
                                 Rows Removed by Filter: 1442429
                           ->  Parallel Hash  (cost=431107.58..431107.58 rows=2499455 width=4) (actual time=1679.366..1679.367 rows=3792542 loops=3)
                                 Buckets: 131072  Batches: 128  Memory Usage: 4608kB
                                 ->  Parallel Seq Scan on lineitem  (cost=0.00..431107.58 rows=2499455 width=4) (actual time=0.033..1180.392 rows=3792542 loops=3)
                                       Filter: (l_commitdate < l_receiptdate)
                                       Rows Removed by Filter: 2206328
 Planning Time: 0.425 ms
 Execution Time: 2283.857 ms
(24 rows)

execute /home/pei/benchmarks/tpch-postgre/dbgen/out/skinner_explained/5.sql_explained.sql
SET
                                                                                         QUERY PLAN                                                                                         
--------------------------------------------------------------------------------------------------------------------------------------------------------------------------------------------
 Sort  (cost=563930.40..563930.83 rows=170 width=136) (actual time=1807.794..1807.794 rows=5 loops=1)
   Sort Key: (sum((lineitem.l_extendedprice * ('1'::numeric - lineitem.l_discount)))) DESC
   Sort Method: quicksort  Memory: 25kB
   ->  Finalize GroupAggregate  (cost=563874.71..563924.11 rows=170 width=136) (actual time=1805.135..1807.776 rows=5 loops=1)
         Group Key: nation.n_name
         ->  Gather Merge  (cost=563874.71..563919.43 rows=340 width=136) (actual time=1804.425..1812.390 rows=15 loops=1)
               Workers Planned: 2
               Workers Launched: 2
               ->  Partial GroupAggregate  (cost=562874.69..562880.16 rows=170 width=136) (actual time=1801.451..1804.132 rows=5 loops=3)
                     Group Key: nation.n_name
                     ->  Sort  (cost=562874.69..562875.36 rows=268 width=116) (actual time=1800.759..1801.088 rows=7343 loops=3)
                           Sort Key: nation.n_name
                           Sort Method: quicksort  Memory: 763kB
                           Worker 0:  Sort Method: quicksort  Memory: 762kB
                           Worker 1:  Sort Method: quicksort  Memory: 773kB
                           ->  Hash Join  (cost=122301.72..562863.88 rows=268 width=116) (actual time=366.499..1796.509 rows=7343 loops=3)
                                 Hash Cond: ((lineitem.l_suppkey = supplier.s_suppkey) AND (customer.c_nationkey = supplier.s_nationkey))
                                 ->  Parallel Hash Join  (cost=120886.72..561395.45 rows=6766 width=128) (actual time=355.660..1742.285 rows=183378 loops=3)
                                       Hash Cond: (lineitem.l_orderkey = orders.o_orderkey)
                                       ->  Parallel Seq Scan on lineitem  (cost=0.00..412361.67 rows=7498367 width=20) (actual time=0.021..728.469 rows=5998870 loops=3)
                                       ->  Parallel Hash  (cost=120865.57..120865.57 rows=1692 width=116) (actual time=355.490..355.490 rows=45716 loops=3)
                                             Buckets: 262144 (originally 4096)  Batches: 1 (originally 1)  Memory Usage: 13760kB
                                             ->  Parallel Hash Join  (cost=13377.44..120865.57 rows=1692 width=116) (actual time=53.657..326.269 rows=45716 loops=3)
                                                   Hash Cond: (orders.o_custkey = customer.c_custkey)
                                                   ->  Parallel Seq Scan on orders  (cost=0.00..106402.49 rows=287625 width=8) (actual time=0.025..216.768 rows=227810 loops=3)
                                                         Filter: ((o_orderdate >= '1994-01-01'::date) AND (o_orderdate < '1995-01-01 00:00:00'::timestamp without time zone))
                                                         Rows Removed by Filter: 1272190
                                                   ->  Parallel Hash  (cost=13363.65..13363.65 rows=1103 width=116) (actual time=53.594..53.595 rows=30145 loops=3)
                                                         Buckets: 131072 (originally 4096)  Batches: 1 (originally 1)  Memory Usage: 8416kB
                                                         ->  Hash Join  (cost=24.50..13363.65 rows=1103 width=116) (actual time=0.084..37.716 rows=30145 loops=3)
                                                               Hash Cond: (customer.c_nationkey = nation.n_nationkey)
                                                               ->  Parallel Seq Scan on customer  (cost=0.00..12625.00 rows=187500 width=8) (actual time=0.017..21.043 rows=150000 loops=3)
                                                               ->  Hash  (cost=24.48..24.48 rows=1 width=108) (actual time=0.051..0.052 rows=5 loops=3)
                                                                     Buckets: 1024  Batches: 1  Memory Usage: 9kB
                                                                     ->  Hash Join  (cost=12.14..24.48 rows=1 width=108) (actual time=0.041..0.046 rows=5 loops=3)
                                                                           Hash Cond: (nation.n_regionkey = region.r_regionkey)
                                                                           ->  Seq Scan on nation  (cost=0.00..11.70 rows=170 width=112) (actual time=0.010..0.011 rows=25 loops=3)
                                                                           ->  Hash  (cost=12.12..12.12 rows=1 width=4) (actual time=0.015..0.015 rows=1 loops=3)
                                                                                 Buckets: 1024  Batches: 1  Memory Usage: 9kB
                                                                                 ->  Seq Scan on region  (cost=0.00..12.12 rows=1 width=4) (actual time=0.011..0.012 rows=1 loops=3)
                                                                                       Filter: (r_name = 'ASIA'::bpchar)
                                                                                       Rows Removed by Filter: 4
                                 ->  Hash  (cost=965.00..965.00 rows=30000 width=8) (actual time=10.342..10.342 rows=30000 loops=3)
                                       Buckets: 32768  Batches: 1  Memory Usage: 1428kB
                                       ->  Seq Scan on supplier  (cost=0.00..965.00 rows=30000 width=8) (actual time=0.017..6.147 rows=30000 loops=3)
 Planning Time: 1.290 ms
 Execution Time: 1814.248 ms
(47 rows)

execute /home/pei/benchmarks/tpch-postgre/dbgen/out/skinner_explained/6.sql_explained.sql
SET
                                                                                                        QUERY PLAN                                                                                                         
---------------------------------------------------------------------------------------------------------------------------------------------------------------------------------------------------------------------------
 Finalize Aggregate  (cost=507814.90..507814.91 rows=1 width=32) (actual time=1153.415..1153.415 rows=1 loops=1)
   ->  Gather  (cost=507814.68..507814.89 rows=2 width=32) (actual time=1153.313..1157.637 rows=3 loops=1)
         Workers Planned: 2
         Workers Launched: 2
         ->  Partial Aggregate  (cost=506814.68..506814.69 rows=1 width=32) (actual time=1151.195..1151.195 rows=1 loops=3)
               ->  Parallel Seq Scan on lineitem  (cost=0.00..506091.25 rows=144685 width=12) (actual time=0.059..1115.760 rows=114155 loops=3)
                     Filter: ((l_shipdate >= '1994-01-01'::date) AND (l_shipdate < '1995-01-01 00:00:00'::timestamp without time zone) AND (l_discount >= 0.05) AND (l_discount <= 0.07) AND (l_quantity < '24'::numeric))
                     Rows Removed by Filter: 5884715
 Planning Time: 0.275 ms
 Execution Time: 1157.722 ms
(10 rows)

execute /home/pei/benchmarks/tpch-postgre/dbgen/out/skinner_explained/7.sql_explained.sql
SET
                                                                                      QUERY PLAN                                                                                       
---------------------------------------------------------------------------------------------------------------------------------------------------------------------------------------
 Finalize GroupAggregate  (cost=578493.76..578545.70 rows=375 width=248) (actual time=2272.429..2274.777 rows=4 loops=1)
   Group Key: n1.n_name, n2.n_name, (date_part('year'::text, (lineitem.l_shipdate)::timestamp without time zone))
   ->  Gather Merge  (cost=578493.76..578535.24 rows=312 width=248) (actual time=2271.682..2425.171 rows=12 loops=1)
         Workers Planned: 2
         Workers Launched: 2
         ->  Partial GroupAggregate  (cost=577493.74..577499.20 rows=156 width=248) (actual time=2268.984..2271.287 rows=4 loops=3)
               Group Key: n1.n_name, n2.n_name, (date_part('year'::text, (lineitem.l_shipdate)::timestamp without time zone))
               ->  Sort  (cost=577493.74..577494.13 rows=156 width=228) (actual time=2268.241..2268.504 rows=5777 loops=3)
                     Sort Key: n1.n_name, n2.n_name, (date_part('year'::text, (lineitem.l_shipdate)::timestamp without time zone))
                     Sort Method: quicksort  Memory: 1008kB
                     Worker 0:  Sort Method: quicksort  Memory: 996kB
                     Worker 1:  Sort Method: quicksort  Memory: 1010kB
                     ->  Hash Join  (cost=118914.77..577488.06 rows=156 width=228) (actual time=1856.907..2264.351 rows=5777 loops=3)
                           Hash Cond: (lineitem.l_suppkey = supplier.s_suppkey)
                           Join Filter: (((n1.n_name = 'FRANCE'::bpchar) AND (n2.n_name = 'GERMANY'::bpchar)) OR ((n1.n_name = 'GERMANY'::bpchar) AND (n2.n_name = 'FRANCE'::bpchar)))
                           Rows Removed by Join Filter: 5832
                           ->  Parallel Hash Join  (cost=117816.75..576283.02 rows=26672 width=124) (actual time=1849.208..2236.654 rows=147332 loops=3)
                                 Hash Cond: (lineitem.l_orderkey = orders.o_orderkey)
                                 ->  Parallel Seq Scan on lineitem  (cost=0.00..449853.50 rows=2267104 width=24) (actual time=0.194..1043.863 rows=1821396 loops=3)
                                       Filter: ((l_shipdate >= '1995-01-01'::date) AND (l_shipdate <= '1996-12-31'::date))
                                       Rows Removed by Filter: 4177474
                                 ->  Parallel Hash  (cost=117541.03..117541.03 rows=22058 width=108) (actual time=480.081..480.081 rows=121711 loops=3)
                                       Buckets: 65536 (originally 65536)  Batches: 8 (originally 1)  Memory Usage: 3456kB
                                       ->  Parallel Hash Join  (cost=13390.34..117541.03 rows=22058 width=108) (actual time=43.610..433.256 rows=121711 loops=3)
                                             Hash Cond: (orders.o_custkey = customer.c_custkey)
                                             ->  Parallel Seq Scan on orders  (cost=0.00..97027.66 rows=1874966 width=8) (actual time=0.012..177.769 rows=1500000 loops=3)
                                             ->  Parallel Hash  (cost=13362.76..13362.76 rows=2206 width=108) (actual time=43.556..43.556 rows=12073 loops=3)
                                                   Buckets: 65536 (originally 8192)  Batches: 1 (originally 1)  Memory Usage: 3296kB
                                                   ->  Hash Join  (cost=12.58..13362.76 rows=2206 width=108) (actual time=0.047..34.754 rows=12073 loops=3)
                                                         Hash Cond: (customer.c_nationkey = n2.n_nationkey)
                                                         ->  Parallel Seq Scan on customer  (cost=0.00..12625.00 rows=187500 width=8) (actual time=0.019..20.853 rows=150000 loops=3)
                                                         ->  Hash  (cost=12.55..12.55 rows=2 width=108) (actual time=0.011..0.011 rows=2 loops=3)
                                                               Buckets: 1024  Batches: 1  Memory Usage: 9kB
                                                               ->  Seq Scan on nation n2  (cost=0.00..12.55 rows=2 width=108) (actual time=0.005..0.008 rows=2 loops=3)
                                                                     Filter: ((n_name = 'GERMANY'::bpchar) OR (n_name = 'FRANCE'::bpchar))
                                                                     Rows Removed by Filter: 23
                           ->  Hash  (cost=1093.61..1093.61 rows=353 width=108) (actual time=7.629..7.629 rows=2361 loops=3)
                                 Buckets: 4096 (originally 1024)  Batches: 1 (originally 1)  Memory Usage: 175kB
                                 ->  Hash Join  (cost=12.58..1093.61 rows=353 width=108) (actual time=0.071..7.107 rows=2361 loops=3)
                                       Hash Cond: (supplier.s_nationkey = n1.n_nationkey)
                                       ->  Seq Scan on supplier  (cost=0.00..965.00 rows=30000 width=8) (actual time=0.016..4.110 rows=30000 loops=3)
                                       ->  Hash  (cost=12.55..12.55 rows=2 width=108) (actual time=0.032..0.032 rows=2 loops=3)
                                             Buckets: 1024  Batches: 1  Memory Usage: 9kB
                                             ->  Seq Scan on nation n1  (cost=0.00..12.55 rows=2 width=108) (actual time=0.023..0.026 rows=2 loops=3)
                                                   Filter: ((n_name = 'FRANCE'::bpchar) OR (n_name = 'GERMANY'::bpchar))
                                                   Rows Removed by Filter: 23
 Planning Time: 1.131 ms
 Execution Time: 2425.636 ms
(48 rows)

execute /home/pei/benchmarks/tpch-postgre/dbgen/out/skinner_explained/8.sql_explained.sql
SET
                                                                                            QUERY PLAN                                                                                            
--------------------------------------------------------------------------------------------------------------------------------------------------------------------------------------------------
 Finalize GroupAggregate  (cost=580334.29..580365.27 rows=210 width=40) (actual time=3508.367..3508.373 rows=2 loops=1)
   Group Key: (date_part('year'::text, (orders.o_orderdate)::timestamp without time zone))
   ->  Gather Merge  (cost=580334.29..580358.34 rows=176 width=72) (actual time=3507.671..4016.050 rows=6 loops=1)
         Workers Planned: 2
         Workers Launched: 2
         ->  Partial GroupAggregate  (cost=579334.27..579338.01 rows=88 width=72) (actual time=3504.959..3505.624 rows=2 loops=3)
               Group Key: (date_part('year'::text, (orders.o_orderdate)::timestamp without time zone))
               ->  Sort  (cost=579334.27..579334.49 rows=88 width=124) (actual time=3504.290..3504.399 rows=2548 loops=3)
                     Sort Key: (date_part('year'::text, (orders.o_orderdate)::timestamp without time zone))
                     Sort Method: quicksort  Memory: 298kB
                     Worker 0:  Sort Method: quicksort  Memory: 298kB
                     Worker 1:  Sort Method: quicksort  Memory: 290kB
                     ->  Hash Join  (cost=138742.45..579331.42 rows=88 width=124) (actual time=2291.720..3503.303 rows=2548 loops=3)
                           Hash Cond: (supplier.s_nationkey = n2.n_nationkey)
                           ->  Hash Join  (cost=138728.63..579315.95 rows=88 width=20) (actual time=2291.648..3502.199 rows=2548 loops=3)
                                 Hash Cond: (lineitem.l_suppkey = supplier.s_suppkey)
                                 ->  Parallel Hash Join  (cost=137388.63..577974.75 rows=88 width=20) (actual time=2282.398..3491.341 rows=2548 loops=3)
                                       Hash Cond: (lineitem.l_partkey = part.p_partkey)
                                       ->  Parallel Hash Join  (cost=121953.84..562489.75 rows=13290 width=24) (actual time=2251.428..3412.040 rows=361590 loops=3)
                                             Hash Cond: (lineitem.l_orderkey = orders.o_orderkey)
                                             ->  Parallel Seq Scan on lineitem  (cost=0.00..412361.67 rows=7498367 width=24) (actual time=0.018..750.542 rows=5998870 loops=3)
                                             ->  Parallel Hash  (cost=121912.30..121912.30 rows=3323 width=8) (actual time=411.494..411.494 rows=90399 loops=3)
                                                   Buckets: 65536 (originally 8192)  Batches: 8 (originally 1)  Memory Usage: 1920kB
                                                   ->  Parallel Hash Join  (cost=13377.44..121912.30 rows=3323 width=8) (actual time=51.089..365.349 rows=90399 loops=3)
                                                         Hash Cond: (orders.o_custkey = customer.c_custkey)
                                                         ->  Parallel Seq Scan on orders  (cost=0.00..106402.49 rows=564940 width=12) (actual time=0.017..223.186 rows=455395 loops=3)
                                                               Filter: ((o_orderdate >= '1995-01-01'::date) AND (o_orderdate <= '1996-12-31'::date))
                                                               Rows Removed by Filter: 1044605
                                                         ->  Parallel Hash  (cost=13363.65..13363.65 rows=1103 width=4) (actual time=51.030..51.030 rows=29900 loops=3)
                                                               Buckets: 131072 (originally 4096)  Batches: 1 (originally 1)  Memory Usage: 5600kB
                                                               ->  Hash Join  (cost=24.50..13363.65 rows=1103 width=4) (actual time=0.073..37.218 rows=29900 loops=3)
                                                                     Hash Cond: (customer.c_nationkey = n1.n_nationkey)
                                                                     ->  Parallel Seq Scan on customer  (cost=0.00..12625.00 rows=187500 width=8) (actual time=0.016..21.181 rows=150000 loops=3)
                                                                     ->  Hash  (cost=24.48..24.48 rows=1 width=4) (actual time=0.040..0.040 rows=5 loops=3)
                                                                           Buckets: 1024  Batches: 1  Memory Usage: 9kB
                                                                           ->  Hash Join  (cost=12.14..24.48 rows=1 width=4) (actual time=0.031..0.036 rows=5 loops=3)
                                                                                 Hash Cond: (n1.n_regionkey = region.r_regionkey)
                                                                                 ->  Seq Scan on nation n1  (cost=0.00..11.70 rows=170 width=8) (actual time=0.005..0.007 rows=25 loops=3)
                                                                                 ->  Hash  (cost=12.12..12.12 rows=1 width=4) (actual time=0.009..0.010 rows=1 loops=3)
                                                                                       Buckets: 1024  Batches: 1  Memory Usage: 9kB
                                                                                       ->  Seq Scan on region  (cost=0.00..12.12 rows=1 width=4) (actual time=0.006..0.007 rows=1 loops=3)
                                                                                             Filter: (r_name = 'AMERICA'::bpchar)
                                                                                             Rows Removed by Filter: 4
                                       ->  Parallel Hash  (cost=15414.00..15414.00 rows=1663 width=4) (actual time=30.332..30.333 rows=1396 loops=3)
                                             Buckets: 4096  Batches: 1  Memory Usage: 224kB
                                             ->  Parallel Seq Scan on part  (cost=0.00..15414.00 rows=1663 width=4) (actual time=0.091..29.867 rows=1396 loops=3)
                                                   Filter: ((p_type)::text = 'ECONOMY ANODIZED STEEL'::text)
                                                   Rows Removed by Filter: 198604
                                 ->  Hash  (cost=965.00..965.00 rows=30000 width=8) (actual time=9.086..9.086 rows=30000 loops=3)
                                       Buckets: 32768  Batches: 1  Memory Usage: 1428kB
                                       ->  Seq Scan on supplier  (cost=0.00..965.00 rows=30000 width=8) (actual time=0.016..5.178 rows=30000 loops=3)
                           ->  Hash  (cost=11.70..11.70 rows=170 width=108) (actual time=0.033..0.033 rows=25 loops=3)
                                 Buckets: 1024  Batches: 1  Memory Usage: 10kB
                                 ->  Seq Scan on nation n2  (cost=0.00..11.70 rows=170 width=108) (actual time=0.021..0.023 rows=25 loops=3)
 Planning Time: 1.335 ms
 Execution Time: 4016.366 ms
(56 rows)

execute /home/pei/benchmarks/tpch-postgre/dbgen/out/skinner_explained/9.sql_explained.sql
SET
                                                                                           QUERY PLAN                                                                                            
-------------------------------------------------------------------------------------------------------------------------------------------------------------------------------------------------
 Finalize GroupAggregate  (cost=649909.42..649919.35 rows=73 width=144) (actual time=3706.678..4005.887 rows=175 loops=1)
   Group Key: nation.n_name, (date_part('year'::text, (orders.o_orderdate)::timestamp without time zone))
   ->  Gather Merge  (cost=649909.42..649917.47 rows=60 width=144) (actual time=3704.847..4189.980 rows=525 loops=1)
         Workers Planned: 2
         Workers Launched: 2
         ->  Partial GroupAggregate  (cost=648909.39..648910.52 rows=30 width=144) (actual time=3701.006..3997.311 rows=175 loops=3)
               Group Key: nation.n_name, (date_part('year'::text, (orders.o_orderdate)::timestamp without time zone))
               ->  Sort  (cost=648909.39..648909.47 rows=30 width=135) (actual time=3699.921..3770.854 rows=326640 loops=3)
                     Sort Key: nation.n_name, (date_part('year'::text, (orders.o_orderdate)::timestamp without time zone)) DESC
                     Sort Method: external merge  Disk: 24280kB
                     Worker 0:  Sort Method: external merge  Disk: 23888kB
                     Worker 1:  Sort Method: external merge  Disk: 24256kB
                     ->  Hash Join  (cost=544849.18..648908.66 rows=30 width=135) (actual time=2949.224..3399.862 rows=326640 loops=3)
                           Hash Cond: (supplier.s_nationkey = nation.n_nationkey)
                           ->  Parallel Hash Join  (cost=544835.36..648894.27 rows=30 width=31) (actual time=2949.153..3310.156 rows=326640 loops=3)
                                 Hash Cond: (orders.o_orderkey = lineitem.l_orderkey)
                                 ->  Parallel Seq Scan on orders  (cost=0.00..97027.66 rows=1874966 width=8) (actual time=0.027..185.077 rows=1500000 loops=3)
                                 ->  Parallel Hash  (cost=544834.98..544834.98 rows=30 width=31) (actual time=2474.561..2474.561 rows=326640 loops=3)
                                       Buckets: 65536 (originally 1024)  Batches: 32 (originally 1)  Memory Usage: 2720kB
                                       ->  Hash Join  (cost=463460.41..544834.98 rows=30 width=31) (actual time=2072.080..2323.316 rows=326640 loops=3)
                                             Hash Cond: (lineitem.l_suppkey = supplier.s_suppkey)
                                             ->  Parallel Hash Join  (cost=462120.41..543494.56 rows=31 width=35) (actual time=2062.863..2247.289 rows=326640 loops=3)
                                                   Hash Cond: ((partsupp.ps_suppkey = lineitem.l_suppkey) AND (partsupp.ps_partkey = lineitem.l_partkey))
                                                   ->  Parallel Seq Scan on partsupp  (cost=0.00..62328.30 rows=1000230 width=14) (actual time=0.099..126.275 rows=800000 loops=3)
                                                   ->  Parallel Hash  (cost=456936.03..456936.03 rows=227225 width=33) (actual time=1803.175..1803.175 rows=326640 loops=3)
                                                         Buckets: 65536 (originally 65536)  Batches: 32 (originally 16)  Memory Usage: 2816kB
                                                         ->  Parallel Hash Join  (cost=15508.70..456936.03 rows=227225 width=33) (actual time=49.200..1659.647 rows=326640 loops=3)
                                                               Hash Cond: (lineitem.l_partkey = part.p_partkey)
                                                               ->  Parallel Seq Scan on lineitem  (cost=0.00..412361.67 rows=7498367 width=29) (actual time=0.013..731.303 rows=5998870 loops=3)
                                                               ->  Parallel Hash  (cost=15414.00..15414.00 rows=7576 width=4) (actual time=49.106..49.107 rows=10887 loops=3)
                                                                     Buckets: 32768  Batches: 1  Memory Usage: 1600kB
                                                                     ->  Parallel Seq Scan on part  (cost=0.00..15414.00 rows=7576 width=4) (actual time=0.036..45.902 rows=10887 loops=3)
                                                                           Filter: ((p_name)::text ~~ '%green%'::text)
                                                                           Rows Removed by Filter: 189113
                                             ->  Hash  (cost=965.00..965.00 rows=30000 width=8) (actual time=9.060..9.061 rows=30000 loops=3)
                                                   Buckets: 32768  Batches: 1  Memory Usage: 1428kB
                                                   ->  Seq Scan on supplier  (cost=0.00..965.00 rows=30000 width=8) (actual time=0.015..5.179 rows=30000 loops=3)
                           ->  Hash  (cost=11.70..11.70 rows=170 width=108) (actual time=0.033..0.033 rows=25 loops=3)
                                 Buckets: 1024  Batches: 1  Memory Usage: 10kB
                                 ->  Seq Scan on nation  (cost=0.00..11.70 rows=170 width=108) (actual time=0.021..0.024 rows=25 loops=3)
 Planning Time: 1.454 ms
 Execution Time: 4194.583 ms
(42 rows)

execute /home/pei/benchmarks/tpch-postgre/dbgen/out/skinner_explained/1.sql_explained.sql
SET
                                                                       QUERY PLAN                                                                       
--------------------------------------------------------------------------------------------------------------------------------------------------------
 Finalize GroupAggregate  (cost=727749.01..727751.08 rows=6 width=236) (actual time=7940.905..7940.955 rows=4 loops=1)
   Group Key: l_returnflag, l_linestatus
   ->  Gather Merge  (cost=727749.01..727750.41 rows=12 width=236) (actual time=7940.856..7945.355 rows=12 loops=1)
         Workers Planned: 2
         Workers Launched: 2
         ->  Sort  (cost=726748.99..726749.00 rows=6 width=236) (actual time=7938.320..7938.321 rows=4 loops=3)
               Sort Key: l_returnflag, l_linestatus
               Sort Method: quicksort  Memory: 27kB
               Worker 0:  Sort Method: quicksort  Memory: 27kB
               Worker 1:  Sort Method: quicksort  Memory: 27kB
               ->  Partial HashAggregate  (cost=726748.74..726748.91 rows=6 width=236) (actual time=7938.280..7938.289 rows=4 loops=3)
                     Group Key: l_returnflag, l_linestatus
                     ->  Parallel Seq Scan on lineitem  (cost=0.00..431107.58 rows=7391029 width=25) (actual time=0.030..1200.373 rows=5914512 loops=3)
                           Filter: (l_shipdate <= '1998-09-02 00:00:00'::timestamp without time zone)
                           Rows Removed by Filter: 84357
 Planning Time: 0.486 ms
 Execution Time: 7945.589 ms
(17 rows)

execute /home/pei/benchmarks/tpch-postgre/dbgen/out/skinner_explained/10.sql_explained.sql
SET
                                                                                      QUERY PLAN                                                                                      
--------------------------------------------------------------------------------------------------------------------------------------------------------------------------------------
 Sort  (cost=640136.45..640565.89 rows=171775 width=280) (actual time=2235.508..2336.630 rows=114218 loops=1)
   Sort Key: (sum((lineitem.l_extendedprice * ('1'::numeric - lineitem.l_discount)))) DESC
   Sort Method: external merge  Disk: 21328kB
   ->  Finalize GroupAggregate  (cost=578134.48..602887.97 rows=171775 width=280) (actual time=1857.458..2121.342 rows=114218 loops=1)
         Group Key: customer.c_custkey, customer.c_name, customer.c_acctbal, customer.c_phone, nation.n_name, customer.c_address, customer.c_comment
         ->  Gather Merge  (cost=578134.48..597520.00 rows=143146 width=280) (actual time=1857.442..2029.858 rows=114218 loops=1)
               Workers Planned: 2
               Workers Launched: 2
               ->  Partial GroupAggregate  (cost=577134.46..579997.38 rows=71573 width=280) (actual time=1853.111..1975.845 rows=38073 loops=3)
                     Group Key: customer.c_custkey, customer.c_name, customer.c_acctbal, customer.c_phone, nation.n_name, customer.c_address, customer.c_comment
                     ->  Sort  (cost=577134.46..577313.39 rows=71573 width=260) (actual time=1853.089..1870.244 rows=114843 loops=3)
                           Sort Key: customer.c_custkey, customer.c_name, customer.c_acctbal, customer.c_phone, nation.n_name, customer.c_address, customer.c_comment
                           Sort Method: external merge  Disk: 22224kB
                           Worker 0:  Sort Method: external merge  Disk: 21928kB
                           Worker 1:  Sort Method: external merge  Disk: 21696kB
                           ->  Hash Join  (cost=546536.90..562553.62 rows=71573 width=260) (actual time=1623.821..1702.915 rows=114843 loops=3)
                                 Hash Cond: (customer.c_nationkey = nation.n_nationkey)
                                 ->  Parallel Hash Join  (cost=546523.07..561555.67 rows=71573 width=160) (actual time=1623.754..1682.516 rows=114843 loops=3)
                                       Hash Cond: (customer.c_custkey = orders.o_custkey)
                                       ->  Parallel Seq Scan on customer  (cost=0.00..12625.00 rows=187500 width=148) (actual time=0.094..22.433 rows=150000 loops=3)
                                       ->  Parallel Hash  (cost=545628.41..545628.41 rows=71573 width=16) (actual time=1564.915..1564.915 rows=114843 loops=3)
                                             Buckets: 65536 (originally 262144)  Batches: 8 (originally 1)  Memory Usage: 2816kB
                                             ->  Parallel Hash Join  (cost=107312.86..545628.41 rows=71573 width=16) (actual time=226.197..1519.499 rows=114843 loops=3)
                                                   Hash Cond: (lineitem.l_orderkey = orders.o_orderkey)
                                                   ->  Parallel Seq Scan on lineitem  (cost=0.00..431107.58 rows=1842599 width=16) (actual time=0.018..1061.924 rows=1481158 loops=3)
                                                         Filter: (l_returnflag = 'R'::bpchar)
                                                         Rows Removed by Filter: 4517712
                                                   ->  Parallel Hash  (cost=106402.49..106402.49 rows=72830 width=8) (actual time=225.616..225.617 rows=57338 loops=3)
                                                         Buckets: 262144  Batches: 1  Memory Usage: 8832kB
                                                         ->  Parallel Seq Scan on orders  (cost=0.00..106402.49 rows=72830 width=8) (actual time=0.027..208.184 rows=57338 loops=3)
                                                               Filter: ((o_orderdate >= '1993-10-01'::date) AND (o_orderdate < '1994-01-01 00:00:00'::timestamp without time zone))
                                                               Rows Removed by Filter: 1442662
                                 ->  Hash  (cost=11.70..11.70 rows=170 width=108) (actual time=0.033..0.033 rows=25 loops=3)
                                       Buckets: 1024  Batches: 1  Memory Usage: 10kB
                                       ->  Seq Scan on nation  (cost=0.00..11.70 rows=170 width=108) (actual time=0.021..0.024 rows=25 loops=3)
 Planning Time: 0.842 ms
 Execution Time: 2371.227 ms
(37 rows)

execute /home/pei/benchmarks/tpch-postgre/dbgen/out/skinner_explained/11.sql_explained.sql
SET
                                                                               QUERY PLAN                                                                               
------------------------------------------------------------------------------------------------------------------------------------------------------------------------
 Sort  (cost=139028.37..139040.00 rows=4650 width=36) (actual time=506.899..507.050 rows=2800 loops=1)
   Sort Key: (sum((partsupp.ps_supplycost * (partsupp.ps_availqty)::numeric))) DESC
   Sort Method: quicksort  Memory: 228kB
   InitPlan 1 (returns $1)
     ->  Finalize Aggregate  (cost=68274.54..68274.55 rows=1 width=32) (actual time=197.700..197.700 rows=1 loops=1)
           ->  Gather  (cost=68274.32..68274.53 rows=2 width=32) (actual time=197.592..197.773 rows=3 loops=1)
                 Workers Planned: 2
                 Workers Launched: 2
                 ->  Partial Aggregate  (cost=67274.32..67274.33 rows=1 width=32) (actual time=195.229..195.230 rows=1 loops=3)
                       ->  Hash Join  (cost=1093.60..67230.73 rows=5812 width=10) (actual time=6.794..186.138 rows=31893 loops=3)
                             Hash Cond: (partsupp_1.ps_suppkey = supplier_1.s_suppkey)
                             ->  Parallel Seq Scan on partsupp partsupp_1  (cost=0.00..62328.30 rows=1000230 width=14) (actual time=0.029..103.590 rows=800000 loops=3)
                             ->  Hash  (cost=1091.40..1091.40 rows=176 width=4) (actual time=6.656..6.656 rows=1196 loops=3)
                                   Buckets: 2048 (originally 1024)  Batches: 1 (originally 1)  Memory Usage: 59kB
                                   ->  Hash Join  (cost=12.14..1091.40 rows=176 width=4) (actual time=0.059..6.471 rows=1196 loops=3)
                                         Hash Cond: (supplier_1.s_nationkey = nation_1.n_nationkey)
                                         ->  Seq Scan on supplier supplier_1  (cost=0.00..965.00 rows=30000 width=8) (actual time=0.014..3.749 rows=30000 loops=3)
                                         ->  Hash  (cost=12.12..12.12 rows=1 width=4) (actual time=0.026..0.026 rows=1 loops=3)
                                               Buckets: 1024  Batches: 1  Memory Usage: 9kB
                                               ->  Seq Scan on nation nation_1  (cost=0.00..12.12 rows=1 width=4) (actual time=0.018..0.021 rows=1 loops=3)
                                                     Filter: (n_name = 'GERMANY'::bpchar)
                                                     Rows Removed by Filter: 24
   ->  Finalize GroupAggregate  (cost=68594.14..70470.56 rows=4650 width=36) (actual time=394.739..505.588 rows=2800 loops=1)
         Group Key: partsupp.ps_partkey
         Filter: (sum((partsupp.ps_supplycost * (partsupp.ps_availqty)::numeric)) > $1)
         Rows Removed by Filter: 87241
         ->  Gather Merge  (cost=68594.14..70081.14 rows=11624 width=36) (actual time=196.961..240.449 rows=90235 loops=1)
               Workers Planned: 2
               Workers Launched: 2
               ->  Partial GroupAggregate  (cost=67594.12..67739.42 rows=5812 width=36) (actual time=194.550..222.926 rows=30078 loops=3)
                     Group Key: partsupp.ps_partkey
                     ->  Sort  (cost=67594.12..67608.65 rows=5812 width=14) (actual time=194.532..196.015 rows=31893 loops=3)
                           Sort Key: partsupp.ps_partkey
                           Sort Method: quicksort  Memory: 2286kB
                           Worker 0:  Sort Method: quicksort  Memory: 2209kB
                           Worker 1:  Sort Method: quicksort  Memory: 2295kB
                           ->  Hash Join  (cost=1093.60..67230.73 rows=5812 width=14) (actual time=7.290..186.405 rows=31893 loops=3)
                                 Hash Cond: (partsupp.ps_suppkey = supplier.s_suppkey)
                                 ->  Parallel Seq Scan on partsupp  (cost=0.00..62328.30 rows=1000230 width=18) (actual time=0.118..103.003 rows=800000 loops=3)
                                 ->  Hash  (cost=1091.40..1091.40 rows=176 width=4) (actual time=7.129..7.129 rows=1196 loops=3)
                                       Buckets: 2048 (originally 1024)  Batches: 1 (originally 1)  Memory Usage: 59kB
                                       ->  Hash Join  (cost=12.14..1091.40 rows=176 width=4) (actual time=0.058..6.943 rows=1196 loops=3)
                                             Hash Cond: (supplier.s_nationkey = nation.n_nationkey)
                                             ->  Seq Scan on supplier  (cost=0.00..965.00 rows=30000 width=8) (actual time=0.013..4.094 rows=30000 loops=3)
                                             ->  Hash  (cost=12.12..12.12 rows=1 width=4) (actual time=0.025..0.025 rows=1 loops=3)
                                                   Buckets: 1024  Batches: 1  Memory Usage: 9kB
                                                   ->  Seq Scan on nation  (cost=0.00..12.12 rows=1 width=4) (actual time=0.018..0.020 rows=1 loops=3)
                                                         Filter: (n_name = 'GERMANY'::bpchar)
                                                         Rows Removed by Filter: 24
 Planning Time: 0.564 ms
 Execution Time: 507.656 ms
(51 rows)

execute /home/pei/benchmarks/tpch-postgre/dbgen/out/skinner_explained/12.sql_explained.sql
SET
                                                                                                                                  QUERY PLAN                                                                                                                                  
------------------------------------------------------------------------------------------------------------------------------------------------------------------------------------------------------------------------------------------------------------------------------
 Finalize GroupAggregate  (cost=652946.17..653669.71 rows=7 width=27) (actual time=2254.122..2254.125 rows=2 loops=1)
   Group Key: lineitem.l_shipmode
   ->  Gather Merge  (cost=652946.17..653669.53 rows=14 width=27) (actual time=2249.651..2306.405 rows=6 loops=1)
         Workers Planned: 2
         Workers Launched: 2
         ->  Partial GroupAggregate  (cost=651946.14..652667.89 rows=7 width=27) (actual time=2247.274..2251.656 rows=2 loops=3)
               Group Key: lineitem.l_shipmode
               ->  Sort  (cost=651946.14..652036.35 rows=36084 width=27) (actual time=2242.898..2244.257 rows=31048 loops=3)
                     Sort Key: lineitem.l_shipmode
                     Sort Method: quicksort  Memory: 3212kB
                     Worker 0:  Sort Method: quicksort  Memory: 3218kB
                     Worker 1:  Sort Method: quicksort  Memory: 3153kB
                     ->  Parallel Hash Join  (cost=131451.73..649214.75 rows=36084 width=27) (actual time=2106.517..2235.522 rows=31048 loops=3)
                           Hash Cond: (lineitem.l_orderkey = orders.o_orderkey)
                           ->  Parallel Seq Scan on lineitem  (cost=0.00..506091.25 rows=36084 width=15) (actual time=0.141..1587.248 rows=31048 loops=3)
                                 Filter: ((l_shipmode = ANY ('{MAIL,SHIP}'::bpchar[])) AND (l_commitdate < l_receiptdate) AND (l_shipdate < l_commitdate) AND (l_receiptdate >= '1994-01-01'::date) AND (l_receiptdate < '1995-01-01 00:00:00'::timestamp without time zone))
                                 Rows Removed by Filter: 5967822
                           ->  Parallel Hash  (cost=97027.66..97027.66 rows=1874966 width=20) (actual time=498.832..498.832 rows=1500000 loops=3)
                                 Buckets: 65536  Batches: 128  Memory Usage: 2496kB
                                 ->  Parallel Seq Scan on orders  (cost=0.00..97027.66 rows=1874966 width=20) (actual time=0.026..230.243 rows=1500000 loops=3)
 Planning Time: 0.422 ms
 Execution Time: 2306.744 ms
(22 rows)

execute /home/pei/benchmarks/tpch-postgre/dbgen/out/skinner_explained/14.sql_explained.sql
SET
                                                                     QUERY PLAN                                                                      
-----------------------------------------------------------------------------------------------------------------------------------------------------
 Finalize Aggregate  (cost=475439.00..475439.01 rows=1 width=32) (actual time=1174.495..1174.495 rows=1 loops=1)
   ->  Gather  (cost=475438.76..475438.97 rows=2 width=64) (actual time=1173.750..1186.058 rows=3 loops=1)
         Workers Planned: 2
         Workers Launched: 2
         ->  Partial Aggregate  (cost=474438.76..474438.77 rows=1 width=64) (actual time=1171.268..1171.268 rows=1 loops=3)
               ->  Parallel Hash Join  (cost=19623.00..472821.23 rows=92430 width=33) (actual time=1092.800..1138.763 rows=74879 loops=3)
                     Hash Cond: (lineitem.l_partkey = part.p_partkey)
                     ->  Parallel Seq Scan on lineitem  (cost=0.00..449853.50 rows=92430 width=16) (actual time=0.032..991.650 rows=74879 loops=3)
                           Filter: ((l_shipdate >= '1995-09-01'::date) AND (l_shipdate < '1995-10-01 00:00:00'::timestamp without time zone))
                           Rows Removed by Filter: 5923991
                     ->  Parallel Hash  (cost=14789.00..14789.00 rows=250000 width=25) (actual time=76.063..76.064 rows=200000 loops=3)
                           Buckets: 65536  Batches: 16  Memory Usage: 2816kB
                           ->  Parallel Seq Scan on part  (cost=0.00..14789.00 rows=250000 width=25) (actual time=0.026..32.556 rows=200000 loops=3)
 Planning Time: 0.418 ms
 Execution Time: 1186.209 ms
(15 rows)

execute /home/pei/benchmarks/tpch-postgre/dbgen/out/skinner_explained/16.sql_explained.sql
SET
                                                                                         QUERY PLAN                                                                                          
---------------------------------------------------------------------------------------------------------------------------------------------------------------------------------------------
 Sort  (cost=132502.10..132621.76 rows=47864 width=44) (actual time=1205.849..1207.353 rows=26798 loops=1)
   Sort Key: (count(DISTINCT partsupp.ps_suppkey)) DESC, part.p_brand, part.p_type, part.p_size
   Sort Method: quicksort  Memory: 2885kB
   ->  GroupAggregate  (cost=126086.82..128781.48 rows=47864 width=44) (actual time=913.491..1163.781 rows=26798 loops=1)
         Group Key: part.p_brand, part.p_type, part.p_size
         ->  Sort  (cost=126086.82..126530.03 rows=177281 width=40) (actual time=913.456..1059.623 rows=355733 loops=1)
               Sort Key: part.p_brand, part.p_type, part.p_size
               Sort Method: external merge  Disk: 18168kB
               ->  Gather  (cost=21040.57..105780.75 rows=177281 width=40) (actual time=81.332..389.893 rows=355733 loops=1)
                     Workers Planned: 2
                     Workers Launched: 2
                     ->  Parallel Hash Join  (cost=20040.57..87052.65 rows=73867 width=40) (actual time=78.992..356.418 rows=118578 loops=3)
                           Hash Cond: (partsupp.ps_partkey = part.p_partkey)
                           ->  Parallel Seq Scan on partsupp  (cost=1040.01..65868.88 rows=500115 width=8) (actual time=10.823..188.075 rows=799600 loops=3)
                                 Filter: (NOT (hashed SubPlan 1))
                                 Rows Removed by Filter: 400
                                 SubPlan 1
                                   ->  Seq Scan on supplier  (cost=0.00..1040.00 rows=3 width=4) (actual time=0.149..10.782 rows=15 loops=3)
                                         Filter: ((s_comment)::text ~~ '%Customer%Complaints%'::text)
                                         Rows Removed by Filter: 29985
                           ->  Parallel Hash  (cost=18539.00..18539.00 rows=36925 width=40) (actual time=67.635..67.635 rows=29658 loops=3)
                                 Buckets: 131072  Batches: 1  Memory Usage: 7680kB
                                 ->  Parallel Seq Scan on part  (cost=0.00..18539.00 rows=36925 width=40) (actual time=0.035..54.286 rows=29658 loops=3)
                                       Filter: ((p_brand <> 'Brand#45'::bpchar) AND ((p_type)::text !~~ 'MEDIUM POLISHED%'::text) AND (p_size = ANY ('{49,14,23,45,19,3,36,9}'::integer[])))
                                       Rows Removed by Filter: 170342
 Planning Time: 0.733 ms
 Execution Time: 1212.578 ms
(27 rows)

execute /home/pei/benchmarks/tpch-postgre/dbgen/out/skinner_explained/17.sql_explained.sql
SET
psql:/home/pei/benchmarks/tpch-postgre/dbgen/out/skinner_explained/17.sql_explained.sql:25: ERROR:  canceling statement due to statement timeout
execute /home/pei/benchmarks/tpch-postgre/dbgen/out/skinner_explained/18.sql_explained.sql
SET
                                                                                                QUERY PLAN                                                                                                 
-----------------------------------------------------------------------------------------------------------------------------------------------------------------------------------------------------------
 GroupAggregate  (cost=2755537.93..2771989.78 rows=548395 width=71) (actual time=17534.711..17535.313 rows=179 loops=1)
   Group Key: orders.o_totalprice, orders.o_orderdate, customer.c_name, customer.c_custkey, orders.o_orderkey
   ->  Sort  (cost=2755537.93..2756908.92 rows=548395 width=44) (actual time=17534.692..17534.745 rows=1253 loops=1)
         Sort Key: orders.o_totalprice DESC, orders.o_orderdate, customer.c_name, customer.c_custkey, orders.o_orderkey
         Sort Method: quicksort  Memory: 146kB
         ->  Hash Join  (cost=1919134.52..2686392.57 rows=548395 width=44) (actual time=11636.830..17533.422 rows=1253 loops=1)
               Hash Cond: (lineitem.l_orderkey = orders.o_orderkey)
               ->  Seq Scan on lineitem  (cost=0.00..517338.80 rows=17996080 width=9) (actual time=0.019..2309.959 rows=17996609 loops=1)
               ->  Hash  (cost=1916214.45..1916214.45 rows=137126 width=43) (actual time=11617.271..11617.272 rows=179 loops=1)
                     Buckets: 65536  Batches: 4  Memory Usage: 516kB
                     ->  Hash Join  (cost=1721724.49..1916214.45 rows=137126 width=43) (actual time=10001.242..11617.140 rows=179 loops=1)
                           Hash Cond: (orders.o_custkey = customer.c_custkey)
                           ->  Hash Join  (cost=1698212.49..1886571.97 rows=137126 width=24) (actual time=9794.991..11433.534 rows=179 loops=1)
                                 Hash Cond: (orders.o_orderkey = lineitem_1.l_orderkey)
                                 ->  Seq Scan on orders  (cost=0.00..123277.18 rows=4499918 width=20) (actual time=0.015..607.751 rows=4500000 loops=1)
                                 ->  Hash  (cost=1695962.42..1695962.42 rows=137126 width=4) (actual time=9792.415..9792.415 rows=179 loops=1)
                                       Buckets: 131072  Batches: 2  Memory Usage: 1027kB
                                       ->  Finalize GroupAggregate  (cost=1525903.65..1694591.16 rows=137126 width=4) (actual time=3437.361..9792.287 rows=179 loops=1)
                                             Group Key: lineitem_1.l_orderkey
                                             Filter: (sum(lineitem_1.l_quantity) > '300'::numeric)
                                             Rows Removed by Filter: 4499821
                                             ->  Gather Merge  (cost=1525903.65..1682249.85 rows=822754 width=36) (actual time=3434.900..6691.396 rows=4710878 loops=1)
                                                   Workers Planned: 2
                                                   Workers Launched: 2
                                                   ->  Partial GroupAggregate  (cost=1524903.63..1586283.60 rows=411377 width=36) (actual time=3404.583..5653.777 rows=1570293 loops=3)
                                                         Group Key: lineitem_1.l_orderkey
                                                         ->  Sort  (cost=1524903.63..1543649.55 rows=7498367 width=9) (actual time=3404.560..3963.358 rows=5998870 loops=3)
                                                               Sort Key: lineitem_1.l_orderkey
                                                               Sort Method: external merge  Disk: 113344kB
                                                               Worker 0:  Sort Method: external merge  Disk: 108848kB
                                                               Worker 1:  Sort Method: external merge  Disk: 112656kB
                                                               ->  Parallel Seq Scan on lineitem lineitem_1  (cost=0.00..412361.67 rows=7498367 width=9) (actual time=0.024..869.878 rows=5998870 loops=3)
                           ->  Hash  (cost=15250.00..15250.00 rows=450000 width=23) (actual time=158.892..158.892 rows=450000 loops=1)
                                 Buckets: 65536  Batches: 8  Memory Usage: 3597kB
                                 ->  Seq Scan on customer  (cost=0.00..15250.00 rows=450000 width=23) (actual time=0.014..62.860 rows=450000 loops=1)
 Planning Time: 0.692 ms
 Execution Time: 17554.857 ms
(37 rows)

execute /home/pei/benchmarks/tpch-postgre/dbgen/out/skinner_explained/19.sql_explained.sql
SET
                                                                                                                                                                                                                                                                                                                                                                           QUERY PLAN                                                                                                                                                                                                                                                                                                                                                                           
----------------------------------------------------------------------------------------------------------------------------------------------------------------------------------------------------------------------------------------------------------------------------------------------------------------------------------------------------------------------------------------------------------------------------------------------------------------------------------------------------------------------------------------------------------------------------------------------------------------------------------------------------------------------------------------------------------------------------------------------------------------
 Finalize Aggregate  (cost=586793.64..586793.65 rows=1 width=32) (actual time=1687.889..1687.889 rows=1 loops=1)
   ->  Gather  (cost=586793.42..586793.63 rows=2 width=32) (actual time=1687.744..1692.262 rows=3 loops=1)
         Workers Planned: 2
         Workers Launched: 2
         ->  Partial Aggregate  (cost=585793.42..585793.43 rows=1 width=32) (actual time=1685.337..1685.337 rows=1 loops=3)
               ->  Parallel Hash Join  (cost=22921.53..585792.34 rows=143 width=12) (actual time=56.789..1685.218 rows=121 loops=3)
                     Hash Cond: (lineitem.l_partkey = part.p_partkey)
                     Join Filter: (((part.p_brand = 'Brand#12'::bpchar) AND (part.p_container = ANY ('{"SM CASE","SM BOX","SM PACK","SM PKG"}'::bpchar[])) AND (lineitem.l_quantity >= '1'::numeric) AND (lineitem.l_quantity <= '11'::numeric) AND (part.p_size <= 5)) OR ((part.p_brand = 'Brand#23'::bpchar) AND (part.p_container = ANY ('{"MED BAG","MED BOX","MED PKG","MED PACK"}'::bpchar[])) AND (lineitem.l_quantity >= '10'::numeric) AND (lineitem.l_quantity <= '20'::numeric) AND (part.p_size <= 10)) OR ((part.p_brand = 'Brand#34'::bpchar) AND (part.p_container = ANY ('{"LG CASE","LG BOX","LG PACK","LG PKG"}'::bpchar[])) AND (lineitem.l_quantity >= '20'::numeric) AND (lineitem.l_quantity <= '30'::numeric) AND (part.p_size <= 15)))
                     Rows Removed by Join Filter: 188
                     ->  Parallel Seq Scan on lineitem  (cost=0.00..562329.00 rows=142388 width=21) (actual time=0.031..1614.437 rows=128767 loops=3)
                           Filter: ((l_shipmode = ANY ('{AIR,"AIR REG"}'::bpchar[])) AND (l_shipinstruct = 'DELIVER IN PERSON'::bpchar) AND (((l_quantity >= '1'::numeric) AND (l_quantity <= '11'::numeric)) OR ((l_quantity >= '10'::numeric) AND (l_quantity <= '20'::numeric)) OR ((l_quantity >= '20'::numeric) AND (l_quantity <= '30'::numeric))))
                           Rows Removed by Filter: 5870103
                     ->  Parallel Hash  (cost=22914.00..22914.00 rows=602 width=30) (actual time=51.961..51.961 rows=489 loops=3)
                           Buckets: 2048  Batches: 1  Memory Usage: 112kB
                           ->  Parallel Seq Scan on part  (cost=0.00..22914.00 rows=602 width=30) (actual time=0.316..51.681 rows=489 loops=3)
                                 Filter: ((p_size >= 1) AND (((p_brand = 'Brand#12'::bpchar) AND (p_container = ANY ('{"SM CASE","SM BOX","SM PACK","SM PKG"}'::bpchar[])) AND (p_size <= 5)) OR ((p_brand = 'Brand#23'::bpchar) AND (p_container = ANY ('{"MED BAG","MED BOX","MED PKG","MED PACK"}'::bpchar[])) AND (p_size <= 10)) OR ((p_brand = 'Brand#34'::bpchar) AND (p_container = ANY ('{"LG CASE","LG BOX","LG PACK","LG PKG"}'::bpchar[])) AND (p_size <= 15))))
                                 Rows Removed by Filter: 199511
 Planning Time: 0.658 ms
 Execution Time: 1692.386 ms
(19 rows)

execute /home/pei/benchmarks/tpch-postgre/dbgen/out/skinner_explained/2.sql_explained.sql
SET
psql:/home/pei/benchmarks/tpch-postgre/dbgen/out/skinner_explained/2.sql_explained.sql:51: ERROR:  canceling statement due to statement timeout
execute /home/pei/benchmarks/tpch-postgre/dbgen/out/skinner_explained/20.sql_explained.sql
SET
psql:/home/pei/benchmarks/tpch-postgre/dbgen/out/skinner_explained/20.sql_explained.sql:45: ERROR:  canceling statement due to statement timeout
execute /home/pei/benchmarks/tpch-postgre/dbgen/out/skinner_explained/21.sql_explained.sql
SET
psql:/home/pei/benchmarks/tpch-postgre/dbgen/out/skinner_explained/21.sql_explained.sql:47: ERROR:  canceling statement due to statement timeout
execute /home/pei/benchmarks/tpch-postgre/dbgen/out/skinner_explained/3.sql_explained.sql
SET
                                                                                  QUERY PLAN                                                                                  
------------------------------------------------------------------------------------------------------------------------------------------------------------------------------
 Sort  (cost=946756.28..949214.68 rows=983362 width=44) (actual time=2583.061..2586.399 rows=34207 loops=1)
   Sort Key: (sum((lineitem.l_extendedprice * ('1'::numeric - lineitem.l_discount)))) DESC, orders.o_orderdate
   Sort Method: quicksort  Memory: 3618kB
   ->  Finalize GroupAggregate  (cost=658960.22..788374.56 rows=983362 width=44) (actual time=2509.027..2564.674 rows=34207 loops=1)
         Group Key: lineitem.l_orderkey, orders.o_orderdate, orders.o_shippriority
         ->  Gather Merge  (cost=658960.22..765839.18 rows=819468 width=44) (actual time=2509.017..2611.402 rows=34416 loops=1)
               Workers Planned: 2
               Workers Launched: 2
               ->  Partial GroupAggregate  (cost=657960.20..670252.22 rows=409734 width=44) (actual time=2506.602..2529.060 rows=11472 loops=3)
                     Group Key: lineitem.l_orderkey, orders.o_orderdate, orders.o_shippriority
                     ->  Sort  (cost=657960.20..658984.53 rows=409734 width=24) (actual time=2506.580..2507.935 rows=30009 loops=3)
                           Sort Key: lineitem.l_orderkey, orders.o_orderdate, orders.o_shippriority
                           Sort Method: quicksort  Memory: 3114kB
                           Worker 0:  Sort Method: quicksort  Memory: 3092kB
                           Worker 1:  Sort Method: quicksort  Memory: 3133kB
                           ->  Parallel Hash Join  (cost=122810.80..611360.62 rows=409734 width=24) (actual time=2192.699..2494.181 rows=30009 loops=3)
                                 Hash Cond: (lineitem.l_orderkey = orders.o_orderkey)
                                 ->  Parallel Seq Scan on lineitem  (cost=0.00..431107.58 rows=4055202 width=16) (actual time=0.020..1099.905 rows=3233939 loops=3)
                                       Filter: (l_shipdate > '1995-03-15'::date)
                                       Rows Removed by Filter: 2764930
                                 ->  Parallel Hash  (cost=119516.74..119516.74 rows=189445 width=12) (actual time=420.160..420.160 rows=146891 loops=3)
                                       Buckets: 131072  Batches: 8  Memory Usage: 3680kB
                                       ->  Parallel Hash Join  (cost=13578.67..119516.74 rows=189445 width=12) (actual time=37.196..391.278 rows=146891 loops=3)
                                             Hash Cond: (orders.o_custkey = customer.c_custkey)
                                             ->  Parallel Seq Scan on orders  (cost=0.00..101715.07 rows=915635 width=16) (actual time=0.020..217.129 rows=728721 loops=3)
                                                   Filter: (o_orderdate < '1995-03-15'::date)
                                                   Rows Removed by Filter: 771279
                                             ->  Parallel Hash  (cost=13093.75..13093.75 rows=38794 width=4) (actual time=36.904..36.904 rows=30119 loops=3)
                                                   Buckets: 131072  Batches: 1  Memory Usage: 4640kB
                                                   ->  Parallel Seq Scan on customer  (cost=0.00..13093.75 rows=38794 width=4) (actual time=0.031..28.496 rows=30119 loops=3)
                                                         Filter: (c_mktsegment = 'BUILDING'::bpchar)
                                                         Rows Removed by Filter: 119881
 Planning Time: 0.594 ms
 Execution Time: 2661.449 ms
(34 rows)

execute /home/pei/benchmarks/tpch-postgre/dbgen/out/skinner_explained/4.sql_explained.sql
SET
                                                                            QUERY PLAN                                                                             
-------------------------------------------------------------------------------------------------------------------------------------------------------------------
 Finalize GroupAggregate  (cost=590820.64..590871.54 rows=5 width=24) (actual time=2196.408..2201.629 rows=5 loops=1)
   Group Key: orders.o_orderpriority
   ->  Gather Merge  (cost=590820.64..590871.44 rows=10 width=24) (actual time=2194.901..2281.556 rows=15 loops=1)
         Workers Planned: 2
         Workers Launched: 2
         ->  Partial GroupAggregate  (cost=589820.61..589870.26 rows=5 width=24) (actual time=2192.225..2198.214 rows=5 loops=3)
               Group Key: orders.o_orderpriority
               ->  Sort  (cost=589820.61..589837.14 rows=6613 width=16) (actual time=2190.697..2193.130 rows=52805 loops=3)
                     Sort Key: orders.o_orderpriority
                     Sort Method: quicksort  Memory: 3827kB
                     Worker 0:  Sort Method: quicksort  Memory: 3858kB
                     Worker 1:  Sort Method: quicksort  Memory: 3838kB
                     ->  Parallel Hash Semi Join  (cost=472114.77..589400.98 rows=6613 width=16) (actual time=1916.766..2178.370 rows=52805 loops=3)
                           Hash Cond: (orders.o_orderkey = lineitem.l_orderkey)
                           ->  Parallel Seq Scan on orders  (cost=0.00..106402.49 rows=72338 width=20) (actual time=0.299..209.172 rows=57571 loops=3)
                                 Filter: ((o_orderdate >= '1993-07-01'::date) AND (o_orderdate < '1993-10-01 00:00:00'::timestamp without time zone))
                                 Rows Removed by Filter: 1442429
                           ->  Parallel Hash  (cost=431107.58..431107.58 rows=2499455 width=4) (actual time=1680.291..1680.291 rows=3792542 loops=3)
                                 Buckets: 131072  Batches: 128  Memory Usage: 4608kB
                                 ->  Parallel Seq Scan on lineitem  (cost=0.00..431107.58 rows=2499455 width=4) (actual time=0.027..1181.980 rows=3792542 loops=3)
                                       Filter: (l_commitdate < l_receiptdate)
                                       Rows Removed by Filter: 2206328
 Planning Time: 0.420 ms
 Execution Time: 2281.961 ms
(24 rows)

execute /home/pei/benchmarks/tpch-postgre/dbgen/out/skinner_explained/5.sql_explained.sql
SET
                                                                                         QUERY PLAN                                                                                         
--------------------------------------------------------------------------------------------------------------------------------------------------------------------------------------------
 Sort  (cost=563930.40..563930.83 rows=170 width=136) (actual time=1806.518..1806.518 rows=5 loops=1)
   Sort Key: (sum((lineitem.l_extendedprice * ('1'::numeric - lineitem.l_discount)))) DESC
   Sort Method: quicksort  Memory: 25kB
   ->  Finalize GroupAggregate  (cost=563874.71..563924.11 rows=170 width=136) (actual time=1804.209..1806.500 rows=5 loops=1)
         Group Key: nation.n_name
         ->  Gather Merge  (cost=563874.71..563919.43 rows=340 width=136) (actual time=1803.526..1812.302 rows=15 loops=1)
               Workers Planned: 2
               Workers Launched: 2
               ->  Partial GroupAggregate  (cost=562874.69..562880.16 rows=170 width=136) (actual time=1800.716..1803.393 rows=5 loops=3)
                     Group Key: nation.n_name
                     ->  Sort  (cost=562874.69..562875.36 rows=268 width=116) (actual time=1800.015..1800.345 rows=7343 loops=3)
                           Sort Key: nation.n_name
                           Sort Method: quicksort  Memory: 774kB
                           Worker 0:  Sort Method: quicksort  Memory: 749kB
                           Worker 1:  Sort Method: quicksort  Memory: 775kB
                           ->  Hash Join  (cost=122301.72..562863.88 rows=268 width=116) (actual time=366.097..1795.676 rows=7343 loops=3)
                                 Hash Cond: ((lineitem.l_suppkey = supplier.s_suppkey) AND (customer.c_nationkey = supplier.s_nationkey))
                                 ->  Parallel Hash Join  (cost=120886.72..561395.45 rows=6766 width=128) (actual time=356.453..1742.216 rows=183378 loops=3)
                                       Hash Cond: (lineitem.l_orderkey = orders.o_orderkey)
                                       ->  Parallel Seq Scan on lineitem  (cost=0.00..412361.67 rows=7498367 width=20) (actual time=0.026..727.799 rows=5998870 loops=3)
                                       ->  Parallel Hash  (cost=120865.57..120865.57 rows=1692 width=116) (actual time=356.264..356.264 rows=45716 loops=3)
                                             Buckets: 262144 (originally 4096)  Batches: 1 (originally 1)  Memory Usage: 13760kB
                                             ->  Parallel Hash Join  (cost=13377.44..120865.57 rows=1692 width=116) (actual time=53.052..326.508 rows=45716 loops=3)
                                                   Hash Cond: (orders.o_custkey = customer.c_custkey)
                                                   ->  Parallel Seq Scan on orders  (cost=0.00..106402.49 rows=287625 width=8) (actual time=0.024..217.840 rows=227810 loops=3)
                                                         Filter: ((o_orderdate >= '1994-01-01'::date) AND (o_orderdate < '1995-01-01 00:00:00'::timestamp without time zone))
                                                         Rows Removed by Filter: 1272190
                                                   ->  Parallel Hash  (cost=13363.65..13363.65 rows=1103 width=116) (actual time=52.991..52.991 rows=30145 loops=3)
                                                         Buckets: 131072 (originally 4096)  Batches: 1 (originally 1)  Memory Usage: 8416kB
                                                         ->  Hash Join  (cost=24.50..13363.65 rows=1103 width=116) (actual time=0.095..37.812 rows=30145 loops=3)
                                                               Hash Cond: (customer.c_nationkey = nation.n_nationkey)
                                                               ->  Parallel Seq Scan on customer  (cost=0.00..12625.00 rows=187500 width=8) (actual time=0.030..21.160 rows=150000 loops=3)
                                                               ->  Hash  (cost=24.48..24.48 rows=1 width=108) (actual time=0.050..0.050 rows=5 loops=3)
                                                                     Buckets: 1024  Batches: 1  Memory Usage: 9kB
                                                                     ->  Hash Join  (cost=12.14..24.48 rows=1 width=108) (actual time=0.040..0.045 rows=5 loops=3)
                                                                           Hash Cond: (nation.n_regionkey = region.r_regionkey)
                                                                           ->  Seq Scan on nation  (cost=0.00..11.70 rows=170 width=112) (actual time=0.009..0.011 rows=25 loops=3)
                                                                           ->  Hash  (cost=12.12..12.12 rows=1 width=4) (actual time=0.015..0.015 rows=1 loops=3)
                                                                                 Buckets: 1024  Batches: 1  Memory Usage: 9kB
                                                                                 ->  Seq Scan on region  (cost=0.00..12.12 rows=1 width=4) (actual time=0.012..0.013 rows=1 loops=3)
                                                                                       Filter: (r_name = 'ASIA'::bpchar)
                                                                                       Rows Removed by Filter: 4
                                 ->  Hash  (cost=965.00..965.00 rows=30000 width=8) (actual time=9.262..9.262 rows=30000 loops=3)
                                       Buckets: 32768  Batches: 1  Memory Usage: 1428kB
                                       ->  Seq Scan on supplier  (cost=0.00..965.00 rows=30000 width=8) (actual time=0.019..5.176 rows=30000 loops=3)
 Planning Time: 1.265 ms
 Execution Time: 1812.597 ms
(47 rows)

execute /home/pei/benchmarks/tpch-postgre/dbgen/out/skinner_explained/6.sql_explained.sql
SET
                                                                                                        QUERY PLAN                                                                                                         
---------------------------------------------------------------------------------------------------------------------------------------------------------------------------------------------------------------------------
 Finalize Aggregate  (cost=507814.90..507814.91 rows=1 width=32) (actual time=1155.469..1155.469 rows=1 loops=1)
   ->  Gather  (cost=507814.68..507814.89 rows=2 width=32) (actual time=1155.387..1159.793 rows=3 loops=1)
         Workers Planned: 2
         Workers Launched: 2
         ->  Partial Aggregate  (cost=506814.68..506814.69 rows=1 width=32) (actual time=1153.204..1153.204 rows=1 loops=3)
               ->  Parallel Seq Scan on lineitem  (cost=0.00..506091.25 rows=144685 width=12) (actual time=0.147..1117.844 rows=114155 loops=3)
                     Filter: ((l_shipdate >= '1994-01-01'::date) AND (l_shipdate < '1995-01-01 00:00:00'::timestamp without time zone) AND (l_discount >= 0.05) AND (l_discount <= 0.07) AND (l_quantity < '24'::numeric))
                     Rows Removed by Filter: 5884715
 Planning Time: 0.282 ms
 Execution Time: 1159.878 ms
(10 rows)

execute /home/pei/benchmarks/tpch-postgre/dbgen/out/skinner_explained/7.sql_explained.sql
SET
                                                                                      QUERY PLAN                                                                                       
---------------------------------------------------------------------------------------------------------------------------------------------------------------------------------------
 Finalize GroupAggregate  (cost=578493.76..578545.70 rows=375 width=248) (actual time=2280.513..2282.883 rows=4 loops=1)
   Group Key: n1.n_name, n2.n_name, (date_part('year'::text, (lineitem.l_shipdate)::timestamp without time zone))
   ->  Gather Merge  (cost=578493.76..578535.24 rows=312 width=248) (actual time=2279.729..2433.969 rows=12 loops=1)
         Workers Planned: 2
         Workers Launched: 2
         ->  Partial GroupAggregate  (cost=577493.74..577499.20 rows=156 width=248) (actual time=2277.089..2279.395 rows=4 loops=3)
               Group Key: n1.n_name, n2.n_name, (date_part('year'::text, (lineitem.l_shipdate)::timestamp without time zone))
               ->  Sort  (cost=577493.74..577494.13 rows=156 width=228) (actual time=2276.340..2276.609 rows=5777 loops=3)
                     Sort Key: n1.n_name, n2.n_name, (date_part('year'::text, (lineitem.l_shipdate)::timestamp without time zone))
                     Sort Method: quicksort  Memory: 1025kB
                     Worker 0:  Sort Method: quicksort  Memory: 981kB
                     Worker 1:  Sort Method: quicksort  Memory: 1009kB
                     ->  Hash Join  (cost=118914.77..577488.06 rows=156 width=228) (actual time=1859.744..2272.405 rows=5777 loops=3)
                           Hash Cond: (lineitem.l_suppkey = supplier.s_suppkey)
                           Join Filter: (((n1.n_name = 'FRANCE'::bpchar) AND (n2.n_name = 'GERMANY'::bpchar)) OR ((n1.n_name = 'GERMANY'::bpchar) AND (n2.n_name = 'FRANCE'::bpchar)))
                           Rows Removed by Join Filter: 5832
                           ->  Parallel Hash Join  (cost=117816.75..576283.02 rows=26672 width=124) (actual time=1852.093..2244.661 rows=147332 loops=3)
                                 Hash Cond: (lineitem.l_orderkey = orders.o_orderkey)
                                 ->  Parallel Seq Scan on lineitem  (cost=0.00..449853.50 rows=2267104 width=24) (actual time=0.037..1045.546 rows=1821396 loops=3)
                                       Filter: ((l_shipdate >= '1995-01-01'::date) AND (l_shipdate <= '1996-12-31'::date))
                                       Rows Removed by Filter: 4177474
                                 ->  Parallel Hash  (cost=117541.03..117541.03 rows=22058 width=108) (actual time=480.328..480.328 rows=121711 loops=3)
                                       Buckets: 65536 (originally 65536)  Batches: 8 (originally 1)  Memory Usage: 3456kB
                                       ->  Parallel Hash Join  (cost=13390.34..117541.03 rows=22058 width=108) (actual time=44.111..432.749 rows=121711 loops=3)
                                             Hash Cond: (orders.o_custkey = customer.c_custkey)
                                             ->  Parallel Seq Scan on orders  (cost=0.00..97027.66 rows=1874966 width=8) (actual time=0.687..178.402 rows=1500000 loops=3)
                                             ->  Parallel Hash  (cost=13362.76..13362.76 rows=2206 width=108) (actual time=43.381..43.382 rows=12073 loops=3)
                                                   Buckets: 65536 (originally 8192)  Batches: 1 (originally 1)  Memory Usage: 3296kB
                                                   ->  Hash Join  (cost=12.58..13362.76 rows=2206 width=108) (actual time=0.053..34.690 rows=12073 loops=3)
                                                         Hash Cond: (customer.c_nationkey = n2.n_nationkey)
                                                         ->  Parallel Seq Scan on customer  (cost=0.00..12625.00 rows=187500 width=8) (actual time=0.021..20.737 rows=150000 loops=3)
                                                         ->  Hash  (cost=12.55..12.55 rows=2 width=108) (actual time=0.012..0.012 rows=2 loops=3)
                                                               Buckets: 1024  Batches: 1  Memory Usage: 9kB
                                                               ->  Seq Scan on nation n2  (cost=0.00..12.55 rows=2 width=108) (actual time=0.005..0.008 rows=2 loops=3)
                                                                     Filter: ((n_name = 'GERMANY'::bpchar) OR (n_name = 'FRANCE'::bpchar))
                                                                     Rows Removed by Filter: 23
                           ->  Hash  (cost=1093.61..1093.61 rows=353 width=108) (actual time=7.510..7.510 rows=2361 loops=3)
                                 Buckets: 4096 (originally 1024)  Batches: 1 (originally 1)  Memory Usage: 175kB
                                 ->  Hash Join  (cost=12.58..1093.61 rows=353 width=108) (actual time=0.069..6.989 rows=2361 loops=3)
                                       Hash Cond: (supplier.s_nationkey = n1.n_nationkey)
                                       ->  Seq Scan on supplier  (cost=0.00..965.00 rows=30000 width=8) (actual time=0.014..4.017 rows=30000 loops=3)
                                       ->  Hash  (cost=12.55..12.55 rows=2 width=108) (actual time=0.032..0.032 rows=2 loops=3)
                                             Buckets: 1024  Batches: 1  Memory Usage: 9kB
                                             ->  Seq Scan on nation n1  (cost=0.00..12.55 rows=2 width=108) (actual time=0.023..0.026 rows=2 loops=3)
                                                   Filter: ((n_name = 'FRANCE'::bpchar) OR (n_name = 'GERMANY'::bpchar))
                                                   Rows Removed by Filter: 23
 Planning Time: 1.106 ms
 Execution Time: 2434.403 ms
(48 rows)

execute /home/pei/benchmarks/tpch-postgre/dbgen/out/skinner_explained/8.sql_explained.sql
SET
                                                                                            QUERY PLAN                                                                                            
--------------------------------------------------------------------------------------------------------------------------------------------------------------------------------------------------
 Finalize GroupAggregate  (cost=580334.29..580365.27 rows=210 width=40) (actual time=3507.354..3507.360 rows=2 loops=1)
   Group Key: (date_part('year'::text, (orders.o_orderdate)::timestamp without time zone))
   ->  Gather Merge  (cost=580334.29..580358.34 rows=176 width=72) (actual time=3506.705..4014.049 rows=6 loops=1)
         Workers Planned: 2
         Workers Launched: 2
         ->  Partial GroupAggregate  (cost=579334.27..579338.01 rows=88 width=72) (actual time=3504.029..3504.686 rows=2 loops=3)
               Group Key: (date_part('year'::text, (orders.o_orderdate)::timestamp without time zone))
               ->  Sort  (cost=579334.27..579334.49 rows=88 width=124) (actual time=3503.365..3503.472 rows=2548 loops=3)
                     Sort Key: (date_part('year'::text, (orders.o_orderdate)::timestamp without time zone))
                     Sort Method: quicksort  Memory: 290kB
                     Worker 0:  Sort Method: quicksort  Memory: 298kB
                     Worker 1:  Sort Method: quicksort  Memory: 299kB
                     ->  Hash Join  (cost=138742.45..579331.42 rows=88 width=124) (actual time=2292.833..3502.390 rows=2548 loops=3)
                           Hash Cond: (supplier.s_nationkey = n2.n_nationkey)
                           ->  Hash Join  (cost=138728.63..579315.95 rows=88 width=20) (actual time=2292.757..3501.296 rows=2548 loops=3)
                                 Hash Cond: (lineitem.l_suppkey = supplier.s_suppkey)
                                 ->  Parallel Hash Join  (cost=137388.63..577974.75 rows=88 width=20) (actual time=2283.626..3490.538 rows=2548 loops=3)
                                       Hash Cond: (lineitem.l_partkey = part.p_partkey)
                                       ->  Parallel Hash Join  (cost=121953.84..562489.75 rows=13290 width=24) (actual time=2252.106..3412.069 rows=361590 loops=3)
                                             Hash Cond: (lineitem.l_orderkey = orders.o_orderkey)
                                             ->  Parallel Seq Scan on lineitem  (cost=0.00..412361.67 rows=7498367 width=24) (actual time=0.022..752.776 rows=5998870 loops=3)
                                             ->  Parallel Hash  (cost=121912.30..121912.30 rows=3323 width=8) (actual time=410.154..410.154 rows=90399 loops=3)
                                                   Buckets: 65536 (originally 8192)  Batches: 8 (originally 1)  Memory Usage: 1920kB
                                                   ->  Parallel Hash Join  (cost=13377.44..121912.30 rows=3323 width=8) (actual time=50.853..364.267 rows=90399 loops=3)
                                                         Hash Cond: (orders.o_custkey = customer.c_custkey)
                                                         ->  Parallel Seq Scan on orders  (cost=0.00..106402.49 rows=564940 width=12) (actual time=0.018..223.161 rows=455395 loops=3)
                                                               Filter: ((o_orderdate >= '1995-01-01'::date) AND (o_orderdate <= '1996-12-31'::date))
                                                               Rows Removed by Filter: 1044605
                                                         ->  Parallel Hash  (cost=13363.65..13363.65 rows=1103 width=4) (actual time=50.792..50.793 rows=29900 loops=3)
                                                               Buckets: 131072 (originally 4096)  Batches: 1 (originally 1)  Memory Usage: 5568kB
                                                               ->  Hash Join  (cost=24.50..13363.65 rows=1103 width=4) (actual time=0.081..37.160 rows=29900 loops=3)
                                                                     Hash Cond: (customer.c_nationkey = n1.n_nationkey)
                                                                     ->  Parallel Seq Scan on customer  (cost=0.00..12625.00 rows=187500 width=8) (actual time=0.020..21.082 rows=150000 loops=3)
                                                                     ->  Hash  (cost=24.48..24.48 rows=1 width=4) (actual time=0.043..0.043 rows=5 loops=3)
                                                                           Buckets: 1024  Batches: 1  Memory Usage: 9kB
                                                                           ->  Hash Join  (cost=12.14..24.48 rows=1 width=4) (actual time=0.034..0.039 rows=5 loops=3)
                                                                                 Hash Cond: (n1.n_regionkey = region.r_regionkey)
                                                                                 ->  Seq Scan on nation n1  (cost=0.00..11.70 rows=170 width=8) (actual time=0.006..0.008 rows=25 loops=3)
                                                                                 ->  Hash  (cost=12.12..12.12 rows=1 width=4) (actual time=0.013..0.013 rows=1 loops=3)
                                                                                       Buckets: 1024  Batches: 1  Memory Usage: 9kB
                                                                                       ->  Seq Scan on region  (cost=0.00..12.12 rows=1 width=4) (actual time=0.009..0.010 rows=1 loops=3)
                                                                                             Filter: (r_name = 'AMERICA'::bpchar)
                                                                                             Rows Removed by Filter: 4
                                       ->  Parallel Hash  (cost=15414.00..15414.00 rows=1663 width=4) (actual time=30.219..30.219 rows=1396 loops=3)
                                             Buckets: 4096  Batches: 1  Memory Usage: 224kB
                                             ->  Parallel Seq Scan on part  (cost=0.00..15414.00 rows=1663 width=4) (actual time=0.082..29.750 rows=1396 loops=3)
                                                   Filter: ((p_type)::text = 'ECONOMY ANODIZED STEEL'::text)
                                                   Rows Removed by Filter: 198604
                                 ->  Hash  (cost=965.00..965.00 rows=30000 width=8) (actual time=8.972..8.972 rows=30000 loops=3)
                                       Buckets: 32768  Batches: 1  Memory Usage: 1428kB
                                       ->  Seq Scan on supplier  (cost=0.00..965.00 rows=30000 width=8) (actual time=0.013..5.073 rows=30000 loops=3)
                           ->  Hash  (cost=11.70..11.70 rows=170 width=108) (actual time=0.033..0.033 rows=25 loops=3)
                                 Buckets: 1024  Batches: 1  Memory Usage: 10kB
                                 ->  Seq Scan on nation n2  (cost=0.00..11.70 rows=170 width=108) (actual time=0.020..0.023 rows=25 loops=3)
 Planning Time: 1.350 ms
 Execution Time: 4014.373 ms
(56 rows)

execute /home/pei/benchmarks/tpch-postgre/dbgen/out/skinner_explained/9.sql_explained.sql
SET
                                                                                           QUERY PLAN                                                                                            
-------------------------------------------------------------------------------------------------------------------------------------------------------------------------------------------------
 Finalize GroupAggregate  (cost=649909.42..649919.35 rows=73 width=144) (actual time=3702.718..4000.443 rows=175 loops=1)
   Group Key: nation.n_name, (date_part('year'::text, (orders.o_orderdate)::timestamp without time zone))
   ->  Gather Merge  (cost=649909.42..649917.47 rows=60 width=144) (actual time=3700.851..4187.195 rows=525 loops=1)
         Workers Planned: 2
         Workers Launched: 2
         ->  Partial GroupAggregate  (cost=648909.39..648910.52 rows=30 width=144) (actual time=3697.432..3993.622 rows=175 loops=3)
               Group Key: nation.n_name, (date_part('year'::text, (orders.o_orderdate)::timestamp without time zone))
               ->  Sort  (cost=648909.39..648909.47 rows=30 width=135) (actual time=3696.345..3767.310 rows=326640 loops=3)
                     Sort Key: nation.n_name, (date_part('year'::text, (orders.o_orderdate)::timestamp without time zone)) DESC
                     Sort Method: external merge  Disk: 24040kB
                     Worker 0:  Sort Method: external merge  Disk: 24208kB
                     Worker 1:  Sort Method: external merge  Disk: 24184kB
                     ->  Hash Join  (cost=544849.18..648908.66 rows=30 width=135) (actual time=2949.192..3396.944 rows=326640 loops=3)
                           Hash Cond: (supplier.s_nationkey = nation.n_nationkey)
                           ->  Parallel Hash Join  (cost=544835.36..648894.27 rows=30 width=31) (actual time=2949.108..3307.328 rows=326640 loops=3)
                                 Hash Cond: (orders.o_orderkey = lineitem.l_orderkey)
                                 ->  Parallel Seq Scan on orders  (cost=0.00..97027.66 rows=1874966 width=8) (actual time=0.055..185.006 rows=1500000 loops=3)
                                 ->  Parallel Hash  (cost=544834.98..544834.98 rows=30 width=31) (actual time=2473.687..2473.688 rows=326640 loops=3)
                                       Buckets: 65536 (originally 1024)  Batches: 32 (originally 1)  Memory Usage: 2720kB
                                       ->  Hash Join  (cost=463460.41..544834.98 rows=30 width=31) (actual time=2073.962..2324.339 rows=326640 loops=3)
                                             Hash Cond: (lineitem.l_suppkey = supplier.s_suppkey)
                                             ->  Parallel Hash Join  (cost=462120.41..543494.56 rows=31 width=35) (actual time=2064.785..2248.105 rows=326640 loops=3)
                                                   Hash Cond: ((partsupp.ps_suppkey = lineitem.l_suppkey) AND (partsupp.ps_partkey = lineitem.l_partkey))
                                                   ->  Parallel Seq Scan on partsupp  (cost=0.00..62328.30 rows=1000230 width=14) (actual time=0.519..126.644 rows=800000 loops=3)
                                                   ->  Parallel Hash  (cost=456936.03..456936.03 rows=227225 width=33) (actual time=1804.477..1804.477 rows=326640 loops=3)
                                                         Buckets: 65536 (originally 65536)  Batches: 32 (originally 16)  Memory Usage: 2816kB
                                                         ->  Parallel Hash Join  (cost=15508.70..456936.03 rows=227225 width=33) (actual time=49.229..1664.718 rows=326640 loops=3)
                                                               Hash Cond: (lineitem.l_partkey = part.p_partkey)
                                                               ->  Parallel Seq Scan on lineitem  (cost=0.00..412361.67 rows=7498367 width=29) (actual time=0.019..731.769 rows=5998870 loops=3)
                                                               ->  Parallel Hash  (cost=15414.00..15414.00 rows=7576 width=4) (actual time=49.107..49.107 rows=10887 loops=3)
                                                                     Buckets: 32768  Batches: 1  Memory Usage: 1568kB
                                                                     ->  Parallel Seq Scan on part  (cost=0.00..15414.00 rows=7576 width=4) (actual time=0.038..45.874 rows=10887 loops=3)
                                                                           Filter: ((p_name)::text ~~ '%green%'::text)
                                                                           Rows Removed by Filter: 189113
                                             ->  Hash  (cost=965.00..965.00 rows=30000 width=8) (actual time=9.020..9.020 rows=30000 loops=3)
                                                   Buckets: 32768  Batches: 1  Memory Usage: 1428kB
                                                   ->  Seq Scan on supplier  (cost=0.00..965.00 rows=30000 width=8) (actual time=0.013..5.101 rows=30000 loops=3)
                           ->  Hash  (cost=11.70..11.70 rows=170 width=108) (actual time=0.024..0.024 rows=25 loops=3)
                                 Buckets: 1024  Batches: 1  Memory Usage: 10kB
                                 ->  Seq Scan on nation  (cost=0.00..11.70 rows=170 width=108) (actual time=0.012..0.015 rows=25 loops=3)
 Planning Time: 1.491 ms
 Execution Time: 4191.949 ms
(42 rows)

